/home/orangepi/ros2_workspace/auto_car/install/lib/python3.10/site-packages/car_t265/target_publisher.py
/home/orangepi/ros2_workspace/auto_car/install/lib/python3.10/site-packages/car_t265/uart_driver.py
/home/orangepi/ros2_workspace/auto_car/install/lib/python3.10/site-packages/car_t265/__init__.py
/home/orangepi/ros2_workspace/auto_car/install/lib/python3.10/site-packages/car_t265/motor_controller.py
/home/orangepi/ros2_workspace/auto_car/install/lib/python3.10/site-packages/car_t265/navigation_controller.py
/home/orangepi/ros2_workspace/auto_car/install/lib/python3.10/site-packages/car_t265/t265_publisher.py
/home/orangepi/ros2_workspace/auto_car/install/lib/python3.10/site-packages/car_t265/__pycache__/target_publisher.cpython-310.pyc
/home/orangepi/ros2_workspace/auto_car/install/lib/python3.10/site-packages/car_t265/__pycache__/uart_driver.cpython-310.pyc
/home/orangepi/ros2_workspace/auto_car/install/lib/python3.10/site-packages/car_t265/__pycache__/__init__.cpython-310.pyc
/home/orangepi/ros2_workspace/auto_car/install/lib/python3.10/site-packages/car_t265/__pycache__/motor_controller.cpython-310.pyc
/home/orangepi/ros2_workspace/auto_car/install/lib/python3.10/site-packages/car_t265/__pycache__/navigation_controller.cpython-310.pyc
/home/orangepi/ros2_workspace/auto_car/install/lib/python3.10/site-packages/car_t265/__pycache__/t265_publisher.cpython-310.pyc
/home/orangepi/ros2_workspace/auto_car/install/share/ament_index/resource_index/packages/car_t265
/home/orangepi/ros2_workspace/auto_car/install/share/car_t265/package.xml
/home/orangepi/ros2_workspace/auto_car/install/share/car_t265/launch/navigation.launch.py
/home/orangepi/ros2_workspace/auto_car/install/share/car_t265/launch/t265_publisher.launch.py
/home/orangepi/ros2_workspace/auto_car/install/share/car_t265/launch/target_publisher.launch.py
/home/orangepi/ros2_workspace/auto_car/install/share/car_t265/launch/uart_driver.launch.py
/home/orangepi/ros2_workspace/auto_car/install/lib/python3.10/site-packages/car_t265-0.0.0-py3.10.egg-info/PKG-INFO
/home/orangepi/ros2_workspace/auto_car/install/lib/python3.10/site-packages/car_t265-0.0.0-py3.10.egg-info/entry_points.txt
/home/orangepi/ros2_workspace/auto_car/install/lib/python3.10/site-packages/car_t265-0.0.0-py3.10.egg-info/zip-safe
/home/orangepi/ros2_workspace/auto_car/install/lib/python3.10/site-packages/car_t265-0.0.0-py3.10.egg-info/dependency_links.txt
/home/orangepi/ros2_workspace/auto_car/install/lib/python3.10/site-packages/car_t265-0.0.0-py3.10.egg-info/requires.txt
/home/orangepi/ros2_workspace/auto_car/install/lib/python3.10/site-packages/car_t265-0.0.0-py3.10.egg-info/SOURCES.txt
/home/orangepi/ros2_workspace/auto_car/install/lib/python3.10/site-packages/car_t265-0.0.0-py3.10.egg-info/top_level.txt
/home/orangepi/ros2_workspace/auto_car/install/lib/car_t265/motor_controller
/home/orangepi/ros2_workspace/auto_car/install/lib/car_t265/navigation_controller
/home/orangepi/ros2_workspace/auto_car/install/lib/car_t265/t265_publisher
/home/orangepi/ros2_workspace/auto_car/install/lib/car_t265/target_publisher
/home/orangepi/ros2_workspace/auto_car/install/lib/car_t265/uart_driver
