[0.447s] Invoking command in '/home/orangepi/ros2_workspace/auto_car/build/imu_tools': AMENT_PREFIX_PATH=/home/orangepi/ros2_workspace/auto_car/install:${AMENT_PREFIX_PATH} CMAKE_PREFIX_PATH=/home/orangepi/ros2_workspace/auto_car/install:/root/lanhailidar_ros_ws/install/bluesea2:/root/lanhailidar_ros_ws/install/base:/root/lanhailidar_ros_ws/install/scan_subscriber:/opt/ros/humble LD_LIBRARY_PATH=/home/orangepi/ros2_workspace/auto_car/install/lib:${LD_LIBRARY_PATH} PYTHONPATH=/home/orangepi/ros2_workspace/auto_car/install/lib/python3.10/site-packages:${PYTHONPATH} /usr/bin/cmake --build /home/orangepi/ros2_workspace/auto_car/build/imu_tools -- -j8 -l8
[2.475s] Invoked command in '/home/orangepi/ros2_workspace/auto_car/build/imu_tools' returned '0': AMENT_PREFIX_PATH=/home/orangepi/ros2_workspace/auto_car/install:${AMENT_PREFIX_PATH} CMAKE_PREFIX_PATH=/home/orangepi/ros2_workspace/auto_car/install:/root/lanhailidar_ros_ws/install/bluesea2:/root/lanhailidar_ros_ws/install/base:/root/lanhailidar_ros_ws/install/scan_subscriber:/opt/ros/humble LD_LIBRARY_PATH=/home/orangepi/ros2_workspace/auto_car/install/lib:${LD_LIBRARY_PATH} PYTHONPATH=/home/orangepi/ros2_workspace/auto_car/install/lib/python3.10/site-packages:${PYTHONPATH} /usr/bin/cmake --build /home/orangepi/ros2_workspace/auto_car/build/imu_tools -- -j8 -l8
[2.491s] Invoking command in '/home/orangepi/ros2_workspace/auto_car/build/imu_tools': AMENT_PREFIX_PATH=/home/orangepi/ros2_workspace/auto_car/install:${AMENT_PREFIX_PATH} CMAKE_PREFIX_PATH=/home/orangepi/ros2_workspace/auto_car/install:/root/lanhailidar_ros_ws/install/bluesea2:/root/lanhailidar_ros_ws/install/base:/root/lanhailidar_ros_ws/install/scan_subscriber:/opt/ros/humble LD_LIBRARY_PATH=/home/orangepi/ros2_workspace/auto_car/install/lib:${LD_LIBRARY_PATH} PYTHONPATH=/home/orangepi/ros2_workspace/auto_car/install/lib/python3.10/site-packages:${PYTHONPATH} /usr/bin/cmake --install /home/orangepi/ros2_workspace/auto_car/build/imu_tools
[2.539s] -- Install configuration: ""
[2.540s] -- Up-to-date: /home/orangepi/ros2_workspace/auto_car/install/share/ament_index/resource_index/package_run_dependencies/imu_tools
[2.540s] -- Up-to-date: /home/orangepi/ros2_workspace/auto_car/install/share/ament_index/resource_index/parent_prefix_path/imu_tools
[2.541s] -- Up-to-date: /home/orangepi/ros2_workspace/auto_car/install/share/imu_tools/environment/ament_prefix_path.sh
[2.541s] -- Up-to-date: /home/orangepi/ros2_workspace/auto_car/install/share/imu_tools/environment/ament_prefix_path.dsv
[2.542s] -- Up-to-date: /home/orangepi/ros2_workspace/auto_car/install/share/imu_tools/environment/path.sh
[2.542s] -- Up-to-date: /home/orangepi/ros2_workspace/auto_car/install/share/imu_tools/environment/path.dsv
[2.543s] -- Up-to-date: /home/orangepi/ros2_workspace/auto_car/install/share/imu_tools/local_setup.bash
[2.545s] -- Up-to-date: /home/orangepi/ros2_workspace/auto_car/install/share/imu_tools/local_setup.sh
[2.545s] -- Up-to-date: /home/orangepi/ros2_workspace/auto_car/install/share/imu_tools/local_setup.zsh
[2.546s] -- Up-to-date: /home/orangepi/ros2_workspace/auto_car/install/share/imu_tools/local_setup.dsv
[2.546s] -- Installing: /home/orangepi/ros2_workspace/auto_car/install/share/imu_tools/package.dsv
[2.547s] -- Up-to-date: /home/orangepi/ros2_workspace/auto_car/install/share/ament_index/resource_index/packages/imu_tools
[2.547s] -- Up-to-date: /home/orangepi/ros2_workspace/auto_car/install/share/imu_tools/cmake/imu_toolsConfig.cmake
[2.563s] -- Up-to-date: /home/orangepi/ros2_workspace/auto_car/install/share/imu_tools/cmake/imu_toolsConfig-version.cmake
[2.564s] -- Up-to-date: /home/orangepi/ros2_workspace/auto_car/install/share/imu_tools/package.xml
[2.781s] Invoked command in '/home/orangepi/ros2_workspace/auto_car/build/imu_tools' returned '0': AMENT_PREFIX_PATH=/home/orangepi/ros2_workspace/auto_car/install:${AMENT_PREFIX_PATH} CMAKE_PREFIX_PATH=/home/orangepi/ros2_workspace/auto_car/install:/root/lanhailidar_ros_ws/install/bluesea2:/root/lanhailidar_ros_ws/install/base:/root/lanhailidar_ros_ws/install/scan_subscriber:/opt/ros/humble LD_LIBRARY_PATH=/home/orangepi/ros2_workspace/auto_car/install/lib:${LD_LIBRARY_PATH} PYTHONPATH=/home/orangepi/ros2_workspace/auto_car/install/lib/python3.10/site-packages:${PYTHONPATH} /usr/bin/cmake --install /home/orangepi/ros2_workspace/auto_car/build/imu_tools
