[0.238s] DEBUG:colcon:Command line arguments: ['/usr/bin/colcon', 'build', '--merge-install']
[0.238s] DEBUG:colcon:Parsed command line arguments: Namespace(log_base=None, log_level=None, verb_name='build', build_base='build', install_base='install', merge_install=True, symlink_install=False, test_result_base=None, continue_on_error=False, executor='parallel', parallel_workers=8, event_handlers=None, ignore_user_meta=False, metas=['./colcon.meta'], base_paths=['.'], packages_ignore=None, packages_ignore_regex=None, paths=None, packages_up_to=None, packages_up_to_regex=None, packages_above=None, packages_above_and_dependencies=None, packages_above_depth=None, packages_select_by_dep=None, packages_skip_by_dep=None, packages_skip_up_to=None, packages_select_build_failed=False, packages_skip_build_finished=False, packages_select_test_failures=False, packages_skip_test_passed=False, packages_select=None, packages_skip=None, packages_select_regex=None, packages_skip_regex=None, packages_start=None, packages_end=None, cmake_args=None, cmake_target=None, cmake_target_skip_unavailable=False, cmake_clean_cache=False, cmake_clean_first=False, cmake_force_configure=False, ament_cmake_args=None, catkin_cmake_args=None, catkin_skip_building_tests=False, verb_parser=<colcon_defaults.argument_parser.defaults.DefaultArgumentsDecorator object at 0x7fab21fb50>, verb_extension=<colcon_core.verb.build.BuildVerb object at 0x7fab374f70>, main=<bound method BuildVerb.main of <colcon_core.verb.build.BuildVerb object at 0x7fab374f70>>)
[0.565s] Level 1:colcon.colcon_core.package_discovery:discover_packages(colcon_meta) check parameters
[0.565s] Level 1:colcon.colcon_core.package_discovery:discover_packages(recursive) check parameters
[0.565s] Level 1:colcon.colcon_core.package_discovery:discover_packages(ignore) check parameters
[0.565s] Level 1:colcon.colcon_core.package_discovery:discover_packages(path) check parameters
[0.565s] Level 1:colcon.colcon_core.package_discovery:discover_packages(colcon_meta) discover
[0.565s] Level 1:colcon.colcon_core.package_discovery:discover_packages(recursive) discover
[0.565s] INFO:colcon.colcon_core.package_discovery:Crawling recursively for packages in '/home/orangepi/ros2_workspace/auto_car'
[0.566s] Level 1:colcon.colcon_core.package_identification:_identify(.) by extensions ['ignore', 'ignore_ament_install']
[0.566s] Level 1:colcon.colcon_core.package_identification:_identify(.) by extension 'ignore'
[0.566s] Level 1:colcon.colcon_core.package_identification:_identify(.) by extension 'ignore_ament_install'
[0.566s] Level 1:colcon.colcon_core.package_identification:_identify(.) by extensions ['colcon_pkg']
[0.566s] Level 1:colcon.colcon_core.package_identification:_identify(.) by extension 'colcon_pkg'
[0.566s] Level 1:colcon.colcon_core.package_identification:_identify(.) by extensions ['colcon_meta']
[0.566s] Level 1:colcon.colcon_core.package_identification:_identify(.) by extension 'colcon_meta'
[0.566s] Level 1:colcon.colcon_core.package_identification:_identify(.) by extensions ['ros']
[0.566s] Level 1:colcon.colcon_core.package_identification:_identify(.) by extension 'ros'
[0.587s] Level 1:colcon.colcon_core.package_identification:_identify(.) by extensions ['cmake', 'python']
[0.587s] Level 1:colcon.colcon_core.package_identification:_identify(.) by extension 'cmake'
[0.587s] Level 1:colcon.colcon_core.package_identification:_identify(.) by extension 'python'
[0.587s] Level 1:colcon.colcon_core.package_identification:_identify(.) by extensions ['python_setup_py']
[0.587s] Level 1:colcon.colcon_core.package_identification:_identify(.) by extension 'python_setup_py'
[0.587s] Level 1:colcon.colcon_core.package_identification:_identify(build) by extensions ['ignore', 'ignore_ament_install']
[0.587s] Level 1:colcon.colcon_core.package_identification:_identify(build) by extension 'ignore'
[0.587s] Level 1:colcon.colcon_core.package_identification:_identify(build) ignored
[0.588s] Level 1:colcon.colcon_core.package_identification:_identify(include) by extensions ['ignore', 'ignore_ament_install']
[0.588s] Level 1:colcon.colcon_core.package_identification:_identify(include) by extension 'ignore'
[0.588s] Level 1:colcon.colcon_core.package_identification:_identify(include) by extension 'ignore_ament_install'
[0.588s] Level 1:colcon.colcon_core.package_identification:_identify(include) by extensions ['colcon_pkg']
[0.588s] Level 1:colcon.colcon_core.package_identification:_identify(include) by extension 'colcon_pkg'
[0.588s] Level 1:colcon.colcon_core.package_identification:_identify(include) by extensions ['colcon_meta']
[0.588s] Level 1:colcon.colcon_core.package_identification:_identify(include) by extension 'colcon_meta'
[0.588s] Level 1:colcon.colcon_core.package_identification:_identify(include) by extensions ['ros']
[0.588s] Level 1:colcon.colcon_core.package_identification:_identify(include) by extension 'ros'
[0.588s] Level 1:colcon.colcon_core.package_identification:_identify(include) by extensions ['cmake', 'python']
[0.588s] Level 1:colcon.colcon_core.package_identification:_identify(include) by extension 'cmake'
[0.588s] Level 1:colcon.colcon_core.package_identification:_identify(include) by extension 'python'
[0.588s] Level 1:colcon.colcon_core.package_identification:_identify(include) by extensions ['python_setup_py']
[0.588s] Level 1:colcon.colcon_core.package_identification:_identify(include) by extension 'python_setup_py'
[0.589s] Level 1:colcon.colcon_core.package_identification:_identify(include/auto_car) by extensions ['ignore', 'ignore_ament_install']
[0.589s] Level 1:colcon.colcon_core.package_identification:_identify(include/auto_car) by extension 'ignore'
[0.589s] Level 1:colcon.colcon_core.package_identification:_identify(include/auto_car) by extension 'ignore_ament_install'
[0.589s] Level 1:colcon.colcon_core.package_identification:_identify(include/auto_car) by extensions ['colcon_pkg']
[0.589s] Level 1:colcon.colcon_core.package_identification:_identify(include/auto_car) by extension 'colcon_pkg'
[0.589s] Level 1:colcon.colcon_core.package_identification:_identify(include/auto_car) by extensions ['colcon_meta']
[0.589s] Level 1:colcon.colcon_core.package_identification:_identify(include/auto_car) by extension 'colcon_meta'
[0.589s] Level 1:colcon.colcon_core.package_identification:_identify(include/auto_car) by extensions ['ros']
[0.589s] Level 1:colcon.colcon_core.package_identification:_identify(include/auto_car) by extension 'ros'
[0.589s] Level 1:colcon.colcon_core.package_identification:_identify(include/auto_car) by extensions ['cmake', 'python']
[0.589s] Level 1:colcon.colcon_core.package_identification:_identify(include/auto_car) by extension 'cmake'
[0.589s] Level 1:colcon.colcon_core.package_identification:_identify(include/auto_car) by extension 'python'
[0.589s] Level 1:colcon.colcon_core.package_identification:_identify(include/auto_car) by extensions ['python_setup_py']
[0.589s] Level 1:colcon.colcon_core.package_identification:_identify(include/auto_car) by extension 'python_setup_py'
[0.589s] Level 1:colcon.colcon_core.package_identification:_identify(install) by extensions ['ignore', 'ignore_ament_install']
[0.590s] Level 1:colcon.colcon_core.package_identification:_identify(install) by extension 'ignore'
[0.590s] Level 1:colcon.colcon_core.package_identification:_identify(install) ignored
[0.590s] Level 1:colcon.colcon_core.package_identification:_identify(log) by extensions ['ignore', 'ignore_ament_install']
[0.590s] Level 1:colcon.colcon_core.package_identification:_identify(log) by extension 'ignore'
[0.590s] Level 1:colcon.colcon_core.package_identification:_identify(log) ignored
[0.590s] Level 1:colcon.colcon_core.package_identification:_identify(src) by extensions ['ignore', 'ignore_ament_install']
[0.590s] Level 1:colcon.colcon_core.package_identification:_identify(src) by extension 'ignore'
[0.590s] Level 1:colcon.colcon_core.package_identification:_identify(src) by extension 'ignore_ament_install'
[0.590s] Level 1:colcon.colcon_core.package_identification:_identify(src) by extensions ['colcon_pkg']
[0.590s] Level 1:colcon.colcon_core.package_identification:_identify(src) by extension 'colcon_pkg'
[0.590s] Level 1:colcon.colcon_core.package_identification:_identify(src) by extensions ['colcon_meta']
[0.590s] Level 1:colcon.colcon_core.package_identification:_identify(src) by extension 'colcon_meta'
[0.590s] Level 1:colcon.colcon_core.package_identification:_identify(src) by extensions ['ros']
[0.590s] Level 1:colcon.colcon_core.package_identification:_identify(src) by extension 'ros'
[0.591s] Level 1:colcon.colcon_core.package_identification:_identify(src) by extensions ['cmake', 'python']
[0.591s] Level 1:colcon.colcon_core.package_identification:_identify(src) by extension 'cmake'
[0.591s] Level 1:colcon.colcon_core.package_identification:_identify(src) by extension 'python'
[0.591s] Level 1:colcon.colcon_core.package_identification:_identify(src) by extensions ['python_setup_py']
[0.591s] Level 1:colcon.colcon_core.package_identification:_identify(src) by extension 'python_setup_py'
[0.591s] Level 1:colcon.colcon_core.package_identification:_identify(src/1t265_learn) by extensions ['ignore', 'ignore_ament_install']
[0.591s] Level 1:colcon.colcon_core.package_identification:_identify(src/1t265_learn) by extension 'ignore'
[0.591s] Level 1:colcon.colcon_core.package_identification:_identify(src/1t265_learn) by extension 'ignore_ament_install'
[0.591s] Level 1:colcon.colcon_core.package_identification:_identify(src/1t265_learn) by extensions ['colcon_pkg']
[0.591s] Level 1:colcon.colcon_core.package_identification:_identify(src/1t265_learn) by extension 'colcon_pkg'
[0.591s] Level 1:colcon.colcon_core.package_identification:_identify(src/1t265_learn) by extensions ['colcon_meta']
[0.591s] Level 1:colcon.colcon_core.package_identification:_identify(src/1t265_learn) by extension 'colcon_meta'
[0.591s] Level 1:colcon.colcon_core.package_identification:_identify(src/1t265_learn) by extensions ['ros']
[0.591s] Level 1:colcon.colcon_core.package_identification:_identify(src/1t265_learn) by extension 'ros'
[0.591s] Level 1:colcon.colcon_core.package_identification:_identify(src/1t265_learn) by extensions ['cmake', 'python']
[0.591s] Level 1:colcon.colcon_core.package_identification:_identify(src/1t265_learn) by extension 'cmake'
[0.591s] Level 1:colcon.colcon_core.package_identification:_identify(src/1t265_learn) by extension 'python'
[0.592s] Level 1:colcon.colcon_core.package_identification:_identify(src/1t265_learn) by extensions ['python_setup_py']
[0.592s] Level 1:colcon.colcon_core.package_identification:_identify(src/1t265_learn) by extension 'python_setup_py'
[0.592s] Level 1:colcon.colcon_core.package_identification:_identify(src/car_core) by extensions ['ignore', 'ignore_ament_install']
[0.592s] Level 1:colcon.colcon_core.package_identification:_identify(src/car_core) by extension 'ignore'
[0.592s] Level 1:colcon.colcon_core.package_identification:_identify(src/car_core) by extension 'ignore_ament_install'
[0.592s] Level 1:colcon.colcon_core.package_identification:_identify(src/car_core) by extensions ['colcon_pkg']
[0.592s] Level 1:colcon.colcon_core.package_identification:_identify(src/car_core) by extension 'colcon_pkg'
[0.592s] Level 1:colcon.colcon_core.package_identification:_identify(src/car_core) by extensions ['colcon_meta']
[0.592s] Level 1:colcon.colcon_core.package_identification:_identify(src/car_core) by extension 'colcon_meta'
[0.592s] Level 1:colcon.colcon_core.package_identification:_identify(src/car_core) by extensions ['ros']
[0.592s] Level 1:colcon.colcon_core.package_identification:_identify(src/car_core) by extension 'ros'
[0.596s] DEBUG:colcon.colcon_core.package_identification:Package 'src/car_core' with type 'ros.ament_python' and name 'car_core'
[0.596s] Level 1:colcon.colcon_core.package_identification:_identify(src/car_interface) by extensions ['ignore', 'ignore_ament_install']
[0.597s] Level 1:colcon.colcon_core.package_identification:_identify(src/car_interface) by extension 'ignore'
[0.597s] Level 1:colcon.colcon_core.package_identification:_identify(src/car_interface) by extension 'ignore_ament_install'
[0.597s] Level 1:colcon.colcon_core.package_identification:_identify(src/car_interface) by extensions ['colcon_pkg']
[0.597s] Level 1:colcon.colcon_core.package_identification:_identify(src/car_interface) by extension 'colcon_pkg'
[0.597s] Level 1:colcon.colcon_core.package_identification:_identify(src/car_interface) by extensions ['colcon_meta']
[0.597s] Level 1:colcon.colcon_core.package_identification:_identify(src/car_interface) by extension 'colcon_meta'
[0.597s] Level 1:colcon.colcon_core.package_identification:_identify(src/car_interface) by extensions ['ros']
[0.597s] Level 1:colcon.colcon_core.package_identification:_identify(src/car_interface) by extension 'ros'
[0.598s] DEBUG:colcon.colcon_core.package_identification:Package 'src/car_interface' with type 'ros.ament_cmake' and name 'car_interface'
[0.599s] Level 1:colcon.colcon_core.package_identification:_identify(src/car_launch) by extensions ['ignore', 'ignore_ament_install']
[0.599s] Level 1:colcon.colcon_core.package_identification:_identify(src/car_launch) by extension 'ignore'
[0.599s] Level 1:colcon.colcon_core.package_identification:_identify(src/car_launch) by extension 'ignore_ament_install'
[0.599s] Level 1:colcon.colcon_core.package_identification:_identify(src/car_launch) by extensions ['colcon_pkg']
[0.599s] Level 1:colcon.colcon_core.package_identification:_identify(src/car_launch) by extension 'colcon_pkg'
[0.599s] Level 1:colcon.colcon_core.package_identification:_identify(src/car_launch) by extensions ['colcon_meta']
[0.599s] Level 1:colcon.colcon_core.package_identification:_identify(src/car_launch) by extension 'colcon_meta'
[0.599s] Level 1:colcon.colcon_core.package_identification:_identify(src/car_launch) by extensions ['ros']
[0.599s] Level 1:colcon.colcon_core.package_identification:_identify(src/car_launch) by extension 'ros'
[0.600s] DEBUG:colcon.colcon_core.package_identification:Package 'src/car_launch' with type 'ros.ament_python' and name 'car_launch'
[0.600s] Level 1:colcon.colcon_core.package_identification:_identify(src/car_setup) by extensions ['ignore', 'ignore_ament_install']
[0.600s] Level 1:colcon.colcon_core.package_identification:_identify(src/car_setup) by extension 'ignore'
[0.600s] Level 1:colcon.colcon_core.package_identification:_identify(src/car_setup) by extension 'ignore_ament_install'
[0.600s] Level 1:colcon.colcon_core.package_identification:_identify(src/car_setup) by extensions ['colcon_pkg']
[0.601s] Level 1:colcon.colcon_core.package_identification:_identify(src/car_setup) by extension 'colcon_pkg'
[0.601s] Level 1:colcon.colcon_core.package_identification:_identify(src/car_setup) by extensions ['colcon_meta']
[0.601s] Level 1:colcon.colcon_core.package_identification:_identify(src/car_setup) by extension 'colcon_meta'
[0.601s] Level 1:colcon.colcon_core.package_identification:_identify(src/car_setup) by extensions ['ros']
[0.601s] Level 1:colcon.colcon_core.package_identification:_identify(src/car_setup) by extension 'ros'
[0.602s] DEBUG:colcon.colcon_core.package_identification:Package 'src/car_setup' with type 'ros.ament_python' and name 'car_setup'
[0.602s] Level 1:colcon.colcon_core.package_identification:_identify(src/car_t265) by extensions ['ignore', 'ignore_ament_install']
[0.602s] Level 1:colcon.colcon_core.package_identification:_identify(src/car_t265) by extension 'ignore'
[0.602s] Level 1:colcon.colcon_core.package_identification:_identify(src/car_t265) by extension 'ignore_ament_install'
[0.602s] Level 1:colcon.colcon_core.package_identification:_identify(src/car_t265) by extensions ['colcon_pkg']
[0.602s] Level 1:colcon.colcon_core.package_identification:_identify(src/car_t265) by extension 'colcon_pkg'
[0.602s] Level 1:colcon.colcon_core.package_identification:_identify(src/car_t265) by extensions ['colcon_meta']
[0.602s] Level 1:colcon.colcon_core.package_identification:_identify(src/car_t265) by extension 'colcon_meta'
[0.603s] Level 1:colcon.colcon_core.package_identification:_identify(src/car_t265) by extensions ['ros']
[0.603s] Level 1:colcon.colcon_core.package_identification:_identify(src/car_t265) by extension 'ros'
[0.604s] DEBUG:colcon.colcon_core.package_identification:Package 'src/car_t265' with type 'ros.ament_python' and name 'car_t265'
[0.605s] Level 1:colcon.colcon_core.package_identification:_identify(src/car_t265_interface) by extensions ['ignore', 'ignore_ament_install']
[0.605s] Level 1:colcon.colcon_core.package_identification:_identify(src/car_t265_interface) by extension 'ignore'
[0.605s] Level 1:colcon.colcon_core.package_identification:_identify(src/car_t265_interface) by extension 'ignore_ament_install'
[0.605s] Level 1:colcon.colcon_core.package_identification:_identify(src/car_t265_interface) by extensions ['colcon_pkg']
[0.605s] Level 1:colcon.colcon_core.package_identification:_identify(src/car_t265_interface) by extension 'colcon_pkg'
[0.605s] Level 1:colcon.colcon_core.package_identification:_identify(src/car_t265_interface) by extensions ['colcon_meta']
[0.605s] Level 1:colcon.colcon_core.package_identification:_identify(src/car_t265_interface) by extension 'colcon_meta'
[0.605s] Level 1:colcon.colcon_core.package_identification:_identify(src/car_t265_interface) by extensions ['ros']
[0.605s] Level 1:colcon.colcon_core.package_identification:_identify(src/car_t265_interface) by extension 'ros'
[0.606s] DEBUG:colcon.colcon_core.package_identification:Package 'src/car_t265_interface' with type 'ros.ament_cmake' and name 'car_t265_interface'
[0.607s] Level 1:colcon.colcon_core.package_identification:_identify(src/imu_tools) by extensions ['ignore', 'ignore_ament_install']
[0.607s] Level 1:colcon.colcon_core.package_identification:_identify(src/imu_tools) by extension 'ignore'
[0.607s] Level 1:colcon.colcon_core.package_identification:_identify(src/imu_tools) by extension 'ignore_ament_install'
[0.607s] Level 1:colcon.colcon_core.package_identification:_identify(src/imu_tools) by extensions ['colcon_pkg']
[0.607s] Level 1:colcon.colcon_core.package_identification:_identify(src/imu_tools) by extension 'colcon_pkg'
[0.607s] Level 1:colcon.colcon_core.package_identification:_identify(src/imu_tools) by extensions ['colcon_meta']
[0.607s] Level 1:colcon.colcon_core.package_identification:_identify(src/imu_tools) by extension 'colcon_meta'
[0.607s] Level 1:colcon.colcon_core.package_identification:_identify(src/imu_tools) by extensions ['ros']
[0.607s] Level 1:colcon.colcon_core.package_identification:_identify(src/imu_tools) by extension 'ros'
[0.607s] Level 1:colcon.colcon_core.package_identification:_identify(src/imu_tools) by extensions ['cmake', 'python']
[0.607s] Level 1:colcon.colcon_core.package_identification:_identify(src/imu_tools) by extension 'cmake'
[0.607s] Level 1:colcon.colcon_core.package_identification:_identify(src/imu_tools) by extension 'python'
[0.607s] Level 1:colcon.colcon_core.package_identification:_identify(src/imu_tools) by extensions ['python_setup_py']
[0.607s] Level 1:colcon.colcon_core.package_identification:_identify(src/imu_tools) by extension 'python_setup_py'
[0.608s] Level 1:colcon.colcon_core.package_identification:_identify(src/imu_tools/imu_complementary_filter) by extensions ['ignore', 'ignore_ament_install']
[0.608s] Level 1:colcon.colcon_core.package_identification:_identify(src/imu_tools/imu_complementary_filter) by extension 'ignore'
[0.608s] Level 1:colcon.colcon_core.package_identification:_identify(src/imu_tools/imu_complementary_filter) by extension 'ignore_ament_install'
[0.608s] Level 1:colcon.colcon_core.package_identification:_identify(src/imu_tools/imu_complementary_filter) by extensions ['colcon_pkg']
[0.608s] Level 1:colcon.colcon_core.package_identification:_identify(src/imu_tools/imu_complementary_filter) by extension 'colcon_pkg'
[0.608s] Level 1:colcon.colcon_core.package_identification:_identify(src/imu_tools/imu_complementary_filter) by extensions ['colcon_meta']
[0.608s] Level 1:colcon.colcon_core.package_identification:_identify(src/imu_tools/imu_complementary_filter) by extension 'colcon_meta'
[0.608s] Level 1:colcon.colcon_core.package_identification:_identify(src/imu_tools/imu_complementary_filter) by extensions ['ros']
[0.608s] Level 1:colcon.colcon_core.package_identification:_identify(src/imu_tools/imu_complementary_filter) by extension 'ros'
[0.609s] DEBUG:colcon.colcon_core.package_identification:Package 'src/imu_tools/imu_complementary_filter' with type 'ros.ament_cmake' and name 'imu_complementary_filter'
[0.610s] Level 1:colcon.colcon_core.package_identification:_identify(src/imu_tools/imu_filter_madgwick) by extensions ['ignore', 'ignore_ament_install']
[0.610s] Level 1:colcon.colcon_core.package_identification:_identify(src/imu_tools/imu_filter_madgwick) by extension 'ignore'
[0.610s] Level 1:colcon.colcon_core.package_identification:_identify(src/imu_tools/imu_filter_madgwick) by extension 'ignore_ament_install'
[0.610s] Level 1:colcon.colcon_core.package_identification:_identify(src/imu_tools/imu_filter_madgwick) by extensions ['colcon_pkg']
[0.610s] Level 1:colcon.colcon_core.package_identification:_identify(src/imu_tools/imu_filter_madgwick) by extension 'colcon_pkg'
[0.610s] Level 1:colcon.colcon_core.package_identification:_identify(src/imu_tools/imu_filter_madgwick) by extensions ['colcon_meta']
[0.610s] Level 1:colcon.colcon_core.package_identification:_identify(src/imu_tools/imu_filter_madgwick) by extension 'colcon_meta'
[0.610s] Level 1:colcon.colcon_core.package_identification:_identify(src/imu_tools/imu_filter_madgwick) by extensions ['ros']
[0.610s] Level 1:colcon.colcon_core.package_identification:_identify(src/imu_tools/imu_filter_madgwick) by extension 'ros'
[0.613s] DEBUG:colcon.colcon_core.package_identification:Package 'src/imu_tools/imu_filter_madgwick' with type 'ros.ament_cmake' and name 'imu_filter_madgwick'
[0.613s] Level 1:colcon.colcon_core.package_identification:_identify(src/imu_tools/imu_tools) by extensions ['ignore', 'ignore_ament_install']
[0.613s] Level 1:colcon.colcon_core.package_identification:_identify(src/imu_tools/imu_tools) by extension 'ignore'
[0.614s] Level 1:colcon.colcon_core.package_identification:_identify(src/imu_tools/imu_tools) by extension 'ignore_ament_install'
[0.614s] Level 1:colcon.colcon_core.package_identification:_identify(src/imu_tools/imu_tools) by extensions ['colcon_pkg']
[0.614s] Level 1:colcon.colcon_core.package_identification:_identify(src/imu_tools/imu_tools) by extension 'colcon_pkg'
[0.614s] Level 1:colcon.colcon_core.package_identification:_identify(src/imu_tools/imu_tools) by extensions ['colcon_meta']
[0.614s] Level 1:colcon.colcon_core.package_identification:_identify(src/imu_tools/imu_tools) by extension 'colcon_meta'
[0.614s] Level 1:colcon.colcon_core.package_identification:_identify(src/imu_tools/imu_tools) by extensions ['ros']
[0.614s] Level 1:colcon.colcon_core.package_identification:_identify(src/imu_tools/imu_tools) by extension 'ros'
[0.615s] DEBUG:colcon.colcon_core.package_identification:Package 'src/imu_tools/imu_tools' with type 'ros.ament_cmake' and name 'imu_tools'
[0.615s] Level 1:colcon.colcon_core.package_identification:_identify(src/imu_tools/rviz_imu_plugin) by extensions ['ignore', 'ignore_ament_install']
[0.615s] Level 1:colcon.colcon_core.package_identification:_identify(src/imu_tools/rviz_imu_plugin) by extension 'ignore'
[0.615s] Level 1:colcon.colcon_core.package_identification:_identify(src/imu_tools/rviz_imu_plugin) by extension 'ignore_ament_install'
[0.615s] Level 1:colcon.colcon_core.package_identification:_identify(src/imu_tools/rviz_imu_plugin) by extensions ['colcon_pkg']
[0.616s] Level 1:colcon.colcon_core.package_identification:_identify(src/imu_tools/rviz_imu_plugin) by extension 'colcon_pkg'
[0.616s] Level 1:colcon.colcon_core.package_identification:_identify(src/imu_tools/rviz_imu_plugin) by extensions ['colcon_meta']
[0.616s] Level 1:colcon.colcon_core.package_identification:_identify(src/imu_tools/rviz_imu_plugin) by extension 'colcon_meta'
[0.616s] Level 1:colcon.colcon_core.package_identification:_identify(src/imu_tools/rviz_imu_plugin) by extensions ['ros']
[0.616s] Level 1:colcon.colcon_core.package_identification:_identify(src/imu_tools/rviz_imu_plugin) by extension 'ros'
[0.618s] DEBUG:colcon.colcon_core.package_identification:Package 'src/imu_tools/rviz_imu_plugin' with type 'ros.ament_cmake' and name 'rviz_imu_plugin'
[0.618s] Level 1:colcon.colcon_core.package_identification:_identify(src/nav2_t265_pyrealsense) by extensions ['ignore', 'ignore_ament_install']
[0.618s] Level 1:colcon.colcon_core.package_identification:_identify(src/nav2_t265_pyrealsense) by extension 'ignore'
[0.618s] Level 1:colcon.colcon_core.package_identification:_identify(src/nav2_t265_pyrealsense) by extension 'ignore_ament_install'
[0.618s] Level 1:colcon.colcon_core.package_identification:_identify(src/nav2_t265_pyrealsense) by extensions ['colcon_pkg']
[0.618s] Level 1:colcon.colcon_core.package_identification:_identify(src/nav2_t265_pyrealsense) by extension 'colcon_pkg'
[0.618s] Level 1:colcon.colcon_core.package_identification:_identify(src/nav2_t265_pyrealsense) by extensions ['colcon_meta']
[0.618s] Level 1:colcon.colcon_core.package_identification:_identify(src/nav2_t265_pyrealsense) by extension 'colcon_meta'
[0.619s] Level 1:colcon.colcon_core.package_identification:_identify(src/nav2_t265_pyrealsense) by extensions ['ros']
[0.619s] Level 1:colcon.colcon_core.package_identification:_identify(src/nav2_t265_pyrealsense) by extension 'ros'
[0.620s] DEBUG:colcon.colcon_core.package_identification:Package 'src/nav2_t265_pyrealsense' with type 'ros.ament_python' and name 'nav2_t265_pyrealsense'
[0.620s] Level 1:colcon.colcon_core.package_identification:_identify(src/ros2_mpu6050) by extensions ['ignore', 'ignore_ament_install']
[0.620s] Level 1:colcon.colcon_core.package_identification:_identify(src/ros2_mpu6050) by extension 'ignore'
[0.620s] Level 1:colcon.colcon_core.package_identification:_identify(src/ros2_mpu6050) by extension 'ignore_ament_install'
[0.620s] Level 1:colcon.colcon_core.package_identification:_identify(src/ros2_mpu6050) by extensions ['colcon_pkg']
[0.620s] Level 1:colcon.colcon_core.package_identification:_identify(src/ros2_mpu6050) by extension 'colcon_pkg'
[0.620s] Level 1:colcon.colcon_core.package_identification:_identify(src/ros2_mpu6050) by extensions ['colcon_meta']
[0.621s] Level 1:colcon.colcon_core.package_identification:_identify(src/ros2_mpu6050) by extension 'colcon_meta'
[0.621s] Level 1:colcon.colcon_core.package_identification:_identify(src/ros2_mpu6050) by extensions ['ros']
[0.621s] Level 1:colcon.colcon_core.package_identification:_identify(src/ros2_mpu6050) by extension 'ros'
[0.622s] DEBUG:colcon.colcon_core.package_identification:Package 'src/ros2_mpu6050' with type 'ros.ament_cmake' and name 'ros2_mpu6050'
[0.622s] Level 1:colcon.colcon_core.package_identification:_identify(src/uart_comm_py) by extensions ['ignore', 'ignore_ament_install']
[0.622s] Level 1:colcon.colcon_core.package_identification:_identify(src/uart_comm_py) by extension 'ignore'
[0.622s] Level 1:colcon.colcon_core.package_identification:_identify(src/uart_comm_py) by extension 'ignore_ament_install'
[0.622s] Level 1:colcon.colcon_core.package_identification:_identify(src/uart_comm_py) by extensions ['colcon_pkg']
[0.622s] Level 1:colcon.colcon_core.package_identification:_identify(src/uart_comm_py) by extension 'colcon_pkg'
[0.622s] Level 1:colcon.colcon_core.package_identification:_identify(src/uart_comm_py) by extensions ['colcon_meta']
[0.622s] Level 1:colcon.colcon_core.package_identification:_identify(src/uart_comm_py) by extension 'colcon_meta'
[0.622s] Level 1:colcon.colcon_core.package_identification:_identify(src/uart_comm_py) by extensions ['ros']
[0.622s] Level 1:colcon.colcon_core.package_identification:_identify(src/uart_comm_py) by extension 'ros'
[0.624s] DEBUG:colcon.colcon_core.package_identification:Package 'src/uart_comm_py' with type 'ros.ament_python' and name 'uart_comm_py'
[0.624s] Level 1:colcon.colcon_core.package_discovery:discover_packages(recursive) using defaults
[0.624s] Level 1:colcon.colcon_core.package_discovery:discover_packages(ignore) discover
[0.624s] Level 1:colcon.colcon_core.package_discovery:discover_packages(ignore) using defaults
[0.624s] Level 1:colcon.colcon_core.package_discovery:discover_packages(path) discover
[0.624s] Level 1:colcon.colcon_core.package_discovery:discover_packages(path) using defaults
[0.685s] Level 5:colcon.colcon_core.verb:set package 'car_interface' build argument 'cmake_args' from command line to 'None'
[0.685s] Level 5:colcon.colcon_core.verb:set package 'car_interface' build argument 'cmake_target' from command line to 'None'
[0.685s] Level 5:colcon.colcon_core.verb:set package 'car_interface' build argument 'cmake_target_skip_unavailable' from command line to 'False'
[0.685s] Level 5:colcon.colcon_core.verb:set package 'car_interface' build argument 'cmake_clean_cache' from command line to 'False'
[0.685s] Level 5:colcon.colcon_core.verb:set package 'car_interface' build argument 'cmake_clean_first' from command line to 'False'
[0.685s] Level 5:colcon.colcon_core.verb:set package 'car_interface' build argument 'cmake_force_configure' from command line to 'False'
[0.685s] Level 5:colcon.colcon_core.verb:set package 'car_interface' build argument 'ament_cmake_args' from command line to 'None'
[0.685s] Level 5:colcon.colcon_core.verb:set package 'car_interface' build argument 'catkin_cmake_args' from command line to 'None'
[0.685s] Level 5:colcon.colcon_core.verb:set package 'car_interface' build argument 'catkin_skip_building_tests' from command line to 'False'
[0.685s] DEBUG:colcon.colcon_core.verb:Building package 'car_interface' with the following arguments: {'ament_cmake_args': None, 'build_base': '/home/orangepi/ros2_workspace/auto_car/build/car_interface', 'catkin_cmake_args': None, 'catkin_skip_building_tests': False, 'cmake_args': None, 'cmake_clean_cache': False, 'cmake_clean_first': False, 'cmake_force_configure': False, 'cmake_target': None, 'cmake_target_skip_unavailable': False, 'install_base': '/home/orangepi/ros2_workspace/auto_car/install', 'merge_install': True, 'path': '/home/orangepi/ros2_workspace/auto_car/src/car_interface', 'symlink_install': False, 'test_result_base': None}
[0.686s] Level 5:colcon.colcon_core.verb:set package 'car_launch' build argument 'cmake_args' from command line to 'None'
[0.686s] Level 5:colcon.colcon_core.verb:set package 'car_launch' build argument 'cmake_target' from command line to 'None'
[0.686s] Level 5:colcon.colcon_core.verb:set package 'car_launch' build argument 'cmake_target_skip_unavailable' from command line to 'False'
[0.686s] Level 5:colcon.colcon_core.verb:set package 'car_launch' build argument 'cmake_clean_cache' from command line to 'False'
[0.686s] Level 5:colcon.colcon_core.verb:set package 'car_launch' build argument 'cmake_clean_first' from command line to 'False'
[0.686s] Level 5:colcon.colcon_core.verb:set package 'car_launch' build argument 'cmake_force_configure' from command line to 'False'
[0.686s] Level 5:colcon.colcon_core.verb:set package 'car_launch' build argument 'ament_cmake_args' from command line to 'None'
[0.686s] Level 5:colcon.colcon_core.verb:set package 'car_launch' build argument 'catkin_cmake_args' from command line to 'None'
[0.686s] Level 5:colcon.colcon_core.verb:set package 'car_launch' build argument 'catkin_skip_building_tests' from command line to 'False'
[0.686s] DEBUG:colcon.colcon_core.verb:Building package 'car_launch' with the following arguments: {'ament_cmake_args': None, 'build_base': '/home/orangepi/ros2_workspace/auto_car/build/car_launch', 'catkin_cmake_args': None, 'catkin_skip_building_tests': False, 'cmake_args': None, 'cmake_clean_cache': False, 'cmake_clean_first': False, 'cmake_force_configure': False, 'cmake_target': None, 'cmake_target_skip_unavailable': False, 'install_base': '/home/orangepi/ros2_workspace/auto_car/install', 'merge_install': True, 'path': '/home/orangepi/ros2_workspace/auto_car/src/car_launch', 'symlink_install': False, 'test_result_base': None}
[0.687s] Level 5:colcon.colcon_core.verb:set package 'car_t265_interface' build argument 'cmake_args' from command line to 'None'
[0.687s] Level 5:colcon.colcon_core.verb:set package 'car_t265_interface' build argument 'cmake_target' from command line to 'None'
[0.687s] Level 5:colcon.colcon_core.verb:set package 'car_t265_interface' build argument 'cmake_target_skip_unavailable' from command line to 'False'
[0.687s] Level 5:colcon.colcon_core.verb:set package 'car_t265_interface' build argument 'cmake_clean_cache' from command line to 'False'
[0.687s] Level 5:colcon.colcon_core.verb:set package 'car_t265_interface' build argument 'cmake_clean_first' from command line to 'False'
[0.687s] Level 5:colcon.colcon_core.verb:set package 'car_t265_interface' build argument 'cmake_force_configure' from command line to 'False'
[0.687s] Level 5:colcon.colcon_core.verb:set package 'car_t265_interface' build argument 'ament_cmake_args' from command line to 'None'
[0.687s] Level 5:colcon.colcon_core.verb:set package 'car_t265_interface' build argument 'catkin_cmake_args' from command line to 'None'
[0.687s] Level 5:colcon.colcon_core.verb:set package 'car_t265_interface' build argument 'catkin_skip_building_tests' from command line to 'False'
[0.687s] DEBUG:colcon.colcon_core.verb:Building package 'car_t265_interface' with the following arguments: {'ament_cmake_args': None, 'build_base': '/home/orangepi/ros2_workspace/auto_car/build/car_t265_interface', 'catkin_cmake_args': None, 'catkin_skip_building_tests': False, 'cmake_args': None, 'cmake_clean_cache': False, 'cmake_clean_first': False, 'cmake_force_configure': False, 'cmake_target': None, 'cmake_target_skip_unavailable': False, 'install_base': '/home/orangepi/ros2_workspace/auto_car/install', 'merge_install': True, 'path': '/home/orangepi/ros2_workspace/auto_car/src/car_t265_interface', 'symlink_install': False, 'test_result_base': None}
[0.687s] Level 5:colcon.colcon_core.verb:set package 'imu_complementary_filter' build argument 'cmake_args' from command line to 'None'
[0.687s] Level 5:colcon.colcon_core.verb:set package 'imu_complementary_filter' build argument 'cmake_target' from command line to 'None'
[0.687s] Level 5:colcon.colcon_core.verb:set package 'imu_complementary_filter' build argument 'cmake_target_skip_unavailable' from command line to 'False'
[0.687s] Level 5:colcon.colcon_core.verb:set package 'imu_complementary_filter' build argument 'cmake_clean_cache' from command line to 'False'
[0.688s] Level 5:colcon.colcon_core.verb:set package 'imu_complementary_filter' build argument 'cmake_clean_first' from command line to 'False'
[0.688s] Level 5:colcon.colcon_core.verb:set package 'imu_complementary_filter' build argument 'cmake_force_configure' from command line to 'False'
[0.688s] Level 5:colcon.colcon_core.verb:set package 'imu_complementary_filter' build argument 'ament_cmake_args' from command line to 'None'
[0.688s] Level 5:colcon.colcon_core.verb:set package 'imu_complementary_filter' build argument 'catkin_cmake_args' from command line to 'None'
[0.688s] Level 5:colcon.colcon_core.verb:set package 'imu_complementary_filter' build argument 'catkin_skip_building_tests' from command line to 'False'
[0.688s] DEBUG:colcon.colcon_core.verb:Building package 'imu_complementary_filter' with the following arguments: {'ament_cmake_args': None, 'build_base': '/home/orangepi/ros2_workspace/auto_car/build/imu_complementary_filter', 'catkin_cmake_args': None, 'catkin_skip_building_tests': False, 'cmake_args': None, 'cmake_clean_cache': False, 'cmake_clean_first': False, 'cmake_force_configure': False, 'cmake_target': None, 'cmake_target_skip_unavailable': False, 'install_base': '/home/orangepi/ros2_workspace/auto_car/install', 'merge_install': True, 'path': '/home/orangepi/ros2_workspace/auto_car/src/imu_tools/imu_complementary_filter', 'symlink_install': False, 'test_result_base': None}
[0.688s] Level 5:colcon.colcon_core.verb:set package 'imu_filter_madgwick' build argument 'cmake_args' from command line to 'None'
[0.688s] Level 5:colcon.colcon_core.verb:set package 'imu_filter_madgwick' build argument 'cmake_target' from command line to 'None'
[0.688s] Level 5:colcon.colcon_core.verb:set package 'imu_filter_madgwick' build argument 'cmake_target_skip_unavailable' from command line to 'False'
[0.688s] Level 5:colcon.colcon_core.verb:set package 'imu_filter_madgwick' build argument 'cmake_clean_cache' from command line to 'False'
[0.688s] Level 5:colcon.colcon_core.verb:set package 'imu_filter_madgwick' build argument 'cmake_clean_first' from command line to 'False'
[0.688s] Level 5:colcon.colcon_core.verb:set package 'imu_filter_madgwick' build argument 'cmake_force_configure' from command line to 'False'
[0.688s] Level 5:colcon.colcon_core.verb:set package 'imu_filter_madgwick' build argument 'ament_cmake_args' from command line to 'None'
[0.688s] Level 5:colcon.colcon_core.verb:set package 'imu_filter_madgwick' build argument 'catkin_cmake_args' from command line to 'None'
[0.688s] Level 5:colcon.colcon_core.verb:set package 'imu_filter_madgwick' build argument 'catkin_skip_building_tests' from command line to 'False'
[0.688s] DEBUG:colcon.colcon_core.verb:Building package 'imu_filter_madgwick' with the following arguments: {'ament_cmake_args': None, 'build_base': '/home/orangepi/ros2_workspace/auto_car/build/imu_filter_madgwick', 'catkin_cmake_args': None, 'catkin_skip_building_tests': False, 'cmake_args': None, 'cmake_clean_cache': False, 'cmake_clean_first': False, 'cmake_force_configure': False, 'cmake_target': None, 'cmake_target_skip_unavailable': False, 'install_base': '/home/orangepi/ros2_workspace/auto_car/install', 'merge_install': True, 'path': '/home/orangepi/ros2_workspace/auto_car/src/imu_tools/imu_filter_madgwick', 'symlink_install': False, 'test_result_base': None}
[0.689s] Level 5:colcon.colcon_core.verb:set package 'nav2_t265_pyrealsense' build argument 'cmake_args' from command line to 'None'
[0.689s] Level 5:colcon.colcon_core.verb:set package 'nav2_t265_pyrealsense' build argument 'cmake_target' from command line to 'None'
[0.689s] Level 5:colcon.colcon_core.verb:set package 'nav2_t265_pyrealsense' build argument 'cmake_target_skip_unavailable' from command line to 'False'
[0.689s] Level 5:colcon.colcon_core.verb:set package 'nav2_t265_pyrealsense' build argument 'cmake_clean_cache' from command line to 'False'
[0.689s] Level 5:colcon.colcon_core.verb:set package 'nav2_t265_pyrealsense' build argument 'cmake_clean_first' from command line to 'False'
[0.689s] Level 5:colcon.colcon_core.verb:set package 'nav2_t265_pyrealsense' build argument 'cmake_force_configure' from command line to 'False'
[0.689s] Level 5:colcon.colcon_core.verb:set package 'nav2_t265_pyrealsense' build argument 'ament_cmake_args' from command line to 'None'
[0.689s] Level 5:colcon.colcon_core.verb:set package 'nav2_t265_pyrealsense' build argument 'catkin_cmake_args' from command line to 'None'
[0.689s] Level 5:colcon.colcon_core.verb:set package 'nav2_t265_pyrealsense' build argument 'catkin_skip_building_tests' from command line to 'False'
[0.689s] DEBUG:colcon.colcon_core.verb:Building package 'nav2_t265_pyrealsense' with the following arguments: {'ament_cmake_args': None, 'build_base': '/home/orangepi/ros2_workspace/auto_car/build/nav2_t265_pyrealsense', 'catkin_cmake_args': None, 'catkin_skip_building_tests': False, 'cmake_args': None, 'cmake_clean_cache': False, 'cmake_clean_first': False, 'cmake_force_configure': False, 'cmake_target': None, 'cmake_target_skip_unavailable': False, 'install_base': '/home/orangepi/ros2_workspace/auto_car/install', 'merge_install': True, 'path': '/home/orangepi/ros2_workspace/auto_car/src/nav2_t265_pyrealsense', 'symlink_install': False, 'test_result_base': None}
[0.690s] Level 5:colcon.colcon_core.verb:set package 'ros2_mpu6050' build argument 'cmake_args' from command line to 'None'
[0.690s] Level 5:colcon.colcon_core.verb:set package 'ros2_mpu6050' build argument 'cmake_target' from command line to 'None'
[0.690s] Level 5:colcon.colcon_core.verb:set package 'ros2_mpu6050' build argument 'cmake_target_skip_unavailable' from command line to 'False'
[0.690s] Level 5:colcon.colcon_core.verb:set package 'ros2_mpu6050' build argument 'cmake_clean_cache' from command line to 'False'
[0.690s] Level 5:colcon.colcon_core.verb:set package 'ros2_mpu6050' build argument 'cmake_clean_first' from command line to 'False'
[0.690s] Level 5:colcon.colcon_core.verb:set package 'ros2_mpu6050' build argument 'cmake_force_configure' from command line to 'False'
[0.690s] Level 5:colcon.colcon_core.verb:set package 'ros2_mpu6050' build argument 'ament_cmake_args' from command line to 'None'
[0.690s] Level 5:colcon.colcon_core.verb:set package 'ros2_mpu6050' build argument 'catkin_cmake_args' from command line to 'None'
[0.690s] Level 5:colcon.colcon_core.verb:set package 'ros2_mpu6050' build argument 'catkin_skip_building_tests' from command line to 'False'
[0.690s] DEBUG:colcon.colcon_core.verb:Building package 'ros2_mpu6050' with the following arguments: {'ament_cmake_args': None, 'build_base': '/home/orangepi/ros2_workspace/auto_car/build/ros2_mpu6050', 'catkin_cmake_args': None, 'catkin_skip_building_tests': False, 'cmake_args': None, 'cmake_clean_cache': False, 'cmake_clean_first': False, 'cmake_force_configure': False, 'cmake_target': None, 'cmake_target_skip_unavailable': False, 'install_base': '/home/orangepi/ros2_workspace/auto_car/install', 'merge_install': True, 'path': '/home/orangepi/ros2_workspace/auto_car/src/ros2_mpu6050', 'symlink_install': False, 'test_result_base': None}
[0.690s] Level 5:colcon.colcon_core.verb:set package 'rviz_imu_plugin' build argument 'cmake_args' from command line to 'None'
[0.690s] Level 5:colcon.colcon_core.verb:set package 'rviz_imu_plugin' build argument 'cmake_target' from command line to 'None'
[0.690s] Level 5:colcon.colcon_core.verb:set package 'rviz_imu_plugin' build argument 'cmake_target_skip_unavailable' from command line to 'False'
[0.690s] Level 5:colcon.colcon_core.verb:set package 'rviz_imu_plugin' build argument 'cmake_clean_cache' from command line to 'False'
[0.690s] Level 5:colcon.colcon_core.verb:set package 'rviz_imu_plugin' build argument 'cmake_clean_first' from command line to 'False'
[0.690s] Level 5:colcon.colcon_core.verb:set package 'rviz_imu_plugin' build argument 'cmake_force_configure' from command line to 'False'
[0.690s] Level 5:colcon.colcon_core.verb:set package 'rviz_imu_plugin' build argument 'ament_cmake_args' from command line to 'None'
[0.690s] Level 5:colcon.colcon_core.verb:set package 'rviz_imu_plugin' build argument 'catkin_cmake_args' from command line to 'None'
[0.691s] Level 5:colcon.colcon_core.verb:set package 'rviz_imu_plugin' build argument 'catkin_skip_building_tests' from command line to 'False'
[0.691s] DEBUG:colcon.colcon_core.verb:Building package 'rviz_imu_plugin' with the following arguments: {'ament_cmake_args': None, 'build_base': '/home/orangepi/ros2_workspace/auto_car/build/rviz_imu_plugin', 'catkin_cmake_args': None, 'catkin_skip_building_tests': False, 'cmake_args': None, 'cmake_clean_cache': False, 'cmake_clean_first': False, 'cmake_force_configure': False, 'cmake_target': None, 'cmake_target_skip_unavailable': False, 'install_base': '/home/orangepi/ros2_workspace/auto_car/install', 'merge_install': True, 'path': '/home/orangepi/ros2_workspace/auto_car/src/imu_tools/rviz_imu_plugin', 'symlink_install': False, 'test_result_base': None}
[0.691s] Level 5:colcon.colcon_core.verb:set package 'car_core' build argument 'cmake_args' from command line to 'None'
[0.691s] Level 5:colcon.colcon_core.verb:set package 'car_core' build argument 'cmake_target' from command line to 'None'
[0.691s] Level 5:colcon.colcon_core.verb:set package 'car_core' build argument 'cmake_target_skip_unavailable' from command line to 'False'
[0.691s] Level 5:colcon.colcon_core.verb:set package 'car_core' build argument 'cmake_clean_cache' from command line to 'False'
[0.691s] Level 5:colcon.colcon_core.verb:set package 'car_core' build argument 'cmake_clean_first' from command line to 'False'
[0.691s] Level 5:colcon.colcon_core.verb:set package 'car_core' build argument 'cmake_force_configure' from command line to 'False'
[0.691s] Level 5:colcon.colcon_core.verb:set package 'car_core' build argument 'ament_cmake_args' from command line to 'None'
[0.691s] Level 5:colcon.colcon_core.verb:set package 'car_core' build argument 'catkin_cmake_args' from command line to 'None'
[0.691s] Level 5:colcon.colcon_core.verb:set package 'car_core' build argument 'catkin_skip_building_tests' from command line to 'False'
[0.691s] DEBUG:colcon.colcon_core.verb:Building package 'car_core' with the following arguments: {'ament_cmake_args': None, 'build_base': '/home/orangepi/ros2_workspace/auto_car/build/car_core', 'catkin_cmake_args': None, 'catkin_skip_building_tests': False, 'cmake_args': None, 'cmake_clean_cache': False, 'cmake_clean_first': False, 'cmake_force_configure': False, 'cmake_target': None, 'cmake_target_skip_unavailable': False, 'install_base': '/home/orangepi/ros2_workspace/auto_car/install', 'merge_install': True, 'path': '/home/orangepi/ros2_workspace/auto_car/src/car_core', 'symlink_install': False, 'test_result_base': None}
[0.692s] Level 5:colcon.colcon_core.verb:set package 'car_setup' build argument 'cmake_args' from command line to 'None'
[0.692s] Level 5:colcon.colcon_core.verb:set package 'car_setup' build argument 'cmake_target' from command line to 'None'
[0.692s] Level 5:colcon.colcon_core.verb:set package 'car_setup' build argument 'cmake_target_skip_unavailable' from command line to 'False'
[0.692s] Level 5:colcon.colcon_core.verb:set package 'car_setup' build argument 'cmake_clean_cache' from command line to 'False'
[0.692s] Level 5:colcon.colcon_core.verb:set package 'car_setup' build argument 'cmake_clean_first' from command line to 'False'
[0.692s] Level 5:colcon.colcon_core.verb:set package 'car_setup' build argument 'cmake_force_configure' from command line to 'False'
[0.692s] Level 5:colcon.colcon_core.verb:set package 'car_setup' build argument 'ament_cmake_args' from command line to 'None'
[0.692s] Level 5:colcon.colcon_core.verb:set package 'car_setup' build argument 'catkin_cmake_args' from command line to 'None'
[0.692s] Level 5:colcon.colcon_core.verb:set package 'car_setup' build argument 'catkin_skip_building_tests' from command line to 'False'
[0.692s] DEBUG:colcon.colcon_core.verb:Building package 'car_setup' with the following arguments: {'ament_cmake_args': None, 'build_base': '/home/orangepi/ros2_workspace/auto_car/build/car_setup', 'catkin_cmake_args': None, 'catkin_skip_building_tests': False, 'cmake_args': None, 'cmake_clean_cache': False, 'cmake_clean_first': False, 'cmake_force_configure': False, 'cmake_target': None, 'cmake_target_skip_unavailable': False, 'install_base': '/home/orangepi/ros2_workspace/auto_car/install', 'merge_install': True, 'path': '/home/orangepi/ros2_workspace/auto_car/src/car_setup', 'symlink_install': False, 'test_result_base': None}
[0.692s] Level 5:colcon.colcon_core.verb:set package 'car_t265' build argument 'cmake_args' from command line to 'None'
[0.693s] Level 5:colcon.colcon_core.verb:set package 'car_t265' build argument 'cmake_target' from command line to 'None'
[0.693s] Level 5:colcon.colcon_core.verb:set package 'car_t265' build argument 'cmake_target_skip_unavailable' from command line to 'False'
[0.693s] Level 5:colcon.colcon_core.verb:set package 'car_t265' build argument 'cmake_clean_cache' from command line to 'False'
[0.693s] Level 5:colcon.colcon_core.verb:set package 'car_t265' build argument 'cmake_clean_first' from command line to 'False'
[0.693s] Level 5:colcon.colcon_core.verb:set package 'car_t265' build argument 'cmake_force_configure' from command line to 'False'
[0.693s] Level 5:colcon.colcon_core.verb:set package 'car_t265' build argument 'ament_cmake_args' from command line to 'None'
[0.693s] Level 5:colcon.colcon_core.verb:set package 'car_t265' build argument 'catkin_cmake_args' from command line to 'None'
[0.693s] Level 5:colcon.colcon_core.verb:set package 'car_t265' build argument 'catkin_skip_building_tests' from command line to 'False'
[0.693s] DEBUG:colcon.colcon_core.verb:Building package 'car_t265' with the following arguments: {'ament_cmake_args': None, 'build_base': '/home/orangepi/ros2_workspace/auto_car/build/car_t265', 'catkin_cmake_args': None, 'catkin_skip_building_tests': False, 'cmake_args': None, 'cmake_clean_cache': False, 'cmake_clean_first': False, 'cmake_force_configure': False, 'cmake_target': None, 'cmake_target_skip_unavailable': False, 'install_base': '/home/orangepi/ros2_workspace/auto_car/install', 'merge_install': True, 'path': '/home/orangepi/ros2_workspace/auto_car/src/car_t265', 'symlink_install': False, 'test_result_base': None}
[0.693s] Level 5:colcon.colcon_core.verb:set package 'imu_tools' build argument 'cmake_args' from command line to 'None'
[0.693s] Level 5:colcon.colcon_core.verb:set package 'imu_tools' build argument 'cmake_target' from command line to 'None'
[0.693s] Level 5:colcon.colcon_core.verb:set package 'imu_tools' build argument 'cmake_target_skip_unavailable' from command line to 'False'
[0.693s] Level 5:colcon.colcon_core.verb:set package 'imu_tools' build argument 'cmake_clean_cache' from command line to 'False'
[0.693s] Level 5:colcon.colcon_core.verb:set package 'imu_tools' build argument 'cmake_clean_first' from command line to 'False'
[0.693s] Level 5:colcon.colcon_core.verb:set package 'imu_tools' build argument 'cmake_force_configure' from command line to 'False'
[0.693s] Level 5:colcon.colcon_core.verb:set package 'imu_tools' build argument 'ament_cmake_args' from command line to 'None'
[0.693s] Level 5:colcon.colcon_core.verb:set package 'imu_tools' build argument 'catkin_cmake_args' from command line to 'None'
[0.693s] Level 5:colcon.colcon_core.verb:set package 'imu_tools' build argument 'catkin_skip_building_tests' from command line to 'False'
[0.693s] DEBUG:colcon.colcon_core.verb:Building package 'imu_tools' with the following arguments: {'ament_cmake_args': None, 'build_base': '/home/orangepi/ros2_workspace/auto_car/build/imu_tools', 'catkin_cmake_args': None, 'catkin_skip_building_tests': False, 'cmake_args': None, 'cmake_clean_cache': False, 'cmake_clean_first': False, 'cmake_force_configure': False, 'cmake_target': None, 'cmake_target_skip_unavailable': False, 'install_base': '/home/orangepi/ros2_workspace/auto_car/install', 'merge_install': True, 'path': '/home/orangepi/ros2_workspace/auto_car/src/imu_tools/imu_tools', 'symlink_install': False, 'test_result_base': None}
[0.694s] Level 5:colcon.colcon_core.verb:set package 'uart_comm_py' build argument 'cmake_args' from command line to 'None'
[0.694s] Level 5:colcon.colcon_core.verb:set package 'uart_comm_py' build argument 'cmake_target' from command line to 'None'
[0.694s] Level 5:colcon.colcon_core.verb:set package 'uart_comm_py' build argument 'cmake_target_skip_unavailable' from command line to 'False'
[0.694s] Level 5:colcon.colcon_core.verb:set package 'uart_comm_py' build argument 'cmake_clean_cache' from command line to 'False'
[0.694s] Level 5:colcon.colcon_core.verb:set package 'uart_comm_py' build argument 'cmake_clean_first' from command line to 'False'
[0.694s] Level 5:colcon.colcon_core.verb:set package 'uart_comm_py' build argument 'cmake_force_configure' from command line to 'False'
[0.694s] Level 5:colcon.colcon_core.verb:set package 'uart_comm_py' build argument 'ament_cmake_args' from command line to 'None'
[0.694s] Level 5:colcon.colcon_core.verb:set package 'uart_comm_py' build argument 'catkin_cmake_args' from command line to 'None'
[0.694s] Level 5:colcon.colcon_core.verb:set package 'uart_comm_py' build argument 'catkin_skip_building_tests' from command line to 'False'
[0.694s] DEBUG:colcon.colcon_core.verb:Building package 'uart_comm_py' with the following arguments: {'ament_cmake_args': None, 'build_base': '/home/orangepi/ros2_workspace/auto_car/build/uart_comm_py', 'catkin_cmake_args': None, 'catkin_skip_building_tests': False, 'cmake_args': None, 'cmake_clean_cache': False, 'cmake_clean_first': False, 'cmake_force_configure': False, 'cmake_target': None, 'cmake_target_skip_unavailable': False, 'install_base': '/home/orangepi/ros2_workspace/auto_car/install', 'merge_install': True, 'path': '/home/orangepi/ros2_workspace/auto_car/src/uart_comm_py', 'symlink_install': False, 'test_result_base': None}
[0.694s] INFO:colcon.colcon_core.executor:Executing jobs using 'parallel' executor
[0.709s] DEBUG:colcon.colcon_parallel_executor.executor.parallel:run_until_complete
[0.710s] INFO:colcon.colcon_ros.task.ament_cmake.build:Building ROS package in '/home/orangepi/ros2_workspace/auto_car/src/car_interface' with build type 'ament_cmake'
[0.710s] INFO:colcon.colcon_cmake.task.cmake.build:Building CMake package in '/home/orangepi/ros2_workspace/auto_car/src/car_interface'
[0.713s] INFO:colcon.colcon_core.plugin_system:Skipping extension 'colcon_core.shell.bat': Not used on non-Windows systems
[0.713s] INFO:colcon.colcon_core.shell:Skip shell extension 'powershell' for command environment: Not usable outside of PowerShell
[0.713s] DEBUG:colcon.colcon_core.shell:Skip shell extension 'dsv' for command environment
[0.726s] WARNING:colcon.colcon_ros.prefix_path.ament:The path '/home/orangepi/ros2_workspace/auto_car/install' in the environment variable AMENT_PREFIX_PATH doesn't contain any 'local_setup.*' files.
[0.771s] INFO:colcon.colcon_ros.task.ament_cmake.build:Building ROS package in '/home/orangepi/ros2_workspace/auto_car/src/car_t265_interface' with build type 'ament_cmake'
[0.772s] INFO:colcon.colcon_cmake.task.cmake.build:Building CMake package in '/home/orangepi/ros2_workspace/auto_car/src/car_t265_interface'
[0.772s] INFO:colcon.colcon_core.shell:Skip shell extension 'powershell' for command environment: Not usable outside of PowerShell
[0.772s] DEBUG:colcon.colcon_core.shell:Skip shell extension 'dsv' for command environment
[0.791s] INFO:colcon.colcon_ros.task.ament_cmake.build:Building ROS package in '/home/orangepi/ros2_workspace/auto_car/src/imu_tools/imu_complementary_filter' with build type 'ament_cmake'
[0.791s] INFO:colcon.colcon_cmake.task.cmake.build:Building CMake package in '/home/orangepi/ros2_workspace/auto_car/src/imu_tools/imu_complementary_filter'
[0.792s] INFO:colcon.colcon_core.shell:Skip shell extension 'powershell' for command environment: Not usable outside of PowerShell
[0.792s] DEBUG:colcon.colcon_core.shell:Skip shell extension 'dsv' for command environment
[0.803s] INFO:colcon.colcon_ros.task.ament_cmake.build:Building ROS package in '/home/orangepi/ros2_workspace/auto_car/src/imu_tools/imu_filter_madgwick' with build type 'ament_cmake'
[0.804s] INFO:colcon.colcon_cmake.task.cmake.build:Building CMake package in '/home/orangepi/ros2_workspace/auto_car/src/imu_tools/imu_filter_madgwick'
[0.804s] INFO:colcon.colcon_core.shell:Skip shell extension 'powershell' for command environment: Not usable outside of PowerShell
[0.804s] DEBUG:colcon.colcon_core.shell:Skip shell extension 'dsv' for command environment
[0.837s] INFO:colcon.colcon_ros.task.ament_cmake.build:Building ROS package in '/home/orangepi/ros2_workspace/auto_car/src/imu_tools/rviz_imu_plugin' with build type 'ament_cmake'
[0.837s] INFO:colcon.colcon_cmake.task.cmake.build:Building CMake package in '/home/orangepi/ros2_workspace/auto_car/src/imu_tools/rviz_imu_plugin'
[0.838s] INFO:colcon.colcon_core.shell:Skip shell extension 'powershell' for command environment: Not usable outside of PowerShell
[0.838s] DEBUG:colcon.colcon_core.shell:Skip shell extension 'dsv' for command environment
[0.904s] INFO:colcon.colcon_ros.task.ament_python.build:Building ROS package in '/home/orangepi/ros2_workspace/auto_car/src/car_launch' with build type 'ament_python'
[0.905s] Level 1:colcon.colcon_core.shell:create_environment_hook('car_launch', 'ament_prefix_path')
[0.905s] INFO:colcon.colcon_core.shell:Creating environment hook '/home/orangepi/ros2_workspace/auto_car/install/share/car_launch/hook/ament_prefix_path.ps1'
[0.906s] INFO:colcon.colcon_core.shell:Creating environment descriptor '/home/orangepi/ros2_workspace/auto_car/install/share/car_launch/hook/ament_prefix_path.dsv'
[0.907s] INFO:colcon.colcon_core.shell:Creating environment hook '/home/orangepi/ros2_workspace/auto_car/install/share/car_launch/hook/ament_prefix_path.sh'
[0.909s] INFO:colcon.colcon_core.shell:Skip shell extension 'powershell' for command environment: Not usable outside of PowerShell
[0.911s] DEBUG:colcon.colcon_core.shell:Skip shell extension 'dsv' for command environment
[0.938s] INFO:colcon.colcon_ros.task.ament_python.build:Building ROS package in '/home/orangepi/ros2_workspace/auto_car/src/nav2_t265_pyrealsense' with build type 'ament_python'
[0.939s] Level 1:colcon.colcon_core.shell:create_environment_hook('nav2_t265_pyrealsense', 'ament_prefix_path')
[0.939s] INFO:colcon.colcon_core.shell:Creating environment hook '/home/orangepi/ros2_workspace/auto_car/install/share/nav2_t265_pyrealsense/hook/ament_prefix_path.ps1'
[0.940s] INFO:colcon.colcon_core.shell:Creating environment descriptor '/home/orangepi/ros2_workspace/auto_car/install/share/nav2_t265_pyrealsense/hook/ament_prefix_path.dsv'
[0.941s] INFO:colcon.colcon_core.shell:Creating environment hook '/home/orangepi/ros2_workspace/auto_car/install/share/nav2_t265_pyrealsense/hook/ament_prefix_path.sh'
[0.942s] INFO:colcon.colcon_core.shell:Skip shell extension 'powershell' for command environment: Not usable outside of PowerShell
[0.942s] DEBUG:colcon.colcon_core.shell:Skip shell extension 'dsv' for command environment
[0.968s] INFO:colcon.colcon_ros.task.ament_cmake.build:Building ROS package in '/home/orangepi/ros2_workspace/auto_car/src/ros2_mpu6050' with build type 'ament_cmake'
[0.968s] INFO:colcon.colcon_cmake.task.cmake.build:Building CMake package in '/home/orangepi/ros2_workspace/auto_car/src/ros2_mpu6050'
[0.969s] INFO:colcon.colcon_core.shell:Skip shell extension 'powershell' for command environment: Not usable outside of PowerShell
[0.969s] DEBUG:colcon.colcon_core.shell:Skip shell extension 'dsv' for command environment
[1.006s] DEBUG:colcon.colcon_core.event_handler.log_command:Invoking command in '/home/orangepi/ros2_workspace/auto_car/build/car_interface': CMAKE_PREFIX_PATH=${CMAKE_PREFIX_PATH}:/root/lanhailidar_ros_ws/install/scan_subscriber:/opt/ros/humble /usr/bin/cmake /home/orangepi/ros2_workspace/auto_car/src/car_interface -DCMAKE_INSTALL_PREFIX=/home/orangepi/ros2_workspace/auto_car/install
[1.066s] DEBUG:colcon.colcon_core.event_handler.log_command:Invoking command in '/home/orangepi/ros2_workspace/auto_car/build/car_t265_interface': CMAKE_PREFIX_PATH=${CMAKE_PREFIX_PATH}:/root/lanhailidar_ros_ws/install/scan_subscriber:/opt/ros/humble /usr/bin/cmake /home/orangepi/ros2_workspace/auto_car/src/car_t265_interface -DCMAKE_INSTALL_PREFIX=/home/orangepi/ros2_workspace/auto_car/install
[1.098s] DEBUG:colcon.colcon_core.event_handler.log_command:Invoking command in '/home/orangepi/ros2_workspace/auto_car/build/imu_complementary_filter': CMAKE_PREFIX_PATH=${CMAKE_PREFIX_PATH}:/root/lanhailidar_ros_ws/install/scan_subscriber:/opt/ros/humble /usr/bin/cmake /home/orangepi/ros2_workspace/auto_car/src/imu_tools/imu_complementary_filter -DCMAKE_INSTALL_PREFIX=/home/orangepi/ros2_workspace/auto_car/install
[1.141s] DEBUG:colcon.colcon_core.event_handler.log_command:Invoking command in '/home/orangepi/ros2_workspace/auto_car/build/imu_filter_madgwick': CMAKE_PREFIX_PATH=${CMAKE_PREFIX_PATH}:/root/lanhailidar_ros_ws/install/scan_subscriber:/opt/ros/humble /usr/bin/cmake /home/orangepi/ros2_workspace/auto_car/src/imu_tools/imu_filter_madgwick -DCMAKE_INSTALL_PREFIX=/home/orangepi/ros2_workspace/auto_car/install
[1.182s] DEBUG:colcon.colcon_core.event_handler.log_command:Invoking command in '/home/orangepi/ros2_workspace/auto_car/build/rviz_imu_plugin': CMAKE_PREFIX_PATH=${CMAKE_PREFIX_PATH}:/root/lanhailidar_ros_ws/install/scan_subscriber:/opt/ros/humble /usr/bin/cmake /home/orangepi/ros2_workspace/auto_car/src/imu_tools/rviz_imu_plugin -DCMAKE_INSTALL_PREFIX=/home/orangepi/ros2_workspace/auto_car/install
[1.936s] INFO:colcon.colcon_core.task.python.build:Building Python package in '/home/orangepi/ros2_workspace/auto_car/src/car_launch'
[1.937s] INFO:colcon.colcon_core.shell:Skip shell extension 'powershell' for command environment: Not usable outside of PowerShell
[1.938s] DEBUG:colcon.colcon_core.shell:Skip shell extension 'dsv' for command environment
[2.437s] INFO:colcon.colcon_core.task.python.build:Building Python package in '/home/orangepi/ros2_workspace/auto_car/src/nav2_t265_pyrealsense'
[2.438s] INFO:colcon.colcon_core.shell:Skip shell extension 'powershell' for command environment: Not usable outside of PowerShell
[2.439s] DEBUG:colcon.colcon_core.shell:Skip shell extension 'dsv' for command environment
[2.482s] DEBUG:colcon.colcon_core.event_handler.log_command:Invoking command in '/home/orangepi/ros2_workspace/auto_car/build/ros2_mpu6050': CMAKE_PREFIX_PATH=${CMAKE_PREFIX_PATH}:/root/lanhailidar_ros_ws/install/scan_subscriber:/opt/ros/humble /usr/bin/cmake /home/orangepi/ros2_workspace/auto_car/src/ros2_mpu6050 -DCMAKE_INSTALL_PREFIX=/home/orangepi/ros2_workspace/auto_car/install
[3.735s] DEBUG:colcon.colcon_core.event_handler.log_command:Invoking command in '/home/orangepi/ros2_workspace/auto_car/src/nav2_t265_pyrealsense': PYTHONPATH=/home/orangepi/ros2_workspace/auto_car/build/nav2_t265_pyrealsense/prefix_override:/usr/lib/python3/dist-packages/colcon_core/task/python/colcon_distutils_commands:/home/orangepi/ros2_workspace/auto_car/install/lib/python3.10/site-packages:${PYTHONPATH} /usr/bin/python3 -W ignore:setup.py install is deprecated -W ignore:easy_install command is deprecated setup.py egg_info --egg-base ../../build/nav2_t265_pyrealsense build --build-base /home/orangepi/ros2_workspace/auto_car/build/nav2_t265_pyrealsense/build install --record /home/orangepi/ros2_workspace/auto_car/build/nav2_t265_pyrealsense/install.log --single-version-externally-managed install_data
[3.809s] DEBUG:colcon.colcon_core.event_handler.log_command:Invoking command in '/home/orangepi/ros2_workspace/auto_car/src/car_launch': PYTHONPATH=/home/orangepi/ros2_workspace/auto_car/build/car_launch/prefix_override:/usr/lib/python3/dist-packages/colcon_core/task/python/colcon_distutils_commands:/home/orangepi/ros2_workspace/auto_car/install/lib/python3.10/site-packages:${PYTHONPATH} /usr/bin/python3 -W ignore:setup.py install is deprecated -W ignore:easy_install command is deprecated setup.py egg_info --egg-base ../../build/car_launch build --build-base /home/orangepi/ros2_workspace/auto_car/build/car_launch/build install --record /home/orangepi/ros2_workspace/auto_car/build/car_launch/install.log --single-version-externally-managed install_data
[7.748s] DEBUG:colcon.colcon_core.event_handler.log_command:Invoked command in '/home/orangepi/ros2_workspace/auto_car/build/ros2_mpu6050' returned '0': CMAKE_PREFIX_PATH=${CMAKE_PREFIX_PATH}:/root/lanhailidar_ros_ws/install/scan_subscriber:/opt/ros/humble /usr/bin/cmake /home/orangepi/ros2_workspace/auto_car/src/ros2_mpu6050 -DCMAKE_INSTALL_PREFIX=/home/orangepi/ros2_workspace/auto_car/install
[7.794s] DEBUG:colcon.colcon_core.event_handler.log_command:Invoking command in '/home/orangepi/ros2_workspace/auto_car/build/ros2_mpu6050': CMAKE_PREFIX_PATH=${CMAKE_PREFIX_PATH}:/root/lanhailidar_ros_ws/install/scan_subscriber:/opt/ros/humble /usr/bin/cmake --build /home/orangepi/ros2_workspace/auto_car/build/ros2_mpu6050 -- -j8 -l8
[7.794s] DEBUG:colcon.colcon_core.event_handler.log_command:Invoked command in '/home/orangepi/ros2_workspace/auto_car/src/nav2_t265_pyrealsense' returned '0': PYTHONPATH=/home/orangepi/ros2_workspace/auto_car/build/nav2_t265_pyrealsense/prefix_override:/usr/lib/python3/dist-packages/colcon_core/task/python/colcon_distutils_commands:/home/orangepi/ros2_workspace/auto_car/install/lib/python3.10/site-packages:${PYTHONPATH} /usr/bin/python3 -W ignore:setup.py install is deprecated -W ignore:easy_install command is deprecated setup.py egg_info --egg-base ../../build/nav2_t265_pyrealsense build --build-base /home/orangepi/ros2_workspace/auto_car/build/nav2_t265_pyrealsense/build install --record /home/orangepi/ros2_workspace/auto_car/build/nav2_t265_pyrealsense/install.log --single-version-externally-managed install_data
[7.831s] Level 1:colcon.colcon_core.environment:checking '/home/orangepi/ros2_workspace/auto_car/install' for CMake module files
[7.836s] Level 1:colcon.colcon_core.environment:checking '/home/orangepi/ros2_workspace/auto_car/install' for CMake config files
[7.838s] Level 1:colcon.colcon_core.environment:checking '/home/orangepi/ros2_workspace/auto_car/install/lib'
[7.838s] Level 1:colcon.colcon_core.environment:checking '/home/orangepi/ros2_workspace/auto_car/install/bin'
[7.838s] Level 1:colcon.colcon_core.environment:checking '/home/orangepi/ros2_workspace/auto_car/install/lib/pkgconfig/nav2_t265_pyrealsense.pc'
[7.839s] Level 1:colcon.colcon_core.environment:checking '/home/orangepi/ros2_workspace/auto_car/install/lib/python3.10/site-packages'
[7.839s] Level 1:colcon.colcon_core.shell:create_environment_hook('nav2_t265_pyrealsense', 'pythonpath')
[7.839s] INFO:colcon.colcon_core.shell:Creating environment hook '/home/orangepi/ros2_workspace/auto_car/install/share/nav2_t265_pyrealsense/hook/pythonpath.ps1'
[7.842s] INFO:colcon.colcon_core.shell:Creating environment descriptor '/home/orangepi/ros2_workspace/auto_car/install/share/nav2_t265_pyrealsense/hook/pythonpath.dsv'
[7.842s] INFO:colcon.colcon_core.shell:Creating environment hook '/home/orangepi/ros2_workspace/auto_car/install/share/nav2_t265_pyrealsense/hook/pythonpath.sh'
[7.843s] Level 1:colcon.colcon_core.environment:checking '/home/orangepi/ros2_workspace/auto_car/install/bin'
[7.843s] Level 1:colcon.colcon_core.environment:create_environment_scripts_only(nav2_t265_pyrealsense)
[7.844s] INFO:colcon.colcon_core.shell:Creating package script '/home/orangepi/ros2_workspace/auto_car/install/share/nav2_t265_pyrealsense/package.ps1'
[7.851s] INFO:colcon.colcon_core.shell:Creating package descriptor '/home/orangepi/ros2_workspace/auto_car/install/share/nav2_t265_pyrealsense/package.dsv'
[7.854s] INFO:colcon.colcon_core.shell:Creating package script '/home/orangepi/ros2_workspace/auto_car/install/share/nav2_t265_pyrealsense/package.sh'
[7.855s] INFO:colcon.colcon_core.shell:Creating package script '/home/orangepi/ros2_workspace/auto_car/install/share/nav2_t265_pyrealsense/package.bash'
[7.857s] INFO:colcon.colcon_core.shell:Creating package script '/home/orangepi/ros2_workspace/auto_car/install/share/nav2_t265_pyrealsense/package.zsh'
[7.859s] Level 1:colcon.colcon_core.environment:create_file_with_runtime_dependencies(/home/orangepi/ros2_workspace/auto_car/install/share/colcon-core/packages/nav2_t265_pyrealsense)
[7.860s] Level 1:colcon.colcon_core.environment:checking '/home/orangepi/ros2_workspace/auto_car/install' for CMake module files
[7.863s] DEBUG:colcon.colcon_core.event_handler.log_command:Invoked command in '/home/orangepi/ros2_workspace/auto_car/src/car_launch' returned '0': PYTHONPATH=/home/orangepi/ros2_workspace/auto_car/build/car_launch/prefix_override:/usr/lib/python3/dist-packages/colcon_core/task/python/colcon_distutils_commands:/home/orangepi/ros2_workspace/auto_car/install/lib/python3.10/site-packages:${PYTHONPATH} /usr/bin/python3 -W ignore:setup.py install is deprecated -W ignore:easy_install command is deprecated setup.py egg_info --egg-base ../../build/car_launch build --build-base /home/orangepi/ros2_workspace/auto_car/build/car_launch/build install --record /home/orangepi/ros2_workspace/auto_car/build/car_launch/install.log --single-version-externally-managed install_data
[7.864s] Level 1:colcon.colcon_core.environment:checking '/home/orangepi/ros2_workspace/auto_car/install' for CMake config files
[7.868s] Level 1:colcon.colcon_core.environment:checking '/home/orangepi/ros2_workspace/auto_car/install/lib'
[7.868s] Level 1:colcon.colcon_core.environment:checking '/home/orangepi/ros2_workspace/auto_car/install/bin'
[7.868s] Level 1:colcon.colcon_core.environment:checking '/home/orangepi/ros2_workspace/auto_car/install/lib/pkgconfig/car_launch.pc'
[7.870s] Level 1:colcon.colcon_core.environment:checking '/home/orangepi/ros2_workspace/auto_car/install/lib/python3.10/site-packages'
[7.870s] Level 1:colcon.colcon_core.shell:create_environment_hook('car_launch', 'pythonpath')
[7.872s] INFO:colcon.colcon_core.shell:Creating environment hook '/home/orangepi/ros2_workspace/auto_car/install/share/car_launch/hook/pythonpath.ps1'
[7.874s] INFO:colcon.colcon_core.shell:Creating environment descriptor '/home/orangepi/ros2_workspace/auto_car/install/share/car_launch/hook/pythonpath.dsv'
[7.876s] INFO:colcon.colcon_core.shell:Creating environment hook '/home/orangepi/ros2_workspace/auto_car/install/share/car_launch/hook/pythonpath.sh'
[7.879s] Level 1:colcon.colcon_core.environment:checking '/home/orangepi/ros2_workspace/auto_car/install/bin'
[7.879s] Level 1:colcon.colcon_core.environment:create_environment_scripts_only(car_launch)
[7.881s] INFO:colcon.colcon_core.shell:Creating package script '/home/orangepi/ros2_workspace/auto_car/install/share/car_launch/package.ps1'
[7.884s] INFO:colcon.colcon_core.shell:Creating package descriptor '/home/orangepi/ros2_workspace/auto_car/install/share/car_launch/package.dsv'
[7.886s] INFO:colcon.colcon_core.shell:Creating package script '/home/orangepi/ros2_workspace/auto_car/install/share/car_launch/package.sh'
[7.889s] INFO:colcon.colcon_core.shell:Creating package script '/home/orangepi/ros2_workspace/auto_car/install/share/car_launch/package.bash'
[7.891s] INFO:colcon.colcon_core.shell:Creating package script '/home/orangepi/ros2_workspace/auto_car/install/share/car_launch/package.zsh'
[7.894s] Level 1:colcon.colcon_core.environment:create_file_with_runtime_dependencies(/home/orangepi/ros2_workspace/auto_car/install/share/colcon-core/packages/car_launch)
[8.917s] DEBUG:colcon.colcon_core.event_handler.log_command:Invoked command in '/home/orangepi/ros2_workspace/auto_car/build/imu_complementary_filter' returned '0': CMAKE_PREFIX_PATH=${CMAKE_PREFIX_PATH}:/root/lanhailidar_ros_ws/install/scan_subscriber:/opt/ros/humble /usr/bin/cmake /home/orangepi/ros2_workspace/auto_car/src/imu_tools/imu_complementary_filter -DCMAKE_INSTALL_PREFIX=/home/orangepi/ros2_workspace/auto_car/install
[8.918s] DEBUG:colcon.colcon_core.event_handler.log_command:Invoking command in '/home/orangepi/ros2_workspace/auto_car/build/imu_complementary_filter': CMAKE_PREFIX_PATH=${CMAKE_PREFIX_PATH}:/root/lanhailidar_ros_ws/install/scan_subscriber:/opt/ros/humble /usr/bin/cmake --build /home/orangepi/ros2_workspace/auto_car/build/imu_complementary_filter -- -j8 -l8
[9.187s] DEBUG:colcon.colcon_core.event_handler.log_command:Invoked command in '/home/orangepi/ros2_workspace/auto_car/build/car_t265_interface' returned '0': CMAKE_PREFIX_PATH=${CMAKE_PREFIX_PATH}:/root/lanhailidar_ros_ws/install/scan_subscriber:/opt/ros/humble /usr/bin/cmake /home/orangepi/ros2_workspace/auto_car/src/car_t265_interface -DCMAKE_INSTALL_PREFIX=/home/orangepi/ros2_workspace/auto_car/install
[9.189s] DEBUG:colcon.colcon_core.event_handler.log_command:Invoking command in '/home/orangepi/ros2_workspace/auto_car/build/car_t265_interface': CMAKE_PREFIX_PATH=${CMAKE_PREFIX_PATH}:/root/lanhailidar_ros_ws/install/scan_subscriber:/opt/ros/humble /usr/bin/cmake --build /home/orangepi/ros2_workspace/auto_car/build/car_t265_interface -- -j8 -l8
[9.358s] DEBUG:colcon.colcon_core.event_handler.log_command:Invoked command in '/home/orangepi/ros2_workspace/auto_car/build/car_interface' returned '0': CMAKE_PREFIX_PATH=${CMAKE_PREFIX_PATH}:/root/lanhailidar_ros_ws/install/scan_subscriber:/opt/ros/humble /usr/bin/cmake /home/orangepi/ros2_workspace/auto_car/src/car_interface -DCMAKE_INSTALL_PREFIX=/home/orangepi/ros2_workspace/auto_car/install
[9.359s] DEBUG:colcon.colcon_core.event_handler.log_command:Invoking command in '/home/orangepi/ros2_workspace/auto_car/build/car_interface': CMAKE_PREFIX_PATH=${CMAKE_PREFIX_PATH}:/root/lanhailidar_ros_ws/install/scan_subscriber:/opt/ros/humble /usr/bin/cmake --build /home/orangepi/ros2_workspace/auto_car/build/car_interface -- -j8 -l8
[9.436s] DEBUG:colcon.colcon_core.event_handler.log_command:Invoked command in '/home/orangepi/ros2_workspace/auto_car/build/imu_filter_madgwick' returned '0': CMAKE_PREFIX_PATH=${CMAKE_PREFIX_PATH}:/root/lanhailidar_ros_ws/install/scan_subscriber:/opt/ros/humble /usr/bin/cmake /home/orangepi/ros2_workspace/auto_car/src/imu_tools/imu_filter_madgwick -DCMAKE_INSTALL_PREFIX=/home/orangepi/ros2_workspace/auto_car/install
[9.440s] DEBUG:colcon.colcon_core.event_handler.log_command:Invoking command in '/home/orangepi/ros2_workspace/auto_car/build/imu_filter_madgwick': CMAKE_PREFIX_PATH=${CMAKE_PREFIX_PATH}:/root/lanhailidar_ros_ws/install/scan_subscriber:/opt/ros/humble /usr/bin/cmake --build /home/orangepi/ros2_workspace/auto_car/build/imu_filter_madgwick -- -j8 -l8
[15.974s] DEBUG:colcon.colcon_core.event_handler.log_command:Invoked command in '/home/orangepi/ros2_workspace/auto_car/build/rviz_imu_plugin' returned '0': CMAKE_PREFIX_PATH=${CMAKE_PREFIX_PATH}:/root/lanhailidar_ros_ws/install/scan_subscriber:/opt/ros/humble /usr/bin/cmake /home/orangepi/ros2_workspace/auto_car/src/imu_tools/rviz_imu_plugin -DCMAKE_INSTALL_PREFIX=/home/orangepi/ros2_workspace/auto_car/install
[15.979s] DEBUG:colcon.colcon_core.event_handler.log_command:Invoking command in '/home/orangepi/ros2_workspace/auto_car/build/rviz_imu_plugin': CMAKE_PREFIX_PATH=${CMAKE_PREFIX_PATH}:/root/lanhailidar_ros_ws/install/scan_subscriber:/opt/ros/humble /usr/bin/cmake --build /home/orangepi/ros2_workspace/auto_car/build/rviz_imu_plugin -- -j8 -l8
[34.875s] DEBUG:colcon.colcon_core.event_handler.log_command:Invoked command in '/home/orangepi/ros2_workspace/auto_car/build/ros2_mpu6050' returned '0': CMAKE_PREFIX_PATH=${CMAKE_PREFIX_PATH}:/root/lanhailidar_ros_ws/install/scan_subscriber:/opt/ros/humble /usr/bin/cmake --build /home/orangepi/ros2_workspace/auto_car/build/ros2_mpu6050 -- -j8 -l8
[34.900s] DEBUG:colcon.colcon_core.event_handler.log_command:Invoking command in '/home/orangepi/ros2_workspace/auto_car/build/ros2_mpu6050': CMAKE_PREFIX_PATH=${CMAKE_PREFIX_PATH}:/root/lanhailidar_ros_ws/install/scan_subscriber:/opt/ros/humble /usr/bin/cmake --install /home/orangepi/ros2_workspace/auto_car/build/ros2_mpu6050
[35.049s] Level 1:colcon.colcon_core.environment:create_environment_scripts_only(ros2_mpu6050)
[35.049s] Level 1:colcon.colcon_core.environment:checking '/home/orangepi/ros2_workspace/auto_car/install' for CMake module files
[35.054s] DEBUG:colcon.colcon_core.event_handler.log_command:Invoked command in '/home/orangepi/ros2_workspace/auto_car/build/ros2_mpu6050' returned '0': CMAKE_PREFIX_PATH=${CMAKE_PREFIX_PATH}:/root/lanhailidar_ros_ws/install/scan_subscriber:/opt/ros/humble /usr/bin/cmake --install /home/orangepi/ros2_workspace/auto_car/build/ros2_mpu6050
[35.055s] Level 1:colcon.colcon_core.environment:checking '/home/orangepi/ros2_workspace/auto_car/install' for CMake config files
[35.056s] Level 1:colcon.colcon_core.shell:create_environment_hook('ros2_mpu6050', 'cmake_prefix_path')
[35.056s] INFO:colcon.colcon_core.shell:Creating environment hook '/home/orangepi/ros2_workspace/auto_car/install/share/ros2_mpu6050/hook/cmake_prefix_path.ps1'
[35.077s] INFO:colcon.colcon_core.shell:Creating environment descriptor '/home/orangepi/ros2_workspace/auto_car/install/share/ros2_mpu6050/hook/cmake_prefix_path.dsv'
[35.096s] INFO:colcon.colcon_core.shell:Creating environment hook '/home/orangepi/ros2_workspace/auto_car/install/share/ros2_mpu6050/hook/cmake_prefix_path.sh'
[35.100s] Level 1:colcon.colcon_core.environment:checking '/home/orangepi/ros2_workspace/auto_car/install/lib'
[35.101s] Level 1:colcon.colcon_core.environment:checking '/home/orangepi/ros2_workspace/auto_car/install/bin'
[35.102s] Level 1:colcon.colcon_core.environment:checking '/home/orangepi/ros2_workspace/auto_car/install/lib/pkgconfig/ros2_mpu6050.pc'
[35.103s] Level 1:colcon.colcon_core.environment:checking '/home/orangepi/ros2_workspace/auto_car/install/lib/python3.10/site-packages'
[35.103s] Level 1:colcon.colcon_core.shell:create_environment_hook('ros2_mpu6050', 'pythonpath')
[35.105s] INFO:colcon.colcon_core.shell:Creating environment hook '/home/orangepi/ros2_workspace/auto_car/install/share/ros2_mpu6050/hook/pythonpath.ps1'
[35.109s] INFO:colcon.colcon_core.shell:Creating environment descriptor '/home/orangepi/ros2_workspace/auto_car/install/share/ros2_mpu6050/hook/pythonpath.dsv'
[35.113s] INFO:colcon.colcon_core.shell:Creating environment hook '/home/orangepi/ros2_workspace/auto_car/install/share/ros2_mpu6050/hook/pythonpath.sh'
[35.117s] Level 1:colcon.colcon_core.environment:checking '/home/orangepi/ros2_workspace/auto_car/install/bin'
[35.119s] INFO:colcon.colcon_core.shell:Creating package script '/home/orangepi/ros2_workspace/auto_car/install/share/ros2_mpu6050/package.ps1'
[35.127s] INFO:colcon.colcon_core.shell:Creating package descriptor '/home/orangepi/ros2_workspace/auto_car/install/share/ros2_mpu6050/package.dsv'
[35.149s] INFO:colcon.colcon_core.shell:Creating package script '/home/orangepi/ros2_workspace/auto_car/install/share/ros2_mpu6050/package.sh'
[35.159s] INFO:colcon.colcon_core.shell:Creating package script '/home/orangepi/ros2_workspace/auto_car/install/share/ros2_mpu6050/package.bash'
[35.166s] INFO:colcon.colcon_core.shell:Creating package script '/home/orangepi/ros2_workspace/auto_car/install/share/ros2_mpu6050/package.zsh'
[35.197s] Level 1:colcon.colcon_core.environment:create_file_with_runtime_dependencies(/home/orangepi/ros2_workspace/auto_car/install/share/colcon-core/packages/ros2_mpu6050)
[35.200s] Level 1:colcon.colcon_core.environment:create_environment_scripts_only(ros2_mpu6050)
[35.202s] Level 1:colcon.colcon_core.environment:checking '/home/orangepi/ros2_workspace/auto_car/install' for CMake module files
[35.206s] Level 1:colcon.colcon_core.environment:checking '/home/orangepi/ros2_workspace/auto_car/install' for CMake config files
[35.210s] Level 1:colcon.colcon_core.shell:create_environment_hook('ros2_mpu6050', 'cmake_prefix_path')
[35.211s] INFO:colcon.colcon_core.shell:Creating environment hook '/home/orangepi/ros2_workspace/auto_car/install/share/ros2_mpu6050/hook/cmake_prefix_path.ps1'
[35.216s] INFO:colcon.colcon_core.shell:Creating environment descriptor '/home/orangepi/ros2_workspace/auto_car/install/share/ros2_mpu6050/hook/cmake_prefix_path.dsv'
[35.221s] INFO:colcon.colcon_core.shell:Creating environment hook '/home/orangepi/ros2_workspace/auto_car/install/share/ros2_mpu6050/hook/cmake_prefix_path.sh'
[35.226s] Level 1:colcon.colcon_core.environment:checking '/home/orangepi/ros2_workspace/auto_car/install/lib'
[35.227s] Level 1:colcon.colcon_core.environment:checking '/home/orangepi/ros2_workspace/auto_car/install/bin'
[35.227s] Level 1:colcon.colcon_core.environment:checking '/home/orangepi/ros2_workspace/auto_car/install/lib/pkgconfig/ros2_mpu6050.pc'
[35.229s] Level 1:colcon.colcon_core.environment:checking '/home/orangepi/ros2_workspace/auto_car/install/lib/python3.10/site-packages'
[35.229s] Level 1:colcon.colcon_core.shell:create_environment_hook('ros2_mpu6050', 'pythonpath')
[35.231s] INFO:colcon.colcon_core.shell:Creating environment hook '/home/orangepi/ros2_workspace/auto_car/install/share/ros2_mpu6050/hook/pythonpath.ps1'
[35.235s] INFO:colcon.colcon_core.shell:Creating environment descriptor '/home/orangepi/ros2_workspace/auto_car/install/share/ros2_mpu6050/hook/pythonpath.dsv'
[35.240s] INFO:colcon.colcon_core.shell:Creating environment hook '/home/orangepi/ros2_workspace/auto_car/install/share/ros2_mpu6050/hook/pythonpath.sh'
[35.245s] Level 1:colcon.colcon_core.environment:checking '/home/orangepi/ros2_workspace/auto_car/install/bin'
[35.248s] INFO:colcon.colcon_core.shell:Creating package script '/home/orangepi/ros2_workspace/auto_car/install/share/ros2_mpu6050/package.ps1'
[35.253s] INFO:colcon.colcon_core.shell:Creating package descriptor '/home/orangepi/ros2_workspace/auto_car/install/share/ros2_mpu6050/package.dsv'
[35.258s] INFO:colcon.colcon_core.shell:Creating package script '/home/orangepi/ros2_workspace/auto_car/install/share/ros2_mpu6050/package.sh'
[35.263s] INFO:colcon.colcon_core.shell:Creating package script '/home/orangepi/ros2_workspace/auto_car/install/share/ros2_mpu6050/package.bash'
[35.268s] INFO:colcon.colcon_core.shell:Creating package script '/home/orangepi/ros2_workspace/auto_car/install/share/ros2_mpu6050/package.zsh'
[35.271s] Level 1:colcon.colcon_core.environment:create_file_with_runtime_dependencies(/home/orangepi/ros2_workspace/auto_car/install/share/colcon-core/packages/ros2_mpu6050)
[163.943s] DEBUG:colcon.colcon_core.event_handler.log_command:Invoked command in '/home/orangepi/ros2_workspace/auto_car/build/car_t265_interface' returned '0': CMAKE_PREFIX_PATH=${CMAKE_PREFIX_PATH}:/root/lanhailidar_ros_ws/install/scan_subscriber:/opt/ros/humble /usr/bin/cmake --build /home/orangepi/ros2_workspace/auto_car/build/car_t265_interface -- -j8 -l8
[163.990s] DEBUG:colcon.colcon_core.event_handler.log_command:Invoking command in '/home/orangepi/ros2_workspace/auto_car/build/car_t265_interface': CMAKE_PREFIX_PATH=${CMAKE_PREFIX_PATH}:/root/lanhailidar_ros_ws/install/scan_subscriber:/opt/ros/humble /usr/bin/cmake --install /home/orangepi/ros2_workspace/auto_car/build/car_t265_interface
[164.384s] Level 1:colcon.colcon_core.environment:create_environment_scripts_only(car_t265_interface)
[164.385s] Level 1:colcon.colcon_core.environment:checking '/home/orangepi/ros2_workspace/auto_car/install' for CMake module files
[164.386s] DEBUG:colcon.colcon_core.event_handler.log_command:Invoked command in '/home/orangepi/ros2_workspace/auto_car/build/car_t265_interface' returned '0': CMAKE_PREFIX_PATH=${CMAKE_PREFIX_PATH}:/root/lanhailidar_ros_ws/install/scan_subscriber:/opt/ros/humble /usr/bin/cmake --install /home/orangepi/ros2_workspace/auto_car/build/car_t265_interface
[164.389s] Level 1:colcon.colcon_core.environment:checking '/home/orangepi/ros2_workspace/auto_car/install' for CMake config files
[164.393s] Level 1:colcon.colcon_core.shell:create_environment_hook('car_t265_interface', 'cmake_prefix_path')
[164.394s] INFO:colcon.colcon_core.shell:Creating environment hook '/home/orangepi/ros2_workspace/auto_car/install/share/car_t265_interface/hook/cmake_prefix_path.ps1'
[164.432s] INFO:colcon.colcon_core.shell:Creating environment descriptor '/home/orangepi/ros2_workspace/auto_car/install/share/car_t265_interface/hook/cmake_prefix_path.dsv'
[164.463s] INFO:colcon.colcon_core.shell:Creating environment hook '/home/orangepi/ros2_workspace/auto_car/install/share/car_t265_interface/hook/cmake_prefix_path.sh'
[164.474s] Level 1:colcon.colcon_core.environment:checking '/home/orangepi/ros2_workspace/auto_car/install/lib'
[164.475s] Level 1:colcon.colcon_core.shell:create_environment_hook('car_t265_interface', 'ld_library_path_lib')
[164.476s] INFO:colcon.colcon_core.shell:Creating environment hook '/home/orangepi/ros2_workspace/auto_car/install/share/car_t265_interface/hook/ld_library_path_lib.ps1'
[164.478s] INFO:colcon.colcon_core.shell:Creating environment descriptor '/home/orangepi/ros2_workspace/auto_car/install/share/car_t265_interface/hook/ld_library_path_lib.dsv'
[164.480s] INFO:colcon.colcon_core.shell:Creating environment hook '/home/orangepi/ros2_workspace/auto_car/install/share/car_t265_interface/hook/ld_library_path_lib.sh'
[164.484s] Level 1:colcon.colcon_core.environment:checking '/home/orangepi/ros2_workspace/auto_car/install/bin'
[164.484s] Level 1:colcon.colcon_core.environment:checking '/home/orangepi/ros2_workspace/auto_car/install/lib/pkgconfig/car_t265_interface.pc'
[164.486s] Level 1:colcon.colcon_core.environment:checking '/home/orangepi/ros2_workspace/auto_car/install/lib/python3.10/site-packages'
[164.487s] Level 1:colcon.colcon_core.shell:create_environment_hook('car_t265_interface', 'pythonpath')
[164.489s] INFO:colcon.colcon_core.shell:Creating environment hook '/home/orangepi/ros2_workspace/auto_car/install/share/car_t265_interface/hook/pythonpath.ps1'
[164.493s] INFO:colcon.colcon_core.shell:Creating environment descriptor '/home/orangepi/ros2_workspace/auto_car/install/share/car_t265_interface/hook/pythonpath.dsv'
[164.495s] INFO:colcon.colcon_core.shell:Creating environment hook '/home/orangepi/ros2_workspace/auto_car/install/share/car_t265_interface/hook/pythonpath.sh'
[164.498s] Level 1:colcon.colcon_core.environment:checking '/home/orangepi/ros2_workspace/auto_car/install/bin'
[164.500s] INFO:colcon.colcon_core.shell:Creating package script '/home/orangepi/ros2_workspace/auto_car/install/share/car_t265_interface/package.ps1'
[164.504s] INFO:colcon.colcon_core.shell:Creating package descriptor '/home/orangepi/ros2_workspace/auto_car/install/share/car_t265_interface/package.dsv'
[164.512s] INFO:colcon.colcon_core.shell:Creating package script '/home/orangepi/ros2_workspace/auto_car/install/share/car_t265_interface/package.sh'
[164.533s] INFO:colcon.colcon_core.shell:Creating package script '/home/orangepi/ros2_workspace/auto_car/install/share/car_t265_interface/package.bash'
[164.547s] INFO:colcon.colcon_core.shell:Creating package script '/home/orangepi/ros2_workspace/auto_car/install/share/car_t265_interface/package.zsh'
[164.594s] Level 1:colcon.colcon_core.environment:create_file_with_runtime_dependencies(/home/orangepi/ros2_workspace/auto_car/install/share/colcon-core/packages/car_t265_interface)
[164.596s] Level 1:colcon.colcon_core.environment:create_environment_scripts_only(car_t265_interface)
[164.598s] Level 1:colcon.colcon_core.environment:checking '/home/orangepi/ros2_workspace/auto_car/install' for CMake module files
[164.601s] Level 1:colcon.colcon_core.environment:checking '/home/orangepi/ros2_workspace/auto_car/install' for CMake config files
[164.605s] Level 1:colcon.colcon_core.shell:create_environment_hook('car_t265_interface', 'cmake_prefix_path')
[164.606s] INFO:colcon.colcon_core.shell:Creating environment hook '/home/orangepi/ros2_workspace/auto_car/install/share/car_t265_interface/hook/cmake_prefix_path.ps1'
[164.611s] INFO:colcon.colcon_core.shell:Creating environment descriptor '/home/orangepi/ros2_workspace/auto_car/install/share/car_t265_interface/hook/cmake_prefix_path.dsv'
[164.614s] INFO:colcon.colcon_core.shell:Creating environment hook '/home/orangepi/ros2_workspace/auto_car/install/share/car_t265_interface/hook/cmake_prefix_path.sh'
[164.619s] Level 1:colcon.colcon_core.environment:checking '/home/orangepi/ros2_workspace/auto_car/install/lib'
[164.619s] Level 1:colcon.colcon_core.shell:create_environment_hook('car_t265_interface', 'ld_library_path_lib')
[164.621s] INFO:colcon.colcon_core.shell:Creating environment hook '/home/orangepi/ros2_workspace/auto_car/install/share/car_t265_interface/hook/ld_library_path_lib.ps1'
[164.624s] INFO:colcon.colcon_core.shell:Creating environment descriptor '/home/orangepi/ros2_workspace/auto_car/install/share/car_t265_interface/hook/ld_library_path_lib.dsv'
[164.628s] INFO:colcon.colcon_core.shell:Creating environment hook '/home/orangepi/ros2_workspace/auto_car/install/share/car_t265_interface/hook/ld_library_path_lib.sh'
[164.631s] Level 1:colcon.colcon_core.environment:checking '/home/orangepi/ros2_workspace/auto_car/install/bin'
[164.632s] Level 1:colcon.colcon_core.environment:checking '/home/orangepi/ros2_workspace/auto_car/install/lib/pkgconfig/car_t265_interface.pc'
[164.633s] Level 1:colcon.colcon_core.environment:checking '/home/orangepi/ros2_workspace/auto_car/install/lib/python3.10/site-packages'
[164.633s] Level 1:colcon.colcon_core.shell:create_environment_hook('car_t265_interface', 'pythonpath')
[164.634s] INFO:colcon.colcon_core.shell:Creating environment hook '/home/orangepi/ros2_workspace/auto_car/install/share/car_t265_interface/hook/pythonpath.ps1'
[164.638s] INFO:colcon.colcon_core.shell:Creating environment descriptor '/home/orangepi/ros2_workspace/auto_car/install/share/car_t265_interface/hook/pythonpath.dsv'
[164.642s] INFO:colcon.colcon_core.shell:Creating environment hook '/home/orangepi/ros2_workspace/auto_car/install/share/car_t265_interface/hook/pythonpath.sh'
[164.649s] Level 1:colcon.colcon_core.environment:checking '/home/orangepi/ros2_workspace/auto_car/install/bin'
[164.651s] INFO:colcon.colcon_core.shell:Creating package script '/home/orangepi/ros2_workspace/auto_car/install/share/car_t265_interface/package.ps1'
[164.656s] INFO:colcon.colcon_core.shell:Creating package descriptor '/home/orangepi/ros2_workspace/auto_car/install/share/car_t265_interface/package.dsv'
[164.660s] INFO:colcon.colcon_core.shell:Creating package script '/home/orangepi/ros2_workspace/auto_car/install/share/car_t265_interface/package.sh'
[164.665s] INFO:colcon.colcon_core.shell:Creating package script '/home/orangepi/ros2_workspace/auto_car/install/share/car_t265_interface/package.bash'
[164.668s] INFO:colcon.colcon_core.shell:Creating package script '/home/orangepi/ros2_workspace/auto_car/install/share/car_t265_interface/package.zsh'
[164.671s] Level 1:colcon.colcon_core.environment:create_file_with_runtime_dependencies(/home/orangepi/ros2_workspace/auto_car/install/share/colcon-core/packages/car_t265_interface)
[164.675s] INFO:colcon.colcon_ros.task.ament_python.build:Building ROS package in '/home/orangepi/ros2_workspace/auto_car/src/car_t265' with build type 'ament_python'
[164.680s] Level 1:colcon.colcon_core.shell:create_environment_hook('car_t265', 'ament_prefix_path')
[164.681s] INFO:colcon.colcon_core.shell:Creating environment hook '/home/orangepi/ros2_workspace/auto_car/install/share/car_t265/hook/ament_prefix_path.ps1'
[164.683s] INFO:colcon.colcon_core.shell:Creating environment descriptor '/home/orangepi/ros2_workspace/auto_car/install/share/car_t265/hook/ament_prefix_path.dsv'
[164.685s] INFO:colcon.colcon_core.shell:Creating environment hook '/home/orangepi/ros2_workspace/auto_car/install/share/car_t265/hook/ament_prefix_path.sh'
[164.688s] INFO:colcon.colcon_core.shell:Skip shell extension 'powershell' for command environment: Not usable outside of PowerShell
[164.688s] DEBUG:colcon.colcon_core.shell:Skip shell extension 'dsv' for command environment
[225.859s] DEBUG:colcon.colcon_parallel_executor.executor.parallel:closing loop
[225.860s] DEBUG:colcon.colcon_parallel_executor.executor.parallel:loop closed
[225.860s] DEBUG:colcon.colcon_parallel_executor.executor.parallel:run_until_complete finished with 'Command '['/usr/bin/python3', '-c', 'import sys;from contextlib import suppress;exec("with suppress(ImportError):    from setuptools.extern.packaging.specifiers    import SpecifierSet");exec("with suppress(ImportError):    from packaging.specifiers import SpecifierSet");from distutils.core import run_setup;dist = run_setup(    \'setup.py\', script_args=(\'--dry-run\',), stop_after=\'config\');skip_keys = (\'cmdclass\', \'distclass\', \'ext_modules\', \'metadata\');data = {    key: value for key, value in dist.__dict__.items()     if (        not key.startswith(\'_\') and         not callable(value) and         key not in skip_keys and         key not in dist.display_option_names    )};data[\'metadata\'] = {    k: v for k, v in dist.metadata.__dict__.items()     if k not in (\'license_files\', \'provides_extras\')};sys.stdout.buffer.write(repr(data).encode(\'utf-8\'))']' returned non-zero exit status 1.'
[225.861s] DEBUG:colcon.colcon_core.event_reactor:joining thread
[225.933s] INFO:colcon.colcon_core.plugin_system:Skipping extension 'colcon_notification.desktop_notification.terminal_notifier': Not used on non-Darwin systems
[225.933s] INFO:colcon.colcon_core.plugin_system:Skipping extension 'colcon_notification.desktop_notification.win32': Not used on non-Windows systems
[225.933s] INFO:colcon.colcon_notification.desktop_notification:Sending desktop notification using 'notify2'
[225.987s] DEBUG:colcon.colcon_core.event_reactor:joined thread
[225.989s] INFO:colcon.colcon_core.shell:Creating prefix script '/home/orangepi/ros2_workspace/auto_car/install/local_setup.ps1'
[226.001s] INFO:colcon.colcon_core.shell:Creating prefix util module '/home/orangepi/ros2_workspace/auto_car/install/_local_setup_util_ps1.py'
[226.011s] INFO:colcon.colcon_core.shell:Creating prefix chain script '/home/orangepi/ros2_workspace/auto_car/install/setup.ps1'
[226.022s] INFO:colcon.colcon_core.shell:Creating prefix script '/home/orangepi/ros2_workspace/auto_car/install/local_setup.sh'
[226.027s] INFO:colcon.colcon_core.shell:Creating prefix util module '/home/orangepi/ros2_workspace/auto_car/install/_local_setup_util_sh.py'
[226.030s] INFO:colcon.colcon_core.shell:Creating prefix chain script '/home/orangepi/ros2_workspace/auto_car/install/setup.sh'
[226.037s] INFO:colcon.colcon_core.shell:Creating prefix script '/home/orangepi/ros2_workspace/auto_car/install/local_setup.bash'
[226.041s] INFO:colcon.colcon_core.shell:Creating prefix chain script '/home/orangepi/ros2_workspace/auto_car/install/setup.bash'
[226.048s] INFO:colcon.colcon_core.shell:Creating prefix script '/home/orangepi/ros2_workspace/auto_car/install/local_setup.zsh'
[226.051s] INFO:colcon.colcon_core.shell:Creating prefix chain script '/home/orangepi/ros2_workspace/auto_car/install/setup.zsh'
