[4.494s] Invoking command in '/home/orangepi/ros2_workspace/auto_car/src/car_launch': PYTHONPATH=/home/orangepi/ros2_workspace/auto_car/build/car_launch/prefix_override:/usr/lib/python3/dist-packages/colcon_core/task/python/colcon_distutils_commands:/home/orangepi/ros2_workspace/auto_car/install/lib/python3.10/site-packages:${PYTHONPATH} /usr/bin/python3 -W ignore:setup.py install is deprecated -W ignore:easy_install command is deprecated setup.py egg_info --egg-base ../../build/car_launch build --build-base /home/orangepi/ros2_workspace/auto_car/build/car_launch/build install --record /home/orangepi/ros2_workspace/auto_car/build/car_launch/install.log --single-version-externally-managed install_data
[5.042s] running egg_info
[5.043s] writing ../../build/car_launch/car_launch.egg-info/PKG-INFO
[5.044s] writing dependency_links to ../../build/car_launch/car_launch.egg-info/dependency_links.txt
[5.056s] writing entry points to ../../build/car_launch/car_launch.egg-info/entry_points.txt
[5.056s] writing requirements to ../../build/car_launch/car_launch.egg-info/requires.txt
[5.056s] writing top-level names to ../../build/car_launch/car_launch.egg-info/top_level.txt
[5.059s] reading manifest file '../../build/car_launch/car_launch.egg-info/SOURCES.txt'
[5.060s] writing manifest file '../../build/car_launch/car_launch.egg-info/SOURCES.txt'
[5.075s] running build
[5.075s] running build_py
[5.075s] running install
[5.076s] running install_lib
[5.078s] running install_data
[5.078s] running install_egg_info
[5.081s] removing '/home/orangepi/ros2_workspace/auto_car/install/lib/python3.10/site-packages/car_launch-0.0.0-py3.10.egg-info' (and everything under it)
[5.085s] Copying ../../build/car_launch/car_launch.egg-info to /home/orangepi/ros2_workspace/auto_car/install/lib/python3.10/site-packages/car_launch-0.0.0-py3.10.egg-info
[5.086s] running install_scripts
[5.137s] Installing motor_controller script to /home/orangepi/ros2_workspace/auto_car/install/lib/car_launch
[5.138s] Installing t265 script to /home/orangepi/ros2_workspace/auto_car/install/lib/car_launch
[5.138s] Installing t265_uart script to /home/orangepi/ros2_workspace/auto_car/install/lib/car_launch
[5.138s] Installing uart_driver script to /home/orangepi/ros2_workspace/auto_car/install/lib/car_launch
[5.138s] writing list of installed files to '/home/orangepi/ros2_workspace/auto_car/build/car_launch/install.log'
[5.568s] Invoked command in '/home/orangepi/ros2_workspace/auto_car/src/car_launch' returned '0': PYTHONPATH=/home/orangepi/ros2_workspace/auto_car/build/car_launch/prefix_override:/usr/lib/python3/dist-packages/colcon_core/task/python/colcon_distutils_commands:/home/orangepi/ros2_workspace/auto_car/install/lib/python3.10/site-packages:${PYTHONPATH} /usr/bin/python3 -W ignore:setup.py install is deprecated -W ignore:easy_install command is deprecated setup.py egg_info --egg-base ../../build/car_launch build --build-base /home/orangepi/ros2_workspace/auto_car/build/car_launch/build install --record /home/orangepi/ros2_workspace/auto_car/build/car_launch/install.log --single-version-externally-managed install_data
