[ 11%] [34m[1mAutomatic MOC for target rviz_imu_plugin[0m
[ 11%] Built target rviz_imu_plugin_autogen
[35m[1mConsolidate compiler generated dependencies of target rviz_imu_plugin[0m
[100%] Built target rviz_imu_plugin
-- Install configuration: ""
-- Installing: /home/orangepi/ros2_workspace/auto_car/install/share/rviz_imu_plugin/plugin_description.xml
-- Installing: /home/orangepi/ros2_workspace/auto_car/install/share/rviz_imu_plugin/environment/library_path.sh
-- Installing: /home/orangepi/ros2_workspace/auto_car/install/share/rviz_imu_plugin/environment/library_path.dsv
-- Installing: /home/orangepi/ros2_workspace/auto_car/install/lib/librviz_imu_plugin.so
-- Set runtime path of "/home/orangepi/ros2_workspace/auto_car/install/lib/librviz_imu_plugin.so" to ""
-- Installing: /home/orangepi/ros2_workspace/auto_car/install/share/ament_index/resource_index/package_run_dependencies/rviz_imu_plugin
-- Installing: /home/orangepi/ros2_workspace/auto_car/install/share/ament_index/resource_index/parent_prefix_path/rviz_imu_plugin
-- Installing: /home/orangepi/ros2_workspace/auto_car/install/share/rviz_imu_plugin/environment/ament_prefix_path.sh
-- Installing: /home/orangepi/ros2_workspace/auto_car/install/share/rviz_imu_plugin/environment/ament_prefix_path.dsv
-- Installing: /home/orangepi/ros2_workspace/auto_car/install/share/rviz_imu_plugin/environment/path.sh
-- Installing: /home/orangepi/ros2_workspace/auto_car/install/share/rviz_imu_plugin/environment/path.dsv
-- Installing: /home/orangepi/ros2_workspace/auto_car/install/share/rviz_imu_plugin/local_setup.bash
-- Installing: /home/orangepi/ros2_workspace/auto_car/install/share/rviz_imu_plugin/local_setup.sh
-- Installing: /home/orangepi/ros2_workspace/auto_car/install/share/rviz_imu_plugin/local_setup.zsh
-- Installing: /home/orangepi/ros2_workspace/auto_car/install/share/rviz_imu_plugin/local_setup.dsv
-- Installing: /home/orangepi/ros2_workspace/auto_car/install/share/rviz_imu_plugin/package.dsv
-- Installing: /home/orangepi/ros2_workspace/auto_car/install/share/ament_index/resource_index/packages/rviz_imu_plugin
-- Installing: /home/orangepi/ros2_workspace/auto_car/install/share/ament_index/resource_index/rviz_common__pluginlib__plugin/rviz_imu_plugin
-- Installing: /home/orangepi/ros2_workspace/auto_car/install/share/rviz_imu_plugin/cmake/ament_cmake_export_include_directories-extras.cmake
-- Installing: /home/orangepi/ros2_workspace/auto_car/install/share/rviz_imu_plugin/cmake/ament_cmake_export_libraries-extras.cmake
-- Installing: /home/orangepi/ros2_workspace/auto_car/install/share/rviz_imu_plugin/cmake/ament_cmake_export_dependencies-extras.cmake
-- Installing: /home/orangepi/ros2_workspace/auto_car/install/share/rviz_imu_plugin/cmake/rviz_imu_pluginConfig.cmake
-- Installing: /home/orangepi/ros2_workspace/auto_car/install/share/rviz_imu_plugin/cmake/rviz_imu_pluginConfig-version.cmake
-- Installing: /home/orangepi/ros2_workspace/auto_car/install/share/rviz_imu_plugin/package.xml
