[3.169s] Invoking command in '/home/orangepi/ros2_workspace/auto_car/src/car_launch': PYTHONPATH=/home/orangepi/ros2_workspace/auto_car/build/car_launch/prefix_override:/usr/lib/python3/dist-packages/colcon_core/task/python/colcon_distutils_commands:/home/orangepi/ros2_workspace/auto_car/install/lib/python3.10/site-packages:${PYTHONPATH} /usr/bin/python3 -W ignore:setup.py install is deprecated -W ignore:easy_install command is deprecated setup.py egg_info --egg-base ../../build/car_launch build --build-base /home/orangepi/ros2_workspace/auto_car/build/car_launch/build install --record /home/orangepi/ros2_workspace/auto_car/build/car_launch/install.log --single-version-externally-managed install_data
[3.495s] running egg_info
[3.498s] writing ../../build/car_launch/car_launch.egg-info/PKG-INFO
[3.499s] writing dependency_links to ../../build/car_launch/car_launch.egg-info/dependency_links.txt
[3.510s] writing entry points to ../../build/car_launch/car_launch.egg-info/entry_points.txt
[3.512s] writing requirements to ../../build/car_launch/car_launch.egg-info/requires.txt
[3.522s] writing top-level names to ../../build/car_launch/car_launch.egg-info/top_level.txt
[3.540s] reading manifest file '../../build/car_launch/car_launch.egg-info/SOURCES.txt'
[3.542s] writing manifest file '../../build/car_launch/car_launch.egg-info/SOURCES.txt'
[3.542s] running build
[3.543s] running build_py
[3.543s] running install
[3.543s] running install_lib
[3.544s] running install_data
[3.544s] running install_egg_info
[3.550s] removing '/home/orangepi/ros2_workspace/auto_car/install/lib/python3.10/site-packages/car_launch-0.0.0-py3.10.egg-info' (and everything under it)
[3.557s] Copying ../../build/car_launch/car_launch.egg-info to /home/orangepi/ros2_workspace/auto_car/install/lib/python3.10/site-packages/car_launch-0.0.0-py3.10.egg-info
[3.557s] running install_scripts
[3.638s] Installing motor_controller script to /home/orangepi/ros2_workspace/auto_car/install/lib/car_launch
[3.638s] Installing t265 script to /home/orangepi/ros2_workspace/auto_car/install/lib/car_launch
[3.645s] Installing t265_uart script to /home/orangepi/ros2_workspace/auto_car/install/lib/car_launch
[3.647s] Installing uart_driver script to /home/orangepi/ros2_workspace/auto_car/install/lib/car_launch
[3.649s] writing list of installed files to '/home/orangepi/ros2_workspace/auto_car/build/car_launch/install.log'
[3.767s] Invoked command in '/home/orangepi/ros2_workspace/auto_car/src/car_launch' returned '0': PYTHONPATH=/home/orangepi/ros2_workspace/auto_car/build/car_launch/prefix_override:/usr/lib/python3/dist-packages/colcon_core/task/python/colcon_distutils_commands:/home/orangepi/ros2_workspace/auto_car/install/lib/python3.10/site-packages:${PYTHONPATH} /usr/bin/python3 -W ignore:setup.py install is deprecated -W ignore:easy_install command is deprecated setup.py egg_info --egg-base ../../build/car_launch build --build-base /home/orangepi/ros2_workspace/auto_car/build/car_launch/build install --record /home/orangepi/ros2_workspace/auto_car/build/car_launch/install.log --single-version-externally-managed install_data
