[2.608s] Invoking command in '/home/orangepi/ros2_workspace/auto_car/src/car_t265': PYTHONPATH=/home/orangepi/ros2_workspace/auto_car/build/car_t265/prefix_override:/usr/lib/python3/dist-packages/colcon_core/task/python/colcon_distutils_commands:/home/orangepi/ros2_workspace/auto_car/install/lib/python3.10/site-packages:/home/orangepi/ros2_workspace/auto_car/install/lib/python3.10/site-packages:/home/orangepi/ros2_workspace/auto_car/install/local/lib/python3.10/dist-packages:/root/lanhailidar_ros_ws/install/scan_subscriber/lib/python3.10/site-packages:/root/lanhailidar_ros_ws/install/base/local/lib/python3.10/dist-packages:/opt/ros/humble/lib/python3.10/site-packages:/opt/ros/humble/local/lib/python3.10/dist-packages /usr/bin/python3 -W ignore:setup.py install is deprecated -W ignore:easy_install command is deprecated setup.py egg_info --egg-base ../../build/car_t265 build --build-base /home/orangepi/ros2_workspace/auto_car/build/car_t265/build install --record /home/orangepi/ros2_workspace/auto_car/build/car_t265/install.log --single-version-externally-managed install_data
[3.025s] running egg_info
[3.029s] writing ../../build/car_t265/car_t265.egg-info/PKG-INFO
[3.034s] writing dependency_links to ../../build/car_t265/car_t265.egg-info/dependency_links.txt
[3.044s] writing entry points to ../../build/car_t265/car_t265.egg-info/entry_points.txt
[3.045s] writing requirements to ../../build/car_t265/car_t265.egg-info/requires.txt
[3.048s] writing top-level names to ../../build/car_t265/car_t265.egg-info/top_level.txt
[3.089s] reading manifest file '../../build/car_t265/car_t265.egg-info/SOURCES.txt'
[3.090s] writing manifest file '../../build/car_t265/car_t265.egg-info/SOURCES.txt'
[3.221s] running build
[3.221s] running build_py
[3.223s] copying car_t265/target_publisher.py -> /home/orangepi/ros2_workspace/auto_car/build/car_t265/build/lib/car_t265
[3.223s] running install
[3.223s] running install_lib
[3.225s] copying /home/orangepi/ros2_workspace/auto_car/build/car_t265/build/lib/car_t265/target_publisher.py -> /home/orangepi/ros2_workspace/auto_car/install/lib/python3.10/site-packages/car_t265
[3.226s] byte-compiling /home/orangepi/ros2_workspace/auto_car/install/lib/python3.10/site-packages/car_t265/target_publisher.py to target_publisher.cpython-310.pyc
[3.228s] running install_data
[3.228s] running install_egg_info
[3.241s] removing '/home/orangepi/ros2_workspace/auto_car/install/lib/python3.10/site-packages/car_t265-0.0.0-py3.10.egg-info' (and everything under it)
[3.260s] Copying ../../build/car_t265/car_t265.egg-info to /home/orangepi/ros2_workspace/auto_car/install/lib/python3.10/site-packages/car_t265-0.0.0-py3.10.egg-info
[3.263s] running install_scripts
[3.345s] Installing linear_test script to /home/orangepi/ros2_workspace/auto_car/install/lib/car_t265
[3.345s] Installing motor_controller script to /home/orangepi/ros2_workspace/auto_car/install/lib/car_t265
[3.353s] Installing navigation_controller script to /home/orangepi/ros2_workspace/auto_car/install/lib/car_t265
[3.362s] Installing t265_Imu_pub script to /home/orangepi/ros2_workspace/auto_car/install/lib/car_t265
[3.369s] Installing t265_publisher script to /home/orangepi/ros2_workspace/auto_car/install/lib/car_t265
[3.370s] Installing target_publisher script to /home/orangepi/ros2_workspace/auto_car/install/lib/car_t265
[3.370s] Installing uart_driver script to /home/orangepi/ros2_workspace/auto_car/install/lib/car_t265
[3.371s] writing list of installed files to '/home/orangepi/ros2_workspace/auto_car/build/car_t265/install.log'
[3.470s] Invoked command in '/home/orangepi/ros2_workspace/auto_car/src/car_t265' returned '0': PYTHONPATH=/home/orangepi/ros2_workspace/auto_car/build/car_t265/prefix_override:/usr/lib/python3/dist-packages/colcon_core/task/python/colcon_distutils_commands:/home/orangepi/ros2_workspace/auto_car/install/lib/python3.10/site-packages:/home/orangepi/ros2_workspace/auto_car/install/lib/python3.10/site-packages:/home/orangepi/ros2_workspace/auto_car/install/local/lib/python3.10/dist-packages:/root/lanhailidar_ros_ws/install/scan_subscriber/lib/python3.10/site-packages:/root/lanhailidar_ros_ws/install/base/local/lib/python3.10/dist-packages:/opt/ros/humble/lib/python3.10/site-packages:/opt/ros/humble/local/lib/python3.10/dist-packages /usr/bin/python3 -W ignore:setup.py install is deprecated -W ignore:easy_install command is deprecated setup.py egg_info --egg-base ../../build/car_t265 build --build-base /home/orangepi/ros2_workspace/auto_car/build/car_t265/build install --record /home/orangepi/ros2_workspace/auto_car/build/car_t265/install.log --single-version-externally-managed install_data
