[0.130s] Invoking command in '/home/orangepi/ros2_workspace/auto_car/build/car_interface': CMAKE_PREFIX_PATH=${CMAKE_PREFIX_PATH}:/root/lanhailidar_ros_ws/install/scan_subscriber:/opt/ros/humble /usr/bin/cmake /home/orangepi/ros2_workspace/auto_car/src/car_interface -DCMAKE_INSTALL_PREFIX=/home/orangepi/ros2_workspace/auto_car/install
[1.682s] -- The C compiler identification is GNU 11.4.0
[2.354s] -- The CXX compiler identification is GNU 11.4.0
[2.371s] -- Detecting C compiler ABI info
[2.617s] -- Detecting C compiler ABI info - done
[2.652s] -- Check for working C compiler: /usr/bin/cc - skipped
[2.662s] -- Detecting C compile features
[2.667s] -- Detecting C compile features - done
[2.676s] -- Detecting CXX compiler ABI info
[2.910s] -- Detecting CXX compiler ABI info - done
[2.921s] -- Check for working CXX compiler: /usr/bin/c++ - skipped
[2.922s] -- Detecting CXX compile features
[2.922s] -- Detecting CXX compile features - done
[2.939s] -- Found ament_cmake: 1.3.11 (/opt/ros/humble/share/ament_cmake/cmake)
[3.391s] -- Found Python3: /usr/bin/python3 (found version "3.10.12") found components: Interpreter 
[3.702s] -- Found rosidl_default_generators: 1.2.0 (/opt/ros/humble/share/rosidl_default_generators/cmake)
[3.724s] -- Using all available rosidl_typesupport_c: rosidl_typesupport_fastrtps_c;rosidl_typesupport_introspection_c
[3.747s] -- Found rosidl_adapter: 3.1.6 (/opt/ros/humble/share/rosidl_adapter/cmake)
[3.930s] -- Using all available rosidl_typesupport_cpp: rosidl_typesupport_fastrtps_cpp;rosidl_typesupport_introspection_cpp
[4.613s] -- Found ament_cmake_ros: 0.10.0 (/opt/ros/humble/share/ament_cmake_ros/cmake)
[5.082s] -- Using all available rosidl_typesupport_c: rosidl_typesupport_fastrtps_c;rosidl_typesupport_introspection_c
[5.694s] -- Using all available rosidl_typesupport_cpp: rosidl_typesupport_fastrtps_cpp;rosidl_typesupport_introspection_cpp
[5.771s] -- Found PythonInterp: /usr/bin/python3 (found suitable version "3.10.12", minimum required is "3.6") 
[5.778s] -- Found python_cmake_module: 0.10.0 (/opt/ros/humble/share/python_cmake_module/cmake)
[5.861s] -- Found PythonLibs: /usr/lib/aarch64-linux-gnu/libpython3.10.so (found suitable version "3.10.12", minimum required is "3.5") 
[5.862s] -- Using PYTHON_EXECUTABLE: /usr/bin/python3
[5.862s] -- Using PYTHON_INCLUDE_DIRS: /usr/include/python3.10
[5.863s] -- Using PYTHON_LIBRARIES: /usr/lib/aarch64-linux-gnu/libpython3.10.so
[5.936s] -- Found PythonExtra: .so  
[6.033s] -- Found ament_lint_auto: 0.12.12 (/opt/ros/humble/share/ament_lint_auto/cmake)
[6.116s] -- Added test 'copyright' to check source files copyright and LICENSE
[6.127s] -- Added test 'lint_cmake' to check CMake code style
[6.132s] -- Added test 'xmllint' to check XML markup files
[6.138s] -- Configuring done
[6.205s] -- Generating done
[6.220s] -- Build files have been written to: /home/orangepi/ros2_workspace/auto_car/build/car_interface
[6.231s] Invoked command in '/home/orangepi/ros2_workspace/auto_car/build/car_interface' returned '0': CMAKE_PREFIX_PATH=${CMAKE_PREFIX_PATH}:/root/lanhailidar_ros_ws/install/scan_subscriber:/opt/ros/humble /usr/bin/cmake /home/orangepi/ros2_workspace/auto_car/src/car_interface -DCMAKE_INSTALL_PREFIX=/home/orangepi/ros2_workspace/auto_car/install
[6.236s] Invoking command in '/home/orangepi/ros2_workspace/auto_car/build/car_interface': CMAKE_PREFIX_PATH=${CMAKE_PREFIX_PATH}:/root/lanhailidar_ros_ws/install/scan_subscriber:/opt/ros/humble /usr/bin/cmake --build /home/orangepi/ros2_workspace/auto_car/build/car_interface -- -j8 -l8
[6.341s] [  1%] [34m[1mGenerating C code for ROS interfaces[0m
[6.360s] [  2%] [34m[1mGenerating C++ code for ROS interfaces[0m
[6.365s] [  2%] Built target ament_cmake_python_copy_car_interface
[6.718s] running egg_info
[6.719s] creating car_interface.egg-info
[6.720s] writing car_interface.egg-info/PKG-INFO
[6.720s] writing dependency_links to car_interface.egg-info/dependency_links.txt
[6.720s] writing top-level names to car_interface.egg-info/top_level.txt
[6.721s] writing manifest file 'car_interface.egg-info/SOURCES.txt'
[6.723s] reading manifest file 'car_interface.egg-info/SOURCES.txt'
[6.724s] writing manifest file 'car_interface.egg-info/SOURCES.txt'
[6.795s] [  2%] Built target ament_cmake_python_build_car_interface_egg
[7.645s] [  2%] Built target car_interface__cpp
[7.672s] [  5%] [34m[1mGenerating C++ type support dispatch for ROS interfaces[0m
[7.673s] [  5%] [34m[1mGenerating C++ type support for eProsima Fast-RTPS[0m
[7.709s] [  7%] [34m[1mGenerating C++ introspection for ROS interfaces[0m
[7.883s] [  8%] [32mBuilding C object CMakeFiles/car_interface__rosidl_generator_c.dir/rosidl_generator_c/car_interface/msg/detail/rplidar_data__functions.c.o[0m
[7.885s] [  9%] [32mBuilding C object CMakeFiles/car_interface__rosidl_generator_c.dir/rosidl_generator_c/car_interface/msg/detail/motor_command__functions.c.o[0m
[7.888s] [ 11%] [32mBuilding C object CMakeFiles/car_interface__rosidl_generator_c.dir/rosidl_generator_c/car_interface/msg/detail/t265_data__functions.c.o[0m
[7.898s] [ 12%] [32mBuilding C object CMakeFiles/car_interface__rosidl_generator_c.dir/rosidl_generator_c/car_interface/msg/detail/serial_data__functions.c.o[0m
[7.905s] [ 14%] [32mBuilding C object CMakeFiles/car_interface__rosidl_generator_c.dir/rosidl_generator_c/car_interface/srv/detail/laser_open_service__functions.c.o[0m
[8.048s] [ 15%] [32mBuilding C object CMakeFiles/car_interface__rosidl_generator_c.dir/rosidl_generator_c/car_interface/srv/detail/send_command__functions.c.o[0m
[8.209s] [ 16%] [32m[1mLinking C shared library libcar_interface__rosidl_generator_c.so[0m
[8.376s] [ 16%] Built target car_interface__rosidl_generator_c
[8.442s] [ 18%] [34m[1mGenerating C introspection for ROS interfaces[0m
[8.448s] [ 19%] [34m[1mGenerating C type support dispatch for ROS interfaces[0m
[8.484s] [ 21%] [34m[1mGenerating C type support for eProsima Fast-RTPS[0m
[9.034s] [ 22%] [32mBuilding CXX object CMakeFiles/car_interface__rosidl_typesupport_cpp.dir/rosidl_typesupport_cpp/car_interface/msg/motor_command__type_support.cpp.o[0m
[9.047s] [ 23%] [32mBuilding CXX object CMakeFiles/car_interface__rosidl_typesupport_cpp.dir/rosidl_typesupport_cpp/car_interface/msg/t265_data__type_support.cpp.o[0m
[9.048s] [ 25%] [32mBuilding CXX object CMakeFiles/car_interface__rosidl_typesupport_cpp.dir/rosidl_typesupport_cpp/car_interface/msg/rplidar_data__type_support.cpp.o[0m
[9.794s] [ 26%] [32mBuilding CXX object CMakeFiles/car_interface__rosidl_typesupport_introspection_cpp.dir/rosidl_typesupport_introspection_cpp/car_interface/msg/detail/t265_data__type_support.cpp.o[0m
[10.112s] [ 28%] [32mBuilding CXX object CMakeFiles/car_interface__rosidl_typesupport_fastrtps_cpp.dir/rosidl_typesupport_fastrtps_cpp/car_interface/msg/detail/dds_fastrtps/t265_data__type_support.cpp.o[0m
[10.112s] [ 29%] [32mBuilding CXX object CMakeFiles/car_interface__rosidl_typesupport_cpp.dir/rosidl_typesupport_cpp/car_interface/msg/serial_data__type_support.cpp.o[0m
[10.147s] [ 30%] [32mBuilding CXX object CMakeFiles/car_interface__rosidl_typesupport_cpp.dir/rosidl_typesupport_cpp/car_interface/srv/laser_open_service__type_support.cpp.o[0m
[10.202s] [ 32%] [32mBuilding CXX object CMakeFiles/car_interface__rosidl_typesupport_cpp.dir/rosidl_typesupport_cpp/car_interface/srv/send_command__type_support.cpp.o[0m
[10.294s] [ 33%] [32mBuilding CXX object CMakeFiles/car_interface__rosidl_typesupport_c.dir/rosidl_typesupport_c/car_interface/msg/t265_data__type_support.cpp.o[0m
[10.531s] [ 35%] [32mBuilding CXX object CMakeFiles/car_interface__rosidl_typesupport_c.dir/rosidl_typesupport_c/car_interface/msg/rplidar_data__type_support.cpp.o[0m
[10.640s] [ 36%] [32mBuilding C object CMakeFiles/car_interface__rosidl_typesupport_introspection_c.dir/rosidl_typesupport_introspection_c/car_interface/msg/detail/t265_data__type_support.c.o[0m
[10.712s] [ 38%] [32mBuilding CXX object CMakeFiles/car_interface__rosidl_typesupport_c.dir/rosidl_typesupport_c/car_interface/msg/motor_command__type_support.cpp.o[0m
[10.799s] [ 39%] [32mBuilding C object CMakeFiles/car_interface__rosidl_typesupport_introspection_c.dir/rosidl_typesupport_introspection_c/car_interface/msg/detail/rplidar_data__type_support.c.o[0m
[10.903s] [ 40%] [32mBuilding CXX object CMakeFiles/car_interface__rosidl_typesupport_c.dir/rosidl_typesupport_c/car_interface/msg/serial_data__type_support.cpp.o[0m
[10.973s] [ 42%] [32mBuilding C object CMakeFiles/car_interface__rosidl_typesupport_introspection_c.dir/rosidl_typesupport_introspection_c/car_interface/msg/detail/motor_command__type_support.c.o[0m
[11.004s] [ 43%] [32mBuilding CXX object CMakeFiles/car_interface__rosidl_typesupport_introspection_cpp.dir/rosidl_typesupport_introspection_cpp/car_interface/msg/detail/rplidar_data__type_support.cpp.o[0m
[11.062s] [ 45%] [32mBuilding CXX object CMakeFiles/car_interface__rosidl_typesupport_c.dir/rosidl_typesupport_c/car_interface/srv/laser_open_service__type_support.cpp.o[0m
[11.112s] [ 46%] [32mBuilding CXX object CMakeFiles/car_interface__rosidl_typesupport_introspection_cpp.dir/rosidl_typesupport_introspection_cpp/car_interface/msg/detail/motor_command__type_support.cpp.o[0m
[11.156s] [ 47%] [32mBuilding CXX object CMakeFiles/car_interface__rosidl_typesupport_introspection_cpp.dir/rosidl_typesupport_introspection_cpp/car_interface/msg/detail/serial_data__type_support.cpp.o[0m
[11.168s] [ 49%] [32m[1mLinking CXX shared library libcar_interface__rosidl_typesupport_cpp.so[0m
[11.240s] [ 50%] [32mBuilding CXX object CMakeFiles/car_interface__rosidl_typesupport_c.dir/rosidl_typesupport_c/car_interface/srv/send_command__type_support.cpp.o[0m
[11.241s] [ 52%] [32mBuilding C object CMakeFiles/car_interface__rosidl_typesupport_introspection_c.dir/rosidl_typesupport_introspection_c/car_interface/msg/detail/serial_data__type_support.c.o[0m
[11.347s] [ 52%] Built target car_interface__rosidl_typesupport_cpp
[11.351s] [ 53%] [32mBuilding CXX object CMakeFiles/car_interface__rosidl_typesupport_fastrtps_cpp.dir/rosidl_typesupport_fastrtps_cpp/car_interface/msg/detail/dds_fastrtps/rplidar_data__type_support.cpp.o[0m
[11.364s] [ 54%] [32mBuilding CXX object CMakeFiles/car_interface__rosidl_typesupport_introspection_cpp.dir/rosidl_typesupport_introspection_cpp/car_interface/srv/detail/laser_open_service__type_support.cpp.o[0m
[11.409s] [ 56%] [32m[1mLinking CXX shared library libcar_interface__rosidl_typesupport_c.so[0m
[11.462s] [ 57%] [32mBuilding C object CMakeFiles/car_interface__rosidl_typesupport_introspection_c.dir/rosidl_typesupport_introspection_c/car_interface/srv/detail/laser_open_service__type_support.c.o[0m
[11.555s] [ 59%] [32mBuilding C object CMakeFiles/car_interface__rosidl_typesupport_introspection_c.dir/rosidl_typesupport_introspection_c/car_interface/srv/detail/send_command__type_support.c.o[0m
[11.574s] [ 59%] Built target car_interface__rosidl_typesupport_c
[11.617s] [ 60%] [32mBuilding CXX object CMakeFiles/car_interface__rosidl_typesupport_introspection_cpp.dir/rosidl_typesupport_introspection_cpp/car_interface/srv/detail/send_command__type_support.cpp.o[0m
[11.618s] [ 61%] [32m[1mLinking C shared library libcar_interface__rosidl_typesupport_introspection_c.so[0m
[11.751s] [ 61%] Built target car_interface__rosidl_typesupport_introspection_c
[11.819s] [ 63%] [32mBuilding CXX object CMakeFiles/car_interface__rosidl_typesupport_fastrtps_cpp.dir/rosidl_typesupport_fastrtps_cpp/car_interface/msg/detail/dds_fastrtps/motor_command__type_support.cpp.o[0m
[11.824s] [ 64%] [32mBuilding CXX object CMakeFiles/car_interface__rosidl_typesupport_fastrtps_c.dir/rosidl_typesupport_fastrtps_c/car_interface/msg/detail/t265_data__type_support_c.cpp.o[0m
[12.030s] [ 66%] [32mBuilding CXX object CMakeFiles/car_interface__rosidl_typesupport_fastrtps_cpp.dir/rosidl_typesupport_fastrtps_cpp/car_interface/msg/detail/dds_fastrtps/serial_data__type_support.cpp.o[0m
[12.230s] [ 67%] [32mBuilding CXX object CMakeFiles/car_interface__rosidl_typesupport_fastrtps_cpp.dir/rosidl_typesupport_fastrtps_cpp/car_interface/srv/detail/dds_fastrtps/laser_open_service__type_support.cpp.o[0m
[12.450s] [ 69%] [32mBuilding CXX object CMakeFiles/car_interface__rosidl_typesupport_fastrtps_c.dir/rosidl_typesupport_fastrtps_c/car_interface/msg/detail/rplidar_data__type_support_c.cpp.o[0m
[12.501s] [ 70%] [32mBuilding CXX object CMakeFiles/car_interface__rosidl_typesupport_fastrtps_c.dir/rosidl_typesupport_fastrtps_c/car_interface/msg/detail/motor_command__type_support_c.cpp.o[0m
[12.529s] [ 71%] [32mBuilding CXX object CMakeFiles/car_interface__rosidl_typesupport_fastrtps_c.dir/rosidl_typesupport_fastrtps_c/car_interface/msg/detail/serial_data__type_support_c.cpp.o[0m
[12.759s] [ 73%] [32mBuilding CXX object CMakeFiles/car_interface__rosidl_typesupport_fastrtps_cpp.dir/rosidl_typesupport_fastrtps_cpp/car_interface/srv/detail/dds_fastrtps/send_command__type_support.cpp.o[0m
[12.799s] [ 74%] [32mBuilding CXX object CMakeFiles/car_interface__rosidl_typesupport_fastrtps_c.dir/rosidl_typesupport_fastrtps_c/car_interface/srv/detail/laser_open_service__type_support_c.cpp.o[0m
[12.825s] [ 76%] [32mBuilding CXX object CMakeFiles/car_interface__rosidl_typesupport_fastrtps_c.dir/rosidl_typesupport_fastrtps_c/car_interface/srv/detail/send_command__type_support_c.cpp.o[0m
[12.858s] [ 77%] [32m[1mLinking CXX shared library libcar_interface__rosidl_typesupport_introspection_cpp.so[0m
[13.126s] [ 77%] Built target car_interface__rosidl_typesupport_introspection_cpp
[13.486s] [ 78%] [32m[1mLinking CXX shared library libcar_interface__rosidl_typesupport_fastrtps_cpp.so[0m
[13.504s] [ 80%] [32m[1mLinking CXX shared library libcar_interface__rosidl_typesupport_fastrtps_c.so[0m
[13.668s] [ 80%] Built target car_interface__rosidl_typesupport_fastrtps_c
[13.669s] [ 80%] Built target car_interface__rosidl_typesupport_fastrtps_cpp
[13.726s] [ 80%] Built target car_interface
[13.785s] [ 81%] [34m[1mGenerating Python code for ROS interfaces[0m
[15.459s] [ 81%] Built target car_interface__py
[15.506s] [ 85%] [32mBuilding C object CMakeFiles/car_interface__rosidl_generator_py.dir/rosidl_generator_py/car_interface/srv/_laser_open_service_s.c.o[0m
[15.506s] [ 85%] [32mBuilding C object CMakeFiles/car_interface__rosidl_generator_py.dir/rosidl_generator_py/car_interface/srv/_send_command_s.c.o[0m
[15.507s] [ 85%] [32mBuilding C object CMakeFiles/car_interface__rosidl_generator_py.dir/rosidl_generator_py/car_interface/msg/_motor_command_s.c.o[0m
[15.519s] [ 88%] [32mBuilding C object CMakeFiles/car_interface__rosidl_generator_py.dir/rosidl_generator_py/car_interface/msg/_rplidar_data_s.c.o[0m
[15.519s] [ 88%] [32mBuilding C object CMakeFiles/car_interface__rosidl_generator_py.dir/rosidl_generator_py/car_interface/msg/_t265_data_s.c.o[0m
[15.521s] [ 90%] [32mBuilding C object CMakeFiles/car_interface__rosidl_generator_py.dir/rosidl_generator_py/car_interface/msg/_serial_data_s.c.o[0m
[15.785s] [ 91%] [32m[1mLinking C shared library rosidl_generator_py/car_interface/libcar_interface__rosidl_generator_py.so[0m
[15.909s] [ 91%] Built target car_interface__rosidl_generator_py
[15.946s] [ 92%] [32mBuilding C object CMakeFiles/car_interface__rosidl_typesupport_fastrtps_c__pyext.dir/rosidl_generator_py/car_interface/_car_interface_s.ep.rosidl_typesupport_fastrtps_c.c.o[0m
[15.958s] [ 94%] [32mBuilding C object CMakeFiles/car_interface__rosidl_typesupport_introspection_c__pyext.dir/rosidl_generator_py/car_interface/_car_interface_s.ep.rosidl_typesupport_introspection_c.c.o[0m
[15.967s] [ 95%] [32mBuilding C object CMakeFiles/car_interface__rosidl_typesupport_c__pyext.dir/rosidl_generator_py/car_interface/_car_interface_s.ep.rosidl_typesupport_c.c.o[0m
[16.141s] [ 97%] [32m[1mLinking C shared library rosidl_generator_py/car_interface/car_interface_s__rosidl_typesupport_fastrtps_c.cpython-310-aarch64-linux-gnu.so[0m
[16.160s] [ 98%] [32m[1mLinking C shared library rosidl_generator_py/car_interface/car_interface_s__rosidl_typesupport_introspection_c.cpython-310-aarch64-linux-gnu.so[0m
[16.167s] [100%] [32m[1mLinking C shared library rosidl_generator_py/car_interface/car_interface_s__rosidl_typesupport_c.cpython-310-aarch64-linux-gnu.so[0m
[16.212s] [100%] Built target car_interface__rosidl_typesupport_fastrtps_c__pyext
[16.248s] [100%] Built target car_interface__rosidl_typesupport_introspection_c__pyext
[16.249s] [100%] Built target car_interface__rosidl_typesupport_c__pyext
[16.277s] Invoked command in '/home/orangepi/ros2_workspace/auto_car/build/car_interface' returned '0': CMAKE_PREFIX_PATH=${CMAKE_PREFIX_PATH}:/root/lanhailidar_ros_ws/install/scan_subscriber:/opt/ros/humble /usr/bin/cmake --build /home/orangepi/ros2_workspace/auto_car/build/car_interface -- -j8 -l8
[16.280s] Invoking command in '/home/orangepi/ros2_workspace/auto_car/build/car_interface': CMAKE_PREFIX_PATH=${CMAKE_PREFIX_PATH}:/root/lanhailidar_ros_ws/install/scan_subscriber:/opt/ros/humble /usr/bin/cmake --install /home/orangepi/ros2_workspace/auto_car/build/car_interface
[16.304s] -- Install configuration: ""
[16.305s] -- Installing: /home/orangepi/ros2_workspace/auto_car/install/share/ament_index/resource_index/rosidl_interfaces/car_interface
[16.305s] -- Installing: /home/orangepi/ros2_workspace/auto_car/install/include/car_interface/car_interface
[16.305s] -- Installing: /home/orangepi/ros2_workspace/auto_car/install/include/car_interface/car_interface/msg
[16.305s] -- Installing: /home/orangepi/ros2_workspace/auto_car/install/include/car_interface/car_interface/msg/detail
[16.305s] -- Installing: /home/orangepi/ros2_workspace/auto_car/install/include/car_interface/car_interface/msg/detail/rplidar_data__functions.c
[16.305s] -- Installing: /home/orangepi/ros2_workspace/auto_car/install/include/car_interface/car_interface/msg/detail/motor_command__struct.h
[16.305s] -- Installing: /home/orangepi/ros2_workspace/auto_car/install/include/car_interface/car_interface/msg/detail/rplidar_data__struct.h
[16.306s] -- Installing: /home/orangepi/ros2_workspace/auto_car/install/include/car_interface/car_interface/msg/detail/serial_data__struct.h
[16.306s] -- Installing: /home/orangepi/ros2_workspace/auto_car/install/include/car_interface/car_interface/msg/detail/t265_data__functions.h
[16.306s] -- Installing: /home/orangepi/ros2_workspace/auto_car/install/include/car_interface/car_interface/msg/detail/serial_data__functions.h
[16.306s] -- Installing: /home/orangepi/ros2_workspace/auto_car/install/include/car_interface/car_interface/msg/detail/motor_command__functions.c
[16.306s] -- Installing: /home/orangepi/ros2_workspace/auto_car/install/include/car_interface/car_interface/msg/detail/rplidar_data__functions.h
[16.306s] -- Installing: /home/orangepi/ros2_workspace/auto_car/install/include/car_interface/car_interface/msg/detail/motor_command__functions.h
[16.306s] -- Installing: /home/orangepi/ros2_workspace/auto_car/install/include/car_interface/car_interface/msg/detail/t265_data__type_support.h
[16.307s] -- Installing: /home/orangepi/ros2_workspace/auto_car/install/include/car_interface/car_interface/msg/detail/motor_command__type_support.h
[16.308s] -- Installing: /home/orangepi/ros2_workspace/auto_car/install/include/car_interface/car_interface/msg/detail/rplidar_data__type_support.h
[16.308s] -- Installing: /home/orangepi/ros2_workspace/auto_car/install/include/car_interface/car_interface/msg/detail/serial_data__type_support.h
[16.309s] -- Installing: /home/orangepi/ros2_workspace/auto_car/install/include/car_interface/car_interface/msg/detail/serial_data__functions.c
[16.309s] -- Installing: /home/orangepi/ros2_workspace/auto_car/install/include/car_interface/car_interface/msg/detail/t265_data__struct.h
[16.310s] -- Installing: /home/orangepi/ros2_workspace/auto_car/install/include/car_interface/car_interface/msg/detail/t265_data__functions.c
[16.311s] -- Installing: /home/orangepi/ros2_workspace/auto_car/install/include/car_interface/car_interface/msg/motor_command.h
[16.311s] -- Installing: /home/orangepi/ros2_workspace/auto_car/install/include/car_interface/car_interface/msg/rosidl_generator_c__visibility_control.h
[16.312s] -- Installing: /home/orangepi/ros2_workspace/auto_car/install/include/car_interface/car_interface/msg/t265_data.h
[16.312s] -- Installing: /home/orangepi/ros2_workspace/auto_car/install/include/car_interface/car_interface/msg/serial_data.h
[16.313s] -- Installing: /home/orangepi/ros2_workspace/auto_car/install/include/car_interface/car_interface/msg/rplidar_data.h
[16.314s] -- Installing: /home/orangepi/ros2_workspace/auto_car/install/include/car_interface/car_interface/srv
[16.314s] -- Installing: /home/orangepi/ros2_workspace/auto_car/install/include/car_interface/car_interface/srv/detail
[16.315s] -- Installing: /home/orangepi/ros2_workspace/auto_car/install/include/car_interface/car_interface/srv/detail/send_command__struct.h
[16.315s] -- Installing: /home/orangepi/ros2_workspace/auto_car/install/include/car_interface/car_interface/srv/detail/laser_open_service__struct.h
[16.316s] -- Installing: /home/orangepi/ros2_workspace/auto_car/install/include/car_interface/car_interface/srv/detail/laser_open_service__functions.h
[16.317s] -- Installing: /home/orangepi/ros2_workspace/auto_car/install/include/car_interface/car_interface/srv/detail/send_command__type_support.h
[16.318s] -- Installing: /home/orangepi/ros2_workspace/auto_car/install/include/car_interface/car_interface/srv/detail/send_command__functions.c
[16.318s] -- Installing: /home/orangepi/ros2_workspace/auto_car/install/include/car_interface/car_interface/srv/detail/laser_open_service__type_support.h
[16.319s] -- Installing: /home/orangepi/ros2_workspace/auto_car/install/include/car_interface/car_interface/srv/detail/send_command__functions.h
[16.320s] -- Installing: /home/orangepi/ros2_workspace/auto_car/install/include/car_interface/car_interface/srv/detail/laser_open_service__functions.c
[16.320s] -- Installing: /home/orangepi/ros2_workspace/auto_car/install/include/car_interface/car_interface/srv/laser_open_service.h
[16.321s] -- Installing: /home/orangepi/ros2_workspace/auto_car/install/include/car_interface/car_interface/srv/send_command.h
[16.321s] -- Installing: /home/orangepi/ros2_workspace/auto_car/install/share/car_interface/environment/library_path.sh
[16.322s] -- Installing: /home/orangepi/ros2_workspace/auto_car/install/share/car_interface/environment/library_path.dsv
[16.323s] -- Installing: /home/orangepi/ros2_workspace/auto_car/install/lib/libcar_interface__rosidl_generator_c.so
[16.323s] -- Set runtime path of "/home/orangepi/ros2_workspace/auto_car/install/lib/libcar_interface__rosidl_generator_c.so" to ""
[16.324s] -- Up-to-date: /home/orangepi/ros2_workspace/auto_car/install/include/car_interface/car_interface
[16.324s] -- Up-to-date: /home/orangepi/ros2_workspace/auto_car/install/include/car_interface/car_interface/msg
[16.325s] -- Up-to-date: /home/orangepi/ros2_workspace/auto_car/install/include/car_interface/car_interface/msg/detail
[16.326s] -- Installing: /home/orangepi/ros2_workspace/auto_car/install/include/car_interface/car_interface/msg/detail/motor_command__rosidl_typesupport_fastrtps_c.h
[16.326s] -- Installing: /home/orangepi/ros2_workspace/auto_car/install/include/car_interface/car_interface/msg/detail/serial_data__rosidl_typesupport_fastrtps_c.h
[16.327s] -- Installing: /home/orangepi/ros2_workspace/auto_car/install/include/car_interface/car_interface/msg/detail/rplidar_data__rosidl_typesupport_fastrtps_c.h
[16.327s] -- Installing: /home/orangepi/ros2_workspace/auto_car/install/include/car_interface/car_interface/msg/detail/t265_data__rosidl_typesupport_fastrtps_c.h
[16.328s] -- Installing: /home/orangepi/ros2_workspace/auto_car/install/include/car_interface/car_interface/msg/rosidl_typesupport_fastrtps_c__visibility_control.h
[16.329s] -- Up-to-date: /home/orangepi/ros2_workspace/auto_car/install/include/car_interface/car_interface/srv
[16.329s] -- Up-to-date: /home/orangepi/ros2_workspace/auto_car/install/include/car_interface/car_interface/srv/detail
[16.329s] -- Installing: /home/orangepi/ros2_workspace/auto_car/install/include/car_interface/car_interface/srv/detail/laser_open_service__rosidl_typesupport_fastrtps_c.h
[16.330s] -- Installing: /home/orangepi/ros2_workspace/auto_car/install/include/car_interface/car_interface/srv/detail/send_command__rosidl_typesupport_fastrtps_c.h
[16.330s] -- Installing: /home/orangepi/ros2_workspace/auto_car/install/lib/libcar_interface__rosidl_typesupport_fastrtps_c.so
[16.331s] -- Set runtime path of "/home/orangepi/ros2_workspace/auto_car/install/lib/libcar_interface__rosidl_typesupport_fastrtps_c.so" to ""
[16.331s] -- Up-to-date: /home/orangepi/ros2_workspace/auto_car/install/include/car_interface/car_interface
[16.331s] -- Up-to-date: /home/orangepi/ros2_workspace/auto_car/install/include/car_interface/car_interface/msg
[16.332s] -- Up-to-date: /home/orangepi/ros2_workspace/auto_car/install/include/car_interface/car_interface/msg/detail
[16.332s] -- Installing: /home/orangepi/ros2_workspace/auto_car/install/include/car_interface/car_interface/msg/detail/t265_data__rosidl_typesupport_introspection_c.h
[16.332s] -- Installing: /home/orangepi/ros2_workspace/auto_car/install/include/car_interface/car_interface/msg/detail/motor_command__type_support.c
[16.333s] -- Installing: /home/orangepi/ros2_workspace/auto_car/install/include/car_interface/car_interface/msg/detail/rplidar_data__rosidl_typesupport_introspection_c.h
[16.333s] -- Installing: /home/orangepi/ros2_workspace/auto_car/install/include/car_interface/car_interface/msg/detail/t265_data__type_support.c
[16.333s] -- Installing: /home/orangepi/ros2_workspace/auto_car/install/include/car_interface/car_interface/msg/detail/rplidar_data__type_support.c
[16.334s] -- Installing: /home/orangepi/ros2_workspace/auto_car/install/include/car_interface/car_interface/msg/detail/serial_data__rosidl_typesupport_introspection_c.h
[16.334s] -- Installing: /home/orangepi/ros2_workspace/auto_car/install/include/car_interface/car_interface/msg/detail/serial_data__type_support.c
[16.334s] -- Installing: /home/orangepi/ros2_workspace/auto_car/install/include/car_interface/car_interface/msg/detail/motor_command__rosidl_typesupport_introspection_c.h
[16.335s] -- Installing: /home/orangepi/ros2_workspace/auto_car/install/include/car_interface/car_interface/msg/rosidl_typesupport_introspection_c__visibility_control.h
[16.335s] -- Up-to-date: /home/orangepi/ros2_workspace/auto_car/install/include/car_interface/car_interface/srv
[16.336s] -- Up-to-date: /home/orangepi/ros2_workspace/auto_car/install/include/car_interface/car_interface/srv/detail
[16.336s] -- Installing: /home/orangepi/ros2_workspace/auto_car/install/include/car_interface/car_interface/srv/detail/send_command__type_support.c
[16.336s] -- Installing: /home/orangepi/ros2_workspace/auto_car/install/include/car_interface/car_interface/srv/detail/send_command__rosidl_typesupport_introspection_c.h
[16.337s] -- Installing: /home/orangepi/ros2_workspace/auto_car/install/include/car_interface/car_interface/srv/detail/laser_open_service__rosidl_typesupport_introspection_c.h
[16.337s] -- Installing: /home/orangepi/ros2_workspace/auto_car/install/include/car_interface/car_interface/srv/detail/laser_open_service__type_support.c
[16.337s] -- Installing: /home/orangepi/ros2_workspace/auto_car/install/lib/libcar_interface__rosidl_typesupport_introspection_c.so
[16.338s] -- Set runtime path of "/home/orangepi/ros2_workspace/auto_car/install/lib/libcar_interface__rosidl_typesupport_introspection_c.so" to ""
[16.338s] -- Installing: /home/orangepi/ros2_workspace/auto_car/install/lib/libcar_interface__rosidl_typesupport_c.so
[16.338s] -- Set runtime path of "/home/orangepi/ros2_workspace/auto_car/install/lib/libcar_interface__rosidl_typesupport_c.so" to ""
[16.339s] -- Up-to-date: /home/orangepi/ros2_workspace/auto_car/install/include/car_interface/car_interface
[16.339s] -- Up-to-date: /home/orangepi/ros2_workspace/auto_car/install/include/car_interface/car_interface/msg
[16.339s] -- Up-to-date: /home/orangepi/ros2_workspace/auto_car/install/include/car_interface/car_interface/msg/detail
[16.340s] -- Installing: /home/orangepi/ros2_workspace/auto_car/install/include/car_interface/car_interface/msg/detail/t265_data__struct.hpp
[16.340s] -- Installing: /home/orangepi/ros2_workspace/auto_car/install/include/car_interface/car_interface/msg/detail/motor_command__traits.hpp
[16.341s] -- Installing: /home/orangepi/ros2_workspace/auto_car/install/include/car_interface/car_interface/msg/detail/t265_data__type_support.hpp
[16.341s] -- Installing: /home/orangepi/ros2_workspace/auto_car/install/include/car_interface/car_interface/msg/detail/t265_data__traits.hpp
[16.341s] -- Installing: /home/orangepi/ros2_workspace/auto_car/install/include/car_interface/car_interface/msg/detail/serial_data__builder.hpp
[16.342s] -- Installing: /home/orangepi/ros2_workspace/auto_car/install/include/car_interface/car_interface/msg/detail/rplidar_data__traits.hpp
[16.342s] -- Installing: /home/orangepi/ros2_workspace/auto_car/install/include/car_interface/car_interface/msg/detail/rplidar_data__struct.hpp
[16.342s] -- Installing: /home/orangepi/ros2_workspace/auto_car/install/include/car_interface/car_interface/msg/detail/serial_data__traits.hpp
[16.343s] -- Installing: /home/orangepi/ros2_workspace/auto_car/install/include/car_interface/car_interface/msg/detail/serial_data__struct.hpp
[16.343s] -- Installing: /home/orangepi/ros2_workspace/auto_car/install/include/car_interface/car_interface/msg/detail/t265_data__builder.hpp
[16.343s] -- Installing: /home/orangepi/ros2_workspace/auto_car/install/include/car_interface/car_interface/msg/detail/rplidar_data__builder.hpp
[16.344s] -- Installing: /home/orangepi/ros2_workspace/auto_car/install/include/car_interface/car_interface/msg/detail/motor_command__builder.hpp
[16.344s] -- Installing: /home/orangepi/ros2_workspace/auto_car/install/include/car_interface/car_interface/msg/detail/motor_command__type_support.hpp
[16.344s] -- Installing: /home/orangepi/ros2_workspace/auto_car/install/include/car_interface/car_interface/msg/detail/rplidar_data__type_support.hpp
[16.345s] -- Installing: /home/orangepi/ros2_workspace/auto_car/install/include/car_interface/car_interface/msg/detail/motor_command__struct.hpp
[16.345s] -- Installing: /home/orangepi/ros2_workspace/auto_car/install/include/car_interface/car_interface/msg/detail/serial_data__type_support.hpp
[16.346s] -- Installing: /home/orangepi/ros2_workspace/auto_car/install/include/car_interface/car_interface/msg/rosidl_generator_cpp__visibility_control.hpp
[16.346s] -- Installing: /home/orangepi/ros2_workspace/auto_car/install/include/car_interface/car_interface/msg/motor_command.hpp
[16.346s] -- Installing: /home/orangepi/ros2_workspace/auto_car/install/include/car_interface/car_interface/msg/t265_data.hpp
[16.347s] -- Installing: /home/orangepi/ros2_workspace/auto_car/install/include/car_interface/car_interface/msg/rplidar_data.hpp
[16.347s] -- Installing: /home/orangepi/ros2_workspace/auto_car/install/include/car_interface/car_interface/msg/serial_data.hpp
[16.347s] -- Up-to-date: /home/orangepi/ros2_workspace/auto_car/install/include/car_interface/car_interface/srv
[16.348s] -- Up-to-date: /home/orangepi/ros2_workspace/auto_car/install/include/car_interface/car_interface/srv/detail
[16.348s] -- Installing: /home/orangepi/ros2_workspace/auto_car/install/include/car_interface/car_interface/srv/detail/send_command__struct.hpp
[16.348s] -- Installing: /home/orangepi/ros2_workspace/auto_car/install/include/car_interface/car_interface/srv/detail/laser_open_service__traits.hpp
[16.349s] -- Installing: /home/orangepi/ros2_workspace/auto_car/install/include/car_interface/car_interface/srv/detail/laser_open_service__builder.hpp
[16.349s] -- Installing: /home/orangepi/ros2_workspace/auto_car/install/include/car_interface/car_interface/srv/detail/laser_open_service__type_support.hpp
[16.350s] -- Installing: /home/orangepi/ros2_workspace/auto_car/install/include/car_interface/car_interface/srv/detail/laser_open_service__struct.hpp
[16.350s] -- Installing: /home/orangepi/ros2_workspace/auto_car/install/include/car_interface/car_interface/srv/detail/send_command__traits.hpp
[16.351s] -- Installing: /home/orangepi/ros2_workspace/auto_car/install/include/car_interface/car_interface/srv/detail/send_command__builder.hpp
[16.351s] -- Installing: /home/orangepi/ros2_workspace/auto_car/install/include/car_interface/car_interface/srv/detail/send_command__type_support.hpp
[16.351s] -- Installing: /home/orangepi/ros2_workspace/auto_car/install/include/car_interface/car_interface/srv/send_command.hpp
[16.352s] -- Installing: /home/orangepi/ros2_workspace/auto_car/install/include/car_interface/car_interface/srv/laser_open_service.hpp
[16.352s] -- Up-to-date: /home/orangepi/ros2_workspace/auto_car/install/include/car_interface/car_interface
[16.352s] -- Up-to-date: /home/orangepi/ros2_workspace/auto_car/install/include/car_interface/car_interface/msg
[16.353s] -- Up-to-date: /home/orangepi/ros2_workspace/auto_car/install/include/car_interface/car_interface/msg/detail
[16.353s] -- Installing: /home/orangepi/ros2_workspace/auto_car/install/include/car_interface/car_interface/msg/detail/t265_data__rosidl_typesupport_fastrtps_cpp.hpp
[16.353s] -- Installing: /home/orangepi/ros2_workspace/auto_car/install/include/car_interface/car_interface/msg/detail/motor_command__rosidl_typesupport_fastrtps_cpp.hpp
[16.354s] -- Installing: /home/orangepi/ros2_workspace/auto_car/install/include/car_interface/car_interface/msg/detail/serial_data__rosidl_typesupport_fastrtps_cpp.hpp
[16.354s] -- Installing: /home/orangepi/ros2_workspace/auto_car/install/include/car_interface/car_interface/msg/detail/rplidar_data__rosidl_typesupport_fastrtps_cpp.hpp
[16.355s] -- Installing: /home/orangepi/ros2_workspace/auto_car/install/include/car_interface/car_interface/msg/detail/dds_fastrtps
[16.355s] -- Installing: /home/orangepi/ros2_workspace/auto_car/install/include/car_interface/car_interface/msg/rosidl_typesupport_fastrtps_cpp__visibility_control.h
[16.355s] -- Up-to-date: /home/orangepi/ros2_workspace/auto_car/install/include/car_interface/car_interface/srv
[16.356s] -- Up-to-date: /home/orangepi/ros2_workspace/auto_car/install/include/car_interface/car_interface/srv/detail
[16.356s] -- Installing: /home/orangepi/ros2_workspace/auto_car/install/include/car_interface/car_interface/srv/detail/send_command__rosidl_typesupport_fastrtps_cpp.hpp
[16.356s] -- Installing: /home/orangepi/ros2_workspace/auto_car/install/include/car_interface/car_interface/srv/detail/dds_fastrtps
[16.357s] -- Installing: /home/orangepi/ros2_workspace/auto_car/install/include/car_interface/car_interface/srv/detail/laser_open_service__rosidl_typesupport_fastrtps_cpp.hpp
[16.357s] -- Installing: /home/orangepi/ros2_workspace/auto_car/install/lib/libcar_interface__rosidl_typesupport_fastrtps_cpp.so
[16.357s] -- Set runtime path of "/home/orangepi/ros2_workspace/auto_car/install/lib/libcar_interface__rosidl_typesupport_fastrtps_cpp.so" to ""
[16.357s] -- Up-to-date: /home/orangepi/ros2_workspace/auto_car/install/include/car_interface/car_interface
[16.357s] -- Up-to-date: /home/orangepi/ros2_workspace/auto_car/install/include/car_interface/car_interface/msg
[16.357s] -- Up-to-date: /home/orangepi/ros2_workspace/auto_car/install/include/car_interface/car_interface/msg/detail
[16.357s] -- Installing: /home/orangepi/ros2_workspace/auto_car/install/include/car_interface/car_interface/msg/detail/serial_data__type_support.cpp
[16.357s] -- Installing: /home/orangepi/ros2_workspace/auto_car/install/include/car_interface/car_interface/msg/detail/rplidar_data__rosidl_typesupport_introspection_cpp.hpp
[16.358s] -- Installing: /home/orangepi/ros2_workspace/auto_car/install/include/car_interface/car_interface/msg/detail/rplidar_data__type_support.cpp
[16.358s] -- Installing: /home/orangepi/ros2_workspace/auto_car/install/include/car_interface/car_interface/msg/detail/t265_data__type_support.cpp
[16.358s] -- Installing: /home/orangepi/ros2_workspace/auto_car/install/include/car_interface/car_interface/msg/detail/motor_command__rosidl_typesupport_introspection_cpp.hpp
[16.358s] -- Installing: /home/orangepi/ros2_workspace/auto_car/install/include/car_interface/car_interface/msg/detail/t265_data__rosidl_typesupport_introspection_cpp.hpp
[16.358s] -- Installing: /home/orangepi/ros2_workspace/auto_car/install/include/car_interface/car_interface/msg/detail/serial_data__rosidl_typesupport_introspection_cpp.hpp
[16.358s] -- Installing: /home/orangepi/ros2_workspace/auto_car/install/include/car_interface/car_interface/msg/detail/motor_command__type_support.cpp
[16.358s] -- Up-to-date: /home/orangepi/ros2_workspace/auto_car/install/include/car_interface/car_interface/srv
[16.358s] -- Up-to-date: /home/orangepi/ros2_workspace/auto_car/install/include/car_interface/car_interface/srv/detail
[16.358s] -- Installing: /home/orangepi/ros2_workspace/auto_car/install/include/car_interface/car_interface/srv/detail/laser_open_service__rosidl_typesupport_introspection_cpp.hpp
[16.358s] -- Installing: /home/orangepi/ros2_workspace/auto_car/install/include/car_interface/car_interface/srv/detail/send_command__type_support.cpp
[16.358s] -- Installing: /home/orangepi/ros2_workspace/auto_car/install/include/car_interface/car_interface/srv/detail/laser_open_service__type_support.cpp
[16.358s] -- Installing: /home/orangepi/ros2_workspace/auto_car/install/include/car_interface/car_interface/srv/detail/send_command__rosidl_typesupport_introspection_cpp.hpp
[16.358s] -- Installing: /home/orangepi/ros2_workspace/auto_car/install/lib/libcar_interface__rosidl_typesupport_introspection_cpp.so
[16.358s] -- Set runtime path of "/home/orangepi/ros2_workspace/auto_car/install/lib/libcar_interface__rosidl_typesupport_introspection_cpp.so" to ""
[16.359s] -- Installing: /home/orangepi/ros2_workspace/auto_car/install/lib/libcar_interface__rosidl_typesupport_cpp.so
[16.359s] -- Set runtime path of "/home/orangepi/ros2_workspace/auto_car/install/lib/libcar_interface__rosidl_typesupport_cpp.so" to ""
[16.359s] -- Installing: /home/orangepi/ros2_workspace/auto_car/install/share/car_interface/environment/pythonpath.sh
[16.359s] -- Installing: /home/orangepi/ros2_workspace/auto_car/install/share/car_interface/environment/pythonpath.dsv
[16.359s] -- Installing: /home/orangepi/ros2_workspace/auto_car/install/local/lib/python3.10/dist-packages/car_interface-0.0.0-py3.10.egg-info
[16.359s] -- Installing: /home/orangepi/ros2_workspace/auto_car/install/local/lib/python3.10/dist-packages/car_interface-0.0.0-py3.10.egg-info/PKG-INFO
[16.359s] -- Installing: /home/orangepi/ros2_workspace/auto_car/install/local/lib/python3.10/dist-packages/car_interface-0.0.0-py3.10.egg-info/dependency_links.txt
[16.359s] -- Installing: /home/orangepi/ros2_workspace/auto_car/install/local/lib/python3.10/dist-packages/car_interface-0.0.0-py3.10.egg-info/SOURCES.txt
[16.359s] -- Installing: /home/orangepi/ros2_workspace/auto_car/install/local/lib/python3.10/dist-packages/car_interface-0.0.0-py3.10.egg-info/top_level.txt
[16.359s] -- Installing: /home/orangepi/ros2_workspace/auto_car/install/local/lib/python3.10/dist-packages/car_interface
[16.359s] -- Installing: /home/orangepi/ros2_workspace/auto_car/install/local/lib/python3.10/dist-packages/car_interface/msg
[16.359s] -- Installing: /home/orangepi/ros2_workspace/auto_car/install/local/lib/python3.10/dist-packages/car_interface/msg/_rplidar_data_s.c
[16.359s] -- Installing: /home/orangepi/ros2_workspace/auto_car/install/local/lib/python3.10/dist-packages/car_interface/msg/_t265_data.py
[16.359s] -- Installing: /home/orangepi/ros2_workspace/auto_car/install/local/lib/python3.10/dist-packages/car_interface/msg/_t265_data_s.c
[16.360s] -- Installing: /home/orangepi/ros2_workspace/auto_car/install/local/lib/python3.10/dist-packages/car_interface/msg/_serial_data.py
[16.360s] -- Installing: /home/orangepi/ros2_workspace/auto_car/install/local/lib/python3.10/dist-packages/car_interface/msg/_motor_command.py
[16.360s] -- Installing: /home/orangepi/ros2_workspace/auto_car/install/local/lib/python3.10/dist-packages/car_interface/msg/__init__.py
[16.360s] -- Installing: /home/orangepi/ros2_workspace/auto_car/install/local/lib/python3.10/dist-packages/car_interface/msg/_motor_command_s.c
[16.360s] -- Installing: /home/orangepi/ros2_workspace/auto_car/install/local/lib/python3.10/dist-packages/car_interface/msg/_serial_data_s.c
[16.360s] -- Installing: /home/orangepi/ros2_workspace/auto_car/install/local/lib/python3.10/dist-packages/car_interface/msg/_rplidar_data.py
[16.360s] -- Installing: /home/orangepi/ros2_workspace/auto_car/install/local/lib/python3.10/dist-packages/car_interface/car_interface_s__rosidl_typesupport_introspection_c.cpython-310-aarch64-linux-gnu.so
[16.360s] -- Installing: /home/orangepi/ros2_workspace/auto_car/install/local/lib/python3.10/dist-packages/car_interface/car_interface_s__rosidl_typesupport_c.cpython-310-aarch64-linux-gnu.so
[16.360s] -- Installing: /home/orangepi/ros2_workspace/auto_car/install/local/lib/python3.10/dist-packages/car_interface/srv
[16.360s] -- Installing: /home/orangepi/ros2_workspace/auto_car/install/local/lib/python3.10/dist-packages/car_interface/srv/_laser_open_service_s.c
[16.360s] -- Installing: /home/orangepi/ros2_workspace/auto_car/install/local/lib/python3.10/dist-packages/car_interface/srv/_laser_open_service.py
[16.360s] -- Installing: /home/orangepi/ros2_workspace/auto_car/install/local/lib/python3.10/dist-packages/car_interface/srv/_send_command.py
[16.360s] -- Installing: /home/orangepi/ros2_workspace/auto_car/install/local/lib/python3.10/dist-packages/car_interface/srv/__init__.py
[16.360s] -- Installing: /home/orangepi/ros2_workspace/auto_car/install/local/lib/python3.10/dist-packages/car_interface/srv/_send_command_s.c
[16.361s] -- Installing: /home/orangepi/ros2_workspace/auto_car/install/local/lib/python3.10/dist-packages/car_interface/car_interface_s__rosidl_typesupport_fastrtps_c.cpython-310-aarch64-linux-gnu.so
[16.361s] -- Installing: /home/orangepi/ros2_workspace/auto_car/install/local/lib/python3.10/dist-packages/car_interface/_car_interface_s.ep.rosidl_typesupport_introspection_c.c
[16.361s] -- Installing: /home/orangepi/ros2_workspace/auto_car/install/local/lib/python3.10/dist-packages/car_interface/__init__.py
[16.361s] -- Installing: /home/orangepi/ros2_workspace/auto_car/install/local/lib/python3.10/dist-packages/car_interface/_car_interface_s.ep.rosidl_typesupport_c.c
[16.361s] -- Installing: /home/orangepi/ros2_workspace/auto_car/install/local/lib/python3.10/dist-packages/car_interface/_car_interface_s.ep.rosidl_typesupport_fastrtps_c.c
[16.361s] -- Installing: /home/orangepi/ros2_workspace/auto_car/install/local/lib/python3.10/dist-packages/car_interface/libcar_interface__rosidl_generator_py.so
[16.404s] Listing '/home/orangepi/ros2_workspace/auto_car/install/local/lib/python3.10/dist-packages/car_interface'...
[16.404s] Compiling '/home/orangepi/ros2_workspace/auto_car/install/local/lib/python3.10/dist-packages/car_interface/__init__.py'...
[16.404s] Listing '/home/orangepi/ros2_workspace/auto_car/install/local/lib/python3.10/dist-packages/car_interface/msg'...
[16.404s] Compiling '/home/orangepi/ros2_workspace/auto_car/install/local/lib/python3.10/dist-packages/car_interface/msg/__init__.py'...
[16.404s] Compiling '/home/orangepi/ros2_workspace/auto_car/install/local/lib/python3.10/dist-packages/car_interface/msg/_motor_command.py'...
[16.404s] Compiling '/home/orangepi/ros2_workspace/auto_car/install/local/lib/python3.10/dist-packages/car_interface/msg/_rplidar_data.py'...
[16.404s] Compiling '/home/orangepi/ros2_workspace/auto_car/install/local/lib/python3.10/dist-packages/car_interface/msg/_serial_data.py'...
[16.404s] Compiling '/home/orangepi/ros2_workspace/auto_car/install/local/lib/python3.10/dist-packages/car_interface/msg/_t265_data.py'...
[16.404s] Listing '/home/orangepi/ros2_workspace/auto_car/install/local/lib/python3.10/dist-packages/car_interface/srv'...
[16.404s] Compiling '/home/orangepi/ros2_workspace/auto_car/install/local/lib/python3.10/dist-packages/car_interface/srv/__init__.py'...
[16.404s] Compiling '/home/orangepi/ros2_workspace/auto_car/install/local/lib/python3.10/dist-packages/car_interface/srv/_laser_open_service.py'...
[16.404s] Compiling '/home/orangepi/ros2_workspace/auto_car/install/local/lib/python3.10/dist-packages/car_interface/srv/_send_command.py'...
[16.413s] -- Installing: /home/orangepi/ros2_workspace/auto_car/install/local/lib/python3.10/dist-packages/car_interface/car_interface_s__rosidl_typesupport_fastrtps_c.cpython-310-aarch64-linux-gnu.so
[16.413s] -- Set runtime path of "/home/orangepi/ros2_workspace/auto_car/install/local/lib/python3.10/dist-packages/car_interface/car_interface_s__rosidl_typesupport_fastrtps_c.cpython-310-aarch64-linux-gnu.so" to ""
[16.413s] -- Installing: /home/orangepi/ros2_workspace/auto_car/install/local/lib/python3.10/dist-packages/car_interface/car_interface_s__rosidl_typesupport_introspection_c.cpython-310-aarch64-linux-gnu.so
[16.414s] -- Set runtime path of "/home/orangepi/ros2_workspace/auto_car/install/local/lib/python3.10/dist-packages/car_interface/car_interface_s__rosidl_typesupport_introspection_c.cpython-310-aarch64-linux-gnu.so" to ""
[16.414s] -- Installing: /home/orangepi/ros2_workspace/auto_car/install/local/lib/python3.10/dist-packages/car_interface/car_interface_s__rosidl_typesupport_c.cpython-310-aarch64-linux-gnu.so
[16.415s] -- Set runtime path of "/home/orangepi/ros2_workspace/auto_car/install/local/lib/python3.10/dist-packages/car_interface/car_interface_s__rosidl_typesupport_c.cpython-310-aarch64-linux-gnu.so" to ""
[16.415s] -- Installing: /home/orangepi/ros2_workspace/auto_car/install/lib/libcar_interface__rosidl_generator_py.so
[16.415s] -- Set runtime path of "/home/orangepi/ros2_workspace/auto_car/install/lib/libcar_interface__rosidl_generator_py.so" to ""
[16.415s] -- Installing: /home/orangepi/ros2_workspace/auto_car/install/share/car_interface/msg/T265Data.idl
[16.416s] -- Installing: /home/orangepi/ros2_workspace/auto_car/install/share/car_interface/msg/RplidarData.idl
[16.416s] -- Installing: /home/orangepi/ros2_workspace/auto_car/install/share/car_interface/msg/MotorCommand.idl
[16.416s] -- Installing: /home/orangepi/ros2_workspace/auto_car/install/share/car_interface/msg/SerialData.idl
[16.416s] -- Installing: /home/orangepi/ros2_workspace/auto_car/install/share/car_interface/srv/LaserOpenService.idl
[16.416s] -- Installing: /home/orangepi/ros2_workspace/auto_car/install/share/car_interface/srv/SendCommand.idl
[16.416s] -- Installing: /home/orangepi/ros2_workspace/auto_car/install/share/car_interface/msg/T265Data.msg
[16.416s] -- Installing: /home/orangepi/ros2_workspace/auto_car/install/share/car_interface/msg/RplidarData.msg
[16.417s] -- Installing: /home/orangepi/ros2_workspace/auto_car/install/share/car_interface/msg/MotorCommand.msg
[16.417s] -- Installing: /home/orangepi/ros2_workspace/auto_car/install/share/car_interface/msg/SerialData.msg
[16.417s] -- Installing: /home/orangepi/ros2_workspace/auto_car/install/share/car_interface/srv/LaserOpenService.srv
[16.417s] -- Installing: /home/orangepi/ros2_workspace/auto_car/install/share/car_interface/srv/LaserOpenService_Request.msg
[16.417s] -- Installing: /home/orangepi/ros2_workspace/auto_car/install/share/car_interface/srv/LaserOpenService_Response.msg
[16.417s] -- Installing: /home/orangepi/ros2_workspace/auto_car/install/share/car_interface/srv/SendCommand.srv
[16.418s] -- Installing: /home/orangepi/ros2_workspace/auto_car/install/share/car_interface/srv/SendCommand_Request.msg
[16.418s] -- Installing: /home/orangepi/ros2_workspace/auto_car/install/share/car_interface/srv/SendCommand_Response.msg
[16.418s] -- Installing: /home/orangepi/ros2_workspace/auto_car/install/share/ament_index/resource_index/package_run_dependencies/car_interface
[16.418s] -- Installing: /home/orangepi/ros2_workspace/auto_car/install/share/ament_index/resource_index/parent_prefix_path/car_interface
[16.418s] -- Installing: /home/orangepi/ros2_workspace/auto_car/install/share/car_interface/environment/ament_prefix_path.sh
[16.418s] -- Installing: /home/orangepi/ros2_workspace/auto_car/install/share/car_interface/environment/ament_prefix_path.dsv
[16.419s] -- Installing: /home/orangepi/ros2_workspace/auto_car/install/share/car_interface/environment/path.sh
[16.419s] -- Installing: /home/orangepi/ros2_workspace/auto_car/install/share/car_interface/environment/path.dsv
[16.419s] -- Installing: /home/orangepi/ros2_workspace/auto_car/install/share/car_interface/local_setup.bash
[16.419s] -- Installing: /home/orangepi/ros2_workspace/auto_car/install/share/car_interface/local_setup.sh
[16.419s] -- Installing: /home/orangepi/ros2_workspace/auto_car/install/share/car_interface/local_setup.zsh
[16.419s] -- Installing: /home/orangepi/ros2_workspace/auto_car/install/share/car_interface/local_setup.dsv
[16.419s] -- Installing: /home/orangepi/ros2_workspace/auto_car/install/share/car_interface/package.dsv
[16.420s] -- Installing: /home/orangepi/ros2_workspace/auto_car/install/share/ament_index/resource_index/packages/car_interface
[16.420s] -- Installing: /home/orangepi/ros2_workspace/auto_car/install/share/car_interface/cmake/export_car_interface__rosidl_generator_cExport.cmake
[16.420s] -- Installing: /home/orangepi/ros2_workspace/auto_car/install/share/car_interface/cmake/export_car_interface__rosidl_generator_cExport-noconfig.cmake
[16.420s] -- Installing: /home/orangepi/ros2_workspace/auto_car/install/share/car_interface/cmake/export_car_interface__rosidl_typesupport_fastrtps_cExport.cmake
[16.420s] -- Installing: /home/orangepi/ros2_workspace/auto_car/install/share/car_interface/cmake/export_car_interface__rosidl_typesupport_fastrtps_cExport-noconfig.cmake
[16.421s] -- Installing: /home/orangepi/ros2_workspace/auto_car/install/share/car_interface/cmake/car_interface__rosidl_typesupport_introspection_cExport.cmake
[16.421s] -- Installing: /home/orangepi/ros2_workspace/auto_car/install/share/car_interface/cmake/car_interface__rosidl_typesupport_introspection_cExport-noconfig.cmake
[16.421s] -- Installing: /home/orangepi/ros2_workspace/auto_car/install/share/car_interface/cmake/car_interface__rosidl_typesupport_cExport.cmake
[16.421s] -- Installing: /home/orangepi/ros2_workspace/auto_car/install/share/car_interface/cmake/car_interface__rosidl_typesupport_cExport-noconfig.cmake
[16.421s] -- Installing: /home/orangepi/ros2_workspace/auto_car/install/share/car_interface/cmake/export_car_interface__rosidl_generator_cppExport.cmake
[16.421s] -- Installing: /home/orangepi/ros2_workspace/auto_car/install/share/car_interface/cmake/export_car_interface__rosidl_typesupport_fastrtps_cppExport.cmake
[16.422s] -- Installing: /home/orangepi/ros2_workspace/auto_car/install/share/car_interface/cmake/export_car_interface__rosidl_typesupport_fastrtps_cppExport-noconfig.cmake
[16.422s] -- Installing: /home/orangepi/ros2_workspace/auto_car/install/share/car_interface/cmake/car_interface__rosidl_typesupport_introspection_cppExport.cmake
[16.422s] -- Installing: /home/orangepi/ros2_workspace/auto_car/install/share/car_interface/cmake/car_interface__rosidl_typesupport_introspection_cppExport-noconfig.cmake
[16.422s] -- Installing: /home/orangepi/ros2_workspace/auto_car/install/share/car_interface/cmake/car_interface__rosidl_typesupport_cppExport.cmake
[16.422s] -- Installing: /home/orangepi/ros2_workspace/auto_car/install/share/car_interface/cmake/car_interface__rosidl_typesupport_cppExport-noconfig.cmake
[16.423s] -- Installing: /home/orangepi/ros2_workspace/auto_car/install/share/car_interface/cmake/export_car_interface__rosidl_generator_pyExport.cmake
[16.423s] -- Installing: /home/orangepi/ros2_workspace/auto_car/install/share/car_interface/cmake/export_car_interface__rosidl_generator_pyExport-noconfig.cmake
[16.423s] -- Installing: /home/orangepi/ros2_workspace/auto_car/install/share/car_interface/cmake/rosidl_cmake-extras.cmake
[16.423s] -- Installing: /home/orangepi/ros2_workspace/auto_car/install/share/car_interface/cmake/ament_cmake_export_include_directories-extras.cmake
[16.423s] -- Installing: /home/orangepi/ros2_workspace/auto_car/install/share/car_interface/cmake/ament_cmake_export_libraries-extras.cmake
[16.424s] -- Installing: /home/orangepi/ros2_workspace/auto_car/install/share/car_interface/cmake/ament_cmake_export_targets-extras.cmake
[16.424s] -- Installing: /home/orangepi/ros2_workspace/auto_car/install/share/car_interface/cmake/rosidl_cmake_export_typesupport_targets-extras.cmake
[16.424s] -- Installing: /home/orangepi/ros2_workspace/auto_car/install/share/car_interface/cmake/ament_cmake_export_dependencies-extras.cmake
[16.424s] -- Installing: /home/orangepi/ros2_workspace/auto_car/install/share/car_interface/cmake/rosidl_cmake_export_typesupport_libraries-extras.cmake
[16.424s] -- Installing: /home/orangepi/ros2_workspace/auto_car/install/share/car_interface/cmake/car_interfaceConfig.cmake
[16.424s] -- Installing: /home/orangepi/ros2_workspace/auto_car/install/share/car_interface/cmake/car_interfaceConfig-version.cmake
[16.425s] -- Installing: /home/orangepi/ros2_workspace/auto_car/install/share/car_interface/package.xml
[16.429s] Invoked command in '/home/orangepi/ros2_workspace/auto_car/build/car_interface' returned '0': CMAKE_PREFIX_PATH=${CMAKE_PREFIX_PATH}:/root/lanhailidar_ros_ws/install/scan_subscriber:/opt/ros/humble /usr/bin/cmake --install /home/orangepi/ros2_workspace/auto_car/build/car_interface
