[3.793s] Invoking command in '/home/orangepi/ros2_workspace/auto_car/src/car_core': PYTHONPATH=/home/orangepi/ros2_workspace/auto_car/build/car_core/prefix_override:/usr/lib/python3/dist-packages/colcon_core/task/python/colcon_distutils_commands:/home/orangepi/ros2_workspace/auto_car/install/lib/python3.10/site-packages:/home/orangepi/ros2_workspace/auto_car/install/lib/python3.10/site-packages:/home/orangepi/ros2_workspace/auto_car/install/local/lib/python3.10/dist-packages:/root/lanhailidar_ros_ws/install/scan_subscriber/lib/python3.10/site-packages:/root/lanhailidar_ros_ws/install/base/local/lib/python3.10/dist-packages:/opt/ros/humble/lib/python3.10/site-packages:/opt/ros/humble/local/lib/python3.10/dist-packages /usr/bin/python3 -W ignore:setup.py install is deprecated -W ignore:easy_install command is deprecated setup.py egg_info --egg-base ../../build/car_core build --build-base /home/orangepi/ros2_workspace/auto_car/build/car_core/build install --record /home/orangepi/ros2_workspace/auto_car/build/car_core/install.log --single-version-externally-managed install_data
[4.233s] running egg_info
[4.234s] writing ../../build/car_core/car_core.egg-info/PKG-INFO
[4.234s] writing dependency_links to ../../build/car_core/car_core.egg-info/dependency_links.txt
[4.235s] writing entry points to ../../build/car_core/car_core.egg-info/entry_points.txt
[4.236s] writing requirements to ../../build/car_core/car_core.egg-info/requires.txt
[4.237s] writing top-level names to ../../build/car_core/car_core.egg-info/top_level.txt
[4.241s] reading manifest file '../../build/car_core/car_core.egg-info/SOURCES.txt'
[4.243s] writing manifest file '../../build/car_core/car_core.egg-info/SOURCES.txt'
[4.250s] running build
[4.250s] running build_py
[4.251s] running install
[4.255s] running install_lib
[4.256s] running install_data
[4.256s] running install_egg_info
[4.257s] removing '/home/orangepi/ros2_workspace/auto_car/install/lib/python3.10/site-packages/car_core-0.0.0-py3.10.egg-info' (and everything under it)
[4.257s] Copying ../../build/car_core/car_core.egg-info to /home/orangepi/ros2_workspace/auto_car/install/lib/python3.10/site-packages/car_core-0.0.0-py3.10.egg-info
[4.264s] running install_scripts
[4.325s] writing list of installed files to '/home/orangepi/ros2_workspace/auto_car/build/car_core/install.log'
[4.386s] Invoked command in '/home/orangepi/ros2_workspace/auto_car/src/car_core' returned '0': PYTHONPATH=/home/orangepi/ros2_workspace/auto_car/build/car_core/prefix_override:/usr/lib/python3/dist-packages/colcon_core/task/python/colcon_distutils_commands:/home/orangepi/ros2_workspace/auto_car/install/lib/python3.10/site-packages:/home/orangepi/ros2_workspace/auto_car/install/lib/python3.10/site-packages:/home/orangepi/ros2_workspace/auto_car/install/local/lib/python3.10/dist-packages:/root/lanhailidar_ros_ws/install/scan_subscriber/lib/python3.10/site-packages:/root/lanhailidar_ros_ws/install/base/local/lib/python3.10/dist-packages:/opt/ros/humble/lib/python3.10/site-packages:/opt/ros/humble/local/lib/python3.10/dist-packages /usr/bin/python3 -W ignore:setup.py install is deprecated -W ignore:easy_install command is deprecated setup.py egg_info --egg-base ../../build/car_core build --build-base /home/orangepi/ros2_workspace/auto_car/build/car_core/build install --record /home/orangepi/ros2_workspace/auto_car/build/car_core/install.log --single-version-externally-managed install_data
