[1.956s] Invoking command in '/home/orangepi/ros2_workspace/auto_car/src/nav2_t265_pyrealsense': PYTHONPATH=/home/orangepi/ros2_workspace/auto_car/build/nav2_t265_pyrealsense/prefix_override:/usr/lib/python3/dist-packages/colcon_core/task/python/colcon_distutils_commands:/home/orangepi/ros2_workspace/auto_car/install/lib/python3.10/site-packages:${PYTHONPATH} /usr/bin/python3 -W ignore:setup.py install is deprecated -W ignore:easy_install command is deprecated setup.py egg_info --egg-base ../../build/nav2_t265_pyrealsense build --build-base /home/orangepi/ros2_workspace/auto_car/build/nav2_t265_pyrealsense/build install --record /home/orangepi/ros2_workspace/auto_car/build/nav2_t265_pyrealsense/install.log --single-version-externally-managed install_data
[2.323s] running egg_info
[2.326s] writing ../../build/nav2_t265_pyrealsense/nav2_t265_pyrealsense.egg-info/PKG-INFO
[2.326s] writing dependency_links to ../../build/nav2_t265_pyrealsense/nav2_t265_pyrealsense.egg-info/dependency_links.txt
[2.326s] writing entry points to ../../build/nav2_t265_pyrealsense/nav2_t265_pyrealsense.egg-info/entry_points.txt
[2.326s] writing requirements to ../../build/nav2_t265_pyrealsense/nav2_t265_pyrealsense.egg-info/requires.txt
[2.326s] writing top-level names to ../../build/nav2_t265_pyrealsense/nav2_t265_pyrealsense.egg-info/top_level.txt
[2.327s] reading manifest file '../../build/nav2_t265_pyrealsense/nav2_t265_pyrealsense.egg-info/SOURCES.txt'
[2.340s] writing manifest file '../../build/nav2_t265_pyrealsense/nav2_t265_pyrealsense.egg-info/SOURCES.txt'
[2.345s] running build
[2.346s] running build_py
[2.348s] running install
[2.349s] running install_lib
[2.349s] running install_data
[2.350s] running install_egg_info
[2.350s] removing '/home/orangepi/ros2_workspace/auto_car/install/lib/python3.10/site-packages/nav2_t265_pyrealsense-0.0.0-py3.10.egg-info' (and everything under it)
[2.359s] Copying ../../build/nav2_t265_pyrealsense/nav2_t265_pyrealsense.egg-info to /home/orangepi/ros2_workspace/auto_car/install/lib/python3.10/site-packages/nav2_t265_pyrealsense-0.0.0-py3.10.egg-info
[2.360s] running install_scripts
[2.384s] Installing nav2_client script to /home/orangepi/ros2_workspace/auto_car/install/lib/nav2_t265_pyrealsense
[2.384s] Installing t265_driver script to /home/orangepi/ros2_workspace/auto_car/install/lib/nav2_t265_pyrealsense
[2.389s] writing list of installed files to '/home/orangepi/ros2_workspace/auto_car/build/nav2_t265_pyrealsense/install.log'
[4.224s] Invoked command in '/home/orangepi/ros2_workspace/auto_car/src/nav2_t265_pyrealsense' returned '0': PYTHONPATH=/home/orangepi/ros2_workspace/auto_car/build/nav2_t265_pyrealsense/prefix_override:/usr/lib/python3/dist-packages/colcon_core/task/python/colcon_distutils_commands:/home/orangepi/ros2_workspace/auto_car/install/lib/python3.10/site-packages:${PYTHONPATH} /usr/bin/python3 -W ignore:setup.py install is deprecated -W ignore:easy_install command is deprecated setup.py egg_info --egg-base ../../build/nav2_t265_pyrealsense build --build-base /home/orangepi/ros2_workspace/auto_car/build/nav2_t265_pyrealsense/build install --record /home/orangepi/ros2_workspace/auto_car/build/nav2_t265_pyrealsense/install.log --single-version-externally-managed install_data
