[0.088s] Invoking command in '/home/orangepi/ros2_workspace/auto_car/build/car_t265_interface': CMAKE_PREFIX_PATH=${CMAKE_PREFIX_PATH}:/root/lanhailidar_ros_ws/install/scan_subscriber:/opt/ros/humble /usr/bin/cmake --build /home/orangepi/ros2_workspace/auto_car/build/car_t265_interface -- -j8 -l8
[0.983s] [  1%] Built target car_t265_interface__cpp
[0.984s] [ 12%] Built target car_t265_interface__rosidl_generator_c
[0.984s] [ 12%] Built target ament_cmake_python_copy_car_t265_interface
[0.985s] [ 23%] Built target car_t265_interface__rosidl_typesupport_c
[0.985s] [ 34%] Built target car_t265_interface__rosidl_typesupport_introspection_c
[0.986s] [ 45%] Built target car_t265_interface__rosidl_typesupport_introspection_cpp
[0.986s] [ 56%] Built target car_t265_interface__rosidl_typesupport_fastrtps_c
[0.986s] [ 67%] Built target car_t265_interface__rosidl_typesupport_cpp
[0.987s] [ 78%] Built target car_t265_interface__rosidl_typesupport_fastrtps_cpp
[1.056s] [ 78%] Built target car_t265_interface
[1.149s] [ 80%] Built target car_t265_interface__py
[1.234s] running egg_info
[1.236s] writing car_t265_interface.egg-info/PKG-INFO
[1.237s] writing dependency_links to car_t265_interface.egg-info/dependency_links.txt
[1.237s] writing top-level names to car_t265_interface.egg-info/top_level.txt
[1.249s] reading manifest file 'car_t265_interface.egg-info/SOURCES.txt'
[1.253s] writing manifest file 'car_t265_interface.egg-info/SOURCES.txt'
[1.281s] [ 89%] Built target car_t265_interface__rosidl_generator_py
[1.331s] [ 89%] Built target ament_cmake_python_build_car_t265_interface_egg
[1.337s] [ 92%] Built target car_t265_interface__rosidl_typesupport_c__pyext
[1.355s] [ 98%] Built target car_t265_interface__rosidl_typesupport_fastrtps_c__pyext
[1.355s] [100%] Built target car_t265_interface__rosidl_typesupport_introspection_c__pyext
[1.444s] Invoked command in '/home/orangepi/ros2_workspace/auto_car/build/car_t265_interface' returned '0': CMAKE_PREFIX_PATH=${CMAKE_PREFIX_PATH}:/root/lanhailidar_ros_ws/install/scan_subscriber:/opt/ros/humble /usr/bin/cmake --build /home/orangepi/ros2_workspace/auto_car/build/car_t265_interface -- -j8 -l8
[1.456s] Invoking command in '/home/orangepi/ros2_workspace/auto_car/build/car_t265_interface': CMAKE_PREFIX_PATH=${CMAKE_PREFIX_PATH}:/root/lanhailidar_ros_ws/install/scan_subscriber:/opt/ros/humble /usr/bin/cmake --install /home/orangepi/ros2_workspace/auto_car/build/car_t265_interface
[1.531s] -- Install configuration: ""
[1.531s] -- Up-to-date: /home/orangepi/ros2_workspace/auto_car/install/share/ament_index/resource_index/rosidl_interfaces/car_t265_interface
[1.531s] -- Up-to-date: /home/orangepi/ros2_workspace/auto_car/install/include/car_t265_interface/car_t265_interface
[1.539s] -- Up-to-date: /home/orangepi/ros2_workspace/auto_car/install/include/car_t265_interface/car_t265_interface/msg
[1.540s] -- Up-to-date: /home/orangepi/ros2_workspace/auto_car/install/include/car_t265_interface/car_t265_interface/msg/detail
[1.540s] -- Up-to-date: /home/orangepi/ros2_workspace/auto_car/install/include/car_t265_interface/car_t265_interface/msg/detail/motor_command__struct.h
[1.541s] -- Up-to-date: /home/orangepi/ros2_workspace/auto_car/install/include/car_t265_interface/car_t265_interface/msg/detail/serial_data__struct.h
[1.541s] -- Up-to-date: /home/orangepi/ros2_workspace/auto_car/install/include/car_t265_interface/car_t265_interface/msg/detail/t265_data__functions.h
[1.541s] -- Up-to-date: /home/orangepi/ros2_workspace/auto_car/install/include/car_t265_interface/car_t265_interface/msg/detail/serial_data__functions.h
[1.542s] -- Up-to-date: /home/orangepi/ros2_workspace/auto_car/install/include/car_t265_interface/car_t265_interface/msg/detail/motor_command__functions.c
[1.542s] -- Up-to-date: /home/orangepi/ros2_workspace/auto_car/install/include/car_t265_interface/car_t265_interface/msg/detail/motor_command__functions.h
[1.543s] -- Up-to-date: /home/orangepi/ros2_workspace/auto_car/install/include/car_t265_interface/car_t265_interface/msg/detail/t265_data__type_support.h
[1.543s] -- Up-to-date: /home/orangepi/ros2_workspace/auto_car/install/include/car_t265_interface/car_t265_interface/msg/detail/motor_command__type_support.h
[1.543s] -- Up-to-date: /home/orangepi/ros2_workspace/auto_car/install/include/car_t265_interface/car_t265_interface/msg/detail/serial_data__type_support.h
[1.544s] -- Up-to-date: /home/orangepi/ros2_workspace/auto_car/install/include/car_t265_interface/car_t265_interface/msg/detail/serial_data__functions.c
[1.544s] -- Up-to-date: /home/orangepi/ros2_workspace/auto_car/install/include/car_t265_interface/car_t265_interface/msg/detail/t265_data__struct.h
[1.545s] -- Up-to-date: /home/orangepi/ros2_workspace/auto_car/install/include/car_t265_interface/car_t265_interface/msg/detail/t265_data__functions.c
[1.545s] -- Up-to-date: /home/orangepi/ros2_workspace/auto_car/install/include/car_t265_interface/car_t265_interface/msg/motor_command.h
[1.545s] -- Up-to-date: /home/orangepi/ros2_workspace/auto_car/install/include/car_t265_interface/car_t265_interface/msg/rosidl_generator_c__visibility_control.h
[1.546s] -- Up-to-date: /home/orangepi/ros2_workspace/auto_car/install/include/car_t265_interface/car_t265_interface/msg/t265_data.h
[1.546s] -- Up-to-date: /home/orangepi/ros2_workspace/auto_car/install/include/car_t265_interface/car_t265_interface/msg/serial_data.h
[1.547s] -- Up-to-date: /home/orangepi/ros2_workspace/auto_car/install/include/car_t265_interface/car_t265_interface/srv
[1.547s] -- Up-to-date: /home/orangepi/ros2_workspace/auto_car/install/include/car_t265_interface/car_t265_interface/srv/detail
[1.548s] -- Up-to-date: /home/orangepi/ros2_workspace/auto_car/install/include/car_t265_interface/car_t265_interface/srv/detail/send_command__struct.h
[1.548s] -- Up-to-date: /home/orangepi/ros2_workspace/auto_car/install/include/car_t265_interface/car_t265_interface/srv/detail/send_command__type_support.h
[1.549s] -- Up-to-date: /home/orangepi/ros2_workspace/auto_car/install/include/car_t265_interface/car_t265_interface/srv/detail/send_command__functions.c
[1.553s] -- Up-to-date: /home/orangepi/ros2_workspace/auto_car/install/include/car_t265_interface/car_t265_interface/srv/detail/send_command__functions.h
[1.553s] -- Up-to-date: /home/orangepi/ros2_workspace/auto_car/install/include/car_t265_interface/car_t265_interface/srv/send_command.h
[1.555s] -- Up-to-date: /home/orangepi/ros2_workspace/auto_car/install/share/car_t265_interface/environment/library_path.sh
[1.557s] -- Up-to-date: /home/orangepi/ros2_workspace/auto_car/install/share/car_t265_interface/environment/library_path.dsv
[1.558s] -- Up-to-date: /home/orangepi/ros2_workspace/auto_car/install/lib/libcar_t265_interface__rosidl_generator_c.so
[1.559s] -- Up-to-date: /home/orangepi/ros2_workspace/auto_car/install/include/car_t265_interface/car_t265_interface
[1.559s] -- Up-to-date: /home/orangepi/ros2_workspace/auto_car/install/include/car_t265_interface/car_t265_interface/msg
[1.559s] -- Up-to-date: /home/orangepi/ros2_workspace/auto_car/install/include/car_t265_interface/car_t265_interface/msg/detail
[1.560s] -- Up-to-date: /home/orangepi/ros2_workspace/auto_car/install/include/car_t265_interface/car_t265_interface/msg/detail/motor_command__rosidl_typesupport_fastrtps_c.h
[1.560s] -- Up-to-date: /home/orangepi/ros2_workspace/auto_car/install/include/car_t265_interface/car_t265_interface/msg/detail/serial_data__rosidl_typesupport_fastrtps_c.h
[1.561s] -- Up-to-date: /home/orangepi/ros2_workspace/auto_car/install/include/car_t265_interface/car_t265_interface/msg/detail/t265_data__rosidl_typesupport_fastrtps_c.h
[1.561s] -- Up-to-date: /home/orangepi/ros2_workspace/auto_car/install/include/car_t265_interface/car_t265_interface/msg/rosidl_typesupport_fastrtps_c__visibility_control.h
[1.561s] -- Up-to-date: /home/orangepi/ros2_workspace/auto_car/install/include/car_t265_interface/car_t265_interface/srv
[1.562s] -- Up-to-date: /home/orangepi/ros2_workspace/auto_car/install/include/car_t265_interface/car_t265_interface/srv/detail
[1.562s] -- Up-to-date: /home/orangepi/ros2_workspace/auto_car/install/include/car_t265_interface/car_t265_interface/srv/detail/send_command__rosidl_typesupport_fastrtps_c.h
[1.563s] -- Up-to-date: /home/orangepi/ros2_workspace/auto_car/install/lib/libcar_t265_interface__rosidl_typesupport_fastrtps_c.so
[1.563s] -- Up-to-date: /home/orangepi/ros2_workspace/auto_car/install/include/car_t265_interface/car_t265_interface
[1.566s] -- Up-to-date: /home/orangepi/ros2_workspace/auto_car/install/include/car_t265_interface/car_t265_interface/msg
[1.566s] -- Up-to-date: /home/orangepi/ros2_workspace/auto_car/install/include/car_t265_interface/car_t265_interface/msg/detail
[1.566s] -- Up-to-date: /home/orangepi/ros2_workspace/auto_car/install/include/car_t265_interface/car_t265_interface/msg/detail/t265_data__rosidl_typesupport_introspection_c.h
[1.567s] -- Up-to-date: /home/orangepi/ros2_workspace/auto_car/install/include/car_t265_interface/car_t265_interface/msg/detail/motor_command__type_support.c
[1.567s] -- Up-to-date: /home/orangepi/ros2_workspace/auto_car/install/include/car_t265_interface/car_t265_interface/msg/detail/t265_data__type_support.c
[1.568s] -- Up-to-date: /home/orangepi/ros2_workspace/auto_car/install/include/car_t265_interface/car_t265_interface/msg/detail/serial_data__rosidl_typesupport_introspection_c.h
[1.568s] -- Up-to-date: /home/orangepi/ros2_workspace/auto_car/install/include/car_t265_interface/car_t265_interface/msg/detail/serial_data__type_support.c
[1.569s] -- Up-to-date: /home/orangepi/ros2_workspace/auto_car/install/include/car_t265_interface/car_t265_interface/msg/detail/motor_command__rosidl_typesupport_introspection_c.h
[1.569s] -- Up-to-date: /home/orangepi/ros2_workspace/auto_car/install/include/car_t265_interface/car_t265_interface/msg/rosidl_typesupport_introspection_c__visibility_control.h
[1.571s] -- Up-to-date: /home/orangepi/ros2_workspace/auto_car/install/include/car_t265_interface/car_t265_interface/srv
[1.571s] -- Up-to-date: /home/orangepi/ros2_workspace/auto_car/install/include/car_t265_interface/car_t265_interface/srv/detail
[1.572s] -- Up-to-date: /home/orangepi/ros2_workspace/auto_car/install/include/car_t265_interface/car_t265_interface/srv/detail/send_command__type_support.c
[1.572s] -- Up-to-date: /home/orangepi/ros2_workspace/auto_car/install/include/car_t265_interface/car_t265_interface/srv/detail/send_command__rosidl_typesupport_introspection_c.h
[1.584s] -- Up-to-date: /home/orangepi/ros2_workspace/auto_car/install/lib/libcar_t265_interface__rosidl_typesupport_introspection_c.so
[1.585s] -- Up-to-date: /home/orangepi/ros2_workspace/auto_car/install/lib/libcar_t265_interface__rosidl_typesupport_c.so
[1.585s] -- Up-to-date: /home/orangepi/ros2_workspace/auto_car/install/include/car_t265_interface/car_t265_interface
[1.585s] -- Up-to-date: /home/orangepi/ros2_workspace/auto_car/install/include/car_t265_interface/car_t265_interface/msg
[1.586s] -- Up-to-date: /home/orangepi/ros2_workspace/auto_car/install/include/car_t265_interface/car_t265_interface/msg/detail
[1.586s] -- Up-to-date: /home/orangepi/ros2_workspace/auto_car/install/include/car_t265_interface/car_t265_interface/msg/detail/t265_data__struct.hpp
[1.587s] -- Up-to-date: /home/orangepi/ros2_workspace/auto_car/install/include/car_t265_interface/car_t265_interface/msg/detail/motor_command__traits.hpp
[1.587s] -- Up-to-date: /home/orangepi/ros2_workspace/auto_car/install/include/car_t265_interface/car_t265_interface/msg/detail/t265_data__type_support.hpp
[1.588s] -- Up-to-date: /home/orangepi/ros2_workspace/auto_car/install/include/car_t265_interface/car_t265_interface/msg/detail/t265_data__traits.hpp
[1.588s] -- Up-to-date: /home/orangepi/ros2_workspace/auto_car/install/include/car_t265_interface/car_t265_interface/msg/detail/serial_data__builder.hpp
[1.589s] -- Up-to-date: /home/orangepi/ros2_workspace/auto_car/install/include/car_t265_interface/car_t265_interface/msg/detail/serial_data__traits.hpp
[1.589s] -- Up-to-date: /home/orangepi/ros2_workspace/auto_car/install/include/car_t265_interface/car_t265_interface/msg/detail/serial_data__struct.hpp
[1.590s] -- Up-to-date: /home/orangepi/ros2_workspace/auto_car/install/include/car_t265_interface/car_t265_interface/msg/detail/t265_data__builder.hpp
[1.590s] -- Up-to-date: /home/orangepi/ros2_workspace/auto_car/install/include/car_t265_interface/car_t265_interface/msg/detail/motor_command__builder.hpp
[1.591s] -- Up-to-date: /home/orangepi/ros2_workspace/auto_car/install/include/car_t265_interface/car_t265_interface/msg/detail/motor_command__type_support.hpp
[1.591s] -- Up-to-date: /home/orangepi/ros2_workspace/auto_car/install/include/car_t265_interface/car_t265_interface/msg/detail/motor_command__struct.hpp
[1.592s] -- Up-to-date: /home/orangepi/ros2_workspace/auto_car/install/include/car_t265_interface/car_t265_interface/msg/detail/serial_data__type_support.hpp
[1.592s] -- Up-to-date: /home/orangepi/ros2_workspace/auto_car/install/include/car_t265_interface/car_t265_interface/msg/rosidl_generator_cpp__visibility_control.hpp
[1.592s] -- Up-to-date: /home/orangepi/ros2_workspace/auto_car/install/include/car_t265_interface/car_t265_interface/msg/motor_command.hpp
[1.593s] -- Up-to-date: /home/orangepi/ros2_workspace/auto_car/install/include/car_t265_interface/car_t265_interface/msg/t265_data.hpp
[1.593s] -- Up-to-date: /home/orangepi/ros2_workspace/auto_car/install/include/car_t265_interface/car_t265_interface/msg/serial_data.hpp
[1.594s] -- Up-to-date: /home/orangepi/ros2_workspace/auto_car/install/include/car_t265_interface/car_t265_interface/srv
[1.594s] -- Up-to-date: /home/orangepi/ros2_workspace/auto_car/install/include/car_t265_interface/car_t265_interface/srv/detail
[1.594s] -- Up-to-date: /home/orangepi/ros2_workspace/auto_car/install/include/car_t265_interface/car_t265_interface/srv/detail/send_command__struct.hpp
[1.595s] -- Up-to-date: /home/orangepi/ros2_workspace/auto_car/install/include/car_t265_interface/car_t265_interface/srv/detail/send_command__traits.hpp
[1.595s] -- Up-to-date: /home/orangepi/ros2_workspace/auto_car/install/include/car_t265_interface/car_t265_interface/srv/detail/send_command__builder.hpp
[1.596s] -- Up-to-date: /home/orangepi/ros2_workspace/auto_car/install/include/car_t265_interface/car_t265_interface/srv/detail/send_command__type_support.hpp
[1.596s] -- Up-to-date: /home/orangepi/ros2_workspace/auto_car/install/include/car_t265_interface/car_t265_interface/srv/send_command.hpp
[1.597s] -- Up-to-date: /home/orangepi/ros2_workspace/auto_car/install/include/car_t265_interface/car_t265_interface
[1.597s] -- Up-to-date: /home/orangepi/ros2_workspace/auto_car/install/include/car_t265_interface/car_t265_interface/msg
[1.597s] -- Up-to-date: /home/orangepi/ros2_workspace/auto_car/install/include/car_t265_interface/car_t265_interface/msg/detail
[1.598s] -- Up-to-date: /home/orangepi/ros2_workspace/auto_car/install/include/car_t265_interface/car_t265_interface/msg/detail/t265_data__rosidl_typesupport_fastrtps_cpp.hpp
[1.598s] -- Up-to-date: /home/orangepi/ros2_workspace/auto_car/install/include/car_t265_interface/car_t265_interface/msg/detail/motor_command__rosidl_typesupport_fastrtps_cpp.hpp
[1.599s] -- Up-to-date: /home/orangepi/ros2_workspace/auto_car/install/include/car_t265_interface/car_t265_interface/msg/detail/serial_data__rosidl_typesupport_fastrtps_cpp.hpp
[1.599s] -- Up-to-date: /home/orangepi/ros2_workspace/auto_car/install/include/car_t265_interface/car_t265_interface/msg/detail/dds_fastrtps
[1.599s] -- Up-to-date: /home/orangepi/ros2_workspace/auto_car/install/include/car_t265_interface/car_t265_interface/msg/rosidl_typesupport_fastrtps_cpp__visibility_control.h
[1.600s] -- Up-to-date: /home/orangepi/ros2_workspace/auto_car/install/include/car_t265_interface/car_t265_interface/srv
[1.600s] -- Up-to-date: /home/orangepi/ros2_workspace/auto_car/install/include/car_t265_interface/car_t265_interface/srv/detail
[1.601s] -- Up-to-date: /home/orangepi/ros2_workspace/auto_car/install/include/car_t265_interface/car_t265_interface/srv/detail/send_command__rosidl_typesupport_fastrtps_cpp.hpp
[1.601s] -- Up-to-date: /home/orangepi/ros2_workspace/auto_car/install/include/car_t265_interface/car_t265_interface/srv/detail/dds_fastrtps
[1.601s] -- Up-to-date: /home/orangepi/ros2_workspace/auto_car/install/lib/libcar_t265_interface__rosidl_typesupport_fastrtps_cpp.so
[1.602s] -- Up-to-date: /home/orangepi/ros2_workspace/auto_car/install/include/car_t265_interface/car_t265_interface
[1.602s] -- Up-to-date: /home/orangepi/ros2_workspace/auto_car/install/include/car_t265_interface/car_t265_interface/msg
[1.602s] -- Up-to-date: /home/orangepi/ros2_workspace/auto_car/install/include/car_t265_interface/car_t265_interface/msg/detail
[1.603s] -- Up-to-date: /home/orangepi/ros2_workspace/auto_car/install/include/car_t265_interface/car_t265_interface/msg/detail/serial_data__type_support.cpp
[1.603s] -- Up-to-date: /home/orangepi/ros2_workspace/auto_car/install/include/car_t265_interface/car_t265_interface/msg/detail/t265_data__type_support.cpp
[1.604s] -- Up-to-date: /home/orangepi/ros2_workspace/auto_car/install/include/car_t265_interface/car_t265_interface/msg/detail/motor_command__rosidl_typesupport_introspection_cpp.hpp
[1.604s] -- Up-to-date: /home/orangepi/ros2_workspace/auto_car/install/include/car_t265_interface/car_t265_interface/msg/detail/t265_data__rosidl_typesupport_introspection_cpp.hpp
[1.605s] -- Up-to-date: /home/orangepi/ros2_workspace/auto_car/install/include/car_t265_interface/car_t265_interface/msg/detail/serial_data__rosidl_typesupport_introspection_cpp.hpp
[1.605s] -- Up-to-date: /home/orangepi/ros2_workspace/auto_car/install/include/car_t265_interface/car_t265_interface/msg/detail/motor_command__type_support.cpp
[1.606s] -- Up-to-date: /home/orangepi/ros2_workspace/auto_car/install/include/car_t265_interface/car_t265_interface/srv
[1.606s] -- Up-to-date: /home/orangepi/ros2_workspace/auto_car/install/include/car_t265_interface/car_t265_interface/srv/detail
[1.606s] -- Up-to-date: /home/orangepi/ros2_workspace/auto_car/install/include/car_t265_interface/car_t265_interface/srv/detail/send_command__type_support.cpp
[1.607s] -- Up-to-date: /home/orangepi/ros2_workspace/auto_car/install/include/car_t265_interface/car_t265_interface/srv/detail/send_command__rosidl_typesupport_introspection_cpp.hpp
[1.607s] -- Up-to-date: /home/orangepi/ros2_workspace/auto_car/install/lib/libcar_t265_interface__rosidl_typesupport_introspection_cpp.so
[1.608s] -- Up-to-date: /home/orangepi/ros2_workspace/auto_car/install/lib/libcar_t265_interface__rosidl_typesupport_cpp.so
[1.608s] -- Up-to-date: /home/orangepi/ros2_workspace/auto_car/install/share/car_t265_interface/environment/pythonpath.sh
[1.608s] -- Up-to-date: /home/orangepi/ros2_workspace/auto_car/install/share/car_t265_interface/environment/pythonpath.dsv
[1.609s] -- Up-to-date: /home/orangepi/ros2_workspace/auto_car/install/local/lib/python3.10/dist-packages/car_t265_interface-0.0.0-py3.10.egg-info
[1.609s] -- Installing: /home/orangepi/ros2_workspace/auto_car/install/local/lib/python3.10/dist-packages/car_t265_interface-0.0.0-py3.10.egg-info/PKG-INFO
[1.610s] -- Installing: /home/orangepi/ros2_workspace/auto_car/install/local/lib/python3.10/dist-packages/car_t265_interface-0.0.0-py3.10.egg-info/dependency_links.txt
[1.611s] -- Installing: /home/orangepi/ros2_workspace/auto_car/install/local/lib/python3.10/dist-packages/car_t265_interface-0.0.0-py3.10.egg-info/SOURCES.txt
[1.611s] -- Installing: /home/orangepi/ros2_workspace/auto_car/install/local/lib/python3.10/dist-packages/car_t265_interface-0.0.0-py3.10.egg-info/top_level.txt
[1.612s] -- Up-to-date: /home/orangepi/ros2_workspace/auto_car/install/local/lib/python3.10/dist-packages/car_t265_interface
[1.612s] -- Up-to-date: /home/orangepi/ros2_workspace/auto_car/install/local/lib/python3.10/dist-packages/car_t265_interface/msg
[1.612s] -- Up-to-date: /home/orangepi/ros2_workspace/auto_car/install/local/lib/python3.10/dist-packages/car_t265_interface/msg/_t265_data.py
[1.613s] -- Up-to-date: /home/orangepi/ros2_workspace/auto_car/install/local/lib/python3.10/dist-packages/car_t265_interface/msg/_t265_data_s.c
[1.613s] -- Up-to-date: /home/orangepi/ros2_workspace/auto_car/install/local/lib/python3.10/dist-packages/car_t265_interface/msg/_serial_data.py
[1.614s] -- Up-to-date: /home/orangepi/ros2_workspace/auto_car/install/local/lib/python3.10/dist-packages/car_t265_interface/msg/_motor_command.py
[1.614s] -- Up-to-date: /home/orangepi/ros2_workspace/auto_car/install/local/lib/python3.10/dist-packages/car_t265_interface/msg/__init__.py
[1.615s] -- Up-to-date: /home/orangepi/ros2_workspace/auto_car/install/local/lib/python3.10/dist-packages/car_t265_interface/msg/_motor_command_s.c
[1.616s] -- Up-to-date: /home/orangepi/ros2_workspace/auto_car/install/local/lib/python3.10/dist-packages/car_t265_interface/msg/_serial_data_s.c
[1.616s] -- Up-to-date: /home/orangepi/ros2_workspace/auto_car/install/local/lib/python3.10/dist-packages/car_t265_interface/car_t265_interface_s__rosidl_typesupport_fastrtps_c.cpython-310-aarch64-linux-gnu.so
[1.616s] -- Up-to-date: /home/orangepi/ros2_workspace/auto_car/install/local/lib/python3.10/dist-packages/car_t265_interface/srv
[1.617s] -- Up-to-date: /home/orangepi/ros2_workspace/auto_car/install/local/lib/python3.10/dist-packages/car_t265_interface/srv/_send_command.py
[1.617s] -- Up-to-date: /home/orangepi/ros2_workspace/auto_car/install/local/lib/python3.10/dist-packages/car_t265_interface/srv/__init__.py
[1.618s] -- Up-to-date: /home/orangepi/ros2_workspace/auto_car/install/local/lib/python3.10/dist-packages/car_t265_interface/srv/_send_command_s.c
[1.618s] -- Up-to-date: /home/orangepi/ros2_workspace/auto_car/install/local/lib/python3.10/dist-packages/car_t265_interface/car_t265_interface_s__rosidl_typesupport_c.cpython-310-aarch64-linux-gnu.so
[1.618s] -- Up-to-date: /home/orangepi/ros2_workspace/auto_car/install/local/lib/python3.10/dist-packages/car_t265_interface/_car_t265_interface_s.ep.rosidl_typesupport_fastrtps_c.c
[1.619s] -- Up-to-date: /home/orangepi/ros2_workspace/auto_car/install/local/lib/python3.10/dist-packages/car_t265_interface/libcar_t265_interface__rosidl_generator_py.so
[1.619s] -- Up-to-date: /home/orangepi/ros2_workspace/auto_car/install/local/lib/python3.10/dist-packages/car_t265_interface/_car_t265_interface_s.ep.rosidl_typesupport_c.c
[1.619s] -- Up-to-date: /home/orangepi/ros2_workspace/auto_car/install/local/lib/python3.10/dist-packages/car_t265_interface/__init__.py
[1.620s] -- Up-to-date: /home/orangepi/ros2_workspace/auto_car/install/local/lib/python3.10/dist-packages/car_t265_interface/_car_t265_interface_s.ep.rosidl_typesupport_introspection_c.c
[1.620s] -- Up-to-date: /home/orangepi/ros2_workspace/auto_car/install/local/lib/python3.10/dist-packages/car_t265_interface/car_t265_interface_s__rosidl_typesupport_introspection_c.cpython-310-aarch64-linux-gnu.so
[1.622s] Listing '/home/orangepi/ros2_workspace/auto_car/install/local/lib/python3.10/dist-packages/car_t265_interface'...
[1.622s] Listing '/home/orangepi/ros2_workspace/auto_car/install/local/lib/python3.10/dist-packages/car_t265_interface/msg'...
[1.623s] Listing '/home/orangepi/ros2_workspace/auto_car/install/local/lib/python3.10/dist-packages/car_t265_interface/srv'...
[1.659s] -- Up-to-date: /home/orangepi/ros2_workspace/auto_car/install/local/lib/python3.10/dist-packages/car_t265_interface/car_t265_interface_s__rosidl_typesupport_fastrtps_c.cpython-310-aarch64-linux-gnu.so
[1.663s] -- Up-to-date: /home/orangepi/ros2_workspace/auto_car/install/local/lib/python3.10/dist-packages/car_t265_interface/car_t265_interface_s__rosidl_typesupport_introspection_c.cpython-310-aarch64-linux-gnu.so
[1.665s] -- Up-to-date: /home/orangepi/ros2_workspace/auto_car/install/local/lib/python3.10/dist-packages/car_t265_interface/car_t265_interface_s__rosidl_typesupport_c.cpython-310-aarch64-linux-gnu.so
[1.668s] -- Up-to-date: /home/orangepi/ros2_workspace/auto_car/install/lib/libcar_t265_interface__rosidl_generator_py.so
[1.669s] -- Up-to-date: /home/orangepi/ros2_workspace/auto_car/install/share/car_t265_interface/msg/MotorCommand.idl
[1.681s] -- Up-to-date: /home/orangepi/ros2_workspace/auto_car/install/share/car_t265_interface/msg/SerialData.idl
[1.683s] -- Up-to-date: /home/orangepi/ros2_workspace/auto_car/install/share/car_t265_interface/srv/SendCommand.idl
[1.683s] -- Up-to-date: /home/orangepi/ros2_workspace/auto_car/install/share/car_t265_interface/msg/T265Data.idl
[1.685s] -- Up-to-date: /home/orangepi/ros2_workspace/auto_car/install/share/car_t265_interface/msg/MotorCommand.msg
[1.686s] -- Up-to-date: /home/orangepi/ros2_workspace/auto_car/install/share/car_t265_interface/msg/SerialData.msg
[1.686s] -- Up-to-date: /home/orangepi/ros2_workspace/auto_car/install/share/car_t265_interface/srv/SendCommand.srv
[1.687s] -- Up-to-date: /home/orangepi/ros2_workspace/auto_car/install/share/car_t265_interface/srv/SendCommand_Request.msg
[1.688s] -- Up-to-date: /home/orangepi/ros2_workspace/auto_car/install/share/car_t265_interface/srv/SendCommand_Response.msg
[1.689s] -- Up-to-date: /home/orangepi/ros2_workspace/auto_car/install/share/car_t265_interface/msg/T265Data.msg
[1.690s] -- Up-to-date: /home/orangepi/ros2_workspace/auto_car/install/share/ament_index/resource_index/package_run_dependencies/car_t265_interface
[1.691s] -- Up-to-date: /home/orangepi/ros2_workspace/auto_car/install/share/ament_index/resource_index/parent_prefix_path/car_t265_interface
[1.693s] -- Up-to-date: /home/orangepi/ros2_workspace/auto_car/install/share/car_t265_interface/environment/ament_prefix_path.sh
[1.694s] -- Up-to-date: /home/orangepi/ros2_workspace/auto_car/install/share/car_t265_interface/environment/ament_prefix_path.dsv
[1.695s] -- Up-to-date: /home/orangepi/ros2_workspace/auto_car/install/share/car_t265_interface/environment/path.sh
[1.697s] -- Up-to-date: /home/orangepi/ros2_workspace/auto_car/install/share/car_t265_interface/environment/path.dsv
[1.699s] -- Up-to-date: /home/orangepi/ros2_workspace/auto_car/install/share/car_t265_interface/local_setup.bash
[1.699s] -- Up-to-date: /home/orangepi/ros2_workspace/auto_car/install/share/car_t265_interface/local_setup.sh
[1.700s] -- Up-to-date: /home/orangepi/ros2_workspace/auto_car/install/share/car_t265_interface/local_setup.zsh
[1.700s] -- Up-to-date: /home/orangepi/ros2_workspace/auto_car/install/share/car_t265_interface/local_setup.dsv
[1.701s] -- Installing: /home/orangepi/ros2_workspace/auto_car/install/share/car_t265_interface/package.dsv
[1.702s] -- Up-to-date: /home/orangepi/ros2_workspace/auto_car/install/share/ament_index/resource_index/packages/car_t265_interface
[1.703s] -- Up-to-date: /home/orangepi/ros2_workspace/auto_car/install/share/car_t265_interface/cmake/export_car_t265_interface__rosidl_generator_cExport.cmake
[1.703s] -- Up-to-date: /home/orangepi/ros2_workspace/auto_car/install/share/car_t265_interface/cmake/export_car_t265_interface__rosidl_generator_cExport-noconfig.cmake
[1.705s] -- Up-to-date: /home/orangepi/ros2_workspace/auto_car/install/share/car_t265_interface/cmake/export_car_t265_interface__rosidl_typesupport_fastrtps_cExport.cmake
[1.708s] -- Up-to-date: /home/orangepi/ros2_workspace/auto_car/install/share/car_t265_interface/cmake/export_car_t265_interface__rosidl_typesupport_fastrtps_cExport-noconfig.cmake
[1.710s] -- Up-to-date: /home/orangepi/ros2_workspace/auto_car/install/share/car_t265_interface/cmake/car_t265_interface__rosidl_typesupport_introspection_cExport.cmake
[1.710s] -- Up-to-date: /home/orangepi/ros2_workspace/auto_car/install/share/car_t265_interface/cmake/car_t265_interface__rosidl_typesupport_introspection_cExport-noconfig.cmake
[1.712s] -- Up-to-date: /home/orangepi/ros2_workspace/auto_car/install/share/car_t265_interface/cmake/car_t265_interface__rosidl_typesupport_cExport.cmake
[1.712s] -- Up-to-date: /home/orangepi/ros2_workspace/auto_car/install/share/car_t265_interface/cmake/car_t265_interface__rosidl_typesupport_cExport-noconfig.cmake
[1.713s] -- Up-to-date: /home/orangepi/ros2_workspace/auto_car/install/share/car_t265_interface/cmake/export_car_t265_interface__rosidl_generator_cppExport.cmake
[1.714s] -- Up-to-date: /home/orangepi/ros2_workspace/auto_car/install/share/car_t265_interface/cmake/export_car_t265_interface__rosidl_typesupport_fastrtps_cppExport.cmake
[1.716s] -- Up-to-date: /home/orangepi/ros2_workspace/auto_car/install/share/car_t265_interface/cmake/export_car_t265_interface__rosidl_typesupport_fastrtps_cppExport-noconfig.cmake
[1.718s] -- Up-to-date: /home/orangepi/ros2_workspace/auto_car/install/share/car_t265_interface/cmake/car_t265_interface__rosidl_typesupport_introspection_cppExport.cmake
[1.718s] -- Up-to-date: /home/orangepi/ros2_workspace/auto_car/install/share/car_t265_interface/cmake/car_t265_interface__rosidl_typesupport_introspection_cppExport-noconfig.cmake
[1.719s] -- Up-to-date: /home/orangepi/ros2_workspace/auto_car/install/share/car_t265_interface/cmake/car_t265_interface__rosidl_typesupport_cppExport.cmake
[1.720s] -- Up-to-date: /home/orangepi/ros2_workspace/auto_car/install/share/car_t265_interface/cmake/car_t265_interface__rosidl_typesupport_cppExport-noconfig.cmake
[1.722s] -- Up-to-date: /home/orangepi/ros2_workspace/auto_car/install/share/car_t265_interface/cmake/export_car_t265_interface__rosidl_generator_pyExport.cmake
[1.723s] -- Up-to-date: /home/orangepi/ros2_workspace/auto_car/install/share/car_t265_interface/cmake/export_car_t265_interface__rosidl_generator_pyExport-noconfig.cmake
[1.724s] -- Up-to-date: /home/orangepi/ros2_workspace/auto_car/install/share/car_t265_interface/cmake/rosidl_cmake-extras.cmake
[1.725s] -- Up-to-date: /home/orangepi/ros2_workspace/auto_car/install/share/car_t265_interface/cmake/ament_cmake_export_include_directories-extras.cmake
[1.726s] -- Up-to-date: /home/orangepi/ros2_workspace/auto_car/install/share/car_t265_interface/cmake/ament_cmake_export_libraries-extras.cmake
[1.726s] -- Up-to-date: /home/orangepi/ros2_workspace/auto_car/install/share/car_t265_interface/cmake/ament_cmake_export_targets-extras.cmake
[1.728s] -- Up-to-date: /home/orangepi/ros2_workspace/auto_car/install/share/car_t265_interface/cmake/rosidl_cmake_export_typesupport_targets-extras.cmake
[1.728s] -- Up-to-date: /home/orangepi/ros2_workspace/auto_car/install/share/car_t265_interface/cmake/ament_cmake_export_dependencies-extras.cmake
[1.728s] -- Up-to-date: /home/orangepi/ros2_workspace/auto_car/install/share/car_t265_interface/cmake/rosidl_cmake_export_typesupport_libraries-extras.cmake
[1.729s] -- Up-to-date: /home/orangepi/ros2_workspace/auto_car/install/share/car_t265_interface/cmake/car_t265_interfaceConfig.cmake
[1.730s] -- Up-to-date: /home/orangepi/ros2_workspace/auto_car/install/share/car_t265_interface/cmake/car_t265_interfaceConfig-version.cmake
[1.730s] -- Up-to-date: /home/orangepi/ros2_workspace/auto_car/install/share/car_t265_interface/package.xml
[1.734s] Invoked command in '/home/orangepi/ros2_workspace/auto_car/build/car_t265_interface' returned '0': CMAKE_PREFIX_PATH=${CMAKE_PREFIX_PATH}:/root/lanhailidar_ros_ws/install/scan_subscriber:/opt/ros/humble /usr/bin/cmake --install /home/orangepi/ros2_workspace/auto_car/build/car_t265_interface
