[2.459s] Invoking command in '/home/orangepi/ros2_workspace/auto_car/src/nav2_t265_demo': PYTHONPATH=/home/orangepi/ros2_workspace/auto_car/build/nav2_t265_demo/prefix_override:/usr/lib/python3/dist-packages/colcon_core/task/python/colcon_distutils_commands:/home/orangepi/ros2_workspace/auto_car/install/lib/python3.10/site-packages:${PYTHONPATH} /usr/bin/python3 -W ignore:setup.py install is deprecated -W ignore:easy_install command is deprecated setup.py egg_info --egg-base ../../build/nav2_t265_demo build --build-base /home/orangepi/ros2_workspace/auto_car/build/nav2_t265_demo/build install --record /home/orangepi/ros2_workspace/auto_car/build/nav2_t265_demo/install.log --single-version-externally-managed install_data
[2.845s] running egg_info
[2.846s] writing ../../build/nav2_t265_demo/nav2_t265_demo.egg-info/PKG-INFO
[2.846s] writing dependency_links to ../../build/nav2_t265_demo/nav2_t265_demo.egg-info/dependency_links.txt
[2.847s] writing entry points to ../../build/nav2_t265_demo/nav2_t265_demo.egg-info/entry_points.txt
[2.848s] writing requirements to ../../build/nav2_t265_demo/nav2_t265_demo.egg-info/requires.txt
[2.848s] writing top-level names to ../../build/nav2_t265_demo/nav2_t265_demo.egg-info/top_level.txt
[2.848s] reading manifest file '../../build/nav2_t265_demo/nav2_t265_demo.egg-info/SOURCES.txt'
[2.848s] writing manifest file '../../build/nav2_t265_demo/nav2_t265_demo.egg-info/SOURCES.txt'
[2.848s] running build
[2.849s] running build_py
[2.849s] running install
[2.850s] running install_lib
[2.850s] running install_data
[2.850s] running install_egg_info
[2.850s] removing '/home/orangepi/ros2_workspace/auto_car/install/lib/python3.10/site-packages/nav2_t265_demo-0.0.0-py3.10.egg-info' (and everything under it)
[2.851s] Copying ../../build/nav2_t265_demo/nav2_t265_demo.egg-info to /home/orangepi/ros2_workspace/auto_car/install/lib/python3.10/site-packages/nav2_t265_demo-0.0.0-py3.10.egg-info
[2.851s] running install_scripts
[2.870s] Installing nav_client script to /home/orangepi/ros2_workspace/auto_car/install/lib/nav2_t265_demo
[2.870s] writing list of installed files to '/home/orangepi/ros2_workspace/auto_car/build/nav2_t265_demo/install.log'
[3.272s] Invoked command in '/home/orangepi/ros2_workspace/auto_car/src/nav2_t265_demo' returned '0': PYTHONPATH=/home/orangepi/ros2_workspace/auto_car/build/nav2_t265_demo/prefix_override:/usr/lib/python3/dist-packages/colcon_core/task/python/colcon_distutils_commands:/home/orangepi/ros2_workspace/auto_car/install/lib/python3.10/site-packages:${PYTHONPATH} /usr/bin/python3 -W ignore:setup.py install is deprecated -W ignore:easy_install command is deprecated setup.py egg_info --egg-base ../../build/nav2_t265_demo build --build-base /home/orangepi/ros2_workspace/auto_car/build/nav2_t265_demo/build install --record /home/orangepi/ros2_workspace/auto_car/build/nav2_t265_demo/install.log --single-version-externally-managed install_data
