/home/orangepi/ros2_workspace/auto_car/install/lib/python3.10/site-packages/nav2_t265_pyrealsense/t265_driver.py
/home/orangepi/ros2_workspace/auto_car/install/lib/python3.10/site-packages/nav2_t265_pyrealsense/__init__.py
/home/orangepi/ros2_workspace/auto_car/install/lib/python3.10/site-packages/nav2_t265_pyrealsense/nav2_client.py
/home/orangepi/ros2_workspace/auto_car/install/lib/python3.10/site-packages/nav2_t265_pyrealsense/__pycache__/t265_driver.cpython-310.pyc
/home/orangepi/ros2_workspace/auto_car/install/lib/python3.10/site-packages/nav2_t265_pyrealsense/__pycache__/__init__.cpython-310.pyc
/home/orangepi/ros2_workspace/auto_car/install/lib/python3.10/site-packages/nav2_t265_pyrealsense/__pycache__/nav2_client.cpython-310.pyc
/home/orangepi/ros2_workspace/auto_car/install/share/ament_index/resource_index/packages/nav2_t265_pyrealsense
/home/orangepi/ros2_workspace/auto_car/install/share/nav2_t265_pyrealsense/package.xml
/home/orangepi/ros2_workspace/auto_car/install/share/nav2_t265_pyrealsense/launch/nav2_t265_launch.py
/home/orangepi/ros2_workspace/auto_car/install/share/nav2_t265_pyrealsense/config/nav2_params.yaml
/home/orangepi/ros2_workspace/auto_car/install/share/nav2_t265_pyrealsense/maps/map.yaml
/home/orangepi/ros2_workspace/auto_car/install/lib/python3.10/site-packages/nav2_t265_pyrealsense-0.0.0-py3.10.egg-info/PKG-INFO
/home/orangepi/ros2_workspace/auto_car/install/lib/python3.10/site-packages/nav2_t265_pyrealsense-0.0.0-py3.10.egg-info/entry_points.txt
/home/orangepi/ros2_workspace/auto_car/install/lib/python3.10/site-packages/nav2_t265_pyrealsense-0.0.0-py3.10.egg-info/zip-safe
/home/orangepi/ros2_workspace/auto_car/install/lib/python3.10/site-packages/nav2_t265_pyrealsense-0.0.0-py3.10.egg-info/dependency_links.txt
/home/orangepi/ros2_workspace/auto_car/install/lib/python3.10/site-packages/nav2_t265_pyrealsense-0.0.0-py3.10.egg-info/requires.txt
/home/orangepi/ros2_workspace/auto_car/install/lib/python3.10/site-packages/nav2_t265_pyrealsense-0.0.0-py3.10.egg-info/SOURCES.txt
/home/orangepi/ros2_workspace/auto_car/install/lib/python3.10/site-packages/nav2_t265_pyrealsense-0.0.0-py3.10.egg-info/top_level.txt
/home/orangepi/ros2_workspace/auto_car/install/lib/nav2_t265_pyrealsense/nav2_client
/home/orangepi/ros2_workspace/auto_car/install/lib/nav2_t265_pyrealsense/t265_driver
