[3.467s] Invoking command in '/home/orangepi/ros2_workspace/auto_car/src/car_t265': PYTHONPATH=/home/orangepi/ros2_workspace/auto_car/build/car_t265/prefix_override:/usr/lib/python3/dist-packages/colcon_core/task/python/colcon_distutils_commands:/home/orangepi/ros2_workspace/auto_car/install/lib/python3.10/site-packages:/home/orangepi/ros2_workspace/auto_car/install/lib/python3.10/site-packages:/home/orangepi/ros2_workspace/auto_car/install/local/lib/python3.10/dist-packages:/root/lanhailidar_ros_ws/install/scan_subscriber/lib/python3.10/site-packages:/root/lanhailidar_ros_ws/install/base/local/lib/python3.10/dist-packages:/opt/ros/humble/lib/python3.10/site-packages:/opt/ros/humble/local/lib/python3.10/dist-packages /usr/bin/python3 -W ignore:setup.py install is deprecated -W ignore:easy_install command is deprecated setup.py egg_info --egg-base ../../build/car_t265 build --build-base /home/orangepi/ros2_workspace/auto_car/build/car_t265/build install --record /home/orangepi/ros2_workspace/auto_car/build/car_t265/install.log --single-version-externally-managed install_data
[4.048s] running egg_info
[4.051s] writing ../../build/car_t265/car_t265.egg-info/PKG-INFO
[4.052s] writing dependency_links to ../../build/car_t265/car_t265.egg-info/dependency_links.txt
[4.053s] writing entry points to ../../build/car_t265/car_t265.egg-info/entry_points.txt
[4.054s] writing requirements to ../../build/car_t265/car_t265.egg-info/requires.txt
[4.056s] writing top-level names to ../../build/car_t265/car_t265.egg-info/top_level.txt
[4.056s] reading manifest file '../../build/car_t265/car_t265.egg-info/SOURCES.txt'
[4.056s] writing manifest file '../../build/car_t265/car_t265.egg-info/SOURCES.txt'
[4.056s] running build
[4.056s] running build_py
[4.056s] copying car_t265/navigation_controller.py -> /home/orangepi/ros2_workspace/auto_car/build/car_t265/build/lib/car_t265
[4.056s] running install
[4.056s] running install_lib
[4.059s] copying /home/orangepi/ros2_workspace/auto_car/build/car_t265/build/lib/car_t265/navigation_controller.py -> /home/orangepi/ros2_workspace/auto_car/install/lib/python3.10/site-packages/car_t265
[4.060s] byte-compiling /home/orangepi/ros2_workspace/auto_car/install/lib/python3.10/site-packages/car_t265/navigation_controller.py to navigation_controller.cpython-310.pyc
[4.079s] running install_data
[4.080s] running install_egg_info
[4.083s] removing '/home/orangepi/ros2_workspace/auto_car/install/lib/python3.10/site-packages/car_t265-0.0.0-py3.10.egg-info' (and everything under it)
[4.087s] Copying ../../build/car_t265/car_t265.egg-info to /home/orangepi/ros2_workspace/auto_car/install/lib/python3.10/site-packages/car_t265-0.0.0-py3.10.egg-info
[4.087s] running install_scripts
[4.126s] Installing linear_test script to /home/orangepi/ros2_workspace/auto_car/install/lib/car_t265
[4.127s] Installing motor_controller script to /home/orangepi/ros2_workspace/auto_car/install/lib/car_t265
[4.128s] Installing navigation_controller script to /home/orangepi/ros2_workspace/auto_car/install/lib/car_t265
[4.129s] Installing t265_Imu_pub script to /home/orangepi/ros2_workspace/auto_car/install/lib/car_t265
[4.129s] Installing t265_publisher script to /home/orangepi/ros2_workspace/auto_car/install/lib/car_t265
[4.130s] Installing target_publisher script to /home/orangepi/ros2_workspace/auto_car/install/lib/car_t265
[4.130s] Installing uart_driver script to /home/orangepi/ros2_workspace/auto_car/install/lib/car_t265
[4.130s] writing list of installed files to '/home/orangepi/ros2_workspace/auto_car/build/car_t265/install.log'
[4.208s] Invoked command in '/home/orangepi/ros2_workspace/auto_car/src/car_t265' returned '0': PYTHONPATH=/home/orangepi/ros2_workspace/auto_car/build/car_t265/prefix_override:/usr/lib/python3/dist-packages/colcon_core/task/python/colcon_distutils_commands:/home/orangepi/ros2_workspace/auto_car/install/lib/python3.10/site-packages:/home/orangepi/ros2_workspace/auto_car/install/lib/python3.10/site-packages:/home/orangepi/ros2_workspace/auto_car/install/local/lib/python3.10/dist-packages:/root/lanhailidar_ros_ws/install/scan_subscriber/lib/python3.10/site-packages:/root/lanhailidar_ros_ws/install/base/local/lib/python3.10/dist-packages:/opt/ros/humble/lib/python3.10/site-packages:/opt/ros/humble/local/lib/python3.10/dist-packages /usr/bin/python3 -W ignore:setup.py install is deprecated -W ignore:easy_install command is deprecated setup.py egg_info --egg-base ../../build/car_t265 build --build-base /home/orangepi/ros2_workspace/auto_car/build/car_t265/build install --record /home/orangepi/ros2_workspace/auto_car/build/car_t265/install.log --single-version-externally-managed install_data
