[0.525s] Invoking command in '/home/orangepi/ros2_workspace/auto_car/build/imu_tools': CMAKE_PREFIX_PATH=${CMAKE_PREFIX_PATH}:/root/lanhailidar_ros_ws/install/scan_subscriber:/opt/ros/humble PYTHONPATH=/home/orangepi/ros2_workspace/auto_car/install/lib/python3.10/site-packages:/home/orangepi/ros2_workspace/auto_car/install/local/lib/python3.10/dist-packages:/root/lanhailidar_ros_ws/install/scan_subscriber/lib/python3.10/site-packages:/root/lanhailidar_ros_ws/install/base/local/lib/python3.10/dist-packages:/opt/ros/humble/lib/python3.10/site-packages:/opt/ros/humble/local/lib/python3.10/dist-packages /usr/bin/cmake --build /home/orangepi/ros2_workspace/auto_car/build/imu_tools -- -j8 -l8
[1.963s] Invoked command in '/home/orangepi/ros2_workspace/auto_car/build/imu_tools' returned '0': CMAKE_PREFIX_PATH=${CMAKE_PREFIX_PATH}:/root/lanhailidar_ros_ws/install/scan_subscriber:/opt/ros/humble PYTHONPATH=/home/orangepi/ros2_workspace/auto_car/install/lib/python3.10/site-packages:/home/orangepi/ros2_workspace/auto_car/install/local/lib/python3.10/dist-packages:/root/lanhailidar_ros_ws/install/scan_subscriber/lib/python3.10/site-packages:/root/lanhailidar_ros_ws/install/base/local/lib/python3.10/dist-packages:/opt/ros/humble/lib/python3.10/site-packages:/opt/ros/humble/local/lib/python3.10/dist-packages /usr/bin/cmake --build /home/orangepi/ros2_workspace/auto_car/build/imu_tools -- -j8 -l8
[1.968s] Invoking command in '/home/orangepi/ros2_workspace/auto_car/build/imu_tools': CMAKE_PREFIX_PATH=${CMAKE_PREFIX_PATH}:/root/lanhailidar_ros_ws/install/scan_subscriber:/opt/ros/humble PYTHONPATH=/home/orangepi/ros2_workspace/auto_car/install/lib/python3.10/site-packages:/home/orangepi/ros2_workspace/auto_car/install/local/lib/python3.10/dist-packages:/root/lanhailidar_ros_ws/install/scan_subscriber/lib/python3.10/site-packages:/root/lanhailidar_ros_ws/install/base/local/lib/python3.10/dist-packages:/opt/ros/humble/lib/python3.10/site-packages:/opt/ros/humble/local/lib/python3.10/dist-packages /usr/bin/cmake --install /home/orangepi/ros2_workspace/auto_car/build/imu_tools
[1.995s] -- Install configuration: ""
[1.995s] -- Up-to-date: /home/orangepi/ros2_workspace/auto_car/install/share/ament_index/resource_index/package_run_dependencies/imu_tools
[1.995s] -- Up-to-date: /home/orangepi/ros2_workspace/auto_car/install/share/ament_index/resource_index/parent_prefix_path/imu_tools
[1.995s] -- Up-to-date: /home/orangepi/ros2_workspace/auto_car/install/share/imu_tools/environment/ament_prefix_path.sh
[1.996s] -- Up-to-date: /home/orangepi/ros2_workspace/auto_car/install/share/imu_tools/environment/ament_prefix_path.dsv
[1.996s] -- Up-to-date: /home/orangepi/ros2_workspace/auto_car/install/share/imu_tools/environment/path.sh
[1.996s] -- Up-to-date: /home/orangepi/ros2_workspace/auto_car/install/share/imu_tools/environment/path.dsv
[1.996s] -- Up-to-date: /home/orangepi/ros2_workspace/auto_car/install/share/imu_tools/local_setup.bash
[1.996s] -- Up-to-date: /home/orangepi/ros2_workspace/auto_car/install/share/imu_tools/local_setup.sh
[1.997s] -- Up-to-date: /home/orangepi/ros2_workspace/auto_car/install/share/imu_tools/local_setup.zsh
[1.998s] -- Up-to-date: /home/orangepi/ros2_workspace/auto_car/install/share/imu_tools/local_setup.dsv
[1.998s] -- Installing: /home/orangepi/ros2_workspace/auto_car/install/share/imu_tools/package.dsv
[1.999s] -- Up-to-date: /home/orangepi/ros2_workspace/auto_car/install/share/ament_index/resource_index/packages/imu_tools
[1.999s] -- Up-to-date: /home/orangepi/ros2_workspace/auto_car/install/share/imu_tools/cmake/imu_toolsConfig.cmake
[2.001s] -- Up-to-date: /home/orangepi/ros2_workspace/auto_car/install/share/imu_tools/cmake/imu_toolsConfig-version.cmake
[2.004s] -- Up-to-date: /home/orangepi/ros2_workspace/auto_car/install/share/imu_tools/package.xml
[2.010s] Invoked command in '/home/orangepi/ros2_workspace/auto_car/build/imu_tools' returned '0': CMAKE_PREFIX_PATH=${CMAKE_PREFIX_PATH}:/root/lanhailidar_ros_ws/install/scan_subscriber:/opt/ros/humble PYTHONPATH=/home/orangepi/ros2_workspace/auto_car/install/lib/python3.10/site-packages:/home/orangepi/ros2_workspace/auto_car/install/local/lib/python3.10/dist-packages:/root/lanhailidar_ros_ws/install/scan_subscriber/lib/python3.10/site-packages:/root/lanhailidar_ros_ws/install/base/local/lib/python3.10/dist-packages:/opt/ros/humble/lib/python3.10/site-packages:/opt/ros/humble/local/lib/python3.10/dist-packages /usr/bin/cmake --install /home/orangepi/ros2_workspace/auto_car/build/imu_tools
