[0.105s] Invoking command in '/home/orangepi/ros2_workspace/auto_car/build/imu_tools': AMENT_PREFIX_PATH=/home/orangepi/ros2_workspace/auto_car/install:${AMENT_PREFIX_PATH} CMAKE_PREFIX_PATH=/home/orangepi/ros2_workspace/auto_car/install:/root/lanhailidar_ros_ws/install/bluesea2:/root/lanhailidar_ros_ws/install/base:/root/lanhailidar_ros_ws/install/scan_subscriber:/opt/ros/humble LD_LIBRARY_PATH=/home/orangepi/ros2_workspace/auto_car/install/lib:${LD_LIBRARY_PATH} PYTHONPATH=/home/orangepi/ros2_workspace/auto_car/install/lib/python3.10/site-packages:${PYTHONPATH} /usr/bin/cmake --build /home/orangepi/ros2_workspace/auto_car/build/imu_tools -- -j8 -l8
[0.221s] Invoked command in '/home/orangepi/ros2_workspace/auto_car/build/imu_tools' returned '0': AMENT_PREFIX_PATH=/home/orangepi/ros2_workspace/auto_car/install:${AMENT_PREFIX_PATH} CMAKE_PREFIX_PATH=/home/orangepi/ros2_workspace/auto_car/install:/root/lanhailidar_ros_ws/install/bluesea2:/root/lanhailidar_ros_ws/install/base:/root/lanhailidar_ros_ws/install/scan_subscriber:/opt/ros/humble LD_LIBRARY_PATH=/home/orangepi/ros2_workspace/auto_car/install/lib:${LD_LIBRARY_PATH} PYTHONPATH=/home/orangepi/ros2_workspace/auto_car/install/lib/python3.10/site-packages:${PYTHONPATH} /usr/bin/cmake --build /home/orangepi/ros2_workspace/auto_car/build/imu_tools -- -j8 -l8
[0.228s] Invoking command in '/home/orangepi/ros2_workspace/auto_car/build/imu_tools': AMENT_PREFIX_PATH=/home/orangepi/ros2_workspace/auto_car/install:${AMENT_PREFIX_PATH} CMAKE_PREFIX_PATH=/home/orangepi/ros2_workspace/auto_car/install:/root/lanhailidar_ros_ws/install/bluesea2:/root/lanhailidar_ros_ws/install/base:/root/lanhailidar_ros_ws/install/scan_subscriber:/opt/ros/humble LD_LIBRARY_PATH=/home/orangepi/ros2_workspace/auto_car/install/lib:${LD_LIBRARY_PATH} PYTHONPATH=/home/orangepi/ros2_workspace/auto_car/install/lib/python3.10/site-packages:${PYTHONPATH} /usr/bin/cmake --install /home/orangepi/ros2_workspace/auto_car/build/imu_tools
[0.250s] -- Install configuration: ""
[0.251s] -- Up-to-date: /home/orangepi/ros2_workspace/auto_car/install/share/ament_index/resource_index/package_run_dependencies/imu_tools
[0.251s] -- Up-to-date: /home/orangepi/ros2_workspace/auto_car/install/share/ament_index/resource_index/parent_prefix_path/imu_tools
[0.251s] -- Up-to-date: /home/orangepi/ros2_workspace/auto_car/install/share/imu_tools/environment/ament_prefix_path.sh
[0.252s] -- Up-to-date: /home/orangepi/ros2_workspace/auto_car/install/share/imu_tools/environment/ament_prefix_path.dsv
[0.252s] -- Up-to-date: /home/orangepi/ros2_workspace/auto_car/install/share/imu_tools/environment/path.sh
[0.252s] -- Up-to-date: /home/orangepi/ros2_workspace/auto_car/install/share/imu_tools/environment/path.dsv
[0.253s] -- Up-to-date: /home/orangepi/ros2_workspace/auto_car/install/share/imu_tools/local_setup.bash
[0.253s] -- Up-to-date: /home/orangepi/ros2_workspace/auto_car/install/share/imu_tools/local_setup.sh
[0.254s] -- Up-to-date: /home/orangepi/ros2_workspace/auto_car/install/share/imu_tools/local_setup.zsh
[0.254s] -- Up-to-date: /home/orangepi/ros2_workspace/auto_car/install/share/imu_tools/local_setup.dsv
[0.255s] -- Installing: /home/orangepi/ros2_workspace/auto_car/install/share/imu_tools/package.dsv
[0.256s] -- Up-to-date: /home/orangepi/ros2_workspace/auto_car/install/share/ament_index/resource_index/packages/imu_tools
[0.261s] -- Up-to-date: /home/orangepi/ros2_workspace/auto_car/install/share/imu_tools/cmake/imu_toolsConfig.cmake
[0.262s] -- Up-to-date: /home/orangepi/ros2_workspace/auto_car/install/share/imu_tools/cmake/imu_toolsConfig-version.cmake
[0.262s] -- Up-to-date: /home/orangepi/ros2_workspace/auto_car/install/share/imu_tools/package.xml
[0.266s] Invoked command in '/home/orangepi/ros2_workspace/auto_car/build/imu_tools' returned '0': AMENT_PREFIX_PATH=/home/orangepi/ros2_workspace/auto_car/install:${AMENT_PREFIX_PATH} CMAKE_PREFIX_PATH=/home/orangepi/ros2_workspace/auto_car/install:/root/lanhailidar_ros_ws/install/bluesea2:/root/lanhailidar_ros_ws/install/base:/root/lanhailidar_ros_ws/install/scan_subscriber:/opt/ros/humble LD_LIBRARY_PATH=/home/orangepi/ros2_workspace/auto_car/install/lib:${LD_LIBRARY_PATH} PYTHONPATH=/home/orangepi/ros2_workspace/auto_car/install/lib/python3.10/site-packages:${PYTHONPATH} /usr/bin/cmake --install /home/orangepi/ros2_workspace/auto_car/build/imu_tools
