/home/orangepi/ros2_workspace/auto_car/install/lib/python3.10/site-packages/car_setup/uart_receiver1.py
/home/orangepi/ros2_workspace/auto_car/install/lib/python3.10/site-packages/car_setup/camera2.py
/home/orangepi/ros2_workspace/auto_car/install/lib/python3.10/site-packages/car_setup/uart_sender4.py
/home/orangepi/ros2_workspace/auto_car/install/lib/python3.10/site-packages/car_setup/uart_receiver0.py
/home/orangepi/ros2_workspace/auto_car/install/lib/python3.10/site-packages/car_setup/uart_receiver3.py
/home/orangepi/ros2_workspace/auto_car/install/lib/python3.10/site-packages/car_setup/uart_sender1.py
/home/orangepi/ros2_workspace/auto_car/install/lib/python3.10/site-packages/car_setup/uart_sender3.py
/home/orangepi/ros2_workspace/auto_car/install/lib/python3.10/site-packages/car_setup/__init__.py
/home/orangepi/ros2_workspace/auto_car/install/lib/python3.10/site-packages/car_setup/camera.py
/home/orangepi/ros2_workspace/auto_car/install/lib/python3.10/site-packages/car_setup/uart_receiver4.py
/home/orangepi/ros2_workspace/auto_car/install/lib/python3.10/site-packages/car_setup/uart_sender0.py
/home/orangepi/ros2_workspace/auto_car/install/lib/python3.10/site-packages/car_setup/t265_uart.py
/home/orangepi/ros2_workspace/auto_car/install/lib/python3.10/site-packages/car_setup/sllidar.py
/home/orangepi/ros2_workspace/auto_car/install/lib/python3.10/site-packages/car_setup/t265.py
/home/orangepi/ros2_workspace/auto_car/install/lib/python3.10/site-packages/car_setup/__pycache__/uart_receiver1.cpython-310.pyc
/home/orangepi/ros2_workspace/auto_car/install/lib/python3.10/site-packages/car_setup/__pycache__/camera2.cpython-310.pyc
/home/orangepi/ros2_workspace/auto_car/install/lib/python3.10/site-packages/car_setup/__pycache__/uart_sender4.cpython-310.pyc
/home/orangepi/ros2_workspace/auto_car/install/lib/python3.10/site-packages/car_setup/__pycache__/uart_receiver0.cpython-310.pyc
/home/orangepi/ros2_workspace/auto_car/install/lib/python3.10/site-packages/car_setup/__pycache__/uart_receiver3.cpython-310.pyc
/home/orangepi/ros2_workspace/auto_car/install/lib/python3.10/site-packages/car_setup/__pycache__/uart_sender1.cpython-310.pyc
/home/orangepi/ros2_workspace/auto_car/install/lib/python3.10/site-packages/car_setup/__pycache__/uart_sender3.cpython-310.pyc
/home/orangepi/ros2_workspace/auto_car/install/lib/python3.10/site-packages/car_setup/__pycache__/__init__.cpython-310.pyc
/home/orangepi/ros2_workspace/auto_car/install/lib/python3.10/site-packages/car_setup/__pycache__/camera.cpython-310.pyc
/home/orangepi/ros2_workspace/auto_car/install/lib/python3.10/site-packages/car_setup/__pycache__/uart_receiver4.cpython-310.pyc
/home/orangepi/ros2_workspace/auto_car/install/lib/python3.10/site-packages/car_setup/__pycache__/uart_sender0.cpython-310.pyc
/home/orangepi/ros2_workspace/auto_car/install/lib/python3.10/site-packages/car_setup/__pycache__/t265_uart.cpython-310.pyc
/home/orangepi/ros2_workspace/auto_car/install/lib/python3.10/site-packages/car_setup/__pycache__/sllidar.cpython-310.pyc
/home/orangepi/ros2_workspace/auto_car/install/lib/python3.10/site-packages/car_setup/__pycache__/t265.cpython-310.pyc
/home/orangepi/ros2_workspace/auto_car/install/share/ament_index/resource_index/packages/car_setup
/home/orangepi/ros2_workspace/auto_car/install/share/car_setup/package.xml
/home/orangepi/ros2_workspace/auto_car/install/lib/python3.10/site-packages/car_setup-0.0.0-py3.10.egg-info/PKG-INFO
/home/orangepi/ros2_workspace/auto_car/install/lib/python3.10/site-packages/car_setup-0.0.0-py3.10.egg-info/entry_points.txt
/home/orangepi/ros2_workspace/auto_car/install/lib/python3.10/site-packages/car_setup-0.0.0-py3.10.egg-info/zip-safe
/home/orangepi/ros2_workspace/auto_car/install/lib/python3.10/site-packages/car_setup-0.0.0-py3.10.egg-info/dependency_links.txt
/home/orangepi/ros2_workspace/auto_car/install/lib/python3.10/site-packages/car_setup-0.0.0-py3.10.egg-info/requires.txt
/home/orangepi/ros2_workspace/auto_car/install/lib/python3.10/site-packages/car_setup-0.0.0-py3.10.egg-info/SOURCES.txt
/home/orangepi/ros2_workspace/auto_car/install/lib/python3.10/site-packages/car_setup-0.0.0-py3.10.egg-info/top_level.txt
/home/orangepi/ros2_workspace/auto_car/install/lib/car_setup/camer
/home/orangepi/ros2_workspace/auto_car/install/lib/car_setup/motor_controller
/home/orangepi/ros2_workspace/auto_car/install/lib/car_setup/t265
/home/orangepi/ros2_workspace/auto_car/install/lib/car_setup/t265_uart
/home/orangepi/ros2_workspace/auto_car/install/lib/car_setup/uart_driver
/home/orangepi/ros2_workspace/auto_car/install/lib/car_setup/uart_receiver0
/home/orangepi/ros2_workspace/auto_car/install/lib/car_setup/uart_receiver1
/home/orangepi/ros2_workspace/auto_car/install/lib/car_setup/uart_receiver2
/home/orangepi/ros2_workspace/auto_car/install/lib/car_setup/uart_receiver3
/home/orangepi/ros2_workspace/auto_car/install/lib/car_setup/uart_receiver4
/home/orangepi/ros2_workspace/auto_car/install/lib/car_setup/uart_sender0
/home/orangepi/ros2_workspace/auto_car/install/lib/car_setup/uart_sender1
/home/orangepi/ros2_workspace/auto_car/install/lib/car_setup/uart_sender2
/home/orangepi/ros2_workspace/auto_car/install/lib/car_setup/uart_sender3
/home/orangepi/ros2_workspace/auto_car/install/lib/car_setup/uart_sender4
