/home/orangepi/ros2_workspace/auto_car/install/lib/python3.10/site-packages/car_launch/__init__.py
/home/orangepi/ros2_workspace/auto_car/install/lib/python3.10/site-packages/car_launch/__pycache__/__init__.cpython-310.pyc
/home/orangepi/ros2_workspace/auto_car/install/share/ament_index/resource_index/packages/car_launch
/home/orangepi/ros2_workspace/auto_car/install/share/car_launch/package.xml
/home/orangepi/ros2_workspace/auto_car/install/share/car_launch/launch/pwm_test.py
/home/orangepi/ros2_workspace/auto_car/install/share/car_launch/launch/usb_test.py
/home/orangepi/ros2_workspace/auto_car/install/share/car_launch/launch/uart_sender0_test.py
/home/orangepi/ros2_workspace/auto_car/install/share/car_launch/launch/example.py
/home/orangepi/ros2_workspace/auto_car/install/share/car_launch/launch/uart_sender3_test.py
/home/orangepi/ros2_workspace/auto_car/install/share/car_launch/launch/t265_uart.py
/home/orangepi/ros2_workspace/auto_car/install/share/car_launch/launch/uart_receiver_test.py
/home/orangepi/ros2_workspace/auto_car/install/share/car_launch/launch/uart_sender4_test.py
/home/orangepi/ros2_workspace/auto_car/install/share/car_launch/launch/uart_sender1_test.py
/home/orangepi/ros2_workspace/auto_car/install/share/car_launch/launch/t265.py
/home/orangepi/ros2_workspace/auto_car/install/lib/python3.10/site-packages/car_launch-0.0.0-py3.10.egg-info/PKG-INFO
/home/orangepi/ros2_workspace/auto_car/install/lib/python3.10/site-packages/car_launch-0.0.0-py3.10.egg-info/entry_points.txt
/home/orangepi/ros2_workspace/auto_car/install/lib/python3.10/site-packages/car_launch-0.0.0-py3.10.egg-info/zip-safe
/home/orangepi/ros2_workspace/auto_car/install/lib/python3.10/site-packages/car_launch-0.0.0-py3.10.egg-info/dependency_links.txt
/home/orangepi/ros2_workspace/auto_car/install/lib/python3.10/site-packages/car_launch-0.0.0-py3.10.egg-info/requires.txt
/home/orangepi/ros2_workspace/auto_car/install/lib/python3.10/site-packages/car_launch-0.0.0-py3.10.egg-info/SOURCES.txt
/home/orangepi/ros2_workspace/auto_car/install/lib/python3.10/site-packages/car_launch-0.0.0-py3.10.egg-info/top_level.txt
/home/orangepi/ros2_workspace/auto_car/install/lib/car_launch/motor_controller
/home/orangepi/ros2_workspace/auto_car/install/lib/car_launch/t265
/home/orangepi/ros2_workspace/auto_car/install/lib/car_launch/t265_uart
/home/orangepi/ros2_workspace/auto_car/install/lib/car_launch/uart_driver
