[1.929s] Invoking command in '/home/orangepi/ros2_workspace/auto_car/src/nav2_t265_pyrealsense': PYTHONPATH=/home/orangepi/ros2_workspace/auto_car/build/nav2_t265_pyrealsense/prefix_override:/usr/lib/python3/dist-packages/colcon_core/task/python/colcon_distutils_commands:/home/orangepi/ros2_workspace/auto_car/install/lib/python3.10/site-packages:${PYTHONPATH} /usr/bin/python3 -W ignore:setup.py install is deprecated -W ignore:easy_install command is deprecated setup.py egg_info --egg-base ../../build/nav2_t265_pyrealsense build --build-base /home/orangepi/ros2_workspace/auto_car/build/nav2_t265_pyrealsense/build install --record /home/orangepi/ros2_workspace/auto_car/build/nav2_t265_pyrealsense/install.log --single-version-externally-managed install_data
[2.256s] running egg_info
[2.256s] creating ../../build/nav2_t265_pyrealsense/nav2_t265_pyrealsense.egg-info
[2.256s] writing ../../build/nav2_t265_pyrealsense/nav2_t265_pyrealsense.egg-info/PKG-INFO
[2.257s] writing dependency_links to ../../build/nav2_t265_pyrealsense/nav2_t265_pyrealsense.egg-info/dependency_links.txt
[2.257s] writing entry points to ../../build/nav2_t265_pyrealsense/nav2_t265_pyrealsense.egg-info/entry_points.txt
[2.257s] writing requirements to ../../build/nav2_t265_pyrealsense/nav2_t265_pyrealsense.egg-info/requires.txt
[2.257s] writing top-level names to ../../build/nav2_t265_pyrealsense/nav2_t265_pyrealsense.egg-info/top_level.txt
[2.257s] writing manifest file '../../build/nav2_t265_pyrealsense/nav2_t265_pyrealsense.egg-info/SOURCES.txt'
[2.257s] reading manifest file '../../build/nav2_t265_pyrealsense/nav2_t265_pyrealsense.egg-info/SOURCES.txt'
[2.257s] writing manifest file '../../build/nav2_t265_pyrealsense/nav2_t265_pyrealsense.egg-info/SOURCES.txt'
[2.257s] running build
[2.258s] running build_py
[2.258s] creating /home/orangepi/ros2_workspace/auto_car/build/nav2_t265_pyrealsense/build
[2.258s] creating /home/orangepi/ros2_workspace/auto_car/build/nav2_t265_pyrealsense/build/lib
[2.261s] creating /home/orangepi/ros2_workspace/auto_car/build/nav2_t265_pyrealsense/build/lib/nav2_t265_pyrealsense
[2.261s] copying nav2_t265_pyrealsense/t265_driver.py -> /home/orangepi/ros2_workspace/auto_car/build/nav2_t265_pyrealsense/build/lib/nav2_t265_pyrealsense
[2.262s] copying nav2_t265_pyrealsense/__init__.py -> /home/orangepi/ros2_workspace/auto_car/build/nav2_t265_pyrealsense/build/lib/nav2_t265_pyrealsense
[2.262s] copying nav2_t265_pyrealsense/nav2_client.py -> /home/orangepi/ros2_workspace/auto_car/build/nav2_t265_pyrealsense/build/lib/nav2_t265_pyrealsense
[2.262s] running install
[2.263s] running install_lib
[2.263s] creating /home/orangepi/ros2_workspace/auto_car/install/lib/python3.10/site-packages/nav2_t265_pyrealsense
[2.264s] copying /home/orangepi/ros2_workspace/auto_car/build/nav2_t265_pyrealsense/build/lib/nav2_t265_pyrealsense/t265_driver.py -> /home/orangepi/ros2_workspace/auto_car/install/lib/python3.10/site-packages/nav2_t265_pyrealsense
[2.264s] copying /home/orangepi/ros2_workspace/auto_car/build/nav2_t265_pyrealsense/build/lib/nav2_t265_pyrealsense/__init__.py -> /home/orangepi/ros2_workspace/auto_car/install/lib/python3.10/site-packages/nav2_t265_pyrealsense
[2.264s] copying /home/orangepi/ros2_workspace/auto_car/build/nav2_t265_pyrealsense/build/lib/nav2_t265_pyrealsense/nav2_client.py -> /home/orangepi/ros2_workspace/auto_car/install/lib/python3.10/site-packages/nav2_t265_pyrealsense
[2.265s] byte-compiling /home/orangepi/ros2_workspace/auto_car/install/lib/python3.10/site-packages/nav2_t265_pyrealsense/t265_driver.py to t265_driver.cpython-310.pyc
[2.265s] byte-compiling /home/orangepi/ros2_workspace/auto_car/install/lib/python3.10/site-packages/nav2_t265_pyrealsense/__init__.py to __init__.cpython-310.pyc
[2.266s] byte-compiling /home/orangepi/ros2_workspace/auto_car/install/lib/python3.10/site-packages/nav2_t265_pyrealsense/nav2_client.py to nav2_client.cpython-310.pyc
[2.267s] running install_data
[2.267s] copying resource/nav2_t265_pyrealsense -> /home/orangepi/ros2_workspace/auto_car/install/share/ament_index/resource_index/packages
[2.267s] copying package.xml -> /home/orangepi/ros2_workspace/auto_car/install/share/nav2_t265_pyrealsense
[2.268s] creating /home/orangepi/ros2_workspace/auto_car/install/share/nav2_t265_pyrealsense/launch
[2.268s] copying launch/nav2_t265_launch.py -> /home/orangepi/ros2_workspace/auto_car/install/share/nav2_t265_pyrealsense/launch
[2.268s] creating /home/orangepi/ros2_workspace/auto_car/install/share/nav2_t265_pyrealsense/config
[2.269s] copying config/nav2_params.yaml -> /home/orangepi/ros2_workspace/auto_car/install/share/nav2_t265_pyrealsense/config
[2.269s] creating /home/orangepi/ros2_workspace/auto_car/install/share/nav2_t265_pyrealsense/maps
[2.270s] copying maps/map.yaml -> /home/orangepi/ros2_workspace/auto_car/install/share/nav2_t265_pyrealsense/maps
[2.270s] running install_egg_info
[2.270s] Copying ../../build/nav2_t265_pyrealsense/nav2_t265_pyrealsense.egg-info to /home/orangepi/ros2_workspace/auto_car/install/lib/python3.10/site-packages/nav2_t265_pyrealsense-0.0.0-py3.10.egg-info
[2.271s] running install_scripts
[2.296s] Installing nav2_client script to /home/orangepi/ros2_workspace/auto_car/install/lib/nav2_t265_pyrealsense
[2.297s] Installing t265_driver script to /home/orangepi/ros2_workspace/auto_car/install/lib/nav2_t265_pyrealsense
[2.297s] writing list of installed files to '/home/orangepi/ros2_workspace/auto_car/build/nav2_t265_pyrealsense/install.log'
[2.362s] Invoked command in '/home/orangepi/ros2_workspace/auto_car/src/nav2_t265_pyrealsense' returned '0': PYTHONPATH=/home/orangepi/ros2_workspace/auto_car/build/nav2_t265_pyrealsense/prefix_override:/usr/lib/python3/dist-packages/colcon_core/task/python/colcon_distutils_commands:/home/orangepi/ros2_workspace/auto_car/install/lib/python3.10/site-packages:${PYTHONPATH} /usr/bin/python3 -W ignore:setup.py install is deprecated -W ignore:easy_install command is deprecated setup.py egg_info --egg-base ../../build/nav2_t265_pyrealsense build --build-base /home/orangepi/ros2_workspace/auto_car/build/nav2_t265_pyrealsense/build install --record /home/orangepi/ros2_workspace/auto_car/build/nav2_t265_pyrealsense/install.log --single-version-externally-managed install_data
