running egg_info
creating ../../build/nav2_t265_demo/nav2_t265_demo.egg-info
writing ../../build/nav2_t265_demo/nav2_t265_demo.egg-info/PKG-INFO
writing dependency_links to ../../build/nav2_t265_demo/nav2_t265_demo.egg-info/dependency_links.txt
writing entry points to ../../build/nav2_t265_demo/nav2_t265_demo.egg-info/entry_points.txt
writing requirements to ../../build/nav2_t265_demo/nav2_t265_demo.egg-info/requires.txt
writing top-level names to ../../build/nav2_t265_demo/nav2_t265_demo.egg-info/top_level.txt
writing manifest file '../../build/nav2_t265_demo/nav2_t265_demo.egg-info/SOURCES.txt'
reading manifest file '../../build/nav2_t265_demo/nav2_t265_demo.egg-info/SOURCES.txt'
writing manifest file '../../build/nav2_t265_demo/nav2_t265_demo.egg-info/SOURCES.txt'
running build
running build_py
creating /home/orangepi/ros2_workspace/auto_car/build/nav2_t265_demo/build
creating /home/orangepi/ros2_workspace/auto_car/build/nav2_t265_demo/build/lib
creating /home/orangepi/ros2_workspace/auto_car/build/nav2_t265_demo/build/lib/nav2_t265_demo
copying nav2_t265_demo/__init__.py -> /home/orangepi/ros2_workspace/auto_car/build/nav2_t265_demo/build/lib/nav2_t265_demo
copying nav2_t265_demo/nav2_client.py -> /home/orangepi/ros2_workspace/auto_car/build/nav2_t265_demo/build/lib/nav2_t265_demo
running install
running install_lib
creating /home/orangepi/ros2_workspace/auto_car/install/lib/python3.10/site-packages/nav2_t265_demo
copying /home/orangepi/ros2_workspace/auto_car/build/nav2_t265_demo/build/lib/nav2_t265_demo/__init__.py -> /home/orangepi/ros2_workspace/auto_car/install/lib/python3.10/site-packages/nav2_t265_demo
copying /home/orangepi/ros2_workspace/auto_car/build/nav2_t265_demo/build/lib/nav2_t265_demo/nav2_client.py -> /home/orangepi/ros2_workspace/auto_car/install/lib/python3.10/site-packages/nav2_t265_demo
byte-compiling /home/orangepi/ros2_workspace/auto_car/install/lib/python3.10/site-packages/nav2_t265_demo/__init__.py to __init__.cpython-310.pyc
byte-compiling /home/orangepi/ros2_workspace/auto_car/install/lib/python3.10/site-packages/nav2_t265_demo/nav2_client.py to nav2_client.cpython-310.pyc
running install_data
copying resource/nav2_t265_demo -> /home/orangepi/ros2_workspace/auto_car/install/share/ament_index/resource_index/packages
copying package.xml -> /home/orangepi/ros2_workspace/auto_car/install/share/nav2_t265_demo
creating /home/orangepi/ros2_workspace/auto_car/install/share/nav2_t265_demo/launch
copying launch/nav2_t265_launch.py -> /home/orangepi/ros2_workspace/auto_car/install/share/nav2_t265_demo/launch
creating /home/orangepi/ros2_workspace/auto_car/install/share/nav2_t265_demo/config
copying config/nav2_params.yaml -> /home/orangepi/ros2_workspace/auto_car/install/share/nav2_t265_demo/config
running install_egg_info
Copying ../../build/nav2_t265_demo/nav2_t265_demo.egg-info to /home/orangepi/ros2_workspace/auto_car/install/lib/python3.10/site-packages/nav2_t265_demo-0.0.0-py3.10.egg-info
running install_scripts
Installing nav_client script to /home/orangepi/ros2_workspace/auto_car/install/lib/nav2_t265_demo
writing list of installed files to '/home/orangepi/ros2_workspace/auto_car/build/nav2_t265_demo/install.log'
