[1.947s] Invoking command in '/home/orangepi/ros2_workspace/auto_car/src/nav2_t265_demo': PYTHONPATH=/home/orangepi/ros2_workspace/auto_car/build/nav2_t265_demo/prefix_override:/usr/lib/python3/dist-packages/colcon_core/task/python/colcon_distutils_commands:/home/orangepi/ros2_workspace/auto_car/install/lib/python3.10/site-packages:${PYTHONPATH} /usr/bin/python3 -W ignore:setup.py install is deprecated -W ignore:easy_install command is deprecated setup.py egg_info --egg-base ../../build/nav2_t265_demo build --build-base /home/orangepi/ros2_workspace/auto_car/build/nav2_t265_demo/build install --record /home/orangepi/ros2_workspace/auto_car/build/nav2_t265_demo/install.log --single-version-externally-managed install_data
[2.268s] running egg_info
[2.274s] creating ../../build/nav2_t265_demo/nav2_t265_demo.egg-info
[2.275s] writing ../../build/nav2_t265_demo/nav2_t265_demo.egg-info/PKG-INFO
[2.276s] writing dependency_links to ../../build/nav2_t265_demo/nav2_t265_demo.egg-info/dependency_links.txt
[2.277s] writing entry points to ../../build/nav2_t265_demo/nav2_t265_demo.egg-info/entry_points.txt
[2.278s] writing requirements to ../../build/nav2_t265_demo/nav2_t265_demo.egg-info/requires.txt
[2.279s] writing top-level names to ../../build/nav2_t265_demo/nav2_t265_demo.egg-info/top_level.txt
[2.285s] writing manifest file '../../build/nav2_t265_demo/nav2_t265_demo.egg-info/SOURCES.txt'
[2.287s] reading manifest file '../../build/nav2_t265_demo/nav2_t265_demo.egg-info/SOURCES.txt'
[2.287s] writing manifest file '../../build/nav2_t265_demo/nav2_t265_demo.egg-info/SOURCES.txt'
[2.287s] running build
[2.287s] running build_py
[2.287s] creating /home/orangepi/ros2_workspace/auto_car/build/nav2_t265_demo/build
[2.287s] creating /home/orangepi/ros2_workspace/auto_car/build/nav2_t265_demo/build/lib
[2.287s] creating /home/orangepi/ros2_workspace/auto_car/build/nav2_t265_demo/build/lib/nav2_t265_demo
[2.287s] copying nav2_t265_demo/__init__.py -> /home/orangepi/ros2_workspace/auto_car/build/nav2_t265_demo/build/lib/nav2_t265_demo
[2.288s] copying nav2_t265_demo/nav2_client.py -> /home/orangepi/ros2_workspace/auto_car/build/nav2_t265_demo/build/lib/nav2_t265_demo
[2.288s] running install
[2.288s] running install_lib
[2.288s] creating /home/orangepi/ros2_workspace/auto_car/install/lib/python3.10/site-packages/nav2_t265_demo
[2.288s] copying /home/orangepi/ros2_workspace/auto_car/build/nav2_t265_demo/build/lib/nav2_t265_demo/__init__.py -> /home/orangepi/ros2_workspace/auto_car/install/lib/python3.10/site-packages/nav2_t265_demo
[2.288s] copying /home/orangepi/ros2_workspace/auto_car/build/nav2_t265_demo/build/lib/nav2_t265_demo/nav2_client.py -> /home/orangepi/ros2_workspace/auto_car/install/lib/python3.10/site-packages/nav2_t265_demo
[2.288s] byte-compiling /home/orangepi/ros2_workspace/auto_car/install/lib/python3.10/site-packages/nav2_t265_demo/__init__.py to __init__.cpython-310.pyc
[2.288s] byte-compiling /home/orangepi/ros2_workspace/auto_car/install/lib/python3.10/site-packages/nav2_t265_demo/nav2_client.py to nav2_client.cpython-310.pyc
[2.289s] running install_data
[2.289s] copying resource/nav2_t265_demo -> /home/orangepi/ros2_workspace/auto_car/install/share/ament_index/resource_index/packages
[2.289s] copying package.xml -> /home/orangepi/ros2_workspace/auto_car/install/share/nav2_t265_demo
[2.289s] creating /home/orangepi/ros2_workspace/auto_car/install/share/nav2_t265_demo/launch
[2.290s] copying launch/nav2_t265_launch.py -> /home/orangepi/ros2_workspace/auto_car/install/share/nav2_t265_demo/launch
[2.290s] creating /home/orangepi/ros2_workspace/auto_car/install/share/nav2_t265_demo/config
[2.291s] copying config/nav2_params.yaml -> /home/orangepi/ros2_workspace/auto_car/install/share/nav2_t265_demo/config
[2.292s] running install_egg_info
[2.292s] Copying ../../build/nav2_t265_demo/nav2_t265_demo.egg-info to /home/orangepi/ros2_workspace/auto_car/install/lib/python3.10/site-packages/nav2_t265_demo-0.0.0-py3.10.egg-info
[2.293s] running install_scripts
[2.316s] Installing nav_client script to /home/orangepi/ros2_workspace/auto_car/install/lib/nav2_t265_demo
[2.317s] writing list of installed files to '/home/orangepi/ros2_workspace/auto_car/build/nav2_t265_demo/install.log'
[2.403s] Invoked command in '/home/orangepi/ros2_workspace/auto_car/src/nav2_t265_demo' returned '0': PYTHONPATH=/home/orangepi/ros2_workspace/auto_car/build/nav2_t265_demo/prefix_override:/usr/lib/python3/dist-packages/colcon_core/task/python/colcon_distutils_commands:/home/orangepi/ros2_workspace/auto_car/install/lib/python3.10/site-packages:${PYTHONPATH} /usr/bin/python3 -W ignore:setup.py install is deprecated -W ignore:easy_install command is deprecated setup.py egg_info --egg-base ../../build/nav2_t265_demo build --build-base /home/orangepi/ros2_workspace/auto_car/build/nav2_t265_demo/build install --record /home/orangepi/ros2_workspace/auto_car/build/nav2_t265_demo/install.log --single-version-externally-managed install_data
