[0.247s] Invoking command in '/home/orangepi/ros2_workspace/auto_car/build/car_interface': CMAKE_PREFIX_PATH=${CMAKE_PREFIX_PATH}:/root/lanhailidar_ros_ws/install/scan_subscriber:/opt/ros/humble /usr/bin/cmake --build /home/orangepi/ros2_workspace/auto_car/build/car_interface -- -j8 -l8
[1.390s] [  1%] Built target car_interface__cpp
[1.406s] [  1%] Built target ament_cmake_python_copy_car_interface
[1.494s] [ 12%] Built target car_interface__rosidl_generator_c
[1.563s] [ 23%] Built target car_interface__rosidl_typesupport_cpp
[1.585s] [ 35%] Built target car_interface__rosidl_typesupport_introspection_cpp
[1.586s] [ 46%] Built target car_interface__rosidl_typesupport_c
[1.624s] [ 57%] Built target car_interface__rosidl_typesupport_fastrtps_cpp
[1.638s] [ 69%] Built target car_interface__rosidl_typesupport_introspection_c
[1.639s] [ 80%] Built target car_interface__rosidl_typesupport_fastrtps_c
[1.692s] [ 80%] Built target car_interface
[1.765s] [ 81%] Built target car_interface__py
[1.825s] running egg_info
[1.827s] writing car_interface.egg-info/PKG-INFO
[1.827s] writing dependency_links to car_interface.egg-info/dependency_links.txt
[1.828s] writing top-level names to car_interface.egg-info/top_level.txt
[2.045s] reading manifest file 'car_interface.egg-info/SOURCES.txt'
[2.047s] writing manifest file 'car_interface.egg-info/SOURCES.txt'
[2.086s] [ 91%] Built target car_interface__rosidl_generator_py
[2.142s] [ 91%] Built target ament_cmake_python_build_car_interface_egg
[2.163s] [ 94%] Built target car_interface__rosidl_typesupport_fastrtps_c__pyext
[2.174s] [ 97%] Built target car_interface__rosidl_typesupport_introspection_c__pyext
[2.192s] [100%] Built target car_interface__rosidl_typesupport_c__pyext
[2.220s] Invoked command in '/home/orangepi/ros2_workspace/auto_car/build/car_interface' returned '0': CMAKE_PREFIX_PATH=${CMAKE_PREFIX_PATH}:/root/lanhailidar_ros_ws/install/scan_subscriber:/opt/ros/humble /usr/bin/cmake --build /home/orangepi/ros2_workspace/auto_car/build/car_interface -- -j8 -l8
[2.291s] Invoking command in '/home/orangepi/ros2_workspace/auto_car/build/car_interface': CMAKE_PREFIX_PATH=${CMAKE_PREFIX_PATH}:/root/lanhailidar_ros_ws/install/scan_subscriber:/opt/ros/humble /usr/bin/cmake --install /home/orangepi/ros2_workspace/auto_car/build/car_interface
[2.331s] -- Install configuration: ""
[2.331s] -- Up-to-date: /home/orangepi/ros2_workspace/auto_car/install/share/ament_index/resource_index/rosidl_interfaces/car_interface
[2.332s] -- Up-to-date: /home/orangepi/ros2_workspace/auto_car/install/include/car_interface/car_interface
[2.333s] -- Up-to-date: /home/orangepi/ros2_workspace/auto_car/install/include/car_interface/car_interface/msg
[2.333s] -- Up-to-date: /home/orangepi/ros2_workspace/auto_car/install/include/car_interface/car_interface/msg/detail
[2.333s] -- Up-to-date: /home/orangepi/ros2_workspace/auto_car/install/include/car_interface/car_interface/msg/detail/rplidar_data__functions.c
[2.333s] -- Up-to-date: /home/orangepi/ros2_workspace/auto_car/install/include/car_interface/car_interface/msg/detail/motor_command__struct.h
[2.333s] -- Up-to-date: /home/orangepi/ros2_workspace/auto_car/install/include/car_interface/car_interface/msg/detail/rplidar_data__struct.h
[2.333s] -- Up-to-date: /home/orangepi/ros2_workspace/auto_car/install/include/car_interface/car_interface/msg/detail/serial_data__struct.h
[2.333s] -- Up-to-date: /home/orangepi/ros2_workspace/auto_car/install/include/car_interface/car_interface/msg/detail/t265_data__functions.h
[2.334s] -- Up-to-date: /home/orangepi/ros2_workspace/auto_car/install/include/car_interface/car_interface/msg/detail/serial_data__functions.h
[2.334s] -- Up-to-date: /home/orangepi/ros2_workspace/auto_car/install/include/car_interface/car_interface/msg/detail/motor_command__functions.c
[2.334s] -- Up-to-date: /home/orangepi/ros2_workspace/auto_car/install/include/car_interface/car_interface/msg/detail/rplidar_data__functions.h
[2.334s] -- Up-to-date: /home/orangepi/ros2_workspace/auto_car/install/include/car_interface/car_interface/msg/detail/motor_command__functions.h
[2.334s] -- Up-to-date: /home/orangepi/ros2_workspace/auto_car/install/include/car_interface/car_interface/msg/detail/t265_data__type_support.h
[2.334s] -- Up-to-date: /home/orangepi/ros2_workspace/auto_car/install/include/car_interface/car_interface/msg/detail/motor_command__type_support.h
[2.334s] -- Up-to-date: /home/orangepi/ros2_workspace/auto_car/install/include/car_interface/car_interface/msg/detail/rplidar_data__type_support.h
[2.334s] -- Up-to-date: /home/orangepi/ros2_workspace/auto_car/install/include/car_interface/car_interface/msg/detail/serial_data__type_support.h
[2.334s] -- Up-to-date: /home/orangepi/ros2_workspace/auto_car/install/include/car_interface/car_interface/msg/detail/serial_data__functions.c
[2.334s] -- Up-to-date: /home/orangepi/ros2_workspace/auto_car/install/include/car_interface/car_interface/msg/detail/t265_data__struct.h
[2.335s] -- Up-to-date: /home/orangepi/ros2_workspace/auto_car/install/include/car_interface/car_interface/msg/detail/t265_data__functions.c
[2.335s] -- Up-to-date: /home/orangepi/ros2_workspace/auto_car/install/include/car_interface/car_interface/msg/motor_command.h
[2.335s] -- Up-to-date: /home/orangepi/ros2_workspace/auto_car/install/include/car_interface/car_interface/msg/rosidl_generator_c__visibility_control.h
[2.335s] -- Up-to-date: /home/orangepi/ros2_workspace/auto_car/install/include/car_interface/car_interface/msg/t265_data.h
[2.335s] -- Up-to-date: /home/orangepi/ros2_workspace/auto_car/install/include/car_interface/car_interface/msg/serial_data.h
[2.335s] -- Up-to-date: /home/orangepi/ros2_workspace/auto_car/install/include/car_interface/car_interface/msg/rplidar_data.h
[2.335s] -- Up-to-date: /home/orangepi/ros2_workspace/auto_car/install/include/car_interface/car_interface/srv
[2.335s] -- Up-to-date: /home/orangepi/ros2_workspace/auto_car/install/include/car_interface/car_interface/srv/detail
[2.335s] -- Up-to-date: /home/orangepi/ros2_workspace/auto_car/install/include/car_interface/car_interface/srv/detail/send_command__struct.h
[2.335s] -- Up-to-date: /home/orangepi/ros2_workspace/auto_car/install/include/car_interface/car_interface/srv/detail/laser_open_service__struct.h
[2.335s] -- Up-to-date: /home/orangepi/ros2_workspace/auto_car/install/include/car_interface/car_interface/srv/detail/laser_open_service__functions.h
[2.335s] -- Up-to-date: /home/orangepi/ros2_workspace/auto_car/install/include/car_interface/car_interface/srv/detail/send_command__type_support.h
[2.336s] -- Up-to-date: /home/orangepi/ros2_workspace/auto_car/install/include/car_interface/car_interface/srv/detail/send_command__functions.c
[2.336s] -- Up-to-date: /home/orangepi/ros2_workspace/auto_car/install/include/car_interface/car_interface/srv/detail/laser_open_service__type_support.h
[2.336s] -- Up-to-date: /home/orangepi/ros2_workspace/auto_car/install/include/car_interface/car_interface/srv/detail/send_command__functions.h
[2.336s] -- Up-to-date: /home/orangepi/ros2_workspace/auto_car/install/include/car_interface/car_interface/srv/detail/laser_open_service__functions.c
[2.336s] -- Up-to-date: /home/orangepi/ros2_workspace/auto_car/install/include/car_interface/car_interface/srv/laser_open_service.h
[2.336s] -- Up-to-date: /home/orangepi/ros2_workspace/auto_car/install/include/car_interface/car_interface/srv/send_command.h
[2.336s] -- Up-to-date: /home/orangepi/ros2_workspace/auto_car/install/share/car_interface/environment/library_path.sh
[2.336s] -- Up-to-date: /home/orangepi/ros2_workspace/auto_car/install/share/car_interface/environment/library_path.dsv
[2.336s] -- Up-to-date: /home/orangepi/ros2_workspace/auto_car/install/lib/libcar_interface__rosidl_generator_c.so
[2.337s] -- Up-to-date: /home/orangepi/ros2_workspace/auto_car/install/include/car_interface/car_interface
[2.337s] -- Up-to-date: /home/orangepi/ros2_workspace/auto_car/install/include/car_interface/car_interface/msg
[2.337s] -- Up-to-date: /home/orangepi/ros2_workspace/auto_car/install/include/car_interface/car_interface/msg/detail
[2.337s] -- Up-to-date: /home/orangepi/ros2_workspace/auto_car/install/include/car_interface/car_interface/msg/detail/motor_command__rosidl_typesupport_fastrtps_c.h
[2.337s] -- Up-to-date: /home/orangepi/ros2_workspace/auto_car/install/include/car_interface/car_interface/msg/detail/serial_data__rosidl_typesupport_fastrtps_c.h
[2.337s] -- Up-to-date: /home/orangepi/ros2_workspace/auto_car/install/include/car_interface/car_interface/msg/detail/rplidar_data__rosidl_typesupport_fastrtps_c.h
[2.337s] -- Up-to-date: /home/orangepi/ros2_workspace/auto_car/install/include/car_interface/car_interface/msg/detail/t265_data__rosidl_typesupport_fastrtps_c.h
[2.337s] -- Up-to-date: /home/orangepi/ros2_workspace/auto_car/install/include/car_interface/car_interface/msg/rosidl_typesupport_fastrtps_c__visibility_control.h
[2.338s] -- Up-to-date: /home/orangepi/ros2_workspace/auto_car/install/include/car_interface/car_interface/srv
[2.338s] -- Up-to-date: /home/orangepi/ros2_workspace/auto_car/install/include/car_interface/car_interface/srv/detail
[2.338s] -- Up-to-date: /home/orangepi/ros2_workspace/auto_car/install/include/car_interface/car_interface/srv/detail/laser_open_service__rosidl_typesupport_fastrtps_c.h
[2.338s] -- Up-to-date: /home/orangepi/ros2_workspace/auto_car/install/include/car_interface/car_interface/srv/detail/send_command__rosidl_typesupport_fastrtps_c.h
[2.338s] -- Up-to-date: /home/orangepi/ros2_workspace/auto_car/install/lib/libcar_interface__rosidl_typesupport_fastrtps_c.so
[2.339s] -- Up-to-date: /home/orangepi/ros2_workspace/auto_car/install/include/car_interface/car_interface
[2.339s] -- Up-to-date: /home/orangepi/ros2_workspace/auto_car/install/include/car_interface/car_interface/msg
[2.339s] -- Up-to-date: /home/orangepi/ros2_workspace/auto_car/install/include/car_interface/car_interface/msg/detail
[2.340s] -- Up-to-date: /home/orangepi/ros2_workspace/auto_car/install/include/car_interface/car_interface/msg/detail/t265_data__rosidl_typesupport_introspection_c.h
[2.340s] -- Up-to-date: /home/orangepi/ros2_workspace/auto_car/install/include/car_interface/car_interface/msg/detail/motor_command__type_support.c
[2.340s] -- Up-to-date: /home/orangepi/ros2_workspace/auto_car/install/include/car_interface/car_interface/msg/detail/rplidar_data__rosidl_typesupport_introspection_c.h
[2.340s] -- Up-to-date: /home/orangepi/ros2_workspace/auto_car/install/include/car_interface/car_interface/msg/detail/t265_data__type_support.c
[2.341s] -- Up-to-date: /home/orangepi/ros2_workspace/auto_car/install/include/car_interface/car_interface/msg/detail/rplidar_data__type_support.c
[2.341s] -- Up-to-date: /home/orangepi/ros2_workspace/auto_car/install/include/car_interface/car_interface/msg/detail/serial_data__rosidl_typesupport_introspection_c.h
[2.342s] -- Up-to-date: /home/orangepi/ros2_workspace/auto_car/install/include/car_interface/car_interface/msg/detail/serial_data__type_support.c
[2.343s] -- Up-to-date: /home/orangepi/ros2_workspace/auto_car/install/include/car_interface/car_interface/msg/detail/motor_command__rosidl_typesupport_introspection_c.h
[2.343s] -- Up-to-date: /home/orangepi/ros2_workspace/auto_car/install/include/car_interface/car_interface/msg/rosidl_typesupport_introspection_c__visibility_control.h
[2.344s] -- Up-to-date: /home/orangepi/ros2_workspace/auto_car/install/include/car_interface/car_interface/srv
[2.344s] -- Up-to-date: /home/orangepi/ros2_workspace/auto_car/install/include/car_interface/car_interface/srv/detail
[2.345s] -- Up-to-date: /home/orangepi/ros2_workspace/auto_car/install/include/car_interface/car_interface/srv/detail/send_command__type_support.c
[2.345s] -- Up-to-date: /home/orangepi/ros2_workspace/auto_car/install/include/car_interface/car_interface/srv/detail/send_command__rosidl_typesupport_introspection_c.h
[2.345s] -- Up-to-date: /home/orangepi/ros2_workspace/auto_car/install/include/car_interface/car_interface/srv/detail/laser_open_service__rosidl_typesupport_introspection_c.h
[2.346s] -- Up-to-date: /home/orangepi/ros2_workspace/auto_car/install/include/car_interface/car_interface/srv/detail/laser_open_service__type_support.c
[2.346s] -- Up-to-date: /home/orangepi/ros2_workspace/auto_car/install/lib/libcar_interface__rosidl_typesupport_introspection_c.so
[2.347s] -- Up-to-date: /home/orangepi/ros2_workspace/auto_car/install/lib/libcar_interface__rosidl_typesupport_c.so
[2.347s] -- Up-to-date: /home/orangepi/ros2_workspace/auto_car/install/include/car_interface/car_interface
[2.347s] -- Up-to-date: /home/orangepi/ros2_workspace/auto_car/install/include/car_interface/car_interface/msg
[2.348s] -- Up-to-date: /home/orangepi/ros2_workspace/auto_car/install/include/car_interface/car_interface/msg/detail
[2.348s] -- Up-to-date: /home/orangepi/ros2_workspace/auto_car/install/include/car_interface/car_interface/msg/detail/t265_data__struct.hpp
[2.349s] -- Up-to-date: /home/orangepi/ros2_workspace/auto_car/install/include/car_interface/car_interface/msg/detail/motor_command__traits.hpp
[2.349s] -- Up-to-date: /home/orangepi/ros2_workspace/auto_car/install/include/car_interface/car_interface/msg/detail/t265_data__type_support.hpp
[2.349s] -- Up-to-date: /home/orangepi/ros2_workspace/auto_car/install/include/car_interface/car_interface/msg/detail/t265_data__traits.hpp
[2.350s] -- Up-to-date: /home/orangepi/ros2_workspace/auto_car/install/include/car_interface/car_interface/msg/detail/serial_data__builder.hpp
[2.350s] -- Up-to-date: /home/orangepi/ros2_workspace/auto_car/install/include/car_interface/car_interface/msg/detail/rplidar_data__traits.hpp
[2.351s] -- Up-to-date: /home/orangepi/ros2_workspace/auto_car/install/include/car_interface/car_interface/msg/detail/rplidar_data__struct.hpp
[2.351s] -- Up-to-date: /home/orangepi/ros2_workspace/auto_car/install/include/car_interface/car_interface/msg/detail/serial_data__traits.hpp
[2.351s] -- Up-to-date: /home/orangepi/ros2_workspace/auto_car/install/include/car_interface/car_interface/msg/detail/serial_data__struct.hpp
[2.352s] -- Up-to-date: /home/orangepi/ros2_workspace/auto_car/install/include/car_interface/car_interface/msg/detail/t265_data__builder.hpp
[2.353s] -- Up-to-date: /home/orangepi/ros2_workspace/auto_car/install/include/car_interface/car_interface/msg/detail/rplidar_data__builder.hpp
[2.353s] -- Up-to-date: /home/orangepi/ros2_workspace/auto_car/install/include/car_interface/car_interface/msg/detail/motor_command__builder.hpp
[2.354s] -- Up-to-date: /home/orangepi/ros2_workspace/auto_car/install/include/car_interface/car_interface/msg/detail/motor_command__type_support.hpp
[2.354s] -- Up-to-date: /home/orangepi/ros2_workspace/auto_car/install/include/car_interface/car_interface/msg/detail/rplidar_data__type_support.hpp
[2.355s] -- Up-to-date: /home/orangepi/ros2_workspace/auto_car/install/include/car_interface/car_interface/msg/detail/motor_command__struct.hpp
[2.355s] -- Up-to-date: /home/orangepi/ros2_workspace/auto_car/install/include/car_interface/car_interface/msg/detail/serial_data__type_support.hpp
[2.355s] -- Up-to-date: /home/orangepi/ros2_workspace/auto_car/install/include/car_interface/car_interface/msg/rosidl_generator_cpp__visibility_control.hpp
[2.356s] -- Up-to-date: /home/orangepi/ros2_workspace/auto_car/install/include/car_interface/car_interface/msg/motor_command.hpp
[2.356s] -- Up-to-date: /home/orangepi/ros2_workspace/auto_car/install/include/car_interface/car_interface/msg/t265_data.hpp
[2.357s] -- Up-to-date: /home/orangepi/ros2_workspace/auto_car/install/include/car_interface/car_interface/msg/rplidar_data.hpp
[2.366s] -- Up-to-date: /home/orangepi/ros2_workspace/auto_car/install/include/car_interface/car_interface/msg/serial_data.hpp
[2.367s] -- Up-to-date: /home/orangepi/ros2_workspace/auto_car/install/include/car_interface/car_interface/srv
[2.367s] -- Up-to-date: /home/orangepi/ros2_workspace/auto_car/install/include/car_interface/car_interface/srv/detail
[2.367s] -- Up-to-date: /home/orangepi/ros2_workspace/auto_car/install/include/car_interface/car_interface/srv/detail/send_command__struct.hpp
[2.368s] -- Up-to-date: /home/orangepi/ros2_workspace/auto_car/install/include/car_interface/car_interface/srv/detail/laser_open_service__traits.hpp
[2.368s] -- Up-to-date: /home/orangepi/ros2_workspace/auto_car/install/include/car_interface/car_interface/srv/detail/laser_open_service__builder.hpp
[2.369s] -- Up-to-date: /home/orangepi/ros2_workspace/auto_car/install/include/car_interface/car_interface/srv/detail/laser_open_service__type_support.hpp
[2.370s] -- Up-to-date: /home/orangepi/ros2_workspace/auto_car/install/include/car_interface/car_interface/srv/detail/laser_open_service__struct.hpp
[2.370s] -- Up-to-date: /home/orangepi/ros2_workspace/auto_car/install/include/car_interface/car_interface/srv/detail/send_command__traits.hpp
[2.371s] -- Up-to-date: /home/orangepi/ros2_workspace/auto_car/install/include/car_interface/car_interface/srv/detail/send_command__builder.hpp
[2.371s] -- Up-to-date: /home/orangepi/ros2_workspace/auto_car/install/include/car_interface/car_interface/srv/detail/send_command__type_support.hpp
[2.372s] -- Up-to-date: /home/orangepi/ros2_workspace/auto_car/install/include/car_interface/car_interface/srv/send_command.hpp
[2.373s] -- Up-to-date: /home/orangepi/ros2_workspace/auto_car/install/include/car_interface/car_interface/srv/laser_open_service.hpp
[2.375s] -- Up-to-date: /home/orangepi/ros2_workspace/auto_car/install/include/car_interface/car_interface
[2.376s] -- Up-to-date: /home/orangepi/ros2_workspace/auto_car/install/include/car_interface/car_interface/msg
[2.376s] -- Up-to-date: /home/orangepi/ros2_workspace/auto_car/install/include/car_interface/car_interface/msg/detail
[2.377s] -- Up-to-date: /home/orangepi/ros2_workspace/auto_car/install/include/car_interface/car_interface/msg/detail/t265_data__rosidl_typesupport_fastrtps_cpp.hpp
[2.377s] -- Up-to-date: /home/orangepi/ros2_workspace/auto_car/install/include/car_interface/car_interface/msg/detail/motor_command__rosidl_typesupport_fastrtps_cpp.hpp
[2.378s] -- Up-to-date: /home/orangepi/ros2_workspace/auto_car/install/include/car_interface/car_interface/msg/detail/serial_data__rosidl_typesupport_fastrtps_cpp.hpp
[2.378s] -- Up-to-date: /home/orangepi/ros2_workspace/auto_car/install/include/car_interface/car_interface/msg/detail/rplidar_data__rosidl_typesupport_fastrtps_cpp.hpp
[2.378s] -- Up-to-date: /home/orangepi/ros2_workspace/auto_car/install/include/car_interface/car_interface/msg/detail/dds_fastrtps
[2.379s] -- Up-to-date: /home/orangepi/ros2_workspace/auto_car/install/include/car_interface/car_interface/msg/rosidl_typesupport_fastrtps_cpp__visibility_control.h
[2.379s] -- Up-to-date: /home/orangepi/ros2_workspace/auto_car/install/include/car_interface/car_interface/srv
[2.380s] -- Up-to-date: /home/orangepi/ros2_workspace/auto_car/install/include/car_interface/car_interface/srv/detail
[2.380s] -- Up-to-date: /home/orangepi/ros2_workspace/auto_car/install/include/car_interface/car_interface/srv/detail/send_command__rosidl_typesupport_fastrtps_cpp.hpp
[2.380s] -- Up-to-date: /home/orangepi/ros2_workspace/auto_car/install/include/car_interface/car_interface/srv/detail/dds_fastrtps
[2.381s] -- Up-to-date: /home/orangepi/ros2_workspace/auto_car/install/include/car_interface/car_interface/srv/detail/laser_open_service__rosidl_typesupport_fastrtps_cpp.hpp
[2.381s] -- Up-to-date: /home/orangepi/ros2_workspace/auto_car/install/lib/libcar_interface__rosidl_typesupport_fastrtps_cpp.so
[2.382s] -- Up-to-date: /home/orangepi/ros2_workspace/auto_car/install/include/car_interface/car_interface
[2.382s] -- Up-to-date: /home/orangepi/ros2_workspace/auto_car/install/include/car_interface/car_interface/msg
[2.382s] -- Up-to-date: /home/orangepi/ros2_workspace/auto_car/install/include/car_interface/car_interface/msg/detail
[2.383s] -- Up-to-date: /home/orangepi/ros2_workspace/auto_car/install/include/car_interface/car_interface/msg/detail/serial_data__type_support.cpp
[2.384s] -- Up-to-date: /home/orangepi/ros2_workspace/auto_car/install/include/car_interface/car_interface/msg/detail/rplidar_data__rosidl_typesupport_introspection_cpp.hpp
[2.384s] -- Up-to-date: /home/orangepi/ros2_workspace/auto_car/install/include/car_interface/car_interface/msg/detail/rplidar_data__type_support.cpp
[2.385s] -- Up-to-date: /home/orangepi/ros2_workspace/auto_car/install/include/car_interface/car_interface/msg/detail/t265_data__type_support.cpp
[2.385s] -- Up-to-date: /home/orangepi/ros2_workspace/auto_car/install/include/car_interface/car_interface/msg/detail/motor_command__rosidl_typesupport_introspection_cpp.hpp
[2.386s] -- Up-to-date: /home/orangepi/ros2_workspace/auto_car/install/include/car_interface/car_interface/msg/detail/t265_data__rosidl_typesupport_introspection_cpp.hpp
[2.386s] -- Up-to-date: /home/orangepi/ros2_workspace/auto_car/install/include/car_interface/car_interface/msg/detail/serial_data__rosidl_typesupport_introspection_cpp.hpp
[2.386s] -- Up-to-date: /home/orangepi/ros2_workspace/auto_car/install/include/car_interface/car_interface/msg/detail/motor_command__type_support.cpp
[2.387s] -- Up-to-date: /home/orangepi/ros2_workspace/auto_car/install/include/car_interface/car_interface/srv
[2.387s] -- Up-to-date: /home/orangepi/ros2_workspace/auto_car/install/include/car_interface/car_interface/srv/detail
[2.388s] -- Up-to-date: /home/orangepi/ros2_workspace/auto_car/install/include/car_interface/car_interface/srv/detail/laser_open_service__rosidl_typesupport_introspection_cpp.hpp
[2.388s] -- Up-to-date: /home/orangepi/ros2_workspace/auto_car/install/include/car_interface/car_interface/srv/detail/send_command__type_support.cpp
[2.388s] -- Up-to-date: /home/orangepi/ros2_workspace/auto_car/install/include/car_interface/car_interface/srv/detail/laser_open_service__type_support.cpp
[2.389s] -- Up-to-date: /home/orangepi/ros2_workspace/auto_car/install/include/car_interface/car_interface/srv/detail/send_command__rosidl_typesupport_introspection_cpp.hpp
[2.389s] -- Up-to-date: /home/orangepi/ros2_workspace/auto_car/install/lib/libcar_interface__rosidl_typesupport_introspection_cpp.so
[2.394s] -- Up-to-date: /home/orangepi/ros2_workspace/auto_car/install/lib/libcar_interface__rosidl_typesupport_cpp.so
[2.394s] -- Up-to-date: /home/orangepi/ros2_workspace/auto_car/install/share/car_interface/environment/pythonpath.sh
[2.394s] -- Up-to-date: /home/orangepi/ros2_workspace/auto_car/install/share/car_interface/environment/pythonpath.dsv
[2.394s] -- Up-to-date: /home/orangepi/ros2_workspace/auto_car/install/local/lib/python3.10/dist-packages/car_interface-0.0.0-py3.10.egg-info
[2.394s] -- Installing: /home/orangepi/ros2_workspace/auto_car/install/local/lib/python3.10/dist-packages/car_interface-0.0.0-py3.10.egg-info/PKG-INFO
[2.394s] -- Installing: /home/orangepi/ros2_workspace/auto_car/install/local/lib/python3.10/dist-packages/car_interface-0.0.0-py3.10.egg-info/dependency_links.txt
[2.395s] -- Installing: /home/orangepi/ros2_workspace/auto_car/install/local/lib/python3.10/dist-packages/car_interface-0.0.0-py3.10.egg-info/SOURCES.txt
[2.395s] -- Installing: /home/orangepi/ros2_workspace/auto_car/install/local/lib/python3.10/dist-packages/car_interface-0.0.0-py3.10.egg-info/top_level.txt
[2.395s] -- Up-to-date: /home/orangepi/ros2_workspace/auto_car/install/local/lib/python3.10/dist-packages/car_interface
[2.395s] -- Up-to-date: /home/orangepi/ros2_workspace/auto_car/install/local/lib/python3.10/dist-packages/car_interface/msg
[2.395s] -- Up-to-date: /home/orangepi/ros2_workspace/auto_car/install/local/lib/python3.10/dist-packages/car_interface/msg/_rplidar_data_s.c
[2.395s] -- Up-to-date: /home/orangepi/ros2_workspace/auto_car/install/local/lib/python3.10/dist-packages/car_interface/msg/_t265_data.py
[2.395s] -- Up-to-date: /home/orangepi/ros2_workspace/auto_car/install/local/lib/python3.10/dist-packages/car_interface/msg/_t265_data_s.c
[2.395s] -- Up-to-date: /home/orangepi/ros2_workspace/auto_car/install/local/lib/python3.10/dist-packages/car_interface/msg/_serial_data.py
[2.396s] -- Up-to-date: /home/orangepi/ros2_workspace/auto_car/install/local/lib/python3.10/dist-packages/car_interface/msg/_motor_command.py
[2.397s] -- Up-to-date: /home/orangepi/ros2_workspace/auto_car/install/local/lib/python3.10/dist-packages/car_interface/msg/__init__.py
[2.397s] -- Up-to-date: /home/orangepi/ros2_workspace/auto_car/install/local/lib/python3.10/dist-packages/car_interface/msg/_motor_command_s.c
[2.397s] -- Up-to-date: /home/orangepi/ros2_workspace/auto_car/install/local/lib/python3.10/dist-packages/car_interface/msg/_serial_data_s.c
[2.398s] -- Up-to-date: /home/orangepi/ros2_workspace/auto_car/install/local/lib/python3.10/dist-packages/car_interface/msg/_rplidar_data.py
[2.398s] -- Up-to-date: /home/orangepi/ros2_workspace/auto_car/install/local/lib/python3.10/dist-packages/car_interface/car_interface_s__rosidl_typesupport_introspection_c.cpython-310-aarch64-linux-gnu.so
[2.399s] -- Up-to-date: /home/orangepi/ros2_workspace/auto_car/install/local/lib/python3.10/dist-packages/car_interface/car_interface_s__rosidl_typesupport_c.cpython-310-aarch64-linux-gnu.so
[2.399s] -- Up-to-date: /home/orangepi/ros2_workspace/auto_car/install/local/lib/python3.10/dist-packages/car_interface/srv
[2.399s] -- Up-to-date: /home/orangepi/ros2_workspace/auto_car/install/local/lib/python3.10/dist-packages/car_interface/srv/_laser_open_service_s.c
[2.400s] -- Up-to-date: /home/orangepi/ros2_workspace/auto_car/install/local/lib/python3.10/dist-packages/car_interface/srv/_laser_open_service.py
[2.400s] -- Up-to-date: /home/orangepi/ros2_workspace/auto_car/install/local/lib/python3.10/dist-packages/car_interface/srv/_send_command.py
[2.401s] -- Up-to-date: /home/orangepi/ros2_workspace/auto_car/install/local/lib/python3.10/dist-packages/car_interface/srv/__init__.py
[2.401s] -- Up-to-date: /home/orangepi/ros2_workspace/auto_car/install/local/lib/python3.10/dist-packages/car_interface/srv/_send_command_s.c
[2.401s] -- Up-to-date: /home/orangepi/ros2_workspace/auto_car/install/local/lib/python3.10/dist-packages/car_interface/car_interface_s__rosidl_typesupport_fastrtps_c.cpython-310-aarch64-linux-gnu.so
[2.402s] -- Up-to-date: /home/orangepi/ros2_workspace/auto_car/install/local/lib/python3.10/dist-packages/car_interface/_car_interface_s.ep.rosidl_typesupport_introspection_c.c
[2.418s] -- Up-to-date: /home/orangepi/ros2_workspace/auto_car/install/local/lib/python3.10/dist-packages/car_interface/__init__.py
[2.420s] -- Up-to-date: /home/orangepi/ros2_workspace/auto_car/install/local/lib/python3.10/dist-packages/car_interface/_car_interface_s.ep.rosidl_typesupport_c.c
[2.421s] -- Up-to-date: /home/orangepi/ros2_workspace/auto_car/install/local/lib/python3.10/dist-packages/car_interface/_car_interface_s.ep.rosidl_typesupport_fastrtps_c.c
[2.422s] -- Up-to-date: /home/orangepi/ros2_workspace/auto_car/install/local/lib/python3.10/dist-packages/car_interface/libcar_interface__rosidl_generator_py.so
[2.423s] Listing '/home/orangepi/ros2_workspace/auto_car/install/local/lib/python3.10/dist-packages/car_interface'...
[2.424s] Listing '/home/orangepi/ros2_workspace/auto_car/install/local/lib/python3.10/dist-packages/car_interface/msg'...
[2.424s] Listing '/home/orangepi/ros2_workspace/auto_car/install/local/lib/python3.10/dist-packages/car_interface/srv'...
[2.425s] -- Up-to-date: /home/orangepi/ros2_workspace/auto_car/install/local/lib/python3.10/dist-packages/car_interface/car_interface_s__rosidl_typesupport_fastrtps_c.cpython-310-aarch64-linux-gnu.so
[2.425s] -- Up-to-date: /home/orangepi/ros2_workspace/auto_car/install/local/lib/python3.10/dist-packages/car_interface/car_interface_s__rosidl_typesupport_introspection_c.cpython-310-aarch64-linux-gnu.so
[2.426s] -- Up-to-date: /home/orangepi/ros2_workspace/auto_car/install/local/lib/python3.10/dist-packages/car_interface/car_interface_s__rosidl_typesupport_c.cpython-310-aarch64-linux-gnu.so
[2.426s] -- Up-to-date: /home/orangepi/ros2_workspace/auto_car/install/lib/libcar_interface__rosidl_generator_py.so
[2.426s] -- Up-to-date: /home/orangepi/ros2_workspace/auto_car/install/share/car_interface/msg/T265Data.idl
[2.427s] -- Up-to-date: /home/orangepi/ros2_workspace/auto_car/install/share/car_interface/msg/RplidarData.idl
[2.427s] -- Up-to-date: /home/orangepi/ros2_workspace/auto_car/install/share/car_interface/msg/MotorCommand.idl
[2.434s] -- Up-to-date: /home/orangepi/ros2_workspace/auto_car/install/share/car_interface/msg/SerialData.idl
[2.435s] -- Up-to-date: /home/orangepi/ros2_workspace/auto_car/install/share/car_interface/srv/LaserOpenService.idl
[2.437s] -- Up-to-date: /home/orangepi/ros2_workspace/auto_car/install/share/car_interface/srv/SendCommand.idl
[2.437s] -- Up-to-date: /home/orangepi/ros2_workspace/auto_car/install/share/car_interface/msg/T265Data.msg
[2.438s] -- Up-to-date: /home/orangepi/ros2_workspace/auto_car/install/share/car_interface/msg/RplidarData.msg
[2.439s] -- Up-to-date: /home/orangepi/ros2_workspace/auto_car/install/share/car_interface/msg/MotorCommand.msg
[2.439s] -- Up-to-date: /home/orangepi/ros2_workspace/auto_car/install/share/car_interface/msg/SerialData.msg
[2.440s] -- Up-to-date: /home/orangepi/ros2_workspace/auto_car/install/share/car_interface/srv/LaserOpenService.srv
[2.440s] -- Up-to-date: /home/orangepi/ros2_workspace/auto_car/install/share/car_interface/srv/LaserOpenService_Request.msg
[2.442s] -- Up-to-date: /home/orangepi/ros2_workspace/auto_car/install/share/car_interface/srv/LaserOpenService_Response.msg
[2.442s] -- Up-to-date: /home/orangepi/ros2_workspace/auto_car/install/share/car_interface/srv/SendCommand.srv
[2.442s] -- Up-to-date: /home/orangepi/ros2_workspace/auto_car/install/share/car_interface/srv/SendCommand_Request.msg
[2.442s] -- Up-to-date: /home/orangepi/ros2_workspace/auto_car/install/share/car_interface/srv/SendCommand_Response.msg
[2.442s] -- Up-to-date: /home/orangepi/ros2_workspace/auto_car/install/share/ament_index/resource_index/package_run_dependencies/car_interface
[2.442s] -- Up-to-date: /home/orangepi/ros2_workspace/auto_car/install/share/ament_index/resource_index/parent_prefix_path/car_interface
[2.442s] -- Up-to-date: /home/orangepi/ros2_workspace/auto_car/install/share/car_interface/environment/ament_prefix_path.sh
[2.442s] -- Up-to-date: /home/orangepi/ros2_workspace/auto_car/install/share/car_interface/environment/ament_prefix_path.dsv
[2.442s] -- Up-to-date: /home/orangepi/ros2_workspace/auto_car/install/share/car_interface/environment/path.sh
[2.443s] -- Up-to-date: /home/orangepi/ros2_workspace/auto_car/install/share/car_interface/environment/path.dsv
[2.443s] -- Up-to-date: /home/orangepi/ros2_workspace/auto_car/install/share/car_interface/local_setup.bash
[2.443s] -- Up-to-date: /home/orangepi/ros2_workspace/auto_car/install/share/car_interface/local_setup.sh
[2.443s] -- Up-to-date: /home/orangepi/ros2_workspace/auto_car/install/share/car_interface/local_setup.zsh
[2.443s] -- Up-to-date: /home/orangepi/ros2_workspace/auto_car/install/share/car_interface/local_setup.dsv
[2.444s] -- Installing: /home/orangepi/ros2_workspace/auto_car/install/share/car_interface/package.dsv
[2.444s] -- Up-to-date: /home/orangepi/ros2_workspace/auto_car/install/share/ament_index/resource_index/packages/car_interface
[2.445s] -- Up-to-date: /home/orangepi/ros2_workspace/auto_car/install/share/car_interface/cmake/export_car_interface__rosidl_generator_cExport.cmake
[2.446s] -- Up-to-date: /home/orangepi/ros2_workspace/auto_car/install/share/car_interface/cmake/export_car_interface__rosidl_generator_cExport-noconfig.cmake
[2.447s] -- Up-to-date: /home/orangepi/ros2_workspace/auto_car/install/share/car_interface/cmake/export_car_interface__rosidl_typesupport_fastrtps_cExport.cmake
[2.447s] -- Up-to-date: /home/orangepi/ros2_workspace/auto_car/install/share/car_interface/cmake/export_car_interface__rosidl_typesupport_fastrtps_cExport-noconfig.cmake
[2.448s] -- Up-to-date: /home/orangepi/ros2_workspace/auto_car/install/share/car_interface/cmake/car_interface__rosidl_typesupport_introspection_cExport.cmake
[2.449s] -- Up-to-date: /home/orangepi/ros2_workspace/auto_car/install/share/car_interface/cmake/car_interface__rosidl_typesupport_introspection_cExport-noconfig.cmake
[2.450s] -- Up-to-date: /home/orangepi/ros2_workspace/auto_car/install/share/car_interface/cmake/car_interface__rosidl_typesupport_cExport.cmake
[2.450s] -- Up-to-date: /home/orangepi/ros2_workspace/auto_car/install/share/car_interface/cmake/car_interface__rosidl_typesupport_cExport-noconfig.cmake
[2.451s] -- Up-to-date: /home/orangepi/ros2_workspace/auto_car/install/share/car_interface/cmake/export_car_interface__rosidl_generator_cppExport.cmake
[2.452s] -- Up-to-date: /home/orangepi/ros2_workspace/auto_car/install/share/car_interface/cmake/export_car_interface__rosidl_typesupport_fastrtps_cppExport.cmake
[2.453s] -- Up-to-date: /home/orangepi/ros2_workspace/auto_car/install/share/car_interface/cmake/export_car_interface__rosidl_typesupport_fastrtps_cppExport-noconfig.cmake
[2.454s] -- Up-to-date: /home/orangepi/ros2_workspace/auto_car/install/share/car_interface/cmake/car_interface__rosidl_typesupport_introspection_cppExport.cmake
[2.459s] -- Up-to-date: /home/orangepi/ros2_workspace/auto_car/install/share/car_interface/cmake/car_interface__rosidl_typesupport_introspection_cppExport-noconfig.cmake
[2.463s] -- Up-to-date: /home/orangepi/ros2_workspace/auto_car/install/share/car_interface/cmake/car_interface__rosidl_typesupport_cppExport.cmake
[2.464s] -- Up-to-date: /home/orangepi/ros2_workspace/auto_car/install/share/car_interface/cmake/car_interface__rosidl_typesupport_cppExport-noconfig.cmake
[2.465s] -- Up-to-date: /home/orangepi/ros2_workspace/auto_car/install/share/car_interface/cmake/export_car_interface__rosidl_generator_pyExport.cmake
[2.472s] -- Up-to-date: /home/orangepi/ros2_workspace/auto_car/install/share/car_interface/cmake/export_car_interface__rosidl_generator_pyExport-noconfig.cmake
[2.472s] -- Up-to-date: /home/orangepi/ros2_workspace/auto_car/install/share/car_interface/cmake/rosidl_cmake-extras.cmake
[2.472s] -- Up-to-date: /home/orangepi/ros2_workspace/auto_car/install/share/car_interface/cmake/ament_cmake_export_include_directories-extras.cmake
[2.473s] -- Up-to-date: /home/orangepi/ros2_workspace/auto_car/install/share/car_interface/cmake/ament_cmake_export_libraries-extras.cmake
[2.473s] -- Up-to-date: /home/orangepi/ros2_workspace/auto_car/install/share/car_interface/cmake/ament_cmake_export_targets-extras.cmake
[2.473s] -- Up-to-date: /home/orangepi/ros2_workspace/auto_car/install/share/car_interface/cmake/rosidl_cmake_export_typesupport_targets-extras.cmake
[2.473s] -- Up-to-date: /home/orangepi/ros2_workspace/auto_car/install/share/car_interface/cmake/ament_cmake_export_dependencies-extras.cmake
[2.473s] -- Up-to-date: /home/orangepi/ros2_workspace/auto_car/install/share/car_interface/cmake/rosidl_cmake_export_typesupport_libraries-extras.cmake
[2.473s] -- Up-to-date: /home/orangepi/ros2_workspace/auto_car/install/share/car_interface/cmake/car_interfaceConfig.cmake
[2.473s] -- Up-to-date: /home/orangepi/ros2_workspace/auto_car/install/share/car_interface/cmake/car_interfaceConfig-version.cmake
[2.473s] -- Up-to-date: /home/orangepi/ros2_workspace/auto_car/install/share/car_interface/package.xml
[2.704s] Invoked command in '/home/orangepi/ros2_workspace/auto_car/build/car_interface' returned '0': CMAKE_PREFIX_PATH=${CMAKE_PREFIX_PATH}:/root/lanhailidar_ros_ws/install/scan_subscriber:/opt/ros/humble /usr/bin/cmake --install /home/orangepi/ros2_workspace/auto_car/build/car_interface
