[0.072s] Invoking command in '/home/orangepi/ros2_workspace/auto_car/build/car_t265_interface': CMAKE_PREFIX_PATH=${CMAKE_PREFIX_PATH}:/root/lanhailidar_ros_ws/install/scan_subscriber:/opt/ros/humble /usr/bin/cmake --build /home/orangepi/ros2_workspace/auto_car/build/car_t265_interface -- -j8 -l8
[0.992s] [ 10%] Built target car_t265_interface__rosidl_generator_c
[0.992s] [ 12%] Built target car_t265_interface__cpp
[0.992s] [ 12%] Built target ament_cmake_python_copy_car_t265_interface
[0.993s] [ 23%] Built target car_t265_interface__rosidl_typesupport_c
[0.993s] [ 34%] Built target car_t265_interface__rosidl_typesupport_introspection_c
[0.994s] [ 45%] Built target car_t265_interface__rosidl_typesupport_fastrtps_c
[0.994s] [ 56%] Built target car_t265_interface__rosidl_typesupport_fastrtps_cpp
[0.994s] [ 67%] Built target car_t265_interface__rosidl_typesupport_cpp
[0.995s] [ 78%] Built target car_t265_interface__rosidl_typesupport_introspection_cpp
[0.995s] [ 78%] Built target car_t265_interface
[0.995s] [ 80%] Built target car_t265_interface__py
[0.996s] [ 89%] Built target car_t265_interface__rosidl_generator_py
[0.996s] [ 92%] Built target car_t265_interface__rosidl_typesupport_c__pyext
[0.996s] [ 96%] Built target car_t265_interface__rosidl_typesupport_fastrtps_c__pyext
[0.997s] [100%] Built target car_t265_interface__rosidl_typesupport_introspection_c__pyext
[0.997s] running egg_info
[0.998s] writing car_t265_interface.egg-info/PKG-INFO
[0.998s] writing dependency_links to car_t265_interface.egg-info/dependency_links.txt
[0.998s] writing top-level names to car_t265_interface.egg-info/top_level.txt
[0.999s] reading manifest file 'car_t265_interface.egg-info/SOURCES.txt'
[0.999s] writing manifest file 'car_t265_interface.egg-info/SOURCES.txt'
[1.000s] [100%] Built target ament_cmake_python_build_car_t265_interface_egg
[1.051s] Invoked command in '/home/orangepi/ros2_workspace/auto_car/build/car_t265_interface' returned '0': CMAKE_PREFIX_PATH=${CMAKE_PREFIX_PATH}:/root/lanhailidar_ros_ws/install/scan_subscriber:/opt/ros/humble /usr/bin/cmake --build /home/orangepi/ros2_workspace/auto_car/build/car_t265_interface -- -j8 -l8
[1.052s] Invoking command in '/home/orangepi/ros2_workspace/auto_car/build/car_t265_interface': CMAKE_PREFIX_PATH=${CMAKE_PREFIX_PATH}:/root/lanhailidar_ros_ws/install/scan_subscriber:/opt/ros/humble /usr/bin/cmake --install /home/orangepi/ros2_workspace/auto_car/build/car_t265_interface
[1.089s] -- Install configuration: ""
[1.089s] -- Up-to-date: /home/orangepi/ros2_workspace/auto_car/install/share/ament_index/resource_index/rosidl_interfaces/car_t265_interface
[1.090s] -- Up-to-date: /home/orangepi/ros2_workspace/auto_car/install/include/car_t265_interface/car_t265_interface
[1.090s] -- Up-to-date: /home/orangepi/ros2_workspace/auto_car/install/include/car_t265_interface/car_t265_interface/msg
[1.091s] -- Up-to-date: /home/orangepi/ros2_workspace/auto_car/install/include/car_t265_interface/car_t265_interface/msg/detail
[1.091s] -- Up-to-date: /home/orangepi/ros2_workspace/auto_car/install/include/car_t265_interface/car_t265_interface/msg/detail/motor_command__struct.h
[1.091s] -- Up-to-date: /home/orangepi/ros2_workspace/auto_car/install/include/car_t265_interface/car_t265_interface/msg/detail/serial_data__struct.h
[1.093s] -- Up-to-date: /home/orangepi/ros2_workspace/auto_car/install/include/car_t265_interface/car_t265_interface/msg/detail/t265_data__functions.h
[1.095s] -- Up-to-date: /home/orangepi/ros2_workspace/auto_car/install/include/car_t265_interface/car_t265_interface/msg/detail/serial_data__functions.h
[1.095s] -- Up-to-date: /home/orangepi/ros2_workspace/auto_car/install/include/car_t265_interface/car_t265_interface/msg/detail/motor_command__functions.c
[1.096s] -- Up-to-date: /home/orangepi/ros2_workspace/auto_car/install/include/car_t265_interface/car_t265_interface/msg/detail/motor_command__functions.h
[1.096s] -- Up-to-date: /home/orangepi/ros2_workspace/auto_car/install/include/car_t265_interface/car_t265_interface/msg/detail/t265_data__type_support.h
[1.097s] -- Up-to-date: /home/orangepi/ros2_workspace/auto_car/install/include/car_t265_interface/car_t265_interface/msg/detail/motor_command__type_support.h
[1.097s] -- Up-to-date: /home/orangepi/ros2_workspace/auto_car/install/include/car_t265_interface/car_t265_interface/msg/detail/serial_data__type_support.h
[1.097s] -- Up-to-date: /home/orangepi/ros2_workspace/auto_car/install/include/car_t265_interface/car_t265_interface/msg/detail/serial_data__functions.c
[1.097s] -- Up-to-date: /home/orangepi/ros2_workspace/auto_car/install/include/car_t265_interface/car_t265_interface/msg/detail/t265_data__struct.h
[1.097s] -- Up-to-date: /home/orangepi/ros2_workspace/auto_car/install/include/car_t265_interface/car_t265_interface/msg/detail/t265_data__functions.c
[1.097s] -- Up-to-date: /home/orangepi/ros2_workspace/auto_car/install/include/car_t265_interface/car_t265_interface/msg/motor_command.h
[1.097s] -- Up-to-date: /home/orangepi/ros2_workspace/auto_car/install/include/car_t265_interface/car_t265_interface/msg/rosidl_generator_c__visibility_control.h
[1.098s] -- Up-to-date: /home/orangepi/ros2_workspace/auto_car/install/include/car_t265_interface/car_t265_interface/msg/t265_data.h
[1.098s] -- Up-to-date: /home/orangepi/ros2_workspace/auto_car/install/include/car_t265_interface/car_t265_interface/msg/serial_data.h
[1.098s] -- Up-to-date: /home/orangepi/ros2_workspace/auto_car/install/include/car_t265_interface/car_t265_interface/srv
[1.098s] -- Up-to-date: /home/orangepi/ros2_workspace/auto_car/install/include/car_t265_interface/car_t265_interface/srv/detail
[1.098s] -- Up-to-date: /home/orangepi/ros2_workspace/auto_car/install/include/car_t265_interface/car_t265_interface/srv/detail/send_command__struct.h
[1.098s] -- Up-to-date: /home/orangepi/ros2_workspace/auto_car/install/include/car_t265_interface/car_t265_interface/srv/detail/send_command__type_support.h
[1.098s] -- Up-to-date: /home/orangepi/ros2_workspace/auto_car/install/include/car_t265_interface/car_t265_interface/srv/detail/send_command__functions.c
[1.098s] -- Up-to-date: /home/orangepi/ros2_workspace/auto_car/install/include/car_t265_interface/car_t265_interface/srv/detail/send_command__functions.h
[1.098s] -- Up-to-date: /home/orangepi/ros2_workspace/auto_car/install/include/car_t265_interface/car_t265_interface/srv/send_command.h
[1.098s] -- Up-to-date: /home/orangepi/ros2_workspace/auto_car/install/share/car_t265_interface/environment/library_path.sh
[1.098s] -- Up-to-date: /home/orangepi/ros2_workspace/auto_car/install/share/car_t265_interface/environment/library_path.dsv
[1.099s] -- Up-to-date: /home/orangepi/ros2_workspace/auto_car/install/lib/libcar_t265_interface__rosidl_generator_c.so
[1.099s] -- Up-to-date: /home/orangepi/ros2_workspace/auto_car/install/include/car_t265_interface/car_t265_interface
[1.099s] -- Up-to-date: /home/orangepi/ros2_workspace/auto_car/install/include/car_t265_interface/car_t265_interface/msg
[1.099s] -- Up-to-date: /home/orangepi/ros2_workspace/auto_car/install/include/car_t265_interface/car_t265_interface/msg/detail
[1.099s] -- Up-to-date: /home/orangepi/ros2_workspace/auto_car/install/include/car_t265_interface/car_t265_interface/msg/detail/motor_command__rosidl_typesupport_fastrtps_c.h
[1.099s] -- Up-to-date: /home/orangepi/ros2_workspace/auto_car/install/include/car_t265_interface/car_t265_interface/msg/detail/serial_data__rosidl_typesupport_fastrtps_c.h
[1.099s] -- Up-to-date: /home/orangepi/ros2_workspace/auto_car/install/include/car_t265_interface/car_t265_interface/msg/detail/t265_data__rosidl_typesupport_fastrtps_c.h
[1.099s] -- Up-to-date: /home/orangepi/ros2_workspace/auto_car/install/include/car_t265_interface/car_t265_interface/msg/rosidl_typesupport_fastrtps_c__visibility_control.h
[1.111s] -- Up-to-date: /home/orangepi/ros2_workspace/auto_car/install/include/car_t265_interface/car_t265_interface/srv
[1.112s] -- Up-to-date: /home/orangepi/ros2_workspace/auto_car/install/include/car_t265_interface/car_t265_interface/srv/detail
[1.113s] -- Up-to-date: /home/orangepi/ros2_workspace/auto_car/install/include/car_t265_interface/car_t265_interface/srv/detail/send_command__rosidl_typesupport_fastrtps_c.h
[1.115s] -- Up-to-date: /home/orangepi/ros2_workspace/auto_car/install/lib/libcar_t265_interface__rosidl_typesupport_fastrtps_c.so
[1.115s] -- Up-to-date: /home/orangepi/ros2_workspace/auto_car/install/include/car_t265_interface/car_t265_interface
[1.116s] -- Up-to-date: /home/orangepi/ros2_workspace/auto_car/install/include/car_t265_interface/car_t265_interface/msg
[1.116s] -- Up-to-date: /home/orangepi/ros2_workspace/auto_car/install/include/car_t265_interface/car_t265_interface/msg/detail
[1.117s] -- Up-to-date: /home/orangepi/ros2_workspace/auto_car/install/include/car_t265_interface/car_t265_interface/msg/detail/t265_data__rosidl_typesupport_introspection_c.h
[1.118s] -- Up-to-date: /home/orangepi/ros2_workspace/auto_car/install/include/car_t265_interface/car_t265_interface/msg/detail/motor_command__type_support.c
[1.118s] -- Up-to-date: /home/orangepi/ros2_workspace/auto_car/install/include/car_t265_interface/car_t265_interface/msg/detail/t265_data__type_support.c
[1.119s] -- Up-to-date: /home/orangepi/ros2_workspace/auto_car/install/include/car_t265_interface/car_t265_interface/msg/detail/serial_data__rosidl_typesupport_introspection_c.h
[1.119s] -- Up-to-date: /home/orangepi/ros2_workspace/auto_car/install/include/car_t265_interface/car_t265_interface/msg/detail/serial_data__type_support.c
[1.120s] -- Up-to-date: /home/orangepi/ros2_workspace/auto_car/install/include/car_t265_interface/car_t265_interface/msg/detail/motor_command__rosidl_typesupport_introspection_c.h
[1.120s] -- Up-to-date: /home/orangepi/ros2_workspace/auto_car/install/include/car_t265_interface/car_t265_interface/msg/rosidl_typesupport_introspection_c__visibility_control.h
[1.121s] -- Up-to-date: /home/orangepi/ros2_workspace/auto_car/install/include/car_t265_interface/car_t265_interface/srv
[1.121s] -- Up-to-date: /home/orangepi/ros2_workspace/auto_car/install/include/car_t265_interface/car_t265_interface/srv/detail
[1.122s] -- Up-to-date: /home/orangepi/ros2_workspace/auto_car/install/include/car_t265_interface/car_t265_interface/srv/detail/send_command__type_support.c
[1.122s] -- Up-to-date: /home/orangepi/ros2_workspace/auto_car/install/include/car_t265_interface/car_t265_interface/srv/detail/send_command__rosidl_typesupport_introspection_c.h
[1.122s] -- Up-to-date: /home/orangepi/ros2_workspace/auto_car/install/lib/libcar_t265_interface__rosidl_typesupport_introspection_c.so
[1.123s] -- Up-to-date: /home/orangepi/ros2_workspace/auto_car/install/lib/libcar_t265_interface__rosidl_typesupport_c.so
[1.124s] -- Up-to-date: /home/orangepi/ros2_workspace/auto_car/install/include/car_t265_interface/car_t265_interface
[1.124s] -- Up-to-date: /home/orangepi/ros2_workspace/auto_car/install/include/car_t265_interface/car_t265_interface/msg
[1.124s] -- Up-to-date: /home/orangepi/ros2_workspace/auto_car/install/include/car_t265_interface/car_t265_interface/msg/detail
[1.124s] -- Up-to-date: /home/orangepi/ros2_workspace/auto_car/install/include/car_t265_interface/car_t265_interface/msg/detail/t265_data__struct.hpp
[1.124s] -- Up-to-date: /home/orangepi/ros2_workspace/auto_car/install/include/car_t265_interface/car_t265_interface/msg/detail/motor_command__traits.hpp
[1.124s] -- Up-to-date: /home/orangepi/ros2_workspace/auto_car/install/include/car_t265_interface/car_t265_interface/msg/detail/t265_data__type_support.hpp
[1.124s] -- Up-to-date: /home/orangepi/ros2_workspace/auto_car/install/include/car_t265_interface/car_t265_interface/msg/detail/t265_data__traits.hpp
[1.125s] -- Up-to-date: /home/orangepi/ros2_workspace/auto_car/install/include/car_t265_interface/car_t265_interface/msg/detail/serial_data__builder.hpp
[1.125s] -- Up-to-date: /home/orangepi/ros2_workspace/auto_car/install/include/car_t265_interface/car_t265_interface/msg/detail/serial_data__traits.hpp
[1.125s] -- Up-to-date: /home/orangepi/ros2_workspace/auto_car/install/include/car_t265_interface/car_t265_interface/msg/detail/serial_data__struct.hpp
[1.125s] -- Up-to-date: /home/orangepi/ros2_workspace/auto_car/install/include/car_t265_interface/car_t265_interface/msg/detail/t265_data__builder.hpp
[1.125s] -- Up-to-date: /home/orangepi/ros2_workspace/auto_car/install/include/car_t265_interface/car_t265_interface/msg/detail/motor_command__builder.hpp
[1.126s] -- Up-to-date: /home/orangepi/ros2_workspace/auto_car/install/include/car_t265_interface/car_t265_interface/msg/detail/motor_command__type_support.hpp
[1.126s] -- Up-to-date: /home/orangepi/ros2_workspace/auto_car/install/include/car_t265_interface/car_t265_interface/msg/detail/motor_command__struct.hpp
[1.126s] -- Up-to-date: /home/orangepi/ros2_workspace/auto_car/install/include/car_t265_interface/car_t265_interface/msg/detail/serial_data__type_support.hpp
[1.126s] -- Up-to-date: /home/orangepi/ros2_workspace/auto_car/install/include/car_t265_interface/car_t265_interface/msg/rosidl_generator_cpp__visibility_control.hpp
[1.126s] -- Up-to-date: /home/orangepi/ros2_workspace/auto_car/install/include/car_t265_interface/car_t265_interface/msg/motor_command.hpp
[1.126s] -- Up-to-date: /home/orangepi/ros2_workspace/auto_car/install/include/car_t265_interface/car_t265_interface/msg/t265_data.hpp
[1.126s] -- Up-to-date: /home/orangepi/ros2_workspace/auto_car/install/include/car_t265_interface/car_t265_interface/msg/serial_data.hpp
[1.126s] -- Up-to-date: /home/orangepi/ros2_workspace/auto_car/install/include/car_t265_interface/car_t265_interface/srv
[1.127s] -- Up-to-date: /home/orangepi/ros2_workspace/auto_car/install/include/car_t265_interface/car_t265_interface/srv/detail
[1.127s] -- Up-to-date: /home/orangepi/ros2_workspace/auto_car/install/include/car_t265_interface/car_t265_interface/srv/detail/send_command__struct.hpp
[1.127s] -- Up-to-date: /home/orangepi/ros2_workspace/auto_car/install/include/car_t265_interface/car_t265_interface/srv/detail/send_command__traits.hpp
[1.128s] -- Up-to-date: /home/orangepi/ros2_workspace/auto_car/install/include/car_t265_interface/car_t265_interface/srv/detail/send_command__builder.hpp
[1.128s] -- Up-to-date: /home/orangepi/ros2_workspace/auto_car/install/include/car_t265_interface/car_t265_interface/srv/detail/send_command__type_support.hpp
[1.128s] -- Up-to-date: /home/orangepi/ros2_workspace/auto_car/install/include/car_t265_interface/car_t265_interface/srv/send_command.hpp
[1.128s] -- Up-to-date: /home/orangepi/ros2_workspace/auto_car/install/include/car_t265_interface/car_t265_interface
[1.128s] -- Up-to-date: /home/orangepi/ros2_workspace/auto_car/install/include/car_t265_interface/car_t265_interface/msg
[1.128s] -- Up-to-date: /home/orangepi/ros2_workspace/auto_car/install/include/car_t265_interface/car_t265_interface/msg/detail
[1.129s] -- Up-to-date: /home/orangepi/ros2_workspace/auto_car/install/include/car_t265_interface/car_t265_interface/msg/detail/t265_data__rosidl_typesupport_fastrtps_cpp.hpp
[1.129s] -- Up-to-date: /home/orangepi/ros2_workspace/auto_car/install/include/car_t265_interface/car_t265_interface/msg/detail/motor_command__rosidl_typesupport_fastrtps_cpp.hpp
[1.129s] -- Up-to-date: /home/orangepi/ros2_workspace/auto_car/install/include/car_t265_interface/car_t265_interface/msg/detail/serial_data__rosidl_typesupport_fastrtps_cpp.hpp
[1.129s] -- Up-to-date: /home/orangepi/ros2_workspace/auto_car/install/include/car_t265_interface/car_t265_interface/msg/detail/dds_fastrtps
[1.129s] -- Up-to-date: /home/orangepi/ros2_workspace/auto_car/install/include/car_t265_interface/car_t265_interface/msg/rosidl_typesupport_fastrtps_cpp__visibility_control.h
[1.129s] -- Up-to-date: /home/orangepi/ros2_workspace/auto_car/install/include/car_t265_interface/car_t265_interface/srv
[1.129s] -- Up-to-date: /home/orangepi/ros2_workspace/auto_car/install/include/car_t265_interface/car_t265_interface/srv/detail
[1.129s] -- Up-to-date: /home/orangepi/ros2_workspace/auto_car/install/include/car_t265_interface/car_t265_interface/srv/detail/send_command__rosidl_typesupport_fastrtps_cpp.hpp
[1.129s] -- Up-to-date: /home/orangepi/ros2_workspace/auto_car/install/include/car_t265_interface/car_t265_interface/srv/detail/dds_fastrtps
[1.130s] -- Up-to-date: /home/orangepi/ros2_workspace/auto_car/install/lib/libcar_t265_interface__rosidl_typesupport_fastrtps_cpp.so
[1.130s] -- Up-to-date: /home/orangepi/ros2_workspace/auto_car/install/include/car_t265_interface/car_t265_interface
[1.130s] -- Up-to-date: /home/orangepi/ros2_workspace/auto_car/install/include/car_t265_interface/car_t265_interface/msg
[1.130s] -- Up-to-date: /home/orangepi/ros2_workspace/auto_car/install/include/car_t265_interface/car_t265_interface/msg/detail
[1.131s] -- Up-to-date: /home/orangepi/ros2_workspace/auto_car/install/include/car_t265_interface/car_t265_interface/msg/detail/serial_data__type_support.cpp
[1.131s] -- Up-to-date: /home/orangepi/ros2_workspace/auto_car/install/include/car_t265_interface/car_t265_interface/msg/detail/t265_data__type_support.cpp
[1.132s] -- Up-to-date: /home/orangepi/ros2_workspace/auto_car/install/include/car_t265_interface/car_t265_interface/msg/detail/motor_command__rosidl_typesupport_introspection_cpp.hpp
[1.132s] -- Up-to-date: /home/orangepi/ros2_workspace/auto_car/install/include/car_t265_interface/car_t265_interface/msg/detail/t265_data__rosidl_typesupport_introspection_cpp.hpp
[1.132s] -- Up-to-date: /home/orangepi/ros2_workspace/auto_car/install/include/car_t265_interface/car_t265_interface/msg/detail/serial_data__rosidl_typesupport_introspection_cpp.hpp
[1.134s] -- Up-to-date: /home/orangepi/ros2_workspace/auto_car/install/include/car_t265_interface/car_t265_interface/msg/detail/motor_command__type_support.cpp
[1.134s] -- Up-to-date: /home/orangepi/ros2_workspace/auto_car/install/include/car_t265_interface/car_t265_interface/srv
[1.134s] -- Up-to-date: /home/orangepi/ros2_workspace/auto_car/install/include/car_t265_interface/car_t265_interface/srv/detail
[1.134s] -- Up-to-date: /home/orangepi/ros2_workspace/auto_car/install/include/car_t265_interface/car_t265_interface/srv/detail/send_command__type_support.cpp
[1.134s] -- Up-to-date: /home/orangepi/ros2_workspace/auto_car/install/include/car_t265_interface/car_t265_interface/srv/detail/send_command__rosidl_typesupport_introspection_cpp.hpp
[1.135s] -- Up-to-date: /home/orangepi/ros2_workspace/auto_car/install/lib/libcar_t265_interface__rosidl_typesupport_introspection_cpp.so
[1.135s] -- Up-to-date: /home/orangepi/ros2_workspace/auto_car/install/lib/libcar_t265_interface__rosidl_typesupport_cpp.so
[1.135s] -- Up-to-date: /home/orangepi/ros2_workspace/auto_car/install/share/car_t265_interface/environment/pythonpath.sh
[1.136s] -- Up-to-date: /home/orangepi/ros2_workspace/auto_car/install/share/car_t265_interface/environment/pythonpath.dsv
[1.136s] -- Up-to-date: /home/orangepi/ros2_workspace/auto_car/install/local/lib/python3.10/dist-packages/car_t265_interface-0.0.0-py3.10.egg-info
[1.136s] -- Installing: /home/orangepi/ros2_workspace/auto_car/install/local/lib/python3.10/dist-packages/car_t265_interface-0.0.0-py3.10.egg-info/PKG-INFO
[1.137s] -- Installing: /home/orangepi/ros2_workspace/auto_car/install/local/lib/python3.10/dist-packages/car_t265_interface-0.0.0-py3.10.egg-info/dependency_links.txt
[1.137s] -- Installing: /home/orangepi/ros2_workspace/auto_car/install/local/lib/python3.10/dist-packages/car_t265_interface-0.0.0-py3.10.egg-info/SOURCES.txt
[1.138s] -- Installing: /home/orangepi/ros2_workspace/auto_car/install/local/lib/python3.10/dist-packages/car_t265_interface-0.0.0-py3.10.egg-info/top_level.txt
[1.138s] -- Up-to-date: /home/orangepi/ros2_workspace/auto_car/install/local/lib/python3.10/dist-packages/car_t265_interface
[1.138s] -- Up-to-date: /home/orangepi/ros2_workspace/auto_car/install/local/lib/python3.10/dist-packages/car_t265_interface/msg
[1.139s] -- Up-to-date: /home/orangepi/ros2_workspace/auto_car/install/local/lib/python3.10/dist-packages/car_t265_interface/msg/_t265_data.py
[1.139s] -- Up-to-date: /home/orangepi/ros2_workspace/auto_car/install/local/lib/python3.10/dist-packages/car_t265_interface/msg/_t265_data_s.c
[1.139s] -- Up-to-date: /home/orangepi/ros2_workspace/auto_car/install/local/lib/python3.10/dist-packages/car_t265_interface/msg/_serial_data.py
[1.141s] -- Up-to-date: /home/orangepi/ros2_workspace/auto_car/install/local/lib/python3.10/dist-packages/car_t265_interface/msg/_motor_command.py
[1.141s] -- Up-to-date: /home/orangepi/ros2_workspace/auto_car/install/local/lib/python3.10/dist-packages/car_t265_interface/msg/__init__.py
[1.142s] -- Up-to-date: /home/orangepi/ros2_workspace/auto_car/install/local/lib/python3.10/dist-packages/car_t265_interface/msg/_motor_command_s.c
[1.144s] -- Up-to-date: /home/orangepi/ros2_workspace/auto_car/install/local/lib/python3.10/dist-packages/car_t265_interface/msg/_serial_data_s.c
[1.144s] -- Up-to-date: /home/orangepi/ros2_workspace/auto_car/install/local/lib/python3.10/dist-packages/car_t265_interface/car_t265_interface_s__rosidl_typesupport_fastrtps_c.cpython-310-aarch64-linux-gnu.so
[1.144s] -- Up-to-date: /home/orangepi/ros2_workspace/auto_car/install/local/lib/python3.10/dist-packages/car_t265_interface/srv
[1.145s] -- Up-to-date: /home/orangepi/ros2_workspace/auto_car/install/local/lib/python3.10/dist-packages/car_t265_interface/srv/_send_command.py
[1.145s] -- Up-to-date: /home/orangepi/ros2_workspace/auto_car/install/local/lib/python3.10/dist-packages/car_t265_interface/srv/__init__.py
[1.145s] -- Up-to-date: /home/orangepi/ros2_workspace/auto_car/install/local/lib/python3.10/dist-packages/car_t265_interface/srv/_send_command_s.c
[1.145s] -- Up-to-date: /home/orangepi/ros2_workspace/auto_car/install/local/lib/python3.10/dist-packages/car_t265_interface/car_t265_interface_s__rosidl_typesupport_c.cpython-310-aarch64-linux-gnu.so
[1.145s] -- Up-to-date: /home/orangepi/ros2_workspace/auto_car/install/local/lib/python3.10/dist-packages/car_t265_interface/_car_t265_interface_s.ep.rosidl_typesupport_fastrtps_c.c
[1.146s] -- Up-to-date: /home/orangepi/ros2_workspace/auto_car/install/local/lib/python3.10/dist-packages/car_t265_interface/libcar_t265_interface__rosidl_generator_py.so
[1.146s] -- Up-to-date: /home/orangepi/ros2_workspace/auto_car/install/local/lib/python3.10/dist-packages/car_t265_interface/_car_t265_interface_s.ep.rosidl_typesupport_c.c
[1.146s] -- Up-to-date: /home/orangepi/ros2_workspace/auto_car/install/local/lib/python3.10/dist-packages/car_t265_interface/__init__.py
[1.147s] -- Up-to-date: /home/orangepi/ros2_workspace/auto_car/install/local/lib/python3.10/dist-packages/car_t265_interface/_car_t265_interface_s.ep.rosidl_typesupport_introspection_c.c
[1.148s] -- Up-to-date: /home/orangepi/ros2_workspace/auto_car/install/local/lib/python3.10/dist-packages/car_t265_interface/car_t265_interface_s__rosidl_typesupport_introspection_c.cpython-310-aarch64-linux-gnu.so
[1.169s] Listing '/home/orangepi/ros2_workspace/auto_car/install/local/lib/python3.10/dist-packages/car_t265_interface'...
[1.169s] Listing '/home/orangepi/ros2_workspace/auto_car/install/local/lib/python3.10/dist-packages/car_t265_interface/msg'...
[1.169s] Listing '/home/orangepi/ros2_workspace/auto_car/install/local/lib/python3.10/dist-packages/car_t265_interface/srv'...
[1.169s] -- Up-to-date: /home/orangepi/ros2_workspace/auto_car/install/local/lib/python3.10/dist-packages/car_t265_interface/car_t265_interface_s__rosidl_typesupport_fastrtps_c.cpython-310-aarch64-linux-gnu.so
[1.169s] -- Up-to-date: /home/orangepi/ros2_workspace/auto_car/install/local/lib/python3.10/dist-packages/car_t265_interface/car_t265_interface_s__rosidl_typesupport_introspection_c.cpython-310-aarch64-linux-gnu.so
[1.169s] -- Up-to-date: /home/orangepi/ros2_workspace/auto_car/install/local/lib/python3.10/dist-packages/car_t265_interface/car_t265_interface_s__rosidl_typesupport_c.cpython-310-aarch64-linux-gnu.so
[1.169s] -- Up-to-date: /home/orangepi/ros2_workspace/auto_car/install/lib/libcar_t265_interface__rosidl_generator_py.so
[1.170s] -- Up-to-date: /home/orangepi/ros2_workspace/auto_car/install/share/car_t265_interface/msg/MotorCommand.idl
[1.170s] -- Up-to-date: /home/orangepi/ros2_workspace/auto_car/install/share/car_t265_interface/msg/SerialData.idl
[1.170s] -- Up-to-date: /home/orangepi/ros2_workspace/auto_car/install/share/car_t265_interface/srv/SendCommand.idl
[1.170s] -- Up-to-date: /home/orangepi/ros2_workspace/auto_car/install/share/car_t265_interface/msg/T265Data.idl
[1.170s] -- Up-to-date: /home/orangepi/ros2_workspace/auto_car/install/share/car_t265_interface/msg/MotorCommand.msg
[1.170s] -- Up-to-date: /home/orangepi/ros2_workspace/auto_car/install/share/car_t265_interface/msg/SerialData.msg
[1.170s] -- Up-to-date: /home/orangepi/ros2_workspace/auto_car/install/share/car_t265_interface/srv/SendCommand.srv
[1.170s] -- Up-to-date: /home/orangepi/ros2_workspace/auto_car/install/share/car_t265_interface/srv/SendCommand_Request.msg
[1.170s] -- Up-to-date: /home/orangepi/ros2_workspace/auto_car/install/share/car_t265_interface/srv/SendCommand_Response.msg
[1.170s] -- Up-to-date: /home/orangepi/ros2_workspace/auto_car/install/share/car_t265_interface/msg/T265Data.msg
[1.171s] -- Up-to-date: /home/orangepi/ros2_workspace/auto_car/install/share/ament_index/resource_index/package_run_dependencies/car_t265_interface
[1.171s] -- Up-to-date: /home/orangepi/ros2_workspace/auto_car/install/share/ament_index/resource_index/parent_prefix_path/car_t265_interface
[1.171s] -- Up-to-date: /home/orangepi/ros2_workspace/auto_car/install/share/car_t265_interface/environment/ament_prefix_path.sh
[1.171s] -- Up-to-date: /home/orangepi/ros2_workspace/auto_car/install/share/car_t265_interface/environment/ament_prefix_path.dsv
[1.171s] -- Up-to-date: /home/orangepi/ros2_workspace/auto_car/install/share/car_t265_interface/environment/path.sh
[1.171s] -- Up-to-date: /home/orangepi/ros2_workspace/auto_car/install/share/car_t265_interface/environment/path.dsv
[1.171s] -- Up-to-date: /home/orangepi/ros2_workspace/auto_car/install/share/car_t265_interface/local_setup.bash
[1.171s] -- Up-to-date: /home/orangepi/ros2_workspace/auto_car/install/share/car_t265_interface/local_setup.sh
[1.171s] -- Up-to-date: /home/orangepi/ros2_workspace/auto_car/install/share/car_t265_interface/local_setup.zsh
[1.171s] -- Up-to-date: /home/orangepi/ros2_workspace/auto_car/install/share/car_t265_interface/local_setup.dsv
[1.171s] -- Installing: /home/orangepi/ros2_workspace/auto_car/install/share/car_t265_interface/package.dsv
[1.173s] -- Up-to-date: /home/orangepi/ros2_workspace/auto_car/install/share/ament_index/resource_index/packages/car_t265_interface
[1.173s] -- Up-to-date: /home/orangepi/ros2_workspace/auto_car/install/share/car_t265_interface/cmake/export_car_t265_interface__rosidl_generator_cExport.cmake
[1.173s] -- Up-to-date: /home/orangepi/ros2_workspace/auto_car/install/share/car_t265_interface/cmake/export_car_t265_interface__rosidl_generator_cExport-noconfig.cmake
[1.173s] -- Up-to-date: /home/orangepi/ros2_workspace/auto_car/install/share/car_t265_interface/cmake/export_car_t265_interface__rosidl_typesupport_fastrtps_cExport.cmake
[1.173s] -- Up-to-date: /home/orangepi/ros2_workspace/auto_car/install/share/car_t265_interface/cmake/export_car_t265_interface__rosidl_typesupport_fastrtps_cExport-noconfig.cmake
[1.173s] -- Up-to-date: /home/orangepi/ros2_workspace/auto_car/install/share/car_t265_interface/cmake/car_t265_interface__rosidl_typesupport_introspection_cExport.cmake
[1.174s] -- Up-to-date: /home/orangepi/ros2_workspace/auto_car/install/share/car_t265_interface/cmake/car_t265_interface__rosidl_typesupport_introspection_cExport-noconfig.cmake
[1.174s] -- Up-to-date: /home/orangepi/ros2_workspace/auto_car/install/share/car_t265_interface/cmake/car_t265_interface__rosidl_typesupport_cExport.cmake
[1.174s] -- Up-to-date: /home/orangepi/ros2_workspace/auto_car/install/share/car_t265_interface/cmake/car_t265_interface__rosidl_typesupport_cExport-noconfig.cmake
[1.174s] -- Up-to-date: /home/orangepi/ros2_workspace/auto_car/install/share/car_t265_interface/cmake/export_car_t265_interface__rosidl_generator_cppExport.cmake
[1.174s] -- Up-to-date: /home/orangepi/ros2_workspace/auto_car/install/share/car_t265_interface/cmake/export_car_t265_interface__rosidl_typesupport_fastrtps_cppExport.cmake
[1.174s] -- Up-to-date: /home/orangepi/ros2_workspace/auto_car/install/share/car_t265_interface/cmake/export_car_t265_interface__rosidl_typesupport_fastrtps_cppExport-noconfig.cmake
[1.174s] -- Up-to-date: /home/orangepi/ros2_workspace/auto_car/install/share/car_t265_interface/cmake/car_t265_interface__rosidl_typesupport_introspection_cppExport.cmake
[1.174s] -- Up-to-date: /home/orangepi/ros2_workspace/auto_car/install/share/car_t265_interface/cmake/car_t265_interface__rosidl_typesupport_introspection_cppExport-noconfig.cmake
[1.174s] -- Up-to-date: /home/orangepi/ros2_workspace/auto_car/install/share/car_t265_interface/cmake/car_t265_interface__rosidl_typesupport_cppExport.cmake
[1.175s] -- Up-to-date: /home/orangepi/ros2_workspace/auto_car/install/share/car_t265_interface/cmake/car_t265_interface__rosidl_typesupport_cppExport-noconfig.cmake
[1.175s] -- Up-to-date: /home/orangepi/ros2_workspace/auto_car/install/share/car_t265_interface/cmake/export_car_t265_interface__rosidl_generator_pyExport.cmake
[1.175s] -- Up-to-date: /home/orangepi/ros2_workspace/auto_car/install/share/car_t265_interface/cmake/export_car_t265_interface__rosidl_generator_pyExport-noconfig.cmake
[1.175s] -- Up-to-date: /home/orangepi/ros2_workspace/auto_car/install/share/car_t265_interface/cmake/rosidl_cmake-extras.cmake
[1.175s] -- Up-to-date: /home/orangepi/ros2_workspace/auto_car/install/share/car_t265_interface/cmake/ament_cmake_export_include_directories-extras.cmake
[1.175s] -- Up-to-date: /home/orangepi/ros2_workspace/auto_car/install/share/car_t265_interface/cmake/ament_cmake_export_libraries-extras.cmake
[1.175s] -- Up-to-date: /home/orangepi/ros2_workspace/auto_car/install/share/car_t265_interface/cmake/ament_cmake_export_targets-extras.cmake
[1.175s] -- Up-to-date: /home/orangepi/ros2_workspace/auto_car/install/share/car_t265_interface/cmake/rosidl_cmake_export_typesupport_targets-extras.cmake
[1.175s] -- Up-to-date: /home/orangepi/ros2_workspace/auto_car/install/share/car_t265_interface/cmake/ament_cmake_export_dependencies-extras.cmake
[1.175s] -- Up-to-date: /home/orangepi/ros2_workspace/auto_car/install/share/car_t265_interface/cmake/rosidl_cmake_export_typesupport_libraries-extras.cmake
[1.175s] -- Up-to-date: /home/orangepi/ros2_workspace/auto_car/install/share/car_t265_interface/cmake/car_t265_interfaceConfig.cmake
[1.176s] -- Up-to-date: /home/orangepi/ros2_workspace/auto_car/install/share/car_t265_interface/cmake/car_t265_interfaceConfig-version.cmake
[1.176s] -- Up-to-date: /home/orangepi/ros2_workspace/auto_car/install/share/car_t265_interface/package.xml
[1.459s] Invoked command in '/home/orangepi/ros2_workspace/auto_car/build/car_t265_interface' returned '0': CMAKE_PREFIX_PATH=${CMAKE_PREFIX_PATH}:/root/lanhailidar_ros_ws/install/scan_subscriber:/opt/ros/humble /usr/bin/cmake --install /home/orangepi/ros2_workspace/auto_car/build/car_t265_interface
