[3.458s] Invoking command in '/home/orangepi/ros2_workspace/auto_car/src/car_t265': PYTHONPATH=/home/orangepi/ros2_workspace/auto_car/build/car_t265/prefix_override:/usr/lib/python3/dist-packages/colcon_core/task/python/colcon_distutils_commands:/home/orangepi/ros2_workspace/auto_car/install/lib/python3.10/site-packages:/home/orangepi/ros2_workspace/auto_car/install/lib/python3.10/site-packages:/home/orangepi/ros2_workspace/auto_car/install/local/lib/python3.10/dist-packages:/root/lanhailidar_ros_ws/install/scan_subscriber/lib/python3.10/site-packages:/root/lanhailidar_ros_ws/install/base/local/lib/python3.10/dist-packages:/opt/ros/humble/lib/python3.10/site-packages:/opt/ros/humble/local/lib/python3.10/dist-packages /usr/bin/python3 -W ignore:setup.py install is deprecated -W ignore:easy_install command is deprecated setup.py egg_info --egg-base ../../build/car_t265 build --build-base /home/orangepi/ros2_workspace/auto_car/build/car_t265/build install --record /home/orangepi/ros2_workspace/auto_car/build/car_t265/install.log --single-version-externally-managed install_data
[4.265s] running egg_info
[4.266s] writing ../../build/car_t265/car_t265.egg-info/PKG-INFO
[4.267s] writing dependency_links to ../../build/car_t265/car_t265.egg-info/dependency_links.txt
[4.274s] writing entry points to ../../build/car_t265/car_t265.egg-info/entry_points.txt
[4.274s] writing requirements to ../../build/car_t265/car_t265.egg-info/requires.txt
[4.275s] writing top-level names to ../../build/car_t265/car_t265.egg-info/top_level.txt
[4.280s] reading manifest file '../../build/car_t265/car_t265.egg-info/SOURCES.txt'
[4.282s] writing manifest file '../../build/car_t265/car_t265.egg-info/SOURCES.txt'
[4.284s] running build
[4.285s] running build_py
[4.286s] copying car_t265/linear_test.py -> /home/orangepi/ros2_workspace/auto_car/build/car_t265/build/lib/car_t265
[4.287s] running install
[4.287s] running install_lib
[4.289s] copying /home/orangepi/ros2_workspace/auto_car/build/car_t265/build/lib/car_t265/linear_test.py -> /home/orangepi/ros2_workspace/auto_car/install/lib/python3.10/site-packages/car_t265
[4.290s] byte-compiling /home/orangepi/ros2_workspace/auto_car/install/lib/python3.10/site-packages/car_t265/linear_test.py to linear_test.cpython-310.pyc
[4.292s] running install_data
[4.292s] running install_egg_info
[4.295s] removing '/home/orangepi/ros2_workspace/auto_car/install/lib/python3.10/site-packages/car_t265-0.0.0-py3.10.egg-info' (and everything under it)
[4.295s] Copying ../../build/car_t265/car_t265.egg-info to /home/orangepi/ros2_workspace/auto_car/install/lib/python3.10/site-packages/car_t265-0.0.0-py3.10.egg-info
[4.296s] running install_scripts
[4.423s] Installing linear_test script to /home/orangepi/ros2_workspace/auto_car/install/lib/car_t265
[4.436s] Installing motor_controller script to /home/orangepi/ros2_workspace/auto_car/install/lib/car_t265
[4.436s] Installing navigation_controller script to /home/orangepi/ros2_workspace/auto_car/install/lib/car_t265
[4.442s] Installing t265_Imu_pub script to /home/orangepi/ros2_workspace/auto_car/install/lib/car_t265
[4.443s] Installing t265_publisher script to /home/orangepi/ros2_workspace/auto_car/install/lib/car_t265
[4.444s] Installing target_publisher script to /home/orangepi/ros2_workspace/auto_car/install/lib/car_t265
[4.445s] Installing uart_driver script to /home/orangepi/ros2_workspace/auto_car/install/lib/car_t265
[4.447s] writing list of installed files to '/home/orangepi/ros2_workspace/auto_car/build/car_t265/install.log'
[4.527s] Invoked command in '/home/orangepi/ros2_workspace/auto_car/src/car_t265' returned '0': PYTHONPATH=/home/orangepi/ros2_workspace/auto_car/build/car_t265/prefix_override:/usr/lib/python3/dist-packages/colcon_core/task/python/colcon_distutils_commands:/home/orangepi/ros2_workspace/auto_car/install/lib/python3.10/site-packages:/home/orangepi/ros2_workspace/auto_car/install/lib/python3.10/site-packages:/home/orangepi/ros2_workspace/auto_car/install/local/lib/python3.10/dist-packages:/root/lanhailidar_ros_ws/install/scan_subscriber/lib/python3.10/site-packages:/root/lanhailidar_ros_ws/install/base/local/lib/python3.10/dist-packages:/opt/ros/humble/lib/python3.10/site-packages:/opt/ros/humble/local/lib/python3.10/dist-packages /usr/bin/python3 -W ignore:setup.py install is deprecated -W ignore:easy_install command is deprecated setup.py egg_info --egg-base ../../build/car_t265 build --build-base /home/orangepi/ros2_workspace/auto_car/build/car_t265/build install --record /home/orangepi/ros2_workspace/auto_car/build/car_t265/install.log --single-version-externally-managed install_data
