[1.767s] Invoking command in '/home/orangepi/ros2_workspace/auto_car/src/car_setup': AMENT_PREFIX_PATH=/home/orangepi/ros2_workspace/auto_car/install:${AMENT_PREFIX_PATH} CMAKE_PREFIX_PATH=/home/orangepi/ros2_workspace/auto_car/install:${CMAKE_PREFIX_PATH} LD_LIBRARY_PATH=/home/orangepi/ros2_workspace/auto_car/install/lib:${LD_LIBRARY_PATH} PYTHONPATH=/home/orangepi/ros2_workspace/auto_car/build/car_setup/prefix_override:/usr/lib/python3/dist-packages/colcon_core/task/python/colcon_distutils_commands:/home/orangepi/ros2_workspace/auto_car/install/lib/python3.10/site-packages:/home/orangepi/ros2_workspace/auto_car/install/local/lib/python3.10/dist-packages:/home/orangepi/ros2_workspace/auto_car/install/lib/python3.10/site-packages:${PYTHONPATH} /usr/bin/python3 -W ignore:setup.py install is deprecated -W ignore:easy_install command is deprecated setup.py egg_info --egg-base ../../build/car_setup build --build-base /home/orangepi/ros2_workspace/auto_car/build/car_setup/build install --record /home/orangepi/ros2_workspace/auto_car/build/car_setup/install.log --single-version-externally-managed install_data
[2.107s] running egg_info
[2.107s] creating ../../build/car_setup/car_setup.egg-info
[2.108s] writing ../../build/car_setup/car_setup.egg-info/PKG-INFO
[2.109s] writing dependency_links to ../../build/car_setup/car_setup.egg-info/dependency_links.txt
[2.110s] writing entry points to ../../build/car_setup/car_setup.egg-info/entry_points.txt
[2.110s] writing requirements to ../../build/car_setup/car_setup.egg-info/requires.txt
[2.110s] writing top-level names to ../../build/car_setup/car_setup.egg-info/top_level.txt
[2.111s] writing manifest file '../../build/car_setup/car_setup.egg-info/SOURCES.txt'
[2.112s] reading manifest file '../../build/car_setup/car_setup.egg-info/SOURCES.txt'
[2.114s] writing manifest file '../../build/car_setup/car_setup.egg-info/SOURCES.txt'
[2.115s] running build
[2.116s] running build_py
[2.116s] creating /home/orangepi/ros2_workspace/auto_car/build/car_setup/build
[2.117s] creating /home/orangepi/ros2_workspace/auto_car/build/car_setup/build/lib
[2.117s] creating /home/orangepi/ros2_workspace/auto_car/build/car_setup/build/lib/car_setup
[2.117s] copying car_setup/uart_receiver1.py -> /home/orangepi/ros2_workspace/auto_car/build/car_setup/build/lib/car_setup
[2.118s] copying car_setup/camera2.py -> /home/orangepi/ros2_workspace/auto_car/build/car_setup/build/lib/car_setup
[2.120s] copying car_setup/uart_sender4.py -> /home/orangepi/ros2_workspace/auto_car/build/car_setup/build/lib/car_setup
[2.121s] copying car_setup/uart_receiver0.py -> /home/orangepi/ros2_workspace/auto_car/build/car_setup/build/lib/car_setup
[2.121s] copying car_setup/uart_receiver3.py -> /home/orangepi/ros2_workspace/auto_car/build/car_setup/build/lib/car_setup
[2.122s] copying car_setup/uart_sender1.py -> /home/orangepi/ros2_workspace/auto_car/build/car_setup/build/lib/car_setup
[2.136s] copying car_setup/uart_sender3.py -> /home/orangepi/ros2_workspace/auto_car/build/car_setup/build/lib/car_setup
[2.136s] copying car_setup/__init__.py -> /home/orangepi/ros2_workspace/auto_car/build/car_setup/build/lib/car_setup
[2.137s] copying car_setup/camera.py -> /home/orangepi/ros2_workspace/auto_car/build/car_setup/build/lib/car_setup
[2.137s] copying car_setup/uart_receiver4.py -> /home/orangepi/ros2_workspace/auto_car/build/car_setup/build/lib/car_setup
[2.138s] copying car_setup/uart_sender0.py -> /home/orangepi/ros2_workspace/auto_car/build/car_setup/build/lib/car_setup
[2.138s] copying car_setup/t265_uart.py -> /home/orangepi/ros2_workspace/auto_car/build/car_setup/build/lib/car_setup
[2.139s] copying car_setup/sllidar.py -> /home/orangepi/ros2_workspace/auto_car/build/car_setup/build/lib/car_setup
[2.139s] copying car_setup/t265.py -> /home/orangepi/ros2_workspace/auto_car/build/car_setup/build/lib/car_setup
[2.139s] running install
[2.140s] running install_lib
[2.140s] creating /home/orangepi/ros2_workspace/auto_car/install/lib/python3.10/site-packages/car_setup
[2.140s] copying /home/orangepi/ros2_workspace/auto_car/build/car_setup/build/lib/car_setup/uart_receiver1.py -> /home/orangepi/ros2_workspace/auto_car/install/lib/python3.10/site-packages/car_setup
[2.141s] copying /home/orangepi/ros2_workspace/auto_car/build/car_setup/build/lib/car_setup/camera2.py -> /home/orangepi/ros2_workspace/auto_car/install/lib/python3.10/site-packages/car_setup
[2.141s] copying /home/orangepi/ros2_workspace/auto_car/build/car_setup/build/lib/car_setup/uart_sender4.py -> /home/orangepi/ros2_workspace/auto_car/install/lib/python3.10/site-packages/car_setup
[2.142s] copying /home/orangepi/ros2_workspace/auto_car/build/car_setup/build/lib/car_setup/uart_receiver0.py -> /home/orangepi/ros2_workspace/auto_car/install/lib/python3.10/site-packages/car_setup
[2.142s] copying /home/orangepi/ros2_workspace/auto_car/build/car_setup/build/lib/car_setup/uart_receiver3.py -> /home/orangepi/ros2_workspace/auto_car/install/lib/python3.10/site-packages/car_setup
[2.142s] copying /home/orangepi/ros2_workspace/auto_car/build/car_setup/build/lib/car_setup/uart_sender1.py -> /home/orangepi/ros2_workspace/auto_car/install/lib/python3.10/site-packages/car_setup
[2.143s] copying /home/orangepi/ros2_workspace/auto_car/build/car_setup/build/lib/car_setup/uart_sender3.py -> /home/orangepi/ros2_workspace/auto_car/install/lib/python3.10/site-packages/car_setup
[2.143s] copying /home/orangepi/ros2_workspace/auto_car/build/car_setup/build/lib/car_setup/__init__.py -> /home/orangepi/ros2_workspace/auto_car/install/lib/python3.10/site-packages/car_setup
[2.144s] copying /home/orangepi/ros2_workspace/auto_car/build/car_setup/build/lib/car_setup/camera.py -> /home/orangepi/ros2_workspace/auto_car/install/lib/python3.10/site-packages/car_setup
[2.144s] copying /home/orangepi/ros2_workspace/auto_car/build/car_setup/build/lib/car_setup/uart_receiver4.py -> /home/orangepi/ros2_workspace/auto_car/install/lib/python3.10/site-packages/car_setup
[2.144s] copying /home/orangepi/ros2_workspace/auto_car/build/car_setup/build/lib/car_setup/uart_sender0.py -> /home/orangepi/ros2_workspace/auto_car/install/lib/python3.10/site-packages/car_setup
[2.145s] copying /home/orangepi/ros2_workspace/auto_car/build/car_setup/build/lib/car_setup/t265_uart.py -> /home/orangepi/ros2_workspace/auto_car/install/lib/python3.10/site-packages/car_setup
[2.145s] copying /home/orangepi/ros2_workspace/auto_car/build/car_setup/build/lib/car_setup/sllidar.py -> /home/orangepi/ros2_workspace/auto_car/install/lib/python3.10/site-packages/car_setup
[2.145s] copying /home/orangepi/ros2_workspace/auto_car/build/car_setup/build/lib/car_setup/t265.py -> /home/orangepi/ros2_workspace/auto_car/install/lib/python3.10/site-packages/car_setup
[2.146s] byte-compiling /home/orangepi/ros2_workspace/auto_car/install/lib/python3.10/site-packages/car_setup/uart_receiver1.py to uart_receiver1.cpython-310.pyc
[2.146s] byte-compiling /home/orangepi/ros2_workspace/auto_car/install/lib/python3.10/site-packages/car_setup/camera2.py to camera2.cpython-310.pyc
[2.147s] byte-compiling /home/orangepi/ros2_workspace/auto_car/install/lib/python3.10/site-packages/car_setup/uart_sender4.py to uart_sender4.cpython-310.pyc
[2.148s] byte-compiling /home/orangepi/ros2_workspace/auto_car/install/lib/python3.10/site-packages/car_setup/uart_receiver0.py to uart_receiver0.cpython-310.pyc
[2.149s] byte-compiling /home/orangepi/ros2_workspace/auto_car/install/lib/python3.10/site-packages/car_setup/uart_receiver3.py to uart_receiver3.cpython-310.pyc
[2.151s] byte-compiling /home/orangepi/ros2_workspace/auto_car/install/lib/python3.10/site-packages/car_setup/uart_sender1.py to uart_sender1.cpython-310.pyc
[2.151s] byte-compiling /home/orangepi/ros2_workspace/auto_car/install/lib/python3.10/site-packages/car_setup/uart_sender3.py to uart_sender3.cpython-310.pyc
[2.152s] byte-compiling /home/orangepi/ros2_workspace/auto_car/install/lib/python3.10/site-packages/car_setup/__init__.py to __init__.cpython-310.pyc
[2.153s] byte-compiling /home/orangepi/ros2_workspace/auto_car/install/lib/python3.10/site-packages/car_setup/camera.py to camera.cpython-310.pyc
[2.153s] byte-compiling /home/orangepi/ros2_workspace/auto_car/install/lib/python3.10/site-packages/car_setup/uart_receiver4.py to uart_receiver4.cpython-310.pyc
[2.154s] byte-compiling /home/orangepi/ros2_workspace/auto_car/install/lib/python3.10/site-packages/car_setup/uart_sender0.py to uart_sender0.cpython-310.pyc
[2.154s] byte-compiling /home/orangepi/ros2_workspace/auto_car/install/lib/python3.10/site-packages/car_setup/t265_uart.py to t265_uart.cpython-310.pyc
[2.155s] byte-compiling /home/orangepi/ros2_workspace/auto_car/install/lib/python3.10/site-packages/car_setup/sllidar.py to sllidar.cpython-310.pyc
[2.155s] byte-compiling /home/orangepi/ros2_workspace/auto_car/install/lib/python3.10/site-packages/car_setup/t265.py to t265.cpython-310.pyc
[2.156s] running install_data
[2.156s] copying resource/car_setup -> /home/orangepi/ros2_workspace/auto_car/install/share/ament_index/resource_index/packages
[2.157s] copying package.xml -> /home/orangepi/ros2_workspace/auto_car/install/share/car_setup
[2.157s] running install_egg_info
[2.158s] Copying ../../build/car_setup/car_setup.egg-info to /home/orangepi/ros2_workspace/auto_car/install/lib/python3.10/site-packages/car_setup-0.0.0-py3.10.egg-info
[2.158s] running install_scripts
[2.163s] Installing camer script to /home/orangepi/ros2_workspace/auto_car/install/lib/car_setup
[2.163s] Installing motor_controller script to /home/orangepi/ros2_workspace/auto_car/install/lib/car_setup
[2.163s] Installing t265 script to /home/orangepi/ros2_workspace/auto_car/install/lib/car_setup
[2.164s] Installing t265_uart script to /home/orangepi/ros2_workspace/auto_car/install/lib/car_setup
[2.164s] Installing uart_driver script to /home/orangepi/ros2_workspace/auto_car/install/lib/car_setup
[2.164s] Installing uart_receiver0 script to /home/orangepi/ros2_workspace/auto_car/install/lib/car_setup
[2.164s] Installing uart_receiver1 script to /home/orangepi/ros2_workspace/auto_car/install/lib/car_setup
[2.164s] Installing uart_receiver2 script to /home/orangepi/ros2_workspace/auto_car/install/lib/car_setup
[2.164s] Installing uart_receiver3 script to /home/orangepi/ros2_workspace/auto_car/install/lib/car_setup
[2.164s] Installing uart_receiver4 script to /home/orangepi/ros2_workspace/auto_car/install/lib/car_setup
[2.164s] Installing uart_sender0 script to /home/orangepi/ros2_workspace/auto_car/install/lib/car_setup
[2.165s] Installing uart_sender1 script to /home/orangepi/ros2_workspace/auto_car/install/lib/car_setup
[2.165s] Installing uart_sender2 script to /home/orangepi/ros2_workspace/auto_car/install/lib/car_setup
[2.165s] Installing uart_sender3 script to /home/orangepi/ros2_workspace/auto_car/install/lib/car_setup
[2.165s] Installing uart_sender4 script to /home/orangepi/ros2_workspace/auto_car/install/lib/car_setup
[2.165s] writing list of installed files to '/home/orangepi/ros2_workspace/auto_car/build/car_setup/install.log'
[2.226s] Invoked command in '/home/orangepi/ros2_workspace/auto_car/src/car_setup' returned '0': AMENT_PREFIX_PATH=/home/orangepi/ros2_workspace/auto_car/install:${AMENT_PREFIX_PATH} CMAKE_PREFIX_PATH=/home/orangepi/ros2_workspace/auto_car/install:${CMAKE_PREFIX_PATH} LD_LIBRARY_PATH=/home/orangepi/ros2_workspace/auto_car/install/lib:${LD_LIBRARY_PATH} PYTHONPATH=/home/orangepi/ros2_workspace/auto_car/build/car_setup/prefix_override:/usr/lib/python3/dist-packages/colcon_core/task/python/colcon_distutils_commands:/home/orangepi/ros2_workspace/auto_car/install/lib/python3.10/site-packages:/home/orangepi/ros2_workspace/auto_car/install/local/lib/python3.10/dist-packages:/home/orangepi/ros2_workspace/auto_car/install/lib/python3.10/site-packages:${PYTHONPATH} /usr/bin/python3 -W ignore:setup.py install is deprecated -W ignore:easy_install command is deprecated setup.py egg_info --egg-base ../../build/car_setup build --build-base /home/orangepi/ros2_workspace/auto_car/build/car_setup/build install --record /home/orangepi/ros2_workspace/auto_car/build/car_setup/install.log --single-version-externally-managed install_data
