/home/orangepi/ros2_workspace/auto_car/install/lib/python3.10/site-packages/car_core/uart_sender.py
/home/orangepi/ros2_workspace/auto_car/install/lib/python3.10/site-packages/car_core/utils_ros.py
/home/orangepi/ros2_workspace/auto_car/install/lib/python3.10/site-packages/car_core/uart_driver.py
/home/orangepi/ros2_workspace/auto_car/install/lib/python3.10/site-packages/car_core/t265_test.py
/home/orangepi/ros2_workspace/auto_car/install/lib/python3.10/site-packages/car_core/uart_receiver.py
/home/orangepi/ros2_workspace/auto_car/install/lib/python3.10/site-packages/car_core/__init__.py
/home/orangepi/ros2_workspace/auto_car/install/lib/python3.10/site-packages/car_core/version_check.py
/home/orangepi/ros2_workspace/auto_car/install/lib/python3.10/site-packages/car_core/camera.py
/home/orangepi/ros2_workspace/auto_car/install/lib/python3.10/site-packages/car_core/motor_controller.py
/home/orangepi/ros2_workspace/auto_car/install/lib/python3.10/site-packages/car_core/t265_uart.py
/home/orangepi/ros2_workspace/auto_car/install/lib/python3.10/site-packages/car_core/t265.py
/home/orangepi/ros2_workspace/auto_car/install/lib/python3.10/site-packages/car_core/__pycache__/uart_sender.cpython-310.pyc
/home/orangepi/ros2_workspace/auto_car/install/lib/python3.10/site-packages/car_core/__pycache__/utils_ros.cpython-310.pyc
/home/orangepi/ros2_workspace/auto_car/install/lib/python3.10/site-packages/car_core/__pycache__/uart_driver.cpython-310.pyc
/home/orangepi/ros2_workspace/auto_car/install/lib/python3.10/site-packages/car_core/__pycache__/t265_test.cpython-310.pyc
/home/orangepi/ros2_workspace/auto_car/install/lib/python3.10/site-packages/car_core/__pycache__/uart_receiver.cpython-310.pyc
/home/orangepi/ros2_workspace/auto_car/install/lib/python3.10/site-packages/car_core/__pycache__/__init__.cpython-310.pyc
/home/orangepi/ros2_workspace/auto_car/install/lib/python3.10/site-packages/car_core/__pycache__/version_check.cpython-310.pyc
/home/orangepi/ros2_workspace/auto_car/install/lib/python3.10/site-packages/car_core/__pycache__/camera.cpython-310.pyc
/home/orangepi/ros2_workspace/auto_car/install/lib/python3.10/site-packages/car_core/__pycache__/motor_controller.cpython-310.pyc
/home/orangepi/ros2_workspace/auto_car/install/lib/python3.10/site-packages/car_core/__pycache__/t265_uart.cpython-310.pyc
/home/orangepi/ros2_workspace/auto_car/install/lib/python3.10/site-packages/car_core/__pycache__/t265.cpython-310.pyc
/home/orangepi/ros2_workspace/auto_car/install/share/ament_index/resource_index/packages/car_core
/home/orangepi/ros2_workspace/auto_car/install/share/car_core/package.xml
/home/orangepi/ros2_workspace/auto_car/install/lib/python3.10/site-packages/car_core-0.0.0-py3.10.egg-info/PKG-INFO
/home/orangepi/ros2_workspace/auto_car/install/lib/python3.10/site-packages/car_core-0.0.0-py3.10.egg-info/entry_points.txt
/home/orangepi/ros2_workspace/auto_car/install/lib/python3.10/site-packages/car_core-0.0.0-py3.10.egg-info/zip-safe
/home/orangepi/ros2_workspace/auto_car/install/lib/python3.10/site-packages/car_core-0.0.0-py3.10.egg-info/dependency_links.txt
/home/orangepi/ros2_workspace/auto_car/install/lib/python3.10/site-packages/car_core-0.0.0-py3.10.egg-info/requires.txt
/home/orangepi/ros2_workspace/auto_car/install/lib/python3.10/site-packages/car_core-0.0.0-py3.10.egg-info/SOURCES.txt
/home/orangepi/ros2_workspace/auto_car/install/lib/python3.10/site-packages/car_core-0.0.0-py3.10.egg-info/top_level.txt
