[1.649s] Invoking command in '/home/orangepi/ros2_workspace/auto_car/src/car_launch': PYTHONPATH=/home/orangepi/ros2_workspace/auto_car/build/car_launch/prefix_override:/usr/lib/python3/dist-packages/colcon_core/task/python/colcon_distutils_commands:/home/orangepi/ros2_workspace/auto_car/install/lib/python3.10/site-packages:${PYTHONPATH} /usr/bin/python3 -W ignore:setup.py install is deprecated -W ignore:easy_install command is deprecated setup.py egg_info --egg-base ../../build/car_launch build --build-base /home/orangepi/ros2_workspace/auto_car/build/car_launch/build install --record /home/orangepi/ros2_workspace/auto_car/build/car_launch/install.log --single-version-externally-managed install_data
[1.968s] running egg_info
[1.973s] writing ../../build/car_launch/car_launch.egg-info/PKG-INFO
[1.976s] writing dependency_links to ../../build/car_launch/car_launch.egg-info/dependency_links.txt
[1.977s] writing entry points to ../../build/car_launch/car_launch.egg-info/entry_points.txt
[1.977s] writing requirements to ../../build/car_launch/car_launch.egg-info/requires.txt
[1.977s] writing top-level names to ../../build/car_launch/car_launch.egg-info/top_level.txt
[1.981s] reading manifest file '../../build/car_launch/car_launch.egg-info/SOURCES.txt'
[1.982s] writing manifest file '../../build/car_launch/car_launch.egg-info/SOURCES.txt'
[1.982s] running build
[1.982s] running build_py
[1.984s] running install
[1.984s] running install_lib
[1.985s] running install_data
[1.986s] running install_egg_info
[1.994s] removing '/home/orangepi/ros2_workspace/auto_car/install/lib/python3.10/site-packages/car_launch-0.0.0-py3.10.egg-info' (and everything under it)
[1.994s] Copying ../../build/car_launch/car_launch.egg-info to /home/orangepi/ros2_workspace/auto_car/install/lib/python3.10/site-packages/car_launch-0.0.0-py3.10.egg-info
[1.997s] running install_scripts
[2.018s] Installing motor_controller script to /home/orangepi/ros2_workspace/auto_car/install/lib/car_launch
[2.019s] Installing t265 script to /home/orangepi/ros2_workspace/auto_car/install/lib/car_launch
[2.019s] Installing t265_uart script to /home/orangepi/ros2_workspace/auto_car/install/lib/car_launch
[2.020s] Installing uart_driver script to /home/orangepi/ros2_workspace/auto_car/install/lib/car_launch
[2.020s] writing list of installed files to '/home/orangepi/ros2_workspace/auto_car/build/car_launch/install.log'
[3.739s] Invoked command in '/home/orangepi/ros2_workspace/auto_car/src/car_launch' returned '0': PYTHONPATH=/home/orangepi/ros2_workspace/auto_car/build/car_launch/prefix_override:/usr/lib/python3/dist-packages/colcon_core/task/python/colcon_distutils_commands:/home/orangepi/ros2_workspace/auto_car/install/lib/python3.10/site-packages:${PYTHONPATH} /usr/bin/python3 -W ignore:setup.py install is deprecated -W ignore:easy_install command is deprecated setup.py egg_info --egg-base ../../build/car_launch build --build-base /home/orangepi/ros2_workspace/auto_car/build/car_launch/build install --record /home/orangepi/ros2_workspace/auto_car/build/car_launch/install.log --single-version-externally-managed install_data
