[1.043s] Invoking command in '/home/orangepi/ros2_workspace/auto_car/build/ros2_mpu6050': CMAKE_PREFIX_PATH=${CMAKE_PREFIX_PATH}:/root/lanhailidar_ros_ws/install/scan_subscriber:/opt/ros/humble /usr/bin/cmake --build /home/orangepi/ros2_workspace/auto_car/build/ros2_mpu6050 -- -j8 -l8
[1.222s] [ 50%] Built target ros2_mpu6050_calibrate
[1.240s] [100%] Built target ros2_mpu6050
[1.786s] Invoked command in '/home/orangepi/ros2_workspace/auto_car/build/ros2_mpu6050' returned '0': CMAKE_PREFIX_PATH=${CMAKE_PREFIX_PATH}:/root/lanhailidar_ros_ws/install/scan_subscriber:/opt/ros/humble /usr/bin/cmake --build /home/orangepi/ros2_workspace/auto_car/build/ros2_mpu6050 -- -j8 -l8
[1.788s] Invoking command in '/home/orangepi/ros2_workspace/auto_car/build/ros2_mpu6050': CMAKE_PREFIX_PATH=${CMAKE_PREFIX_PATH}:/root/lanhailidar_ros_ws/install/scan_subscriber:/opt/ros/humble /usr/bin/cmake --install /home/orangepi/ros2_workspace/auto_car/build/ros2_mpu6050
[1.860s] -- Install configuration: ""
[1.860s] -- Up-to-date: /home/orangepi/ros2_workspace/auto_car/install/include/include
[1.861s] -- Up-to-date: /home/orangepi/ros2_workspace/auto_car/install/include/include/ros2_mpu6050
[1.861s] -- Up-to-date: /home/orangepi/ros2_workspace/auto_car/install/include/include/ros2_mpu6050/mpu6050.h
[1.861s] -- Up-to-date: /home/orangepi/ros2_workspace/auto_car/install/include/include/ros2_mpu6050/mpu6050_node.h
[1.862s] -- Up-to-date: /home/orangepi/ros2_workspace/auto_car/install/include/include/ros2_mpu6050/mpu6050_hal.h
[1.862s] -- Up-to-date: /home/orangepi/ros2_workspace/auto_car/install/lib/ros2_mpu6050/ros2_mpu6050
[1.863s] -- Up-to-date: /home/orangepi/ros2_workspace/auto_car/install/lib/ros2_mpu6050/ros2_mpu6050_calibrate
[1.863s] -- Up-to-date: /home/orangepi/ros2_workspace/auto_car/install/share/ros2_mpu6050/config
[1.863s] -- Up-to-date: /home/orangepi/ros2_workspace/auto_car/install/share/ros2_mpu6050/config/params.yaml
[1.864s] -- Up-to-date: /home/orangepi/ros2_workspace/auto_car/install/share/ros2_mpu6050/launch
[1.864s] -- Up-to-date: /home/orangepi/ros2_workspace/auto_car/install/share/ros2_mpu6050/launch/ros2_mpu6050.launch.py
[1.865s] -- Up-to-date: /home/orangepi/ros2_workspace/auto_car/install/share/ament_index/resource_index/package_run_dependencies/ros2_mpu6050
[1.868s] -- Up-to-date: /home/orangepi/ros2_workspace/auto_car/install/share/ament_index/resource_index/parent_prefix_path/ros2_mpu6050
[1.869s] -- Up-to-date: /home/orangepi/ros2_workspace/auto_car/install/share/ros2_mpu6050/environment/ament_prefix_path.sh
[1.871s] -- Up-to-date: /home/orangepi/ros2_workspace/auto_car/install/share/ros2_mpu6050/environment/ament_prefix_path.dsv
[1.872s] -- Up-to-date: /home/orangepi/ros2_workspace/auto_car/install/share/ros2_mpu6050/environment/path.sh
[1.872s] -- Up-to-date: /home/orangepi/ros2_workspace/auto_car/install/share/ros2_mpu6050/environment/path.dsv
[1.873s] -- Up-to-date: /home/orangepi/ros2_workspace/auto_car/install/share/ros2_mpu6050/local_setup.bash
[1.873s] -- Up-to-date: /home/orangepi/ros2_workspace/auto_car/install/share/ros2_mpu6050/local_setup.sh
[1.874s] -- Up-to-date: /home/orangepi/ros2_workspace/auto_car/install/share/ros2_mpu6050/local_setup.zsh
[1.874s] -- Up-to-date: /home/orangepi/ros2_workspace/auto_car/install/share/ros2_mpu6050/local_setup.dsv
[1.874s] -- Installing: /home/orangepi/ros2_workspace/auto_car/install/share/ros2_mpu6050/package.dsv
[1.875s] -- Up-to-date: /home/orangepi/ros2_workspace/auto_car/install/share/ament_index/resource_index/packages/ros2_mpu6050
[1.875s] -- Up-to-date: /home/orangepi/ros2_workspace/auto_car/install/share/ros2_mpu6050/cmake/ros2_mpu6050Config.cmake
[1.876s] -- Up-to-date: /home/orangepi/ros2_workspace/auto_car/install/share/ros2_mpu6050/cmake/ros2_mpu6050Config-version.cmake
[1.876s] -- Up-to-date: /home/orangepi/ros2_workspace/auto_car/install/share/ros2_mpu6050/package.xml
[1.881s] Invoked command in '/home/orangepi/ros2_workspace/auto_car/build/ros2_mpu6050' returned '0': CMAKE_PREFIX_PATH=${CMAKE_PREFIX_PATH}:/root/lanhailidar_ros_ws/install/scan_subscriber:/opt/ros/humble /usr/bin/cmake --install /home/orangepi/ros2_workspace/auto_car/build/ros2_mpu6050
