[3.153s] Invoking command in '/home/orangepi/ros2_workspace/auto_car/src/nav2_t265_demo': PYTHONPATH=/home/orangepi/ros2_workspace/auto_car/build/nav2_t265_demo/prefix_override:/usr/lib/python3/dist-packages/colcon_core/task/python/colcon_distutils_commands:/home/orangepi/ros2_workspace/auto_car/install/lib/python3.10/site-packages:${PYTHONPATH} /usr/bin/python3 -W ignore:setup.py install is deprecated -W ignore:easy_install command is deprecated setup.py egg_info --egg-base ../../build/nav2_t265_demo build --build-base /home/orangepi/ros2_workspace/auto_car/build/nav2_t265_demo/build install --record /home/orangepi/ros2_workspace/auto_car/build/nav2_t265_demo/install.log --single-version-externally-managed install_data
[3.491s] running egg_info
[3.492s] writing ../../build/nav2_t265_demo/nav2_t265_demo.egg-info/PKG-INFO
[3.493s] writing dependency_links to ../../build/nav2_t265_demo/nav2_t265_demo.egg-info/dependency_links.txt
[3.494s] writing entry points to ../../build/nav2_t265_demo/nav2_t265_demo.egg-info/entry_points.txt
[3.494s] writing requirements to ../../build/nav2_t265_demo/nav2_t265_demo.egg-info/requires.txt
[3.496s] writing top-level names to ../../build/nav2_t265_demo/nav2_t265_demo.egg-info/top_level.txt
[3.497s] reading manifest file '../../build/nav2_t265_demo/nav2_t265_demo.egg-info/SOURCES.txt'
[3.499s] writing manifest file '../../build/nav2_t265_demo/nav2_t265_demo.egg-info/SOURCES.txt'
[3.500s] running build
[3.502s] running build_py
[3.509s] running install
[3.510s] running install_lib
[3.512s] running install_data
[3.516s] running install_egg_info
[3.517s] removing '/home/orangepi/ros2_workspace/auto_car/install/lib/python3.10/site-packages/nav2_t265_demo-0.0.0-py3.10.egg-info' (and everything under it)
[3.518s] Copying ../../build/nav2_t265_demo/nav2_t265_demo.egg-info to /home/orangepi/ros2_workspace/auto_car/install/lib/python3.10/site-packages/nav2_t265_demo-0.0.0-py3.10.egg-info
[3.518s] running install_scripts
[3.567s] Installing nav_client script to /home/orangepi/ros2_workspace/auto_car/install/lib/nav2_t265_demo
[3.569s] writing list of installed files to '/home/orangepi/ros2_workspace/auto_car/build/nav2_t265_demo/install.log'
[3.741s] Invoked command in '/home/orangepi/ros2_workspace/auto_car/src/nav2_t265_demo' returned '0': PYTHONPATH=/home/orangepi/ros2_workspace/auto_car/build/nav2_t265_demo/prefix_override:/usr/lib/python3/dist-packages/colcon_core/task/python/colcon_distutils_commands:/home/orangepi/ros2_workspace/auto_car/install/lib/python3.10/site-packages:${PYTHONPATH} /usr/bin/python3 -W ignore:setup.py install is deprecated -W ignore:easy_install command is deprecated setup.py egg_info --egg-base ../../build/nav2_t265_demo build --build-base /home/orangepi/ros2_workspace/auto_car/build/nav2_t265_demo/build install --record /home/orangepi/ros2_workspace/auto_car/build/nav2_t265_demo/install.log --single-version-externally-managed install_data
