[2.139s] Invoking command in '/home/orangepi/ros2_workspace/auto_car/src/uart_comm_py': AMENT_PREFIX_PATH=/home/orangepi/ros2_workspace/auto_car/install:${AMENT_PREFIX_PATH} CMAKE_PREFIX_PATH=/home/orangepi/ros2_workspace/auto_car/install:${CMAKE_PREFIX_PATH} LD_LIBRARY_PATH=/home/orangepi/ros2_workspace/auto_car/install/lib:${LD_LIBRARY_PATH} PYTHONPATH=/home/orangepi/ros2_workspace/auto_car/build/uart_comm_py/prefix_override:/usr/lib/python3/dist-packages/colcon_core/task/python/colcon_distutils_commands:/home/orangepi/ros2_workspace/auto_car/install/lib/python3.10/site-packages:/home/orangepi/ros2_workspace/auto_car/install/local/lib/python3.10/dist-packages:/home/orangepi/ros2_workspace/auto_car/install/lib/python3.10/site-packages:${PYTHONPATH} /usr/bin/python3 -W ignore:setup.py install is deprecated -W ignore:easy_install command is deprecated setup.py egg_info --egg-base ../../build/uart_comm_py build --build-base /home/orangepi/ros2_workspace/auto_car/build/uart_comm_py/build install --record /home/orangepi/ros2_workspace/auto_car/build/uart_comm_py/install.log --single-version-externally-managed install_data
[2.500s] running egg_info
[2.500s] writing ../../build/uart_comm_py/uart_comm_py.egg-info/PKG-INFO
[2.500s] writing dependency_links to ../../build/uart_comm_py/uart_comm_py.egg-info/dependency_links.txt
[2.506s] writing entry points to ../../build/uart_comm_py/uart_comm_py.egg-info/entry_points.txt
[2.506s] writing requirements to ../../build/uart_comm_py/uart_comm_py.egg-info/requires.txt
[2.507s] writing top-level names to ../../build/uart_comm_py/uart_comm_py.egg-info/top_level.txt
[2.511s] reading manifest file '../../build/uart_comm_py/uart_comm_py.egg-info/SOURCES.txt'
[2.524s] writing manifest file '../../build/uart_comm_py/uart_comm_py.egg-info/SOURCES.txt'
[2.532s] running build
[2.533s] running build_py
[2.537s] running install
[2.544s] running install_lib
[2.545s] running install_data
[2.546s] running install_egg_info
[2.547s] removing '/home/orangepi/ros2_workspace/auto_car/install/lib/python3.10/site-packages/uart_comm_py-0.0.0-py3.10.egg-info' (and everything under it)
[2.549s] Copying ../../build/uart_comm_py/uart_comm_py.egg-info to /home/orangepi/ros2_workspace/auto_car/install/lib/python3.10/site-packages/uart_comm_py-0.0.0-py3.10.egg-info
[2.549s] running install_scripts
[2.597s] Installing uart_node script to /home/orangepi/ros2_workspace/auto_car/install/lib/uart_comm_py
[2.598s] writing list of installed files to '/home/orangepi/ros2_workspace/auto_car/build/uart_comm_py/install.log'
[2.671s] Invoked command in '/home/orangepi/ros2_workspace/auto_car/src/uart_comm_py' returned '0': AMENT_PREFIX_PATH=/home/orangepi/ros2_workspace/auto_car/install:${AMENT_PREFIX_PATH} CMAKE_PREFIX_PATH=/home/orangepi/ros2_workspace/auto_car/install:${CMAKE_PREFIX_PATH} LD_LIBRARY_PATH=/home/orangepi/ros2_workspace/auto_car/install/lib:${LD_LIBRARY_PATH} PYTHONPATH=/home/orangepi/ros2_workspace/auto_car/build/uart_comm_py/prefix_override:/usr/lib/python3/dist-packages/colcon_core/task/python/colcon_distutils_commands:/home/orangepi/ros2_workspace/auto_car/install/lib/python3.10/site-packages:/home/orangepi/ros2_workspace/auto_car/install/local/lib/python3.10/dist-packages:/home/orangepi/ros2_workspace/auto_car/install/lib/python3.10/site-packages:${PYTHONPATH} /usr/bin/python3 -W ignore:setup.py install is deprecated -W ignore:easy_install command is deprecated setup.py egg_info --egg-base ../../build/uart_comm_py build --build-base /home/orangepi/ros2_workspace/auto_car/build/uart_comm_py/build install --record /home/orangepi/ros2_workspace/auto_car/build/uart_comm_py/install.log --single-version-externally-managed install_data
