[3.443s] Invoking command in '/home/orangepi/ros2_workspace/auto_car/src/car_setup': PYTHONPATH=/home/orangepi/ros2_workspace/auto_car/build/car_setup/prefix_override:/usr/lib/python3/dist-packages/colcon_core/task/python/colcon_distutils_commands:/home/orangepi/ros2_workspace/auto_car/install/lib/python3.10/site-packages:/home/orangepi/ros2_workspace/auto_car/install/lib/python3.10/site-packages:/home/orangepi/ros2_workspace/auto_car/install/local/lib/python3.10/dist-packages:/root/lanhailidar_ros_ws/install/scan_subscriber/lib/python3.10/site-packages:/root/lanhailidar_ros_ws/install/base/local/lib/python3.10/dist-packages:/opt/ros/humble/lib/python3.10/site-packages:/opt/ros/humble/local/lib/python3.10/dist-packages /usr/bin/python3 -W ignore:setup.py install is deprecated -W ignore:easy_install command is deprecated setup.py egg_info --egg-base ../../build/car_setup build --build-base /home/orangepi/ros2_workspace/auto_car/build/car_setup/build install --record /home/orangepi/ros2_workspace/auto_car/build/car_setup/install.log --single-version-externally-managed install_data
[3.798s] running egg_info
[3.800s] writing ../../build/car_setup/car_setup.egg-info/PKG-INFO
[3.801s] writing dependency_links to ../../build/car_setup/car_setup.egg-info/dependency_links.txt
[3.807s] writing entry points to ../../build/car_setup/car_setup.egg-info/entry_points.txt
[3.811s] writing requirements to ../../build/car_setup/car_setup.egg-info/requires.txt
[3.812s] writing top-level names to ../../build/car_setup/car_setup.egg-info/top_level.txt
[3.817s] reading manifest file '../../build/car_setup/car_setup.egg-info/SOURCES.txt'
[3.819s] writing manifest file '../../build/car_setup/car_setup.egg-info/SOURCES.txt'
[3.820s] running build
[3.820s] running build_py
[3.821s] running install
[3.821s] running install_lib
[3.823s] running install_data
[3.824s] running install_egg_info
[3.826s] removing '/home/orangepi/ros2_workspace/auto_car/install/lib/python3.10/site-packages/car_setup-0.0.0-py3.10.egg-info' (and everything under it)
[3.827s] Copying ../../build/car_setup/car_setup.egg-info to /home/orangepi/ros2_workspace/auto_car/install/lib/python3.10/site-packages/car_setup-0.0.0-py3.10.egg-info
[3.828s] running install_scripts
[3.861s] Installing camer script to /home/orangepi/ros2_workspace/auto_car/install/lib/car_setup
[3.861s] Installing motor_controller script to /home/orangepi/ros2_workspace/auto_car/install/lib/car_setup
[3.867s] Installing t265 script to /home/orangepi/ros2_workspace/auto_car/install/lib/car_setup
[3.869s] Installing t265_uart script to /home/orangepi/ros2_workspace/auto_car/install/lib/car_setup
[3.870s] Installing uart_driver script to /home/orangepi/ros2_workspace/auto_car/install/lib/car_setup
[3.872s] Installing uart_receiver0 script to /home/orangepi/ros2_workspace/auto_car/install/lib/car_setup
[3.874s] Installing uart_receiver1 script to /home/orangepi/ros2_workspace/auto_car/install/lib/car_setup
[3.875s] Installing uart_receiver2 script to /home/orangepi/ros2_workspace/auto_car/install/lib/car_setup
[3.876s] Installing uart_receiver3 script to /home/orangepi/ros2_workspace/auto_car/install/lib/car_setup
[3.877s] Installing uart_receiver4 script to /home/orangepi/ros2_workspace/auto_car/install/lib/car_setup
[3.878s] Installing uart_sender0 script to /home/orangepi/ros2_workspace/auto_car/install/lib/car_setup
[3.880s] Installing uart_sender1 script to /home/orangepi/ros2_workspace/auto_car/install/lib/car_setup
[3.881s] Installing uart_sender2 script to /home/orangepi/ros2_workspace/auto_car/install/lib/car_setup
[3.881s] Installing uart_sender3 script to /home/orangepi/ros2_workspace/auto_car/install/lib/car_setup
[3.883s] Installing uart_sender4 script to /home/orangepi/ros2_workspace/auto_car/install/lib/car_setup
[3.884s] writing list of installed files to '/home/orangepi/ros2_workspace/auto_car/build/car_setup/install.log'
[3.951s] Invoked command in '/home/orangepi/ros2_workspace/auto_car/src/car_setup' returned '0': PYTHONPATH=/home/orangepi/ros2_workspace/auto_car/build/car_setup/prefix_override:/usr/lib/python3/dist-packages/colcon_core/task/python/colcon_distutils_commands:/home/orangepi/ros2_workspace/auto_car/install/lib/python3.10/site-packages:/home/orangepi/ros2_workspace/auto_car/install/lib/python3.10/site-packages:/home/orangepi/ros2_workspace/auto_car/install/local/lib/python3.10/dist-packages:/root/lanhailidar_ros_ws/install/scan_subscriber/lib/python3.10/site-packages:/root/lanhailidar_ros_ws/install/base/local/lib/python3.10/dist-packages:/opt/ros/humble/lib/python3.10/site-packages:/opt/ros/humble/local/lib/python3.10/dist-packages /usr/bin/python3 -W ignore:setup.py install is deprecated -W ignore:easy_install command is deprecated setup.py egg_info --egg-base ../../build/car_setup build --build-base /home/orangepi/ros2_workspace/auto_car/build/car_setup/build install --record /home/orangepi/ros2_workspace/auto_car/build/car_setup/install.log --single-version-externally-managed install_data
