[2.077s] Invoking command in '/home/orangepi/ros2_workspace/auto_car/src/car_setup': AMENT_PREFIX_PATH=/home/orangepi/ros2_workspace/auto_car/install:${AMENT_PREFIX_PATH} CMAKE_PREFIX_PATH=/home/orangepi/ros2_workspace/auto_car/install:${CMAKE_PREFIX_PATH} LD_LIBRARY_PATH=/home/orangepi/ros2_workspace/auto_car/install/lib:${LD_LIBRARY_PATH} PYTHONPATH=/home/orangepi/ros2_workspace/auto_car/build/car_setup/prefix_override:/usr/lib/python3/dist-packages/colcon_core/task/python/colcon_distutils_commands:/home/orangepi/ros2_workspace/auto_car/install/lib/python3.10/site-packages:/home/orangepi/ros2_workspace/auto_car/install/local/lib/python3.10/dist-packages:/home/orangepi/ros2_workspace/auto_car/install/lib/python3.10/site-packages:${PYTHONPATH} /usr/bin/python3 -W ignore:setup.py install is deprecated -W ignore:easy_install command is deprecated setup.py egg_info --egg-base ../../build/car_setup build --build-base /home/orangepi/ros2_workspace/auto_car/build/car_setup/build install --record /home/orangepi/ros2_workspace/auto_car/build/car_setup/install.log --single-version-externally-managed install_data
[2.411s] running egg_info
[2.412s] writing ../../build/car_setup/car_setup.egg-info/PKG-INFO
[2.413s] writing dependency_links to ../../build/car_setup/car_setup.egg-info/dependency_links.txt
[2.414s] writing entry points to ../../build/car_setup/car_setup.egg-info/entry_points.txt
[2.414s] writing requirements to ../../build/car_setup/car_setup.egg-info/requires.txt
[2.415s] writing top-level names to ../../build/car_setup/car_setup.egg-info/top_level.txt
[2.418s] reading manifest file '../../build/car_setup/car_setup.egg-info/SOURCES.txt'
[2.422s] writing manifest file '../../build/car_setup/car_setup.egg-info/SOURCES.txt'
[2.422s] running build
[2.423s] running build_py
[2.424s] running install
[2.425s] running install_lib
[2.427s] running install_data
[2.427s] running install_egg_info
[2.430s] removing '/home/orangepi/ros2_workspace/auto_car/install/lib/python3.10/site-packages/car_setup-0.0.0-py3.10.egg-info' (and everything under it)
[2.430s] Copying ../../build/car_setup/car_setup.egg-info to /home/orangepi/ros2_workspace/auto_car/install/lib/python3.10/site-packages/car_setup-0.0.0-py3.10.egg-info
[2.432s] running install_scripts
[2.464s] Installing camer script to /home/orangepi/ros2_workspace/auto_car/install/lib/car_setup
[2.464s] Installing motor_controller script to /home/orangepi/ros2_workspace/auto_car/install/lib/car_setup
[2.471s] Installing t265 script to /home/orangepi/ros2_workspace/auto_car/install/lib/car_setup
[2.472s] Installing t265_uart script to /home/orangepi/ros2_workspace/auto_car/install/lib/car_setup
[2.472s] Installing uart_driver script to /home/orangepi/ros2_workspace/auto_car/install/lib/car_setup
[2.473s] Installing uart_receiver0 script to /home/orangepi/ros2_workspace/auto_car/install/lib/car_setup
[2.474s] Installing uart_receiver1 script to /home/orangepi/ros2_workspace/auto_car/install/lib/car_setup
[2.474s] Installing uart_receiver2 script to /home/orangepi/ros2_workspace/auto_car/install/lib/car_setup
[2.475s] Installing uart_receiver3 script to /home/orangepi/ros2_workspace/auto_car/install/lib/car_setup
[2.475s] Installing uart_receiver4 script to /home/orangepi/ros2_workspace/auto_car/install/lib/car_setup
[2.475s] Installing uart_sender0 script to /home/orangepi/ros2_workspace/auto_car/install/lib/car_setup
[2.476s] Installing uart_sender1 script to /home/orangepi/ros2_workspace/auto_car/install/lib/car_setup
[2.476s] Installing uart_sender2 script to /home/orangepi/ros2_workspace/auto_car/install/lib/car_setup
[2.477s] Installing uart_sender3 script to /home/orangepi/ros2_workspace/auto_car/install/lib/car_setup
[2.477s] Installing uart_sender4 script to /home/orangepi/ros2_workspace/auto_car/install/lib/car_setup
[2.478s] writing list of installed files to '/home/orangepi/ros2_workspace/auto_car/build/car_setup/install.log'
[2.588s] Invoked command in '/home/orangepi/ros2_workspace/auto_car/src/car_setup' returned '0': AMENT_PREFIX_PATH=/home/orangepi/ros2_workspace/auto_car/install:${AMENT_PREFIX_PATH} CMAKE_PREFIX_PATH=/home/orangepi/ros2_workspace/auto_car/install:${CMAKE_PREFIX_PATH} LD_LIBRARY_PATH=/home/orangepi/ros2_workspace/auto_car/install/lib:${LD_LIBRARY_PATH} PYTHONPATH=/home/orangepi/ros2_workspace/auto_car/build/car_setup/prefix_override:/usr/lib/python3/dist-packages/colcon_core/task/python/colcon_distutils_commands:/home/orangepi/ros2_workspace/auto_car/install/lib/python3.10/site-packages:/home/orangepi/ros2_workspace/auto_car/install/local/lib/python3.10/dist-packages:/home/orangepi/ros2_workspace/auto_car/install/lib/python3.10/site-packages:${PYTHONPATH} /usr/bin/python3 -W ignore:setup.py install is deprecated -W ignore:easy_install command is deprecated setup.py egg_info --egg-base ../../build/car_setup build --build-base /home/orangepi/ros2_workspace/auto_car/build/car_setup/build install --record /home/orangepi/ros2_workspace/auto_car/build/car_setup/install.log --single-version-externally-managed install_data
