[3.108s] Invoking command in '/home/orangepi/ros2_workspace/auto_car/src/car_core': AMENT_PREFIX_PATH=/home/orangepi/ros2_workspace/auto_car/install:${AMENT_PREFIX_PATH} CMAKE_PREFIX_PATH=/home/orangepi/ros2_workspace/auto_car/install:${CMAKE_PREFIX_PATH} LD_LIBRARY_PATH=/home/orangepi/ros2_workspace/auto_car/install/lib:${LD_LIBRARY_PATH} PYTHONPATH=/home/orangepi/ros2_workspace/auto_car/build/car_core/prefix_override:/usr/lib/python3/dist-packages/colcon_core/task/python/colcon_distutils_commands:/home/orangepi/ros2_workspace/auto_car/install/lib/python3.10/site-packages:/home/orangepi/ros2_workspace/auto_car/install/local/lib/python3.10/dist-packages:/home/orangepi/ros2_workspace/auto_car/install/lib/python3.10/site-packages:${PYTHONPATH} /usr/bin/python3 -W ignore:setup.py install is deprecated -W ignore:easy_install command is deprecated setup.py egg_info --egg-base ../../build/car_core build --build-base /home/orangepi/ros2_workspace/auto_car/build/car_core/build install --record /home/orangepi/ros2_workspace/auto_car/build/car_core/install.log --single-version-externally-managed install_data
[3.975s] running egg_info
[3.977s] writing ../../build/car_core/car_core.egg-info/PKG-INFO
[3.977s] writing dependency_links to ../../build/car_core/car_core.egg-info/dependency_links.txt
[3.983s] writing entry points to ../../build/car_core/car_core.egg-info/entry_points.txt
[3.984s] writing requirements to ../../build/car_core/car_core.egg-info/requires.txt
[3.986s] writing top-level names to ../../build/car_core/car_core.egg-info/top_level.txt
[3.999s] reading manifest file '../../build/car_core/car_core.egg-info/SOURCES.txt'
[3.999s] writing manifest file '../../build/car_core/car_core.egg-info/SOURCES.txt'
[3.999s] running build
[3.999s] running build_py
[3.999s] running install
[4.000s] running install_lib
[4.011s] running install_data
[4.013s] running install_egg_info
[4.020s] removing '/home/orangepi/ros2_workspace/auto_car/install/lib/python3.10/site-packages/car_core-0.0.0-py3.10.egg-info' (and everything under it)
[4.020s] Copying ../../build/car_core/car_core.egg-info to /home/orangepi/ros2_workspace/auto_car/install/lib/python3.10/site-packages/car_core-0.0.0-py3.10.egg-info
[4.021s] running install_scripts
[4.081s] writing list of installed files to '/home/orangepi/ros2_workspace/auto_car/build/car_core/install.log'
[4.144s] Invoked command in '/home/orangepi/ros2_workspace/auto_car/src/car_core' returned '0': AMENT_PREFIX_PATH=/home/orangepi/ros2_workspace/auto_car/install:${AMENT_PREFIX_PATH} CMAKE_PREFIX_PATH=/home/orangepi/ros2_workspace/auto_car/install:${CMAKE_PREFIX_PATH} LD_LIBRARY_PATH=/home/orangepi/ros2_workspace/auto_car/install/lib:${LD_LIBRARY_PATH} PYTHONPATH=/home/orangepi/ros2_workspace/auto_car/build/car_core/prefix_override:/usr/lib/python3/dist-packages/colcon_core/task/python/colcon_distutils_commands:/home/orangepi/ros2_workspace/auto_car/install/lib/python3.10/site-packages:/home/orangepi/ros2_workspace/auto_car/install/local/lib/python3.10/dist-packages:/home/orangepi/ros2_workspace/auto_car/install/lib/python3.10/site-packages:${PYTHONPATH} /usr/bin/python3 -W ignore:setup.py install is deprecated -W ignore:easy_install command is deprecated setup.py egg_info --egg-base ../../build/car_core build --build-base /home/orangepi/ros2_workspace/auto_car/build/car_core/build install --record /home/orangepi/ros2_workspace/auto_car/build/car_core/install.log --single-version-externally-managed install_data
