[0.098s] Invoking command in '/home/orangepi/ros2_workspace/auto_car/build/car_interface': CMAKE_PREFIX_PATH=${CMAKE_PREFIX_PATH}:/root/lanhailidar_ros_ws/install/scan_subscriber:/opt/ros/humble /usr/bin/cmake --build /home/orangepi/ros2_workspace/auto_car/build/car_interface -- -j8 -l8
[1.291s] [  1%] Built target car_interface__cpp
[1.292s] [ 12%] Built target car_interface__rosidl_generator_c
[1.292s] [ 12%] Built target ament_cmake_python_copy_car_interface
[1.293s] [ 23%] Built target car_interface__rosidl_typesupport_cpp
[1.293s] [ 35%] Built target car_interface__rosidl_typesupport_fastrtps_c
[1.294s] [ 46%] Built target car_interface__rosidl_typesupport_introspection_cpp
[1.294s] [ 57%] Built target car_interface__rosidl_typesupport_fastrtps_cpp
[1.295s] [ 69%] Built target car_interface__rosidl_typesupport_introspection_c
[1.295s] [ 80%] Built target car_interface__rosidl_typesupport_c
[1.295s] [ 80%] Built target car_interface
[1.296s] [ 81%] Built target car_interface__py
[1.296s] [ 91%] Built target car_interface__rosidl_generator_py
[1.297s] [ 94%] Built target car_interface__rosidl_typesupport_fastrtps_c__pyext
[1.298s] [ 97%] Built target car_interface__rosidl_typesupport_c__pyext
[1.298s] [100%] Built target car_interface__rosidl_typesupport_introspection_c__pyext
[1.298s] running egg_info
[1.298s] writing car_interface.egg-info/PKG-INFO
[1.299s] writing dependency_links to car_interface.egg-info/dependency_links.txt
[1.299s] writing top-level names to car_interface.egg-info/top_level.txt
[1.305s] reading manifest file 'car_interface.egg-info/SOURCES.txt'
[1.307s] writing manifest file 'car_interface.egg-info/SOURCES.txt'
[1.310s] [100%] Built target ament_cmake_python_build_car_interface_egg
[1.369s] Invoked command in '/home/orangepi/ros2_workspace/auto_car/build/car_interface' returned '0': CMAKE_PREFIX_PATH=${CMAKE_PREFIX_PATH}:/root/lanhailidar_ros_ws/install/scan_subscriber:/opt/ros/humble /usr/bin/cmake --build /home/orangepi/ros2_workspace/auto_car/build/car_interface -- -j8 -l8
[1.373s] Invoking command in '/home/orangepi/ros2_workspace/auto_car/build/car_interface': CMAKE_PREFIX_PATH=${CMAKE_PREFIX_PATH}:/root/lanhailidar_ros_ws/install/scan_subscriber:/opt/ros/humble /usr/bin/cmake --install /home/orangepi/ros2_workspace/auto_car/build/car_interface
[1.448s] -- Install configuration: ""
[1.448s] -- Up-to-date: /home/orangepi/ros2_workspace/auto_car/install/share/ament_index/resource_index/rosidl_interfaces/car_interface
[1.448s] -- Up-to-date: /home/orangepi/ros2_workspace/auto_car/install/include/car_interface/car_interface
[1.448s] -- Up-to-date: /home/orangepi/ros2_workspace/auto_car/install/include/car_interface/car_interface/msg
[1.448s] -- Up-to-date: /home/orangepi/ros2_workspace/auto_car/install/include/car_interface/car_interface/msg/detail
[1.449s] -- Up-to-date: /home/orangepi/ros2_workspace/auto_car/install/include/car_interface/car_interface/msg/detail/rplidar_data__functions.c
[1.449s] -- Up-to-date: /home/orangepi/ros2_workspace/auto_car/install/include/car_interface/car_interface/msg/detail/motor_command__struct.h
[1.449s] -- Up-to-date: /home/orangepi/ros2_workspace/auto_car/install/include/car_interface/car_interface/msg/detail/rplidar_data__struct.h
[1.449s] -- Up-to-date: /home/orangepi/ros2_workspace/auto_car/install/include/car_interface/car_interface/msg/detail/serial_data__struct.h
[1.449s] -- Up-to-date: /home/orangepi/ros2_workspace/auto_car/install/include/car_interface/car_interface/msg/detail/t265_data__functions.h
[1.449s] -- Up-to-date: /home/orangepi/ros2_workspace/auto_car/install/include/car_interface/car_interface/msg/detail/serial_data__functions.h
[1.449s] -- Up-to-date: /home/orangepi/ros2_workspace/auto_car/install/include/car_interface/car_interface/msg/detail/motor_command__functions.c
[1.453s] -- Up-to-date: /home/orangepi/ros2_workspace/auto_car/install/include/car_interface/car_interface/msg/detail/rplidar_data__functions.h
[1.453s] -- Up-to-date: /home/orangepi/ros2_workspace/auto_car/install/include/car_interface/car_interface/msg/detail/motor_command__functions.h
[1.453s] -- Up-to-date: /home/orangepi/ros2_workspace/auto_car/install/include/car_interface/car_interface/msg/detail/t265_data__type_support.h
[1.453s] -- Up-to-date: /home/orangepi/ros2_workspace/auto_car/install/include/car_interface/car_interface/msg/detail/motor_command__type_support.h
[1.453s] -- Up-to-date: /home/orangepi/ros2_workspace/auto_car/install/include/car_interface/car_interface/msg/detail/rplidar_data__type_support.h
[1.453s] -- Up-to-date: /home/orangepi/ros2_workspace/auto_car/install/include/car_interface/car_interface/msg/detail/serial_data__type_support.h
[1.453s] -- Up-to-date: /home/orangepi/ros2_workspace/auto_car/install/include/car_interface/car_interface/msg/detail/serial_data__functions.c
[1.454s] -- Up-to-date: /home/orangepi/ros2_workspace/auto_car/install/include/car_interface/car_interface/msg/detail/t265_data__struct.h
[1.454s] -- Up-to-date: /home/orangepi/ros2_workspace/auto_car/install/include/car_interface/car_interface/msg/detail/t265_data__functions.c
[1.454s] -- Up-to-date: /home/orangepi/ros2_workspace/auto_car/install/include/car_interface/car_interface/msg/motor_command.h
[1.454s] -- Up-to-date: /home/orangepi/ros2_workspace/auto_car/install/include/car_interface/car_interface/msg/rosidl_generator_c__visibility_control.h
[1.454s] -- Up-to-date: /home/orangepi/ros2_workspace/auto_car/install/include/car_interface/car_interface/msg/t265_data.h
[1.454s] -- Up-to-date: /home/orangepi/ros2_workspace/auto_car/install/include/car_interface/car_interface/msg/serial_data.h
[1.454s] -- Up-to-date: /home/orangepi/ros2_workspace/auto_car/install/include/car_interface/car_interface/msg/rplidar_data.h
[1.456s] -- Up-to-date: /home/orangepi/ros2_workspace/auto_car/install/include/car_interface/car_interface/srv
[1.456s] -- Up-to-date: /home/orangepi/ros2_workspace/auto_car/install/include/car_interface/car_interface/srv/detail
[1.456s] -- Up-to-date: /home/orangepi/ros2_workspace/auto_car/install/include/car_interface/car_interface/srv/detail/send_command__struct.h
[1.456s] -- Up-to-date: /home/orangepi/ros2_workspace/auto_car/install/include/car_interface/car_interface/srv/detail/laser_open_service__struct.h
[1.456s] -- Up-to-date: /home/orangepi/ros2_workspace/auto_car/install/include/car_interface/car_interface/srv/detail/laser_open_service__functions.h
[1.456s] -- Up-to-date: /home/orangepi/ros2_workspace/auto_car/install/include/car_interface/car_interface/srv/detail/send_command__type_support.h
[1.479s] -- Up-to-date: /home/orangepi/ros2_workspace/auto_car/install/include/car_interface/car_interface/srv/detail/send_command__functions.c
[1.479s] -- Up-to-date: /home/orangepi/ros2_workspace/auto_car/install/include/car_interface/car_interface/srv/detail/laser_open_service__type_support.h
[1.479s] -- Up-to-date: /home/orangepi/ros2_workspace/auto_car/install/include/car_interface/car_interface/srv/detail/send_command__functions.h
[1.479s] -- Up-to-date: /home/orangepi/ros2_workspace/auto_car/install/include/car_interface/car_interface/srv/detail/laser_open_service__functions.c
[1.479s] -- Up-to-date: /home/orangepi/ros2_workspace/auto_car/install/include/car_interface/car_interface/srv/laser_open_service.h
[1.479s] -- Up-to-date: /home/orangepi/ros2_workspace/auto_car/install/include/car_interface/car_interface/srv/send_command.h
[1.480s] -- Up-to-date: /home/orangepi/ros2_workspace/auto_car/install/share/car_interface/environment/library_path.sh
[1.480s] -- Up-to-date: /home/orangepi/ros2_workspace/auto_car/install/share/car_interface/environment/library_path.dsv
[1.480s] -- Up-to-date: /home/orangepi/ros2_workspace/auto_car/install/lib/libcar_interface__rosidl_generator_c.so
[1.480s] -- Up-to-date: /home/orangepi/ros2_workspace/auto_car/install/include/car_interface/car_interface
[1.480s] -- Up-to-date: /home/orangepi/ros2_workspace/auto_car/install/include/car_interface/car_interface/msg
[1.480s] -- Up-to-date: /home/orangepi/ros2_workspace/auto_car/install/include/car_interface/car_interface/msg/detail
[1.480s] -- Up-to-date: /home/orangepi/ros2_workspace/auto_car/install/include/car_interface/car_interface/msg/detail/motor_command__rosidl_typesupport_fastrtps_c.h
[1.480s] -- Up-to-date: /home/orangepi/ros2_workspace/auto_car/install/include/car_interface/car_interface/msg/detail/serial_data__rosidl_typesupport_fastrtps_c.h
[1.481s] -- Up-to-date: /home/orangepi/ros2_workspace/auto_car/install/include/car_interface/car_interface/msg/detail/rplidar_data__rosidl_typesupport_fastrtps_c.h
[1.481s] -- Up-to-date: /home/orangepi/ros2_workspace/auto_car/install/include/car_interface/car_interface/msg/detail/t265_data__rosidl_typesupport_fastrtps_c.h
[1.481s] -- Up-to-date: /home/orangepi/ros2_workspace/auto_car/install/include/car_interface/car_interface/msg/rosidl_typesupport_fastrtps_c__visibility_control.h
[1.481s] -- Up-to-date: /home/orangepi/ros2_workspace/auto_car/install/include/car_interface/car_interface/srv
[1.481s] -- Up-to-date: /home/orangepi/ros2_workspace/auto_car/install/include/car_interface/car_interface/srv/detail
[1.481s] -- Up-to-date: /home/orangepi/ros2_workspace/auto_car/install/include/car_interface/car_interface/srv/detail/laser_open_service__rosidl_typesupport_fastrtps_c.h
[1.481s] -- Up-to-date: /home/orangepi/ros2_workspace/auto_car/install/include/car_interface/car_interface/srv/detail/send_command__rosidl_typesupport_fastrtps_c.h
[1.481s] -- Up-to-date: /home/orangepi/ros2_workspace/auto_car/install/lib/libcar_interface__rosidl_typesupport_fastrtps_c.so
[1.481s] -- Up-to-date: /home/orangepi/ros2_workspace/auto_car/install/include/car_interface/car_interface
[1.481s] -- Up-to-date: /home/orangepi/ros2_workspace/auto_car/install/include/car_interface/car_interface/msg
[1.481s] -- Up-to-date: /home/orangepi/ros2_workspace/auto_car/install/include/car_interface/car_interface/msg/detail
[1.482s] -- Up-to-date: /home/orangepi/ros2_workspace/auto_car/install/include/car_interface/car_interface/msg/detail/t265_data__rosidl_typesupport_introspection_c.h
[1.482s] -- Up-to-date: /home/orangepi/ros2_workspace/auto_car/install/include/car_interface/car_interface/msg/detail/motor_command__type_support.c
[1.482s] -- Up-to-date: /home/orangepi/ros2_workspace/auto_car/install/include/car_interface/car_interface/msg/detail/rplidar_data__rosidl_typesupport_introspection_c.h
[1.482s] -- Up-to-date: /home/orangepi/ros2_workspace/auto_car/install/include/car_interface/car_interface/msg/detail/t265_data__type_support.c
[1.482s] -- Up-to-date: /home/orangepi/ros2_workspace/auto_car/install/include/car_interface/car_interface/msg/detail/rplidar_data__type_support.c
[1.482s] -- Up-to-date: /home/orangepi/ros2_workspace/auto_car/install/include/car_interface/car_interface/msg/detail/serial_data__rosidl_typesupport_introspection_c.h
[1.482s] -- Up-to-date: /home/orangepi/ros2_workspace/auto_car/install/include/car_interface/car_interface/msg/detail/serial_data__type_support.c
[1.482s] -- Up-to-date: /home/orangepi/ros2_workspace/auto_car/install/include/car_interface/car_interface/msg/detail/motor_command__rosidl_typesupport_introspection_c.h
[1.482s] -- Up-to-date: /home/orangepi/ros2_workspace/auto_car/install/include/car_interface/car_interface/msg/rosidl_typesupport_introspection_c__visibility_control.h
[1.482s] -- Up-to-date: /home/orangepi/ros2_workspace/auto_car/install/include/car_interface/car_interface/srv
[1.482s] -- Up-to-date: /home/orangepi/ros2_workspace/auto_car/install/include/car_interface/car_interface/srv/detail
[1.483s] -- Up-to-date: /home/orangepi/ros2_workspace/auto_car/install/include/car_interface/car_interface/srv/detail/send_command__type_support.c
[1.483s] -- Up-to-date: /home/orangepi/ros2_workspace/auto_car/install/include/car_interface/car_interface/srv/detail/send_command__rosidl_typesupport_introspection_c.h
[1.483s] -- Up-to-date: /home/orangepi/ros2_workspace/auto_car/install/include/car_interface/car_interface/srv/detail/laser_open_service__rosidl_typesupport_introspection_c.h
[1.483s] -- Up-to-date: /home/orangepi/ros2_workspace/auto_car/install/include/car_interface/car_interface/srv/detail/laser_open_service__type_support.c
[1.483s] -- Up-to-date: /home/orangepi/ros2_workspace/auto_car/install/lib/libcar_interface__rosidl_typesupport_introspection_c.so
[1.483s] -- Up-to-date: /home/orangepi/ros2_workspace/auto_car/install/lib/libcar_interface__rosidl_typesupport_c.so
[1.483s] -- Up-to-date: /home/orangepi/ros2_workspace/auto_car/install/include/car_interface/car_interface
[1.483s] -- Up-to-date: /home/orangepi/ros2_workspace/auto_car/install/include/car_interface/car_interface/msg
[1.483s] -- Up-to-date: /home/orangepi/ros2_workspace/auto_car/install/include/car_interface/car_interface/msg/detail
[1.483s] -- Up-to-date: /home/orangepi/ros2_workspace/auto_car/install/include/car_interface/car_interface/msg/detail/t265_data__struct.hpp
[1.484s] -- Up-to-date: /home/orangepi/ros2_workspace/auto_car/install/include/car_interface/car_interface/msg/detail/motor_command__traits.hpp
[1.484s] -- Up-to-date: /home/orangepi/ros2_workspace/auto_car/install/include/car_interface/car_interface/msg/detail/t265_data__type_support.hpp
[1.484s] -- Up-to-date: /home/orangepi/ros2_workspace/auto_car/install/include/car_interface/car_interface/msg/detail/t265_data__traits.hpp
[1.484s] -- Up-to-date: /home/orangepi/ros2_workspace/auto_car/install/include/car_interface/car_interface/msg/detail/serial_data__builder.hpp
[1.484s] -- Up-to-date: /home/orangepi/ros2_workspace/auto_car/install/include/car_interface/car_interface/msg/detail/rplidar_data__traits.hpp
[1.484s] -- Up-to-date: /home/orangepi/ros2_workspace/auto_car/install/include/car_interface/car_interface/msg/detail/rplidar_data__struct.hpp
[1.484s] -- Up-to-date: /home/orangepi/ros2_workspace/auto_car/install/include/car_interface/car_interface/msg/detail/serial_data__traits.hpp
[1.484s] -- Up-to-date: /home/orangepi/ros2_workspace/auto_car/install/include/car_interface/car_interface/msg/detail/serial_data__struct.hpp
[1.484s] -- Up-to-date: /home/orangepi/ros2_workspace/auto_car/install/include/car_interface/car_interface/msg/detail/t265_data__builder.hpp
[1.484s] -- Up-to-date: /home/orangepi/ros2_workspace/auto_car/install/include/car_interface/car_interface/msg/detail/rplidar_data__builder.hpp
[1.484s] -- Up-to-date: /home/orangepi/ros2_workspace/auto_car/install/include/car_interface/car_interface/msg/detail/motor_command__builder.hpp
[1.485s] -- Up-to-date: /home/orangepi/ros2_workspace/auto_car/install/include/car_interface/car_interface/msg/detail/motor_command__type_support.hpp
[1.485s] -- Up-to-date: /home/orangepi/ros2_workspace/auto_car/install/include/car_interface/car_interface/msg/detail/rplidar_data__type_support.hpp
[1.485s] -- Up-to-date: /home/orangepi/ros2_workspace/auto_car/install/include/car_interface/car_interface/msg/detail/motor_command__struct.hpp
[1.485s] -- Up-to-date: /home/orangepi/ros2_workspace/auto_car/install/include/car_interface/car_interface/msg/detail/serial_data__type_support.hpp
[1.485s] -- Up-to-date: /home/orangepi/ros2_workspace/auto_car/install/include/car_interface/car_interface/msg/rosidl_generator_cpp__visibility_control.hpp
[1.485s] -- Up-to-date: /home/orangepi/ros2_workspace/auto_car/install/include/car_interface/car_interface/msg/motor_command.hpp
[1.485s] -- Up-to-date: /home/orangepi/ros2_workspace/auto_car/install/include/car_interface/car_interface/msg/t265_data.hpp
[1.485s] -- Up-to-date: /home/orangepi/ros2_workspace/auto_car/install/include/car_interface/car_interface/msg/rplidar_data.hpp
[1.485s] -- Up-to-date: /home/orangepi/ros2_workspace/auto_car/install/include/car_interface/car_interface/msg/serial_data.hpp
[1.485s] -- Up-to-date: /home/orangepi/ros2_workspace/auto_car/install/include/car_interface/car_interface/srv
[1.485s] -- Up-to-date: /home/orangepi/ros2_workspace/auto_car/install/include/car_interface/car_interface/srv/detail
[1.485s] -- Up-to-date: /home/orangepi/ros2_workspace/auto_car/install/include/car_interface/car_interface/srv/detail/send_command__struct.hpp
[1.486s] -- Up-to-date: /home/orangepi/ros2_workspace/auto_car/install/include/car_interface/car_interface/srv/detail/laser_open_service__traits.hpp
[1.486s] -- Up-to-date: /home/orangepi/ros2_workspace/auto_car/install/include/car_interface/car_interface/srv/detail/laser_open_service__builder.hpp
[1.486s] -- Up-to-date: /home/orangepi/ros2_workspace/auto_car/install/include/car_interface/car_interface/srv/detail/laser_open_service__type_support.hpp
[1.486s] -- Up-to-date: /home/orangepi/ros2_workspace/auto_car/install/include/car_interface/car_interface/srv/detail/laser_open_service__struct.hpp
[1.486s] -- Up-to-date: /home/orangepi/ros2_workspace/auto_car/install/include/car_interface/car_interface/srv/detail/send_command__traits.hpp
[1.486s] -- Up-to-date: /home/orangepi/ros2_workspace/auto_car/install/include/car_interface/car_interface/srv/detail/send_command__builder.hpp
[1.486s] -- Up-to-date: /home/orangepi/ros2_workspace/auto_car/install/include/car_interface/car_interface/srv/detail/send_command__type_support.hpp
[1.488s] -- Up-to-date: /home/orangepi/ros2_workspace/auto_car/install/include/car_interface/car_interface/srv/send_command.hpp
[1.488s] -- Up-to-date: /home/orangepi/ros2_workspace/auto_car/install/include/car_interface/car_interface/srv/laser_open_service.hpp
[1.488s] -- Up-to-date: /home/orangepi/ros2_workspace/auto_car/install/include/car_interface/car_interface
[1.488s] -- Up-to-date: /home/orangepi/ros2_workspace/auto_car/install/include/car_interface/car_interface/msg
[1.488s] -- Up-to-date: /home/orangepi/ros2_workspace/auto_car/install/include/car_interface/car_interface/msg/detail
[1.488s] -- Up-to-date: /home/orangepi/ros2_workspace/auto_car/install/include/car_interface/car_interface/msg/detail/t265_data__rosidl_typesupport_fastrtps_cpp.hpp
[1.488s] -- Up-to-date: /home/orangepi/ros2_workspace/auto_car/install/include/car_interface/car_interface/msg/detail/motor_command__rosidl_typesupport_fastrtps_cpp.hpp
[1.488s] -- Up-to-date: /home/orangepi/ros2_workspace/auto_car/install/include/car_interface/car_interface/msg/detail/serial_data__rosidl_typesupport_fastrtps_cpp.hpp
[1.489s] -- Up-to-date: /home/orangepi/ros2_workspace/auto_car/install/include/car_interface/car_interface/msg/detail/rplidar_data__rosidl_typesupport_fastrtps_cpp.hpp
[1.489s] -- Up-to-date: /home/orangepi/ros2_workspace/auto_car/install/include/car_interface/car_interface/msg/detail/dds_fastrtps
[1.489s] -- Up-to-date: /home/orangepi/ros2_workspace/auto_car/install/include/car_interface/car_interface/msg/rosidl_typesupport_fastrtps_cpp__visibility_control.h
[1.489s] -- Up-to-date: /home/orangepi/ros2_workspace/auto_car/install/include/car_interface/car_interface/srv
[1.489s] -- Up-to-date: /home/orangepi/ros2_workspace/auto_car/install/include/car_interface/car_interface/srv/detail
[1.489s] -- Up-to-date: /home/orangepi/ros2_workspace/auto_car/install/include/car_interface/car_interface/srv/detail/send_command__rosidl_typesupport_fastrtps_cpp.hpp
[1.489s] -- Up-to-date: /home/orangepi/ros2_workspace/auto_car/install/include/car_interface/car_interface/srv/detail/dds_fastrtps
[1.489s] -- Up-to-date: /home/orangepi/ros2_workspace/auto_car/install/include/car_interface/car_interface/srv/detail/laser_open_service__rosidl_typesupport_fastrtps_cpp.hpp
[1.489s] -- Up-to-date: /home/orangepi/ros2_workspace/auto_car/install/lib/libcar_interface__rosidl_typesupport_fastrtps_cpp.so
[1.489s] -- Up-to-date: /home/orangepi/ros2_workspace/auto_car/install/include/car_interface/car_interface
[1.490s] -- Up-to-date: /home/orangepi/ros2_workspace/auto_car/install/include/car_interface/car_interface/msg
[1.490s] -- Up-to-date: /home/orangepi/ros2_workspace/auto_car/install/include/car_interface/car_interface/msg/detail
[1.490s] -- Up-to-date: /home/orangepi/ros2_workspace/auto_car/install/include/car_interface/car_interface/msg/detail/serial_data__type_support.cpp
[1.490s] -- Up-to-date: /home/orangepi/ros2_workspace/auto_car/install/include/car_interface/car_interface/msg/detail/rplidar_data__rosidl_typesupport_introspection_cpp.hpp
[1.490s] -- Up-to-date: /home/orangepi/ros2_workspace/auto_car/install/include/car_interface/car_interface/msg/detail/rplidar_data__type_support.cpp
[1.490s] -- Up-to-date: /home/orangepi/ros2_workspace/auto_car/install/include/car_interface/car_interface/msg/detail/t265_data__type_support.cpp
[1.490s] -- Up-to-date: /home/orangepi/ros2_workspace/auto_car/install/include/car_interface/car_interface/msg/detail/motor_command__rosidl_typesupport_introspection_cpp.hpp
[1.490s] -- Up-to-date: /home/orangepi/ros2_workspace/auto_car/install/include/car_interface/car_interface/msg/detail/t265_data__rosidl_typesupport_introspection_cpp.hpp
[1.490s] -- Up-to-date: /home/orangepi/ros2_workspace/auto_car/install/include/car_interface/car_interface/msg/detail/serial_data__rosidl_typesupport_introspection_cpp.hpp
[1.490s] -- Up-to-date: /home/orangepi/ros2_workspace/auto_car/install/include/car_interface/car_interface/msg/detail/motor_command__type_support.cpp
[1.490s] -- Up-to-date: /home/orangepi/ros2_workspace/auto_car/install/include/car_interface/car_interface/srv
[1.490s] -- Up-to-date: /home/orangepi/ros2_workspace/auto_car/install/include/car_interface/car_interface/srv/detail
[1.491s] -- Up-to-date: /home/orangepi/ros2_workspace/auto_car/install/include/car_interface/car_interface/srv/detail/laser_open_service__rosidl_typesupport_introspection_cpp.hpp
[1.491s] -- Up-to-date: /home/orangepi/ros2_workspace/auto_car/install/include/car_interface/car_interface/srv/detail/send_command__type_support.cpp
[1.491s] -- Up-to-date: /home/orangepi/ros2_workspace/auto_car/install/include/car_interface/car_interface/srv/detail/laser_open_service__type_support.cpp
[1.494s] -- Up-to-date: /home/orangepi/ros2_workspace/auto_car/install/include/car_interface/car_interface/srv/detail/send_command__rosidl_typesupport_introspection_cpp.hpp
[1.495s] -- Up-to-date: /home/orangepi/ros2_workspace/auto_car/install/lib/libcar_interface__rosidl_typesupport_introspection_cpp.so
[1.495s] -- Up-to-date: /home/orangepi/ros2_workspace/auto_car/install/lib/libcar_interface__rosidl_typesupport_cpp.so
[1.495s] -- Up-to-date: /home/orangepi/ros2_workspace/auto_car/install/share/car_interface/environment/pythonpath.sh
[1.495s] -- Up-to-date: /home/orangepi/ros2_workspace/auto_car/install/share/car_interface/environment/pythonpath.dsv
[1.495s] -- Up-to-date: /home/orangepi/ros2_workspace/auto_car/install/local/lib/python3.10/dist-packages/car_interface-0.0.0-py3.10.egg-info
[1.495s] -- Installing: /home/orangepi/ros2_workspace/auto_car/install/local/lib/python3.10/dist-packages/car_interface-0.0.0-py3.10.egg-info/PKG-INFO
[1.496s] -- Installing: /home/orangepi/ros2_workspace/auto_car/install/local/lib/python3.10/dist-packages/car_interface-0.0.0-py3.10.egg-info/dependency_links.txt
[1.498s] -- Installing: /home/orangepi/ros2_workspace/auto_car/install/local/lib/python3.10/dist-packages/car_interface-0.0.0-py3.10.egg-info/SOURCES.txt
[1.508s] -- Installing: /home/orangepi/ros2_workspace/auto_car/install/local/lib/python3.10/dist-packages/car_interface-0.0.0-py3.10.egg-info/top_level.txt
[1.509s] -- Up-to-date: /home/orangepi/ros2_workspace/auto_car/install/local/lib/python3.10/dist-packages/car_interface
[1.509s] -- Up-to-date: /home/orangepi/ros2_workspace/auto_car/install/local/lib/python3.10/dist-packages/car_interface/msg
[1.509s] -- Up-to-date: /home/orangepi/ros2_workspace/auto_car/install/local/lib/python3.10/dist-packages/car_interface/msg/_rplidar_data_s.c
[1.509s] -- Up-to-date: /home/orangepi/ros2_workspace/auto_car/install/local/lib/python3.10/dist-packages/car_interface/msg/_t265_data.py
[1.509s] -- Up-to-date: /home/orangepi/ros2_workspace/auto_car/install/local/lib/python3.10/dist-packages/car_interface/msg/_t265_data_s.c
[1.509s] -- Up-to-date: /home/orangepi/ros2_workspace/auto_car/install/local/lib/python3.10/dist-packages/car_interface/msg/_serial_data.py
[1.509s] -- Up-to-date: /home/orangepi/ros2_workspace/auto_car/install/local/lib/python3.10/dist-packages/car_interface/msg/_motor_command.py
[1.509s] -- Up-to-date: /home/orangepi/ros2_workspace/auto_car/install/local/lib/python3.10/dist-packages/car_interface/msg/__init__.py
[1.509s] -- Up-to-date: /home/orangepi/ros2_workspace/auto_car/install/local/lib/python3.10/dist-packages/car_interface/msg/_motor_command_s.c
[1.509s] -- Up-to-date: /home/orangepi/ros2_workspace/auto_car/install/local/lib/python3.10/dist-packages/car_interface/msg/_serial_data_s.c
[1.509s] -- Up-to-date: /home/orangepi/ros2_workspace/auto_car/install/local/lib/python3.10/dist-packages/car_interface/msg/_rplidar_data.py
[1.509s] -- Up-to-date: /home/orangepi/ros2_workspace/auto_car/install/local/lib/python3.10/dist-packages/car_interface/car_interface_s__rosidl_typesupport_introspection_c.cpython-310-aarch64-linux-gnu.so
[1.510s] -- Up-to-date: /home/orangepi/ros2_workspace/auto_car/install/local/lib/python3.10/dist-packages/car_interface/car_interface_s__rosidl_typesupport_c.cpython-310-aarch64-linux-gnu.so
[2.790s] -- Up-to-date: /home/orangepi/ros2_workspace/auto_car/install/local/lib/python3.10/dist-packages/car_interface/srv
[2.793s] -- Up-to-date: /home/orangepi/ros2_workspace/auto_car/install/local/lib/python3.10/dist-packages/car_interface/srv/_laser_open_service_s.c
[2.793s] -- Up-to-date: /home/orangepi/ros2_workspace/auto_car/install/local/lib/python3.10/dist-packages/car_interface/srv/_laser_open_service.py
[2.794s] -- Up-to-date: /home/orangepi/ros2_workspace/auto_car/install/local/lib/python3.10/dist-packages/car_interface/srv/_send_command.py
[2.794s] -- Up-to-date: /home/orangepi/ros2_workspace/auto_car/install/local/lib/python3.10/dist-packages/car_interface/srv/__init__.py
[2.795s] -- Up-to-date: /home/orangepi/ros2_workspace/auto_car/install/local/lib/python3.10/dist-packages/car_interface/srv/_send_command_s.c
[2.795s] -- Up-to-date: /home/orangepi/ros2_workspace/auto_car/install/local/lib/python3.10/dist-packages/car_interface/car_interface_s__rosidl_typesupport_fastrtps_c.cpython-310-aarch64-linux-gnu.so
[2.796s] -- Up-to-date: /home/orangepi/ros2_workspace/auto_car/install/local/lib/python3.10/dist-packages/car_interface/_car_interface_s.ep.rosidl_typesupport_introspection_c.c
[2.796s] -- Up-to-date: /home/orangepi/ros2_workspace/auto_car/install/local/lib/python3.10/dist-packages/car_interface/__init__.py
[2.796s] -- Up-to-date: /home/orangepi/ros2_workspace/auto_car/install/local/lib/python3.10/dist-packages/car_interface/_car_interface_s.ep.rosidl_typesupport_c.c
[2.797s] -- Up-to-date: /home/orangepi/ros2_workspace/auto_car/install/local/lib/python3.10/dist-packages/car_interface/_car_interface_s.ep.rosidl_typesupport_fastrtps_c.c
[2.802s] -- Up-to-date: /home/orangepi/ros2_workspace/auto_car/install/local/lib/python3.10/dist-packages/car_interface/libcar_interface__rosidl_generator_py.so
[2.966s] Listing '/home/orangepi/ros2_workspace/auto_car/install/local/lib/python3.10/dist-packages/car_interface'...
[2.966s] Listing '/home/orangepi/ros2_workspace/auto_car/install/local/lib/python3.10/dist-packages/car_interface/msg'...
[2.967s] Listing '/home/orangepi/ros2_workspace/auto_car/install/local/lib/python3.10/dist-packages/car_interface/srv'...
[2.967s] -- Up-to-date: /home/orangepi/ros2_workspace/auto_car/install/local/lib/python3.10/dist-packages/car_interface/car_interface_s__rosidl_typesupport_fastrtps_c.cpython-310-aarch64-linux-gnu.so
[2.968s] -- Up-to-date: /home/orangepi/ros2_workspace/auto_car/install/local/lib/python3.10/dist-packages/car_interface/car_interface_s__rosidl_typesupport_introspection_c.cpython-310-aarch64-linux-gnu.so
[2.968s] -- Up-to-date: /home/orangepi/ros2_workspace/auto_car/install/local/lib/python3.10/dist-packages/car_interface/car_interface_s__rosidl_typesupport_c.cpython-310-aarch64-linux-gnu.so
[2.969s] -- Up-to-date: /home/orangepi/ros2_workspace/auto_car/install/lib/libcar_interface__rosidl_generator_py.so
[2.969s] -- Up-to-date: /home/orangepi/ros2_workspace/auto_car/install/share/car_interface/msg/T265Data.idl
[2.969s] -- Up-to-date: /home/orangepi/ros2_workspace/auto_car/install/share/car_interface/msg/RplidarData.idl
[2.970s] -- Up-to-date: /home/orangepi/ros2_workspace/auto_car/install/share/car_interface/msg/MotorCommand.idl
[2.970s] -- Up-to-date: /home/orangepi/ros2_workspace/auto_car/install/share/car_interface/msg/SerialData.idl
[2.971s] -- Up-to-date: /home/orangepi/ros2_workspace/auto_car/install/share/car_interface/srv/LaserOpenService.idl
[2.971s] -- Up-to-date: /home/orangepi/ros2_workspace/auto_car/install/share/car_interface/srv/SendCommand.idl
[2.972s] -- Up-to-date: /home/orangepi/ros2_workspace/auto_car/install/share/car_interface/msg/T265Data.msg
[2.972s] -- Up-to-date: /home/orangepi/ros2_workspace/auto_car/install/share/car_interface/msg/RplidarData.msg
[2.973s] -- Up-to-date: /home/orangepi/ros2_workspace/auto_car/install/share/car_interface/msg/MotorCommand.msg
[2.973s] -- Up-to-date: /home/orangepi/ros2_workspace/auto_car/install/share/car_interface/msg/SerialData.msg
[2.973s] -- Up-to-date: /home/orangepi/ros2_workspace/auto_car/install/share/car_interface/srv/LaserOpenService.srv
[2.974s] -- Up-to-date: /home/orangepi/ros2_workspace/auto_car/install/share/car_interface/srv/LaserOpenService_Request.msg
[2.974s] -- Up-to-date: /home/orangepi/ros2_workspace/auto_car/install/share/car_interface/srv/LaserOpenService_Response.msg
[2.975s] -- Up-to-date: /home/orangepi/ros2_workspace/auto_car/install/share/car_interface/srv/SendCommand.srv
[2.975s] -- Up-to-date: /home/orangepi/ros2_workspace/auto_car/install/share/car_interface/srv/SendCommand_Request.msg
[2.975s] -- Up-to-date: /home/orangepi/ros2_workspace/auto_car/install/share/car_interface/srv/SendCommand_Response.msg
[2.976s] -- Up-to-date: /home/orangepi/ros2_workspace/auto_car/install/share/ament_index/resource_index/package_run_dependencies/car_interface
[2.976s] -- Up-to-date: /home/orangepi/ros2_workspace/auto_car/install/share/ament_index/resource_index/parent_prefix_path/car_interface
[2.977s] -- Up-to-date: /home/orangepi/ros2_workspace/auto_car/install/share/car_interface/environment/ament_prefix_path.sh
[2.977s] -- Up-to-date: /home/orangepi/ros2_workspace/auto_car/install/share/car_interface/environment/ament_prefix_path.dsv
[2.978s] -- Up-to-date: /home/orangepi/ros2_workspace/auto_car/install/share/car_interface/environment/path.sh
[2.978s] -- Up-to-date: /home/orangepi/ros2_workspace/auto_car/install/share/car_interface/environment/path.dsv
[2.978s] -- Up-to-date: /home/orangepi/ros2_workspace/auto_car/install/share/car_interface/local_setup.bash
[2.979s] -- Up-to-date: /home/orangepi/ros2_workspace/auto_car/install/share/car_interface/local_setup.sh
[2.979s] -- Up-to-date: /home/orangepi/ros2_workspace/auto_car/install/share/car_interface/local_setup.zsh
[2.980s] -- Up-to-date: /home/orangepi/ros2_workspace/auto_car/install/share/car_interface/local_setup.dsv
[2.980s] -- Installing: /home/orangepi/ros2_workspace/auto_car/install/share/car_interface/package.dsv
[2.980s] -- Up-to-date: /home/orangepi/ros2_workspace/auto_car/install/share/ament_index/resource_index/packages/car_interface
[2.981s] -- Up-to-date: /home/orangepi/ros2_workspace/auto_car/install/share/car_interface/cmake/export_car_interface__rosidl_generator_cExport.cmake
[2.981s] -- Up-to-date: /home/orangepi/ros2_workspace/auto_car/install/share/car_interface/cmake/export_car_interface__rosidl_generator_cExport-noconfig.cmake
[2.982s] -- Up-to-date: /home/orangepi/ros2_workspace/auto_car/install/share/car_interface/cmake/export_car_interface__rosidl_typesupport_fastrtps_cExport.cmake
[2.982s] -- Up-to-date: /home/orangepi/ros2_workspace/auto_car/install/share/car_interface/cmake/export_car_interface__rosidl_typesupport_fastrtps_cExport-noconfig.cmake
[2.982s] -- Up-to-date: /home/orangepi/ros2_workspace/auto_car/install/share/car_interface/cmake/car_interface__rosidl_typesupport_introspection_cExport.cmake
[2.983s] -- Up-to-date: /home/orangepi/ros2_workspace/auto_car/install/share/car_interface/cmake/car_interface__rosidl_typesupport_introspection_cExport-noconfig.cmake
[2.983s] -- Up-to-date: /home/orangepi/ros2_workspace/auto_car/install/share/car_interface/cmake/car_interface__rosidl_typesupport_cExport.cmake
[2.984s] -- Up-to-date: /home/orangepi/ros2_workspace/auto_car/install/share/car_interface/cmake/car_interface__rosidl_typesupport_cExport-noconfig.cmake
[2.984s] -- Up-to-date: /home/orangepi/ros2_workspace/auto_car/install/share/car_interface/cmake/export_car_interface__rosidl_generator_cppExport.cmake
[2.985s] -- Up-to-date: /home/orangepi/ros2_workspace/auto_car/install/share/car_interface/cmake/export_car_interface__rosidl_typesupport_fastrtps_cppExport.cmake
[2.985s] -- Up-to-date: /home/orangepi/ros2_workspace/auto_car/install/share/car_interface/cmake/export_car_interface__rosidl_typesupport_fastrtps_cppExport-noconfig.cmake
[2.986s] -- Up-to-date: /home/orangepi/ros2_workspace/auto_car/install/share/car_interface/cmake/car_interface__rosidl_typesupport_introspection_cppExport.cmake
[2.986s] -- Up-to-date: /home/orangepi/ros2_workspace/auto_car/install/share/car_interface/cmake/car_interface__rosidl_typesupport_introspection_cppExport-noconfig.cmake
[2.987s] -- Up-to-date: /home/orangepi/ros2_workspace/auto_car/install/share/car_interface/cmake/car_interface__rosidl_typesupport_cppExport.cmake
[2.987s] -- Up-to-date: /home/orangepi/ros2_workspace/auto_car/install/share/car_interface/cmake/car_interface__rosidl_typesupport_cppExport-noconfig.cmake
[2.987s] -- Up-to-date: /home/orangepi/ros2_workspace/auto_car/install/share/car_interface/cmake/export_car_interface__rosidl_generator_pyExport.cmake
[2.988s] -- Up-to-date: /home/orangepi/ros2_workspace/auto_car/install/share/car_interface/cmake/export_car_interface__rosidl_generator_pyExport-noconfig.cmake
[2.988s] -- Up-to-date: /home/orangepi/ros2_workspace/auto_car/install/share/car_interface/cmake/rosidl_cmake-extras.cmake
[2.989s] -- Up-to-date: /home/orangepi/ros2_workspace/auto_car/install/share/car_interface/cmake/ament_cmake_export_include_directories-extras.cmake
[2.989s] -- Up-to-date: /home/orangepi/ros2_workspace/auto_car/install/share/car_interface/cmake/ament_cmake_export_libraries-extras.cmake
[2.989s] -- Up-to-date: /home/orangepi/ros2_workspace/auto_car/install/share/car_interface/cmake/ament_cmake_export_targets-extras.cmake
[2.990s] -- Up-to-date: /home/orangepi/ros2_workspace/auto_car/install/share/car_interface/cmake/rosidl_cmake_export_typesupport_targets-extras.cmake
[2.991s] -- Up-to-date: /home/orangepi/ros2_workspace/auto_car/install/share/car_interface/cmake/ament_cmake_export_dependencies-extras.cmake
[2.991s] -- Up-to-date: /home/orangepi/ros2_workspace/auto_car/install/share/car_interface/cmake/rosidl_cmake_export_typesupport_libraries-extras.cmake
[2.991s] -- Up-to-date: /home/orangepi/ros2_workspace/auto_car/install/share/car_interface/cmake/car_interfaceConfig.cmake
[2.992s] -- Up-to-date: /home/orangepi/ros2_workspace/auto_car/install/share/car_interface/cmake/car_interfaceConfig-version.cmake
[2.992s] -- Up-to-date: /home/orangepi/ros2_workspace/auto_car/install/share/car_interface/package.xml
[4.900s] Invoked command in '/home/orangepi/ros2_workspace/auto_car/build/car_interface' returned '0': CMAKE_PREFIX_PATH=${CMAKE_PREFIX_PATH}:/root/lanhailidar_ros_ws/install/scan_subscriber:/opt/ros/humble /usr/bin/cmake --install /home/orangepi/ros2_workspace/auto_car/build/car_interface
