[0.275s] Invoking command in '/home/orangepi/ros2_workspace/auto_car/build/car_t265_interface': CMAKE_PREFIX_PATH=${CMAKE_PREFIX_PATH}:/root/lanhailidar_ros_ws/install/scan_subscriber:/opt/ros/humble /usr/bin/cmake /home/orangepi/ros2_workspace/auto_car/src/car_t265_interface -DCMAKE_INSTALL_PREFIX=/home/orangepi/ros2_workspace/auto_car/install
[1.681s] -- The C compiler identification is GNU 11.4.0
[2.165s] -- The CXX compiler identification is GNU 11.4.0
[2.191s] -- Detecting C compiler ABI info
[2.530s] -- Detecting C compiler ABI info - done
[2.550s] -- Check for working C compiler: /usr/bin/cc - skipped
[2.550s] -- Detecting C compile features
[2.551s] -- Detecting C compile features - done
[2.561s] -- Detecting CXX compiler ABI info
[3.064s] -- Detecting CXX compiler ABI info - done
[3.075s] -- Check for working CXX compiler: /usr/bin/c++ - skipped
[3.075s] -- Detecting CXX compile features
[3.076s] -- Detecting CXX compile features - done
[3.091s] -- Found ament_cmake: 1.3.11 (/opt/ros/humble/share/ament_cmake/cmake)
[4.013s] -- Found Python3: /usr/bin/python3 (found version "3.10.12") found components: Interpreter 
[4.329s] -- Found rosidl_default_generators: 1.2.0 (/opt/ros/humble/share/rosidl_default_generators/cmake)
[4.377s] -- Using all available rosidl_typesupport_c: rosidl_typesupport_fastrtps_c;rosidl_typesupport_introspection_c
[4.449s] -- Found rosidl_adapter: 3.1.6 (/opt/ros/humble/share/rosidl_adapter/cmake)
[4.694s] -- Using all available rosidl_typesupport_cpp: rosidl_typesupport_fastrtps_cpp;rosidl_typesupport_introspection_cpp
[5.607s] -- Found ament_cmake_ros: 0.10.0 (/opt/ros/humble/share/ament_cmake_ros/cmake)
[6.281s] -- Using all available rosidl_typesupport_c: rosidl_typesupport_fastrtps_c;rosidl_typesupport_introspection_c
[7.145s] -- Using all available rosidl_typesupport_cpp: rosidl_typesupport_fastrtps_cpp;rosidl_typesupport_introspection_cpp
[7.184s] -- Found PythonInterp: /usr/bin/python3 (found suitable version "3.10.12", minimum required is "3.6") 
[7.192s] -- Found python_cmake_module: 0.10.0 (/opt/ros/humble/share/python_cmake_module/cmake)
[7.295s] -- Found PythonLibs: /usr/lib/aarch64-linux-gnu/libpython3.10.so (found suitable version "3.10.12", minimum required is "3.5") 
[7.296s] -- Using PYTHON_EXECUTABLE: /usr/bin/python3
[7.296s] -- Using PYTHON_INCLUDE_DIRS: /usr/include/python3.10
[7.297s] -- Using PYTHON_LIBRARIES: /usr/lib/aarch64-linux-gnu/libpython3.10.so
[7.459s] -- Found PythonExtra: .so  
[7.693s] -- Found ament_lint_auto: 0.12.12 (/opt/ros/humble/share/ament_lint_auto/cmake)
[8.134s] -- Added test 'copyright' to check source files copyright and LICENSE
[8.167s] -- Added test 'lint_cmake' to check CMake code style
[8.182s] -- Added test 'xmllint' to check XML markup files
[8.189s] -- Configuring done
[8.255s] -- Generating done
[8.329s] -- Build files have been written to: /home/orangepi/ros2_workspace/auto_car/build/car_t265_interface
[8.396s] Invoked command in '/home/orangepi/ros2_workspace/auto_car/build/car_t265_interface' returned '0': CMAKE_PREFIX_PATH=${CMAKE_PREFIX_PATH}:/root/lanhailidar_ros_ws/install/scan_subscriber:/opt/ros/humble /usr/bin/cmake /home/orangepi/ros2_workspace/auto_car/src/car_t265_interface -DCMAKE_INSTALL_PREFIX=/home/orangepi/ros2_workspace/auto_car/install
[8.398s] Invoking command in '/home/orangepi/ros2_workspace/auto_car/build/car_t265_interface': CMAKE_PREFIX_PATH=${CMAKE_PREFIX_PATH}:/root/lanhailidar_ros_ws/install/scan_subscriber:/opt/ros/humble /usr/bin/cmake --build /home/orangepi/ros2_workspace/auto_car/build/car_t265_interface -- -j8 -l8
[8.675s] [  1%] [34m[1mGenerating C code for ROS interfaces[0m
[8.786s] [  1%] Built target ament_cmake_python_copy_car_t265_interface
[8.875s] [  3%] [34m[1mGenerating C++ code for ROS interfaces[0m
[11.065s] running egg_info
[11.067s] creating car_t265_interface.egg-info
[11.068s] writing car_t265_interface.egg-info/PKG-INFO
[11.069s] writing dependency_links to car_t265_interface.egg-info/dependency_links.txt
[11.071s] writing top-level names to car_t265_interface.egg-info/top_level.txt
[11.079s] writing manifest file 'car_t265_interface.egg-info/SOURCES.txt'
[11.083s] reading manifest file 'car_t265_interface.egg-info/SOURCES.txt'
[11.085s] writing manifest file 'car_t265_interface.egg-info/SOURCES.txt'
[11.484s] [  3%] Built target ament_cmake_python_build_car_t265_interface_egg
[13.598s] [  3%] Built target car_t265_interface__cpp
[13.613s] [  5%] [34m[1mGenerating C++ type support dispatch for ROS interfaces[0m
[13.731s] [  7%] [34m[1mGenerating C++ type support for eProsima Fast-RTPS[0m
[13.765s] [  9%] [34m[1mGenerating C++ introspection for ROS interfaces[0m
[15.387s] [ 12%] [32mBuilding CXX object CMakeFiles/car_t265_interface__rosidl_typesupport_cpp.dir/rosidl_typesupport_cpp/car_t265_interface/msg/serial_data__type_support.cpp.o[0m
[15.394s] [ 12%] [32mBuilding CXX object CMakeFiles/car_t265_interface__rosidl_typesupport_cpp.dir/rosidl_typesupport_cpp/car_t265_interface/msg/motor_command__type_support.cpp.o[0m
[15.667s] [ 14%] [32mBuilding C object CMakeFiles/car_t265_interface__rosidl_generator_c.dir/rosidl_generator_c/car_t265_interface/msg/detail/motor_command__functions.c.o[0m
[15.692s] [ 16%] [32mBuilding C object CMakeFiles/car_t265_interface__rosidl_generator_c.dir/rosidl_generator_c/car_t265_interface/msg/detail/serial_data__functions.c.o[0m
[15.998s] [ 18%] [32mBuilding C object CMakeFiles/car_t265_interface__rosidl_generator_c.dir/rosidl_generator_c/car_t265_interface/srv/detail/send_command__functions.c.o[0m
[16.042s] [ 20%] [32mBuilding C object CMakeFiles/car_t265_interface__rosidl_generator_c.dir/rosidl_generator_c/car_t265_interface/msg/detail/t265_data__functions.c.o[0m
[16.521s] [ 21%] [32m[1mLinking C shared library libcar_t265_interface__rosidl_generator_c.so[0m
[16.789s] [ 21%] Built target car_t265_interface__rosidl_generator_c
[16.989s] [ 23%] [34m[1mGenerating C type support for eProsima Fast-RTPS[0m
[17.570s] [ 25%] [32mBuilding CXX object CMakeFiles/car_t265_interface__rosidl_typesupport_cpp.dir/rosidl_typesupport_cpp/car_t265_interface/msg/t265_data__type_support.cpp.o[0m
[17.868s] [ 27%] [32mBuilding CXX object CMakeFiles/car_t265_interface__rosidl_typesupport_introspection_cpp.dir/rosidl_typesupport_introspection_cpp/car_t265_interface/msg/detail/motor_command__type_support.cpp.o[0m
[17.934s] [ 29%] [32mBuilding CXX object CMakeFiles/car_t265_interface__rosidl_typesupport_fastrtps_cpp.dir/rosidl_typesupport_fastrtps_cpp/car_t265_interface/msg/detail/dds_fastrtps/motor_command__type_support.cpp.o[0m
[17.947s] [ 30%] [32mBuilding CXX object CMakeFiles/car_t265_interface__rosidl_typesupport_cpp.dir/rosidl_typesupport_cpp/car_t265_interface/srv/send_command__type_support.cpp.o[0m
[17.974s] [ 32%] [32mBuilding CXX object CMakeFiles/car_t265_interface__rosidl_typesupport_introspection_cpp.dir/rosidl_typesupport_introspection_cpp/car_t265_interface/msg/detail/serial_data__type_support.cpp.o[0m
[20.271s] [ 34%] [32mBuilding CXX object CMakeFiles/car_t265_interface__rosidl_typesupport_fastrtps_c.dir/rosidl_typesupport_fastrtps_c/car_t265_interface/msg/detail/motor_command__type_support_c.cpp.o[0m
[20.539s] [ 36%] [32m[1mLinking CXX shared library libcar_t265_interface__rosidl_typesupport_cpp.so[0m
[21.023s] [ 38%] [32mBuilding CXX object CMakeFiles/car_t265_interface__rosidl_typesupport_fastrtps_cpp.dir/rosidl_typesupport_fastrtps_cpp/car_t265_interface/msg/detail/dds_fastrtps/serial_data__type_support.cpp.o[0m
[21.034s] [ 38%] Built target car_t265_interface__rosidl_typesupport_cpp
[21.316s] [ 40%] [32mBuilding CXX object CMakeFiles/car_t265_interface__rosidl_typesupport_introspection_cpp.dir/rosidl_typesupport_introspection_cpp/car_t265_interface/msg/detail/t265_data__type_support.cpp.o[0m
[22.214s] [ 41%] [32mBuilding CXX object CMakeFiles/car_t265_interface__rosidl_typesupport_fastrtps_c.dir/rosidl_typesupport_fastrtps_c/car_t265_interface/msg/detail/serial_data__type_support_c.cpp.o[0m
[23.511s] [ 43%] [32mBuilding CXX object CMakeFiles/car_t265_interface__rosidl_typesupport_introspection_cpp.dir/rosidl_typesupport_introspection_cpp/car_t265_interface/srv/detail/send_command__type_support.cpp.o[0m
[23.945s] [ 45%] [32mBuilding CXX object CMakeFiles/car_t265_interface__rosidl_typesupport_fastrtps_cpp.dir/rosidl_typesupport_fastrtps_cpp/car_t265_interface/msg/detail/dds_fastrtps/t265_data__type_support.cpp.o[0m
[24.226s] [ 47%] [32mBuilding CXX object CMakeFiles/car_t265_interface__rosidl_typesupport_fastrtps_c.dir/rosidl_typesupport_fastrtps_c/car_t265_interface/msg/detail/t265_data__type_support_c.cpp.o[0m
[25.188s] [ 49%] [32m[1mLinking CXX shared library libcar_t265_interface__rosidl_typesupport_introspection_cpp.so[0m
[25.747s] [ 49%] Built target car_t265_interface__rosidl_typesupport_introspection_cpp
[26.137s] [ 50%] [32mBuilding CXX object CMakeFiles/car_t265_interface__rosidl_typesupport_fastrtps_c.dir/rosidl_typesupport_fastrtps_c/car_t265_interface/srv/detail/send_command__type_support_c.cpp.o[0m
[26.162s] [ 52%] [32mBuilding CXX object CMakeFiles/car_t265_interface__rosidl_typesupport_fastrtps_cpp.dir/rosidl_typesupport_fastrtps_cpp/car_t265_interface/srv/detail/dds_fastrtps/send_command__type_support.cpp.o[0m
[28.110s] [ 54%] [32m[1mLinking CXX shared library libcar_t265_interface__rosidl_typesupport_fastrtps_c.so[0m
[28.127s] [ 56%] [32m[1mLinking CXX shared library libcar_t265_interface__rosidl_typesupport_fastrtps_cpp.so[0m
[28.491s] [ 56%] Built target car_t265_interface__rosidl_typesupport_fastrtps_c
[28.689s] [ 56%] Built target car_t265_interface__rosidl_typesupport_fastrtps_cpp
[28.819s] [ 58%] [34m[1mGenerating C type support dispatch for ROS interfaces[0m
[30.855s] [ 60%] [32mBuilding CXX object CMakeFiles/car_t265_interface__rosidl_typesupport_c.dir/rosidl_typesupport_c/car_t265_interface/msg/motor_command__type_support.cpp.o[0m
[31.016s] [ 61%] [32mBuilding CXX object CMakeFiles/car_t265_interface__rosidl_typesupport_c.dir/rosidl_typesupport_c/car_t265_interface/msg/t265_data__type_support.cpp.o[0m
[31.153s] [ 63%] [32mBuilding CXX object CMakeFiles/car_t265_interface__rosidl_typesupport_c.dir/rosidl_typesupport_c/car_t265_interface/srv/send_command__type_support.cpp.o[0m
[31.351s] [ 65%] [32mBuilding CXX object CMakeFiles/car_t265_interface__rosidl_typesupport_c.dir/rosidl_typesupport_c/car_t265_interface/msg/serial_data__type_support.cpp.o[0m
[31.509s] [ 67%] [32m[1mLinking CXX shared library libcar_t265_interface__rosidl_typesupport_c.so[0m
[31.715s] [ 67%] Built target car_t265_interface__rosidl_typesupport_c
[31.797s] [ 69%] [34m[1mGenerating C introspection for ROS interfaces[0m
[33.555s] [ 70%] [32mBuilding C object CMakeFiles/car_t265_interface__rosidl_typesupport_introspection_c.dir/rosidl_typesupport_introspection_c/car_t265_interface/msg/detail/motor_command__type_support.c.o[0m
[34.022s] [ 72%] [32mBuilding C object CMakeFiles/car_t265_interface__rosidl_typesupport_introspection_c.dir/rosidl_typesupport_introspection_c/car_t265_interface/msg/detail/t265_data__type_support.c.o[0m
[34.212s] [ 74%] [32mBuilding C object CMakeFiles/car_t265_interface__rosidl_typesupport_introspection_c.dir/rosidl_typesupport_introspection_c/car_t265_interface/srv/detail/send_command__type_support.c.o[0m
[34.471s] [ 76%] [32mBuilding C object CMakeFiles/car_t265_interface__rosidl_typesupport_introspection_c.dir/rosidl_typesupport_introspection_c/car_t265_interface/msg/detail/serial_data__type_support.c.o[0m
[34.742s] [ 78%] [32m[1mLinking C shared library libcar_t265_interface__rosidl_typesupport_introspection_c.so[0m
[34.908s] [ 78%] Built target car_t265_interface__rosidl_typesupport_introspection_c
[34.981s] [ 78%] Built target car_t265_interface
[35.064s] [ 80%] [34m[1mGenerating Python code for ROS interfaces[0m
[38.486s] [ 80%] Built target car_t265_interface__py
[44.659s] [ 81%] [32mBuilding C object CMakeFiles/car_t265_interface__rosidl_generator_py.dir/rosidl_generator_py/car_t265_interface/msg/_motor_command_s.c.o[0m
[155.627s] [ 83%] [32mBuilding C object CMakeFiles/car_t265_interface__rosidl_generator_py.dir/rosidl_generator_py/car_t265_interface/msg/_t265_data_s.c.o[0m
[157.798s] [ 85%] [32mBuilding C object CMakeFiles/car_t265_interface__rosidl_generator_py.dir/rosidl_generator_py/car_t265_interface/srv/_send_command_s.c.o[0m
[158.013s] [ 87%] [32mBuilding C object CMakeFiles/car_t265_interface__rosidl_generator_py.dir/rosidl_generator_py/car_t265_interface/msg/_serial_data_s.c.o[0m
[158.376s] [ 89%] [32m[1mLinking C shared library rosidl_generator_py/car_t265_interface/libcar_t265_interface__rosidl_generator_py.so[0m
[158.790s] [ 89%] Built target car_t265_interface__rosidl_generator_py
[159.180s] [ 90%] [32mBuilding C object CMakeFiles/car_t265_interface__rosidl_typesupport_fastrtps_c__pyext.dir/rosidl_generator_py/car_t265_interface/_car_t265_interface_s.ep.rosidl_typesupport_fastrtps_c.c.o[0m
[161.055s] [ 92%] [32m[1mLinking C shared library rosidl_generator_py/car_t265_interface/car_t265_interface_s__rosidl_typesupport_fastrtps_c.cpython-310-aarch64-linux-gnu.so[0m
[161.162s] [ 92%] Built target car_t265_interface__rosidl_typesupport_fastrtps_c__pyext
[161.228s] [ 94%] [32mBuilding C object CMakeFiles/car_t265_interface__rosidl_typesupport_c__pyext.dir/rosidl_generator_py/car_t265_interface/_car_t265_interface_s.ep.rosidl_typesupport_c.c.o[0m
[161.441s] [ 96%] [32m[1mLinking C shared library rosidl_generator_py/car_t265_interface/car_t265_interface_s__rosidl_typesupport_c.cpython-310-aarch64-linux-gnu.so[0m
[161.548s] [ 96%] Built target car_t265_interface__rosidl_typesupport_c__pyext
[161.597s] [ 98%] [32mBuilding C object CMakeFiles/car_t265_interface__rosidl_typesupport_introspection_c__pyext.dir/rosidl_generator_py/car_t265_interface/_car_t265_interface_s.ep.rosidl_typesupport_introspection_c.c.o[0m
[161.779s] [100%] [32m[1mLinking C shared library rosidl_generator_py/car_t265_interface/car_t265_interface_s__rosidl_typesupport_introspection_c.cpython-310-aarch64-linux-gnu.so[0m
[161.843s] [100%] Built target car_t265_interface__rosidl_typesupport_introspection_c__pyext
[163.153s] Invoked command in '/home/orangepi/ros2_workspace/auto_car/build/car_t265_interface' returned '0': CMAKE_PREFIX_PATH=${CMAKE_PREFIX_PATH}:/root/lanhailidar_ros_ws/install/scan_subscriber:/opt/ros/humble /usr/bin/cmake --build /home/orangepi/ros2_workspace/auto_car/build/car_t265_interface -- -j8 -l8
[163.199s] Invoking command in '/home/orangepi/ros2_workspace/auto_car/build/car_t265_interface': CMAKE_PREFIX_PATH=${CMAKE_PREFIX_PATH}:/root/lanhailidar_ros_ws/install/scan_subscriber:/opt/ros/humble /usr/bin/cmake --install /home/orangepi/ros2_workspace/auto_car/build/car_t265_interface
[163.200s] -- Install configuration: ""
[163.200s] -- Installing: /home/orangepi/ros2_workspace/auto_car/install/share/ament_index/resource_index/rosidl_interfaces/car_t265_interface
[163.200s] -- Installing: /home/orangepi/ros2_workspace/auto_car/install/include/car_t265_interface/car_t265_interface
[163.200s] -- Installing: /home/orangepi/ros2_workspace/auto_car/install/include/car_t265_interface/car_t265_interface/msg
[163.200s] -- Installing: /home/orangepi/ros2_workspace/auto_car/install/include/car_t265_interface/car_t265_interface/msg/detail
[163.200s] -- Installing: /home/orangepi/ros2_workspace/auto_car/install/include/car_t265_interface/car_t265_interface/msg/detail/motor_command__struct.h
[163.201s] -- Installing: /home/orangepi/ros2_workspace/auto_car/install/include/car_t265_interface/car_t265_interface/msg/detail/serial_data__struct.h
[163.201s] -- Installing: /home/orangepi/ros2_workspace/auto_car/install/include/car_t265_interface/car_t265_interface/msg/detail/t265_data__functions.h
[163.201s] -- Installing: /home/orangepi/ros2_workspace/auto_car/install/include/car_t265_interface/car_t265_interface/msg/detail/serial_data__functions.h
[163.201s] -- Installing: /home/orangepi/ros2_workspace/auto_car/install/include/car_t265_interface/car_t265_interface/msg/detail/motor_command__functions.c
[163.201s] -- Installing: /home/orangepi/ros2_workspace/auto_car/install/include/car_t265_interface/car_t265_interface/msg/detail/motor_command__functions.h
[163.201s] -- Installing: /home/orangepi/ros2_workspace/auto_car/install/include/car_t265_interface/car_t265_interface/msg/detail/t265_data__type_support.h
[163.201s] -- Installing: /home/orangepi/ros2_workspace/auto_car/install/include/car_t265_interface/car_t265_interface/msg/detail/motor_command__type_support.h
[163.201s] -- Installing: /home/orangepi/ros2_workspace/auto_car/install/include/car_t265_interface/car_t265_interface/msg/detail/serial_data__type_support.h
[163.201s] -- Installing: /home/orangepi/ros2_workspace/auto_car/install/include/car_t265_interface/car_t265_interface/msg/detail/serial_data__functions.c
[163.201s] -- Installing: /home/orangepi/ros2_workspace/auto_car/install/include/car_t265_interface/car_t265_interface/msg/detail/t265_data__struct.h
[163.201s] -- Installing: /home/orangepi/ros2_workspace/auto_car/install/include/car_t265_interface/car_t265_interface/msg/detail/t265_data__functions.c
[163.201s] -- Installing: /home/orangepi/ros2_workspace/auto_car/install/include/car_t265_interface/car_t265_interface/msg/motor_command.h
[163.201s] -- Installing: /home/orangepi/ros2_workspace/auto_car/install/include/car_t265_interface/car_t265_interface/msg/rosidl_generator_c__visibility_control.h
[163.202s] -- Installing: /home/orangepi/ros2_workspace/auto_car/install/include/car_t265_interface/car_t265_interface/msg/t265_data.h
[163.202s] -- Installing: /home/orangepi/ros2_workspace/auto_car/install/include/car_t265_interface/car_t265_interface/msg/serial_data.h
[163.202s] -- Installing: /home/orangepi/ros2_workspace/auto_car/install/include/car_t265_interface/car_t265_interface/srv
[163.202s] -- Installing: /home/orangepi/ros2_workspace/auto_car/install/include/car_t265_interface/car_t265_interface/srv/detail
[163.202s] -- Installing: /home/orangepi/ros2_workspace/auto_car/install/include/car_t265_interface/car_t265_interface/srv/detail/send_command__struct.h
[163.202s] -- Installing: /home/orangepi/ros2_workspace/auto_car/install/include/car_t265_interface/car_t265_interface/srv/detail/send_command__type_support.h
[163.202s] -- Installing: /home/orangepi/ros2_workspace/auto_car/install/include/car_t265_interface/car_t265_interface/srv/detail/send_command__functions.c
[163.202s] -- Installing: /home/orangepi/ros2_workspace/auto_car/install/include/car_t265_interface/car_t265_interface/srv/detail/send_command__functions.h
[163.202s] -- Installing: /home/orangepi/ros2_workspace/auto_car/install/include/car_t265_interface/car_t265_interface/srv/send_command.h
[163.236s] -- Installing: /home/orangepi/ros2_workspace/auto_car/install/share/car_t265_interface/environment/library_path.sh
[163.246s] -- Installing: /home/orangepi/ros2_workspace/auto_car/install/share/car_t265_interface/environment/library_path.dsv
[163.248s] -- Installing: /home/orangepi/ros2_workspace/auto_car/install/lib/libcar_t265_interface__rosidl_generator_c.so
[163.250s] -- Set runtime path of "/home/orangepi/ros2_workspace/auto_car/install/lib/libcar_t265_interface__rosidl_generator_c.so" to ""
[163.250s] -- Up-to-date: /home/orangepi/ros2_workspace/auto_car/install/include/car_t265_interface/car_t265_interface
[163.251s] -- Up-to-date: /home/orangepi/ros2_workspace/auto_car/install/include/car_t265_interface/car_t265_interface/msg
[163.251s] -- Up-to-date: /home/orangepi/ros2_workspace/auto_car/install/include/car_t265_interface/car_t265_interface/msg/detail
[163.252s] -- Installing: /home/orangepi/ros2_workspace/auto_car/install/include/car_t265_interface/car_t265_interface/msg/detail/motor_command__rosidl_typesupport_fastrtps_c.h
[163.252s] -- Installing: /home/orangepi/ros2_workspace/auto_car/install/include/car_t265_interface/car_t265_interface/msg/detail/serial_data__rosidl_typesupport_fastrtps_c.h
[163.252s] -- Installing: /home/orangepi/ros2_workspace/auto_car/install/include/car_t265_interface/car_t265_interface/msg/detail/t265_data__rosidl_typesupport_fastrtps_c.h
[163.253s] -- Installing: /home/orangepi/ros2_workspace/auto_car/install/include/car_t265_interface/car_t265_interface/msg/rosidl_typesupport_fastrtps_c__visibility_control.h
[163.253s] -- Up-to-date: /home/orangepi/ros2_workspace/auto_car/install/include/car_t265_interface/car_t265_interface/srv
[163.254s] -- Up-to-date: /home/orangepi/ros2_workspace/auto_car/install/include/car_t265_interface/car_t265_interface/srv/detail
[163.254s] -- Installing: /home/orangepi/ros2_workspace/auto_car/install/include/car_t265_interface/car_t265_interface/srv/detail/send_command__rosidl_typesupport_fastrtps_c.h
[163.255s] -- Installing: /home/orangepi/ros2_workspace/auto_car/install/lib/libcar_t265_interface__rosidl_typesupport_fastrtps_c.so
[163.255s] -- Set runtime path of "/home/orangepi/ros2_workspace/auto_car/install/lib/libcar_t265_interface__rosidl_typesupport_fastrtps_c.so" to ""
[163.255s] -- Up-to-date: /home/orangepi/ros2_workspace/auto_car/install/include/car_t265_interface/car_t265_interface
[163.256s] -- Up-to-date: /home/orangepi/ros2_workspace/auto_car/install/include/car_t265_interface/car_t265_interface/msg
[163.256s] -- Up-to-date: /home/orangepi/ros2_workspace/auto_car/install/include/car_t265_interface/car_t265_interface/msg/detail
[163.257s] -- Installing: /home/orangepi/ros2_workspace/auto_car/install/include/car_t265_interface/car_t265_interface/msg/detail/t265_data__rosidl_typesupport_introspection_c.h
[163.257s] -- Installing: /home/orangepi/ros2_workspace/auto_car/install/include/car_t265_interface/car_t265_interface/msg/detail/motor_command__type_support.c
[163.258s] -- Installing: /home/orangepi/ros2_workspace/auto_car/install/include/car_t265_interface/car_t265_interface/msg/detail/t265_data__type_support.c
[163.258s] -- Installing: /home/orangepi/ros2_workspace/auto_car/install/include/car_t265_interface/car_t265_interface/msg/detail/serial_data__rosidl_typesupport_introspection_c.h
[163.258s] -- Installing: /home/orangepi/ros2_workspace/auto_car/install/include/car_t265_interface/car_t265_interface/msg/detail/serial_data__type_support.c
[163.259s] -- Installing: /home/orangepi/ros2_workspace/auto_car/install/include/car_t265_interface/car_t265_interface/msg/detail/motor_command__rosidl_typesupport_introspection_c.h
[163.259s] -- Installing: /home/orangepi/ros2_workspace/auto_car/install/include/car_t265_interface/car_t265_interface/msg/rosidl_typesupport_introspection_c__visibility_control.h
[163.260s] -- Up-to-date: /home/orangepi/ros2_workspace/auto_car/install/include/car_t265_interface/car_t265_interface/srv
[163.260s] -- Up-to-date: /home/orangepi/ros2_workspace/auto_car/install/include/car_t265_interface/car_t265_interface/srv/detail
[163.260s] -- Installing: /home/orangepi/ros2_workspace/auto_car/install/include/car_t265_interface/car_t265_interface/srv/detail/send_command__type_support.c
[163.261s] -- Installing: /home/orangepi/ros2_workspace/auto_car/install/include/car_t265_interface/car_t265_interface/srv/detail/send_command__rosidl_typesupport_introspection_c.h
[163.261s] -- Installing: /home/orangepi/ros2_workspace/auto_car/install/lib/libcar_t265_interface__rosidl_typesupport_introspection_c.so
[163.262s] -- Set runtime path of "/home/orangepi/ros2_workspace/auto_car/install/lib/libcar_t265_interface__rosidl_typesupport_introspection_c.so" to ""
[163.262s] -- Installing: /home/orangepi/ros2_workspace/auto_car/install/lib/libcar_t265_interface__rosidl_typesupport_c.so
[163.269s] -- Set runtime path of "/home/orangepi/ros2_workspace/auto_car/install/lib/libcar_t265_interface__rosidl_typesupport_c.so" to ""
[163.269s] -- Up-to-date: /home/orangepi/ros2_workspace/auto_car/install/include/car_t265_interface/car_t265_interface
[163.270s] -- Up-to-date: /home/orangepi/ros2_workspace/auto_car/install/include/car_t265_interface/car_t265_interface/msg
[163.270s] -- Up-to-date: /home/orangepi/ros2_workspace/auto_car/install/include/car_t265_interface/car_t265_interface/msg/detail
[163.271s] -- Installing: /home/orangepi/ros2_workspace/auto_car/install/include/car_t265_interface/car_t265_interface/msg/detail/t265_data__struct.hpp
[163.271s] -- Installing: /home/orangepi/ros2_workspace/auto_car/install/include/car_t265_interface/car_t265_interface/msg/detail/motor_command__traits.hpp
[163.272s] -- Installing: /home/orangepi/ros2_workspace/auto_car/install/include/car_t265_interface/car_t265_interface/msg/detail/t265_data__type_support.hpp
[163.272s] -- Installing: /home/orangepi/ros2_workspace/auto_car/install/include/car_t265_interface/car_t265_interface/msg/detail/t265_data__traits.hpp
[163.273s] -- Installing: /home/orangepi/ros2_workspace/auto_car/install/include/car_t265_interface/car_t265_interface/msg/detail/serial_data__builder.hpp
[163.273s] -- Installing: /home/orangepi/ros2_workspace/auto_car/install/include/car_t265_interface/car_t265_interface/msg/detail/serial_data__traits.hpp
[163.274s] -- Installing: /home/orangepi/ros2_workspace/auto_car/install/include/car_t265_interface/car_t265_interface/msg/detail/serial_data__struct.hpp
[163.274s] -- Installing: /home/orangepi/ros2_workspace/auto_car/install/include/car_t265_interface/car_t265_interface/msg/detail/t265_data__builder.hpp
[163.275s] -- Installing: /home/orangepi/ros2_workspace/auto_car/install/include/car_t265_interface/car_t265_interface/msg/detail/motor_command__builder.hpp
[163.275s] -- Installing: /home/orangepi/ros2_workspace/auto_car/install/include/car_t265_interface/car_t265_interface/msg/detail/motor_command__type_support.hpp
[163.276s] -- Installing: /home/orangepi/ros2_workspace/auto_car/install/include/car_t265_interface/car_t265_interface/msg/detail/motor_command__struct.hpp
[163.276s] -- Installing: /home/orangepi/ros2_workspace/auto_car/install/include/car_t265_interface/car_t265_interface/msg/detail/serial_data__type_support.hpp
[163.277s] -- Installing: /home/orangepi/ros2_workspace/auto_car/install/include/car_t265_interface/car_t265_interface/msg/rosidl_generator_cpp__visibility_control.hpp
[163.277s] -- Installing: /home/orangepi/ros2_workspace/auto_car/install/include/car_t265_interface/car_t265_interface/msg/motor_command.hpp
[163.277s] -- Installing: /home/orangepi/ros2_workspace/auto_car/install/include/car_t265_interface/car_t265_interface/msg/t265_data.hpp
[163.278s] -- Installing: /home/orangepi/ros2_workspace/auto_car/install/include/car_t265_interface/car_t265_interface/msg/serial_data.hpp
[163.278s] -- Up-to-date: /home/orangepi/ros2_workspace/auto_car/install/include/car_t265_interface/car_t265_interface/srv
[163.279s] -- Up-to-date: /home/orangepi/ros2_workspace/auto_car/install/include/car_t265_interface/car_t265_interface/srv/detail
[163.279s] -- Installing: /home/orangepi/ros2_workspace/auto_car/install/include/car_t265_interface/car_t265_interface/srv/detail/send_command__struct.hpp
[163.279s] -- Installing: /home/orangepi/ros2_workspace/auto_car/install/include/car_t265_interface/car_t265_interface/srv/detail/send_command__traits.hpp
[163.280s] -- Installing: /home/orangepi/ros2_workspace/auto_car/install/include/car_t265_interface/car_t265_interface/srv/detail/send_command__builder.hpp
[163.281s] -- Installing: /home/orangepi/ros2_workspace/auto_car/install/include/car_t265_interface/car_t265_interface/srv/detail/send_command__type_support.hpp
[163.281s] -- Installing: /home/orangepi/ros2_workspace/auto_car/install/include/car_t265_interface/car_t265_interface/srv/send_command.hpp
[163.282s] -- Up-to-date: /home/orangepi/ros2_workspace/auto_car/install/include/car_t265_interface/car_t265_interface
[163.282s] -- Up-to-date: /home/orangepi/ros2_workspace/auto_car/install/include/car_t265_interface/car_t265_interface/msg
[163.283s] -- Up-to-date: /home/orangepi/ros2_workspace/auto_car/install/include/car_t265_interface/car_t265_interface/msg/detail
[163.283s] -- Installing: /home/orangepi/ros2_workspace/auto_car/install/include/car_t265_interface/car_t265_interface/msg/detail/t265_data__rosidl_typesupport_fastrtps_cpp.hpp
[163.284s] -- Installing: /home/orangepi/ros2_workspace/auto_car/install/include/car_t265_interface/car_t265_interface/msg/detail/motor_command__rosidl_typesupport_fastrtps_cpp.hpp
[163.284s] -- Installing: /home/orangepi/ros2_workspace/auto_car/install/include/car_t265_interface/car_t265_interface/msg/detail/serial_data__rosidl_typesupport_fastrtps_cpp.hpp
[163.284s] -- Installing: /home/orangepi/ros2_workspace/auto_car/install/include/car_t265_interface/car_t265_interface/msg/detail/dds_fastrtps
[163.285s] -- Installing: /home/orangepi/ros2_workspace/auto_car/install/include/car_t265_interface/car_t265_interface/msg/rosidl_typesupport_fastrtps_cpp__visibility_control.h
[163.286s] -- Up-to-date: /home/orangepi/ros2_workspace/auto_car/install/include/car_t265_interface/car_t265_interface/srv
[163.286s] -- Up-to-date: /home/orangepi/ros2_workspace/auto_car/install/include/car_t265_interface/car_t265_interface/srv/detail
[163.287s] -- Installing: /home/orangepi/ros2_workspace/auto_car/install/include/car_t265_interface/car_t265_interface/srv/detail/send_command__rosidl_typesupport_fastrtps_cpp.hpp
[163.287s] -- Installing: /home/orangepi/ros2_workspace/auto_car/install/include/car_t265_interface/car_t265_interface/srv/detail/dds_fastrtps
[163.288s] -- Installing: /home/orangepi/ros2_workspace/auto_car/install/lib/libcar_t265_interface__rosidl_typesupport_fastrtps_cpp.so
[163.288s] -- Set runtime path of "/home/orangepi/ros2_workspace/auto_car/install/lib/libcar_t265_interface__rosidl_typesupport_fastrtps_cpp.so" to ""
[163.289s] -- Up-to-date: /home/orangepi/ros2_workspace/auto_car/install/include/car_t265_interface/car_t265_interface
[163.289s] -- Up-to-date: /home/orangepi/ros2_workspace/auto_car/install/include/car_t265_interface/car_t265_interface/msg
[163.290s] -- Up-to-date: /home/orangepi/ros2_workspace/auto_car/install/include/car_t265_interface/car_t265_interface/msg/detail
[163.290s] -- Installing: /home/orangepi/ros2_workspace/auto_car/install/include/car_t265_interface/car_t265_interface/msg/detail/serial_data__type_support.cpp
[163.290s] -- Installing: /home/orangepi/ros2_workspace/auto_car/install/include/car_t265_interface/car_t265_interface/msg/detail/t265_data__type_support.cpp
[163.291s] -- Installing: /home/orangepi/ros2_workspace/auto_car/install/include/car_t265_interface/car_t265_interface/msg/detail/motor_command__rosidl_typesupport_introspection_cpp.hpp
[163.291s] -- Installing: /home/orangepi/ros2_workspace/auto_car/install/include/car_t265_interface/car_t265_interface/msg/detail/t265_data__rosidl_typesupport_introspection_cpp.hpp
[163.292s] -- Installing: /home/orangepi/ros2_workspace/auto_car/install/include/car_t265_interface/car_t265_interface/msg/detail/serial_data__rosidl_typesupport_introspection_cpp.hpp
[163.292s] -- Installing: /home/orangepi/ros2_workspace/auto_car/install/include/car_t265_interface/car_t265_interface/msg/detail/motor_command__type_support.cpp
[163.293s] -- Up-to-date: /home/orangepi/ros2_workspace/auto_car/install/include/car_t265_interface/car_t265_interface/srv
[163.293s] -- Up-to-date: /home/orangepi/ros2_workspace/auto_car/install/include/car_t265_interface/car_t265_interface/srv/detail
[163.294s] -- Installing: /home/orangepi/ros2_workspace/auto_car/install/include/car_t265_interface/car_t265_interface/srv/detail/send_command__type_support.cpp
[163.294s] -- Installing: /home/orangepi/ros2_workspace/auto_car/install/include/car_t265_interface/car_t265_interface/srv/detail/send_command__rosidl_typesupport_introspection_cpp.hpp
[163.294s] -- Installing: /home/orangepi/ros2_workspace/auto_car/install/lib/libcar_t265_interface__rosidl_typesupport_introspection_cpp.so
[163.295s] -- Set runtime path of "/home/orangepi/ros2_workspace/auto_car/install/lib/libcar_t265_interface__rosidl_typesupport_introspection_cpp.so" to ""
[163.295s] -- Installing: /home/orangepi/ros2_workspace/auto_car/install/lib/libcar_t265_interface__rosidl_typesupport_cpp.so
[163.297s] -- Set runtime path of "/home/orangepi/ros2_workspace/auto_car/install/lib/libcar_t265_interface__rosidl_typesupport_cpp.so" to ""
[163.297s] -- Installing: /home/orangepi/ros2_workspace/auto_car/install/share/car_t265_interface/environment/pythonpath.sh
[163.298s] -- Installing: /home/orangepi/ros2_workspace/auto_car/install/share/car_t265_interface/environment/pythonpath.dsv
[163.298s] -- Installing: /home/orangepi/ros2_workspace/auto_car/install/local/lib/python3.10/dist-packages/car_t265_interface-0.0.0-py3.10.egg-info
[163.299s] -- Installing: /home/orangepi/ros2_workspace/auto_car/install/local/lib/python3.10/dist-packages/car_t265_interface-0.0.0-py3.10.egg-info/PKG-INFO
[163.299s] -- Installing: /home/orangepi/ros2_workspace/auto_car/install/local/lib/python3.10/dist-packages/car_t265_interface-0.0.0-py3.10.egg-info/dependency_links.txt
[163.300s] -- Installing: /home/orangepi/ros2_workspace/auto_car/install/local/lib/python3.10/dist-packages/car_t265_interface-0.0.0-py3.10.egg-info/SOURCES.txt
[163.300s] -- Installing: /home/orangepi/ros2_workspace/auto_car/install/local/lib/python3.10/dist-packages/car_t265_interface-0.0.0-py3.10.egg-info/top_level.txt
[163.301s] -- Installing: /home/orangepi/ros2_workspace/auto_car/install/local/lib/python3.10/dist-packages/car_t265_interface
[163.302s] -- Installing: /home/orangepi/ros2_workspace/auto_car/install/local/lib/python3.10/dist-packages/car_t265_interface/msg
[163.302s] -- Installing: /home/orangepi/ros2_workspace/auto_car/install/local/lib/python3.10/dist-packages/car_t265_interface/msg/_t265_data.py
[163.302s] -- Installing: /home/orangepi/ros2_workspace/auto_car/install/local/lib/python3.10/dist-packages/car_t265_interface/msg/_t265_data_s.c
[163.305s] -- Installing: /home/orangepi/ros2_workspace/auto_car/install/local/lib/python3.10/dist-packages/car_t265_interface/msg/_serial_data.py
[163.305s] -- Installing: /home/orangepi/ros2_workspace/auto_car/install/local/lib/python3.10/dist-packages/car_t265_interface/msg/_motor_command.py
[163.306s] -- Installing: /home/orangepi/ros2_workspace/auto_car/install/local/lib/python3.10/dist-packages/car_t265_interface/msg/__init__.py
[163.307s] -- Installing: /home/orangepi/ros2_workspace/auto_car/install/local/lib/python3.10/dist-packages/car_t265_interface/msg/_motor_command_s.c
[163.311s] -- Installing: /home/orangepi/ros2_workspace/auto_car/install/local/lib/python3.10/dist-packages/car_t265_interface/msg/_serial_data_s.c
[163.312s] -- Installing: /home/orangepi/ros2_workspace/auto_car/install/local/lib/python3.10/dist-packages/car_t265_interface/car_t265_interface_s__rosidl_typesupport_fastrtps_c.cpython-310-aarch64-linux-gnu.so
[163.312s] -- Installing: /home/orangepi/ros2_workspace/auto_car/install/local/lib/python3.10/dist-packages/car_t265_interface/srv
[163.313s] -- Installing: /home/orangepi/ros2_workspace/auto_car/install/local/lib/python3.10/dist-packages/car_t265_interface/srv/_send_command.py
[163.313s] -- Installing: /home/orangepi/ros2_workspace/auto_car/install/local/lib/python3.10/dist-packages/car_t265_interface/srv/__init__.py
[163.314s] -- Installing: /home/orangepi/ros2_workspace/auto_car/install/local/lib/python3.10/dist-packages/car_t265_interface/srv/_send_command_s.c
[163.314s] -- Installing: /home/orangepi/ros2_workspace/auto_car/install/local/lib/python3.10/dist-packages/car_t265_interface/car_t265_interface_s__rosidl_typesupport_c.cpython-310-aarch64-linux-gnu.so
[163.314s] -- Installing: /home/orangepi/ros2_workspace/auto_car/install/local/lib/python3.10/dist-packages/car_t265_interface/_car_t265_interface_s.ep.rosidl_typesupport_fastrtps_c.c
[163.315s] -- Installing: /home/orangepi/ros2_workspace/auto_car/install/local/lib/python3.10/dist-packages/car_t265_interface/libcar_t265_interface__rosidl_generator_py.so
[163.315s] -- Installing: /home/orangepi/ros2_workspace/auto_car/install/local/lib/python3.10/dist-packages/car_t265_interface/_car_t265_interface_s.ep.rosidl_typesupport_c.c
[163.316s] -- Installing: /home/orangepi/ros2_workspace/auto_car/install/local/lib/python3.10/dist-packages/car_t265_interface/__init__.py
[163.316s] -- Installing: /home/orangepi/ros2_workspace/auto_car/install/local/lib/python3.10/dist-packages/car_t265_interface/_car_t265_interface_s.ep.rosidl_typesupport_introspection_c.c
[163.317s] -- Installing: /home/orangepi/ros2_workspace/auto_car/install/local/lib/python3.10/dist-packages/car_t265_interface/car_t265_interface_s__rosidl_typesupport_introspection_c.cpython-310-aarch64-linux-gnu.so
[163.397s] Listing '/home/orangepi/ros2_workspace/auto_car/install/local/lib/python3.10/dist-packages/car_t265_interface'...
[163.397s] Compiling '/home/orangepi/ros2_workspace/auto_car/install/local/lib/python3.10/dist-packages/car_t265_interface/__init__.py'...
[163.398s] Listing '/home/orangepi/ros2_workspace/auto_car/install/local/lib/python3.10/dist-packages/car_t265_interface/msg'...
[163.398s] Compiling '/home/orangepi/ros2_workspace/auto_car/install/local/lib/python3.10/dist-packages/car_t265_interface/msg/__init__.py'...
[163.399s] Compiling '/home/orangepi/ros2_workspace/auto_car/install/local/lib/python3.10/dist-packages/car_t265_interface/msg/_motor_command.py'...
[163.400s] Compiling '/home/orangepi/ros2_workspace/auto_car/install/local/lib/python3.10/dist-packages/car_t265_interface/msg/_serial_data.py'...
[163.400s] Compiling '/home/orangepi/ros2_workspace/auto_car/install/local/lib/python3.10/dist-packages/car_t265_interface/msg/_t265_data.py'...
[163.400s] Listing '/home/orangepi/ros2_workspace/auto_car/install/local/lib/python3.10/dist-packages/car_t265_interface/srv'...
[163.401s] Compiling '/home/orangepi/ros2_workspace/auto_car/install/local/lib/python3.10/dist-packages/car_t265_interface/srv/__init__.py'...
[163.401s] Compiling '/home/orangepi/ros2_workspace/auto_car/install/local/lib/python3.10/dist-packages/car_t265_interface/srv/_send_command.py'...
[163.407s] -- Installing: /home/orangepi/ros2_workspace/auto_car/install/local/lib/python3.10/dist-packages/car_t265_interface/car_t265_interface_s__rosidl_typesupport_fastrtps_c.cpython-310-aarch64-linux-gnu.so
[163.409s] -- Set runtime path of "/home/orangepi/ros2_workspace/auto_car/install/local/lib/python3.10/dist-packages/car_t265_interface/car_t265_interface_s__rosidl_typesupport_fastrtps_c.cpython-310-aarch64-linux-gnu.so" to ""
[163.409s] -- Installing: /home/orangepi/ros2_workspace/auto_car/install/local/lib/python3.10/dist-packages/car_t265_interface/car_t265_interface_s__rosidl_typesupport_introspection_c.cpython-310-aarch64-linux-gnu.so
[163.411s] -- Set runtime path of "/home/orangepi/ros2_workspace/auto_car/install/local/lib/python3.10/dist-packages/car_t265_interface/car_t265_interface_s__rosidl_typesupport_introspection_c.cpython-310-aarch64-linux-gnu.so" to ""
[163.412s] -- Installing: /home/orangepi/ros2_workspace/auto_car/install/local/lib/python3.10/dist-packages/car_t265_interface/car_t265_interface_s__rosidl_typesupport_c.cpython-310-aarch64-linux-gnu.so
[163.413s] -- Set runtime path of "/home/orangepi/ros2_workspace/auto_car/install/local/lib/python3.10/dist-packages/car_t265_interface/car_t265_interface_s__rosidl_typesupport_c.cpython-310-aarch64-linux-gnu.so" to ""
[163.413s] -- Installing: /home/orangepi/ros2_workspace/auto_car/install/lib/libcar_t265_interface__rosidl_generator_py.so
[163.415s] -- Set runtime path of "/home/orangepi/ros2_workspace/auto_car/install/lib/libcar_t265_interface__rosidl_generator_py.so" to ""
[163.415s] -- Installing: /home/orangepi/ros2_workspace/auto_car/install/share/car_t265_interface/msg/MotorCommand.idl
[163.416s] -- Installing: /home/orangepi/ros2_workspace/auto_car/install/share/car_t265_interface/msg/SerialData.idl
[163.416s] -- Installing: /home/orangepi/ros2_workspace/auto_car/install/share/car_t265_interface/srv/SendCommand.idl
[163.417s] -- Installing: /home/orangepi/ros2_workspace/auto_car/install/share/car_t265_interface/msg/T265Data.idl
[163.418s] -- Installing: /home/orangepi/ros2_workspace/auto_car/install/share/car_t265_interface/msg/MotorCommand.msg
[163.455s] -- Installing: /home/orangepi/ros2_workspace/auto_car/install/share/car_t265_interface/msg/SerialData.msg
[163.463s] -- Installing: /home/orangepi/ros2_workspace/auto_car/install/share/car_t265_interface/srv/SendCommand.srv
[163.475s] -- Installing: /home/orangepi/ros2_workspace/auto_car/install/share/car_t265_interface/srv/SendCommand_Request.msg
[163.475s] -- Installing: /home/orangepi/ros2_workspace/auto_car/install/share/car_t265_interface/srv/SendCommand_Response.msg
[163.475s] -- Installing: /home/orangepi/ros2_workspace/auto_car/install/share/car_t265_interface/msg/T265Data.msg
[163.476s] -- Installing: /home/orangepi/ros2_workspace/auto_car/install/share/ament_index/resource_index/package_run_dependencies/car_t265_interface
[163.477s] -- Installing: /home/orangepi/ros2_workspace/auto_car/install/share/ament_index/resource_index/parent_prefix_path/car_t265_interface
[163.542s] -- Installing: /home/orangepi/ros2_workspace/auto_car/install/share/car_t265_interface/environment/ament_prefix_path.sh
[163.548s] -- Installing: /home/orangepi/ros2_workspace/auto_car/install/share/car_t265_interface/environment/ament_prefix_path.dsv
[163.548s] -- Installing: /home/orangepi/ros2_workspace/auto_car/install/share/car_t265_interface/environment/path.sh
[163.554s] -- Installing: /home/orangepi/ros2_workspace/auto_car/install/share/car_t265_interface/environment/path.dsv
[163.554s] -- Installing: /home/orangepi/ros2_workspace/auto_car/install/share/car_t265_interface/local_setup.bash
[163.560s] -- Installing: /home/orangepi/ros2_workspace/auto_car/install/share/car_t265_interface/local_setup.sh
[163.561s] -- Installing: /home/orangepi/ros2_workspace/auto_car/install/share/car_t265_interface/local_setup.zsh
[163.561s] -- Installing: /home/orangepi/ros2_workspace/auto_car/install/share/car_t265_interface/local_setup.dsv
[163.565s] -- Installing: /home/orangepi/ros2_workspace/auto_car/install/share/car_t265_interface/package.dsv
[163.566s] -- Installing: /home/orangepi/ros2_workspace/auto_car/install/share/ament_index/resource_index/packages/car_t265_interface
[163.566s] -- Installing: /home/orangepi/ros2_workspace/auto_car/install/share/car_t265_interface/cmake/export_car_t265_interface__rosidl_generator_cExport.cmake
[163.567s] -- Installing: /home/orangepi/ros2_workspace/auto_car/install/share/car_t265_interface/cmake/export_car_t265_interface__rosidl_generator_cExport-noconfig.cmake
[163.567s] -- Installing: /home/orangepi/ros2_workspace/auto_car/install/share/car_t265_interface/cmake/export_car_t265_interface__rosidl_typesupport_fastrtps_cExport.cmake
[163.571s] -- Installing: /home/orangepi/ros2_workspace/auto_car/install/share/car_t265_interface/cmake/export_car_t265_interface__rosidl_typesupport_fastrtps_cExport-noconfig.cmake
[163.571s] -- Installing: /home/orangepi/ros2_workspace/auto_car/install/share/car_t265_interface/cmake/car_t265_interface__rosidl_typesupport_introspection_cExport.cmake
[163.571s] -- Installing: /home/orangepi/ros2_workspace/auto_car/install/share/car_t265_interface/cmake/car_t265_interface__rosidl_typesupport_introspection_cExport-noconfig.cmake
[163.571s] -- Installing: /home/orangepi/ros2_workspace/auto_car/install/share/car_t265_interface/cmake/car_t265_interface__rosidl_typesupport_cExport.cmake
[163.571s] -- Installing: /home/orangepi/ros2_workspace/auto_car/install/share/car_t265_interface/cmake/car_t265_interface__rosidl_typesupport_cExport-noconfig.cmake
[163.571s] -- Installing: /home/orangepi/ros2_workspace/auto_car/install/share/car_t265_interface/cmake/export_car_t265_interface__rosidl_generator_cppExport.cmake
[163.572s] -- Installing: /home/orangepi/ros2_workspace/auto_car/install/share/car_t265_interface/cmake/export_car_t265_interface__rosidl_typesupport_fastrtps_cppExport.cmake
[163.572s] -- Installing: /home/orangepi/ros2_workspace/auto_car/install/share/car_t265_interface/cmake/export_car_t265_interface__rosidl_typesupport_fastrtps_cppExport-noconfig.cmake
[163.572s] -- Installing: /home/orangepi/ros2_workspace/auto_car/install/share/car_t265_interface/cmake/car_t265_interface__rosidl_typesupport_introspection_cppExport.cmake
[163.572s] -- Installing: /home/orangepi/ros2_workspace/auto_car/install/share/car_t265_interface/cmake/car_t265_interface__rosidl_typesupport_introspection_cppExport-noconfig.cmake
[163.573s] -- Installing: /home/orangepi/ros2_workspace/auto_car/install/share/car_t265_interface/cmake/car_t265_interface__rosidl_typesupport_cppExport.cmake
[163.573s] -- Installing: /home/orangepi/ros2_workspace/auto_car/install/share/car_t265_interface/cmake/car_t265_interface__rosidl_typesupport_cppExport-noconfig.cmake
[163.573s] -- Installing: /home/orangepi/ros2_workspace/auto_car/install/share/car_t265_interface/cmake/export_car_t265_interface__rosidl_generator_pyExport.cmake
[163.573s] -- Installing: /home/orangepi/ros2_workspace/auto_car/install/share/car_t265_interface/cmake/export_car_t265_interface__rosidl_generator_pyExport-noconfig.cmake
[163.573s] -- Installing: /home/orangepi/ros2_workspace/auto_car/install/share/car_t265_interface/cmake/rosidl_cmake-extras.cmake
[163.573s] -- Installing: /home/orangepi/ros2_workspace/auto_car/install/share/car_t265_interface/cmake/ament_cmake_export_include_directories-extras.cmake
[163.574s] -- Installing: /home/orangepi/ros2_workspace/auto_car/install/share/car_t265_interface/cmake/ament_cmake_export_libraries-extras.cmake
[163.575s] -- Installing: /home/orangepi/ros2_workspace/auto_car/install/share/car_t265_interface/cmake/ament_cmake_export_targets-extras.cmake
[163.575s] -- Installing: /home/orangepi/ros2_workspace/auto_car/install/share/car_t265_interface/cmake/rosidl_cmake_export_typesupport_targets-extras.cmake
[163.576s] -- Installing: /home/orangepi/ros2_workspace/auto_car/install/share/car_t265_interface/cmake/ament_cmake_export_dependencies-extras.cmake
[163.576s] -- Installing: /home/orangepi/ros2_workspace/auto_car/install/share/car_t265_interface/cmake/rosidl_cmake_export_typesupport_libraries-extras.cmake
[163.577s] -- Installing: /home/orangepi/ros2_workspace/auto_car/install/share/car_t265_interface/cmake/car_t265_interfaceConfig.cmake
[163.577s] -- Installing: /home/orangepi/ros2_workspace/auto_car/install/share/car_t265_interface/cmake/car_t265_interfaceConfig-version.cmake
[163.578s] -- Installing: /home/orangepi/ros2_workspace/auto_car/install/share/car_t265_interface/package.xml
[163.595s] Invoked command in '/home/orangepi/ros2_workspace/auto_car/build/car_t265_interface' returned '0': CMAKE_PREFIX_PATH=${CMAKE_PREFIX_PATH}:/root/lanhailidar_ros_ws/install/scan_subscriber:/opt/ros/humble /usr/bin/cmake --install /home/orangepi/ros2_workspace/auto_car/build/car_t265_interface
