running egg_info
creating ../../build/car_core/car_core.egg-info
writing ../../build/car_core/car_core.egg-info/PKG-INFO
writing dependency_links to ../../build/car_core/car_core.egg-info/dependency_links.txt
writing entry points to ../../build/car_core/car_core.egg-info/entry_points.txt
writing requirements to ../../build/car_core/car_core.egg-info/requires.txt
writing top-level names to ../../build/car_core/car_core.egg-info/top_level.txt
writing manifest file '../../build/car_core/car_core.egg-info/SOURCES.txt'
reading manifest file '../../build/car_core/car_core.egg-info/SOURCES.txt'
writing manifest file '../../build/car_core/car_core.egg-info/SOURCES.txt'
running build
running build_py
creating /home/orangepi/ros2_workspace/auto_car/build/car_core/build
creating /home/orangepi/ros2_workspace/auto_car/build/car_core/build/lib
creating /home/orangepi/ros2_workspace/auto_car/build/car_core/build/lib/car_core
copying car_core/uart_sender.py -> /home/orangepi/ros2_workspace/auto_car/build/car_core/build/lib/car_core
copying car_core/utils_ros.py -> /home/orangepi/ros2_workspace/auto_car/build/car_core/build/lib/car_core
copying car_core/uart_driver.py -> /home/orangepi/ros2_workspace/auto_car/build/car_core/build/lib/car_core
copying car_core/t265_test.py -> /home/orangepi/ros2_workspace/auto_car/build/car_core/build/lib/car_core
copying car_core/uart_receiver.py -> /home/orangepi/ros2_workspace/auto_car/build/car_core/build/lib/car_core
copying car_core/__init__.py -> /home/orangepi/ros2_workspace/auto_car/build/car_core/build/lib/car_core
copying car_core/version_check.py -> /home/orangepi/ros2_workspace/auto_car/build/car_core/build/lib/car_core
copying car_core/camera.py -> /home/orangepi/ros2_workspace/auto_car/build/car_core/build/lib/car_core
copying car_core/motor_controller.py -> /home/orangepi/ros2_workspace/auto_car/build/car_core/build/lib/car_core
copying car_core/t265_uart.py -> /home/orangepi/ros2_workspace/auto_car/build/car_core/build/lib/car_core
copying car_core/t265.py -> /home/orangepi/ros2_workspace/auto_car/build/car_core/build/lib/car_core
running install
running install_lib
creating /home/orangepi/ros2_workspace/auto_car/install/lib/python3.10/site-packages/car_core
copying /home/orangepi/ros2_workspace/auto_car/build/car_core/build/lib/car_core/uart_sender.py -> /home/orangepi/ros2_workspace/auto_car/install/lib/python3.10/site-packages/car_core
copying /home/orangepi/ros2_workspace/auto_car/build/car_core/build/lib/car_core/utils_ros.py -> /home/orangepi/ros2_workspace/auto_car/install/lib/python3.10/site-packages/car_core
copying /home/orangepi/ros2_workspace/auto_car/build/car_core/build/lib/car_core/uart_driver.py -> /home/orangepi/ros2_workspace/auto_car/install/lib/python3.10/site-packages/car_core
copying /home/orangepi/ros2_workspace/auto_car/build/car_core/build/lib/car_core/t265_test.py -> /home/orangepi/ros2_workspace/auto_car/install/lib/python3.10/site-packages/car_core
copying /home/orangepi/ros2_workspace/auto_car/build/car_core/build/lib/car_core/uart_receiver.py -> /home/orangepi/ros2_workspace/auto_car/install/lib/python3.10/site-packages/car_core
copying /home/orangepi/ros2_workspace/auto_car/build/car_core/build/lib/car_core/__init__.py -> /home/orangepi/ros2_workspace/auto_car/install/lib/python3.10/site-packages/car_core
copying /home/orangepi/ros2_workspace/auto_car/build/car_core/build/lib/car_core/version_check.py -> /home/orangepi/ros2_workspace/auto_car/install/lib/python3.10/site-packages/car_core
copying /home/orangepi/ros2_workspace/auto_car/build/car_core/build/lib/car_core/camera.py -> /home/orangepi/ros2_workspace/auto_car/install/lib/python3.10/site-packages/car_core
copying /home/orangepi/ros2_workspace/auto_car/build/car_core/build/lib/car_core/motor_controller.py -> /home/orangepi/ros2_workspace/auto_car/install/lib/python3.10/site-packages/car_core
copying /home/orangepi/ros2_workspace/auto_car/build/car_core/build/lib/car_core/t265_uart.py -> /home/orangepi/ros2_workspace/auto_car/install/lib/python3.10/site-packages/car_core
copying /home/orangepi/ros2_workspace/auto_car/build/car_core/build/lib/car_core/t265.py -> /home/orangepi/ros2_workspace/auto_car/install/lib/python3.10/site-packages/car_core
byte-compiling /home/orangepi/ros2_workspace/auto_car/install/lib/python3.10/site-packages/car_core/uart_sender.py to uart_sender.cpython-310.pyc
byte-compiling /home/orangepi/ros2_workspace/auto_car/install/lib/python3.10/site-packages/car_core/utils_ros.py to utils_ros.cpython-310.pyc
byte-compiling /home/orangepi/ros2_workspace/auto_car/install/lib/python3.10/site-packages/car_core/uart_driver.py to uart_driver.cpython-310.pyc
byte-compiling /home/orangepi/ros2_workspace/auto_car/install/lib/python3.10/site-packages/car_core/t265_test.py to t265_test.cpython-310.pyc
byte-compiling /home/orangepi/ros2_workspace/auto_car/install/lib/python3.10/site-packages/car_core/uart_receiver.py to uart_receiver.cpython-310.pyc
byte-compiling /home/orangepi/ros2_workspace/auto_car/install/lib/python3.10/site-packages/car_core/__init__.py to __init__.cpython-310.pyc
byte-compiling /home/orangepi/ros2_workspace/auto_car/install/lib/python3.10/site-packages/car_core/version_check.py to version_check.cpython-310.pyc
byte-compiling /home/orangepi/ros2_workspace/auto_car/install/lib/python3.10/site-packages/car_core/camera.py to camera.cpython-310.pyc
byte-compiling /home/orangepi/ros2_workspace/auto_car/install/lib/python3.10/site-packages/car_core/motor_controller.py to motor_controller.cpython-310.pyc
byte-compiling /home/orangepi/ros2_workspace/auto_car/install/lib/python3.10/site-packages/car_core/t265_uart.py to t265_uart.cpython-310.pyc
byte-compiling /home/orangepi/ros2_workspace/auto_car/install/lib/python3.10/site-packages/car_core/t265.py to t265.cpython-310.pyc
running install_data
copying resource/car_core -> /home/orangepi/ros2_workspace/auto_car/install/share/ament_index/resource_index/packages
copying package.xml -> /home/orangepi/ros2_workspace/auto_car/install/share/car_core
running install_egg_info
Copying ../../build/car_core/car_core.egg-info to /home/orangepi/ros2_workspace/auto_car/install/lib/python3.10/site-packages/car_core-0.0.0-py3.10.egg-info
running install_scripts
writing list of installed files to '/home/orangepi/ros2_workspace/auto_car/build/car_core/install.log'
