[1.714s] Invoking command in '/home/orangepi/ros2_workspace/auto_car/src/car_core': AMENT_PREFIX_PATH=/home/orangepi/ros2_workspace/auto_car/install:${AMENT_PREFIX_PATH} CMAKE_PREFIX_PATH=/home/orangepi/ros2_workspace/auto_car/install:${CMAKE_PREFIX_PATH} LD_LIBRARY_PATH=/home/orangepi/ros2_workspace/auto_car/install/lib:${LD_LIBRARY_PATH} PYTHONPATH=/home/orangepi/ros2_workspace/auto_car/build/car_core/prefix_override:/usr/lib/python3/dist-packages/colcon_core/task/python/colcon_distutils_commands:/home/orangepi/ros2_workspace/auto_car/install/lib/python3.10/site-packages:/home/orangepi/ros2_workspace/auto_car/install/local/lib/python3.10/dist-packages:/home/orangepi/ros2_workspace/auto_car/install/lib/python3.10/site-packages:${PYTHONPATH} /usr/bin/python3 -W ignore:setup.py install is deprecated -W ignore:easy_install command is deprecated setup.py egg_info --egg-base ../../build/car_core build --build-base /home/orangepi/ros2_workspace/auto_car/build/car_core/build install --record /home/orangepi/ros2_workspace/auto_car/build/car_core/install.log --single-version-externally-managed install_data
[2.036s] running egg_info
[2.037s] creating ../../build/car_core/car_core.egg-info
[2.038s] writing ../../build/car_core/car_core.egg-info/PKG-INFO
[2.038s] writing dependency_links to ../../build/car_core/car_core.egg-info/dependency_links.txt
[2.038s] writing entry points to ../../build/car_core/car_core.egg-info/entry_points.txt
[2.039s] writing requirements to ../../build/car_core/car_core.egg-info/requires.txt
[2.039s] writing top-level names to ../../build/car_core/car_core.egg-info/top_level.txt
[2.039s] writing manifest file '../../build/car_core/car_core.egg-info/SOURCES.txt'
[2.041s] reading manifest file '../../build/car_core/car_core.egg-info/SOURCES.txt'
[2.042s] writing manifest file '../../build/car_core/car_core.egg-info/SOURCES.txt'
[2.043s] running build
[2.043s] running build_py
[2.044s] creating /home/orangepi/ros2_workspace/auto_car/build/car_core/build
[2.044s] creating /home/orangepi/ros2_workspace/auto_car/build/car_core/build/lib
[2.045s] creating /home/orangepi/ros2_workspace/auto_car/build/car_core/build/lib/car_core
[2.045s] copying car_core/uart_sender.py -> /home/orangepi/ros2_workspace/auto_car/build/car_core/build/lib/car_core
[2.045s] copying car_core/utils_ros.py -> /home/orangepi/ros2_workspace/auto_car/build/car_core/build/lib/car_core
[2.046s] copying car_core/uart_driver.py -> /home/orangepi/ros2_workspace/auto_car/build/car_core/build/lib/car_core
[2.047s] copying car_core/t265_test.py -> /home/orangepi/ros2_workspace/auto_car/build/car_core/build/lib/car_core
[2.047s] copying car_core/uart_receiver.py -> /home/orangepi/ros2_workspace/auto_car/build/car_core/build/lib/car_core
[2.048s] copying car_core/__init__.py -> /home/orangepi/ros2_workspace/auto_car/build/car_core/build/lib/car_core
[2.048s] copying car_core/version_check.py -> /home/orangepi/ros2_workspace/auto_car/build/car_core/build/lib/car_core
[2.049s] copying car_core/camera.py -> /home/orangepi/ros2_workspace/auto_car/build/car_core/build/lib/car_core
[2.049s] copying car_core/motor_controller.py -> /home/orangepi/ros2_workspace/auto_car/build/car_core/build/lib/car_core
[2.050s] copying car_core/t265_uart.py -> /home/orangepi/ros2_workspace/auto_car/build/car_core/build/lib/car_core
[2.050s] copying car_core/t265.py -> /home/orangepi/ros2_workspace/auto_car/build/car_core/build/lib/car_core
[2.050s] running install
[2.051s] running install_lib
[2.051s] creating /home/orangepi/ros2_workspace/auto_car/install/lib/python3.10/site-packages/car_core
[2.051s] copying /home/orangepi/ros2_workspace/auto_car/build/car_core/build/lib/car_core/uart_sender.py -> /home/orangepi/ros2_workspace/auto_car/install/lib/python3.10/site-packages/car_core
[2.052s] copying /home/orangepi/ros2_workspace/auto_car/build/car_core/build/lib/car_core/utils_ros.py -> /home/orangepi/ros2_workspace/auto_car/install/lib/python3.10/site-packages/car_core
[2.052s] copying /home/orangepi/ros2_workspace/auto_car/build/car_core/build/lib/car_core/uart_driver.py -> /home/orangepi/ros2_workspace/auto_car/install/lib/python3.10/site-packages/car_core
[2.053s] copying /home/orangepi/ros2_workspace/auto_car/build/car_core/build/lib/car_core/t265_test.py -> /home/orangepi/ros2_workspace/auto_car/install/lib/python3.10/site-packages/car_core
[2.053s] copying /home/orangepi/ros2_workspace/auto_car/build/car_core/build/lib/car_core/uart_receiver.py -> /home/orangepi/ros2_workspace/auto_car/install/lib/python3.10/site-packages/car_core
[2.054s] copying /home/orangepi/ros2_workspace/auto_car/build/car_core/build/lib/car_core/__init__.py -> /home/orangepi/ros2_workspace/auto_car/install/lib/python3.10/site-packages/car_core
[2.054s] copying /home/orangepi/ros2_workspace/auto_car/build/car_core/build/lib/car_core/version_check.py -> /home/orangepi/ros2_workspace/auto_car/install/lib/python3.10/site-packages/car_core
[2.054s] copying /home/orangepi/ros2_workspace/auto_car/build/car_core/build/lib/car_core/camera.py -> /home/orangepi/ros2_workspace/auto_car/install/lib/python3.10/site-packages/car_core
[2.055s] copying /home/orangepi/ros2_workspace/auto_car/build/car_core/build/lib/car_core/motor_controller.py -> /home/orangepi/ros2_workspace/auto_car/install/lib/python3.10/site-packages/car_core
[2.055s] copying /home/orangepi/ros2_workspace/auto_car/build/car_core/build/lib/car_core/t265_uart.py -> /home/orangepi/ros2_workspace/auto_car/install/lib/python3.10/site-packages/car_core
[2.056s] copying /home/orangepi/ros2_workspace/auto_car/build/car_core/build/lib/car_core/t265.py -> /home/orangepi/ros2_workspace/auto_car/install/lib/python3.10/site-packages/car_core
[2.056s] byte-compiling /home/orangepi/ros2_workspace/auto_car/install/lib/python3.10/site-packages/car_core/uart_sender.py to uart_sender.cpython-310.pyc
[2.057s] byte-compiling /home/orangepi/ros2_workspace/auto_car/install/lib/python3.10/site-packages/car_core/utils_ros.py to utils_ros.cpython-310.pyc
[2.057s] byte-compiling /home/orangepi/ros2_workspace/auto_car/install/lib/python3.10/site-packages/car_core/uart_driver.py to uart_driver.cpython-310.pyc
[2.058s] byte-compiling /home/orangepi/ros2_workspace/auto_car/install/lib/python3.10/site-packages/car_core/t265_test.py to t265_test.cpython-310.pyc
[2.058s] byte-compiling /home/orangepi/ros2_workspace/auto_car/install/lib/python3.10/site-packages/car_core/uart_receiver.py to uart_receiver.cpython-310.pyc
[2.058s] byte-compiling /home/orangepi/ros2_workspace/auto_car/install/lib/python3.10/site-packages/car_core/__init__.py to __init__.cpython-310.pyc
[2.059s] byte-compiling /home/orangepi/ros2_workspace/auto_car/install/lib/python3.10/site-packages/car_core/version_check.py to version_check.cpython-310.pyc
[2.059s] byte-compiling /home/orangepi/ros2_workspace/auto_car/install/lib/python3.10/site-packages/car_core/camera.py to camera.cpython-310.pyc
[2.060s] byte-compiling /home/orangepi/ros2_workspace/auto_car/install/lib/python3.10/site-packages/car_core/motor_controller.py to motor_controller.cpython-310.pyc
[2.060s] byte-compiling /home/orangepi/ros2_workspace/auto_car/install/lib/python3.10/site-packages/car_core/t265_uart.py to t265_uart.cpython-310.pyc
[2.061s] byte-compiling /home/orangepi/ros2_workspace/auto_car/install/lib/python3.10/site-packages/car_core/t265.py to t265.cpython-310.pyc
[2.061s] running install_data
[2.061s] copying resource/car_core -> /home/orangepi/ros2_workspace/auto_car/install/share/ament_index/resource_index/packages
[2.062s] copying package.xml -> /home/orangepi/ros2_workspace/auto_car/install/share/car_core
[2.062s] running install_egg_info
[2.062s] Copying ../../build/car_core/car_core.egg-info to /home/orangepi/ros2_workspace/auto_car/install/lib/python3.10/site-packages/car_core-0.0.0-py3.10.egg-info
[2.063s] running install_scripts
[2.094s] writing list of installed files to '/home/orangepi/ros2_workspace/auto_car/build/car_core/install.log'
[2.167s] Invoked command in '/home/orangepi/ros2_workspace/auto_car/src/car_core' returned '0': AMENT_PREFIX_PATH=/home/orangepi/ros2_workspace/auto_car/install:${AMENT_PREFIX_PATH} CMAKE_PREFIX_PATH=/home/orangepi/ros2_workspace/auto_car/install:${CMAKE_PREFIX_PATH} LD_LIBRARY_PATH=/home/orangepi/ros2_workspace/auto_car/install/lib:${LD_LIBRARY_PATH} PYTHONPATH=/home/orangepi/ros2_workspace/auto_car/build/car_core/prefix_override:/usr/lib/python3/dist-packages/colcon_core/task/python/colcon_distutils_commands:/home/orangepi/ros2_workspace/auto_car/install/lib/python3.10/site-packages:/home/orangepi/ros2_workspace/auto_car/install/local/lib/python3.10/dist-packages:/home/orangepi/ros2_workspace/auto_car/install/lib/python3.10/site-packages:${PYTHONPATH} /usr/bin/python3 -W ignore:setup.py install is deprecated -W ignore:easy_install command is deprecated setup.py egg_info --egg-base ../../build/car_core build --build-base /home/orangepi/ros2_workspace/auto_car/build/car_core/build install --record /home/orangepi/ros2_workspace/auto_car/build/car_core/install.log --single-version-externally-managed install_data
