[2.256s] Invoking command in '/home/orangepi/ros2_workspace/auto_car/src/car_t265': AMENT_PREFIX_PATH=/home/orangepi/ros2_workspace/auto_car/install:${AMENT_PREFIX_PATH} CMAKE_PREFIX_PATH=/home/orangepi/ros2_workspace/auto_car/install:${CMAKE_PREFIX_PATH} LD_LIBRARY_PATH=/home/orangepi/ros2_workspace/auto_car/install/lib:${LD_LIBRARY_PATH} PYTHONPATH=/home/orangepi/ros2_workspace/auto_car/build/car_t265/prefix_override:/usr/lib/python3/dist-packages/colcon_core/task/python/colcon_distutils_commands:/home/orangepi/ros2_workspace/auto_car/install/lib/python3.10/site-packages:/home/orangepi/ros2_workspace/auto_car/install/local/lib/python3.10/dist-packages:/home/orangepi/ros2_workspace/auto_car/install/lib/python3.10/site-packages:${PYTHONPATH} /usr/bin/python3 -W ignore:setup.py install is deprecated -W ignore:easy_install command is deprecated setup.py egg_info --egg-base ../../build/car_t265 build --build-base /home/orangepi/ros2_workspace/auto_car/build/car_t265/build install --record /home/orangepi/ros2_workspace/auto_car/build/car_t265/install.log --single-version-externally-managed install_data
[2.622s] running egg_info
[2.623s] writing ../../build/car_t265/car_t265.egg-info/PKG-INFO
[2.624s] writing dependency_links to ../../build/car_t265/car_t265.egg-info/dependency_links.txt
[2.629s] writing entry points to ../../build/car_t265/car_t265.egg-info/entry_points.txt
[2.630s] writing requirements to ../../build/car_t265/car_t265.egg-info/requires.txt
[2.631s] writing top-level names to ../../build/car_t265/car_t265.egg-info/top_level.txt
[2.638s] reading manifest file '../../build/car_t265/car_t265.egg-info/SOURCES.txt'
[2.644s] writing manifest file '../../build/car_t265/car_t265.egg-info/SOURCES.txt'
[2.645s] running build
[2.646s] running build_py
[2.649s] copying car_t265/t265_publisher.py -> /home/orangepi/ros2_workspace/auto_car/build/car_t265/build/lib/car_t265
[2.651s] running install
[2.652s] running install_lib
[2.653s] copying /home/orangepi/ros2_workspace/auto_car/build/car_t265/build/lib/car_t265/t265_publisher.py -> /home/orangepi/ros2_workspace/auto_car/install/lib/python3.10/site-packages/car_t265
[2.655s] byte-compiling /home/orangepi/ros2_workspace/auto_car/install/lib/python3.10/site-packages/car_t265/t265_publisher.py to t265_publisher.cpython-310.pyc
[2.655s] running install_data
[2.656s] running install_egg_info
[2.658s] removing '/home/orangepi/ros2_workspace/auto_car/install/lib/python3.10/site-packages/car_t265-0.0.0-py3.10.egg-info' (and everything under it)
[2.659s] Copying ../../build/car_t265/car_t265.egg-info to /home/orangepi/ros2_workspace/auto_car/install/lib/python3.10/site-packages/car_t265-0.0.0-py3.10.egg-info
[2.665s] running install_scripts
[2.678s] Installing motor_controller script to /home/orangepi/ros2_workspace/auto_car/install/lib/car_t265
[2.679s] Installing navigation_controller script to /home/orangepi/ros2_workspace/auto_car/install/lib/car_t265
[2.681s] Installing t265_publisher script to /home/orangepi/ros2_workspace/auto_car/install/lib/car_t265
[2.682s] Installing target_publisher script to /home/orangepi/ros2_workspace/auto_car/install/lib/car_t265
[2.683s] Installing uart_driver script to /home/orangepi/ros2_workspace/auto_car/install/lib/car_t265
[2.684s] writing list of installed files to '/home/orangepi/ros2_workspace/auto_car/build/car_t265/install.log'
[2.769s] Invoked command in '/home/orangepi/ros2_workspace/auto_car/src/car_t265' returned '0': AMENT_PREFIX_PATH=/home/orangepi/ros2_workspace/auto_car/install:${AMENT_PREFIX_PATH} CMAKE_PREFIX_PATH=/home/orangepi/ros2_workspace/auto_car/install:${CMAKE_PREFIX_PATH} LD_LIBRARY_PATH=/home/orangepi/ros2_workspace/auto_car/install/lib:${LD_LIBRARY_PATH} PYTHONPATH=/home/orangepi/ros2_workspace/auto_car/build/car_t265/prefix_override:/usr/lib/python3/dist-packages/colcon_core/task/python/colcon_distutils_commands:/home/orangepi/ros2_workspace/auto_car/install/lib/python3.10/site-packages:/home/orangepi/ros2_workspace/auto_car/install/local/lib/python3.10/dist-packages:/home/orangepi/ros2_workspace/auto_car/install/lib/python3.10/site-packages:${PYTHONPATH} /usr/bin/python3 -W ignore:setup.py install is deprecated -W ignore:easy_install command is deprecated setup.py egg_info --egg-base ../../build/car_t265 build --build-base /home/orangepi/ros2_workspace/auto_car/build/car_t265/build install --record /home/orangepi/ros2_workspace/auto_car/build/car_t265/install.log --single-version-externally-managed install_data
