running egg_info
creating ../../build/car_launch/car_launch.egg-info
writing ../../build/car_launch/car_launch.egg-info/PKG-INFO
writing dependency_links to ../../build/car_launch/car_launch.egg-info/dependency_links.txt
writing entry points to ../../build/car_launch/car_launch.egg-info/entry_points.txt
writing requirements to ../../build/car_launch/car_launch.egg-info/requires.txt
writing top-level names to ../../build/car_launch/car_launch.egg-info/top_level.txt
writing manifest file '../../build/car_launch/car_launch.egg-info/SOURCES.txt'
reading manifest file '../../build/car_launch/car_launch.egg-info/SOURCES.txt'
writing manifest file '../../build/car_launch/car_launch.egg-info/SOURCES.txt'
running build
running build_py
creating /home/orangepi/ros2_workspace/auto_car/build/car_launch/build
creating /home/orangepi/ros2_workspace/auto_car/build/car_launch/build/lib
creating /home/orangepi/ros2_workspace/auto_car/build/car_launch/build/lib/car_launch
copying car_launch/__init__.py -> /home/orangepi/ros2_workspace/auto_car/build/car_launch/build/lib/car_launch
running install
running install_lib
creating /home/orangepi/ros2_workspace/auto_car/install/lib/python3.10/site-packages/car_launch
copying /home/orangepi/ros2_workspace/auto_car/build/car_launch/build/lib/car_launch/__init__.py -> /home/orangepi/ros2_workspace/auto_car/install/lib/python3.10/site-packages/car_launch
byte-compiling /home/orangepi/ros2_workspace/auto_car/install/lib/python3.10/site-packages/car_launch/__init__.py to __init__.cpython-310.pyc
running install_data
copying resource/car_launch -> /home/orangepi/ros2_workspace/auto_car/install/share/ament_index/resource_index/packages
copying package.xml -> /home/orangepi/ros2_workspace/auto_car/install/share/car_launch
creating /home/orangepi/ros2_workspace/auto_car/install/share/car_launch/launch
copying launch/pwm_test.py -> /home/orangepi/ros2_workspace/auto_car/install/share/car_launch/launch
copying launch/usb_test.py -> /home/orangepi/ros2_workspace/auto_car/install/share/car_launch/launch
copying launch/uart_sender0_test.py -> /home/orangepi/ros2_workspace/auto_car/install/share/car_launch/launch
copying launch/example.py -> /home/orangepi/ros2_workspace/auto_car/install/share/car_launch/launch
copying launch/uart_sender3_test.py -> /home/orangepi/ros2_workspace/auto_car/install/share/car_launch/launch
copying launch/t265_uart.py -> /home/orangepi/ros2_workspace/auto_car/install/share/car_launch/launch
copying launch/uart_receiver_test.py -> /home/orangepi/ros2_workspace/auto_car/install/share/car_launch/launch
copying launch/uart_sender4_test.py -> /home/orangepi/ros2_workspace/auto_car/install/share/car_launch/launch
copying launch/uart_sender1_test.py -> /home/orangepi/ros2_workspace/auto_car/install/share/car_launch/launch
copying launch/t265.py -> /home/orangepi/ros2_workspace/auto_car/install/share/car_launch/launch
running install_egg_info
Copying ../../build/car_launch/car_launch.egg-info to /home/orangepi/ros2_workspace/auto_car/install/lib/python3.10/site-packages/car_launch-0.0.0-py3.10.egg-info
running install_scripts
Installing motor_controller script to /home/orangepi/ros2_workspace/auto_car/install/lib/car_launch
Installing t265 script to /home/orangepi/ros2_workspace/auto_car/install/lib/car_launch
Installing t265_uart script to /home/orangepi/ros2_workspace/auto_car/install/lib/car_launch
Installing uart_driver script to /home/orangepi/ros2_workspace/auto_car/install/lib/car_launch
writing list of installed files to '/home/orangepi/ros2_workspace/auto_car/build/car_launch/install.log'
