[2.903s] Invoking command in '/home/orangepi/ros2_workspace/auto_car/src/car_launch': PYTHONPATH=/home/orangepi/ros2_workspace/auto_car/build/car_launch/prefix_override:/usr/lib/python3/dist-packages/colcon_core/task/python/colcon_distutils_commands:/home/orangepi/ros2_workspace/auto_car/install/lib/python3.10/site-packages:${PYTHONPATH} /usr/bin/python3 -W ignore:setup.py install is deprecated -W ignore:easy_install command is deprecated setup.py egg_info --egg-base ../../build/car_launch build --build-base /home/orangepi/ros2_workspace/auto_car/build/car_launch/build install --record /home/orangepi/ros2_workspace/auto_car/build/car_launch/install.log --single-version-externally-managed install_data
[6.861s] running egg_info
[6.861s] creating ../../build/car_launch/car_launch.egg-info
[6.862s] writing ../../build/car_launch/car_launch.egg-info/PKG-INFO
[6.862s] writing dependency_links to ../../build/car_launch/car_launch.egg-info/dependency_links.txt
[6.863s] writing entry points to ../../build/car_launch/car_launch.egg-info/entry_points.txt
[6.863s] writing requirements to ../../build/car_launch/car_launch.egg-info/requires.txt
[6.863s] writing top-level names to ../../build/car_launch/car_launch.egg-info/top_level.txt
[6.864s] writing manifest file '../../build/car_launch/car_launch.egg-info/SOURCES.txt'
[6.864s] reading manifest file '../../build/car_launch/car_launch.egg-info/SOURCES.txt'
[6.865s] writing manifest file '../../build/car_launch/car_launch.egg-info/SOURCES.txt'
[6.866s] running build
[6.866s] running build_py
[6.867s] creating /home/orangepi/ros2_workspace/auto_car/build/car_launch/build
[6.867s] creating /home/orangepi/ros2_workspace/auto_car/build/car_launch/build/lib
[6.867s] creating /home/orangepi/ros2_workspace/auto_car/build/car_launch/build/lib/car_launch
[6.868s] copying car_launch/__init__.py -> /home/orangepi/ros2_workspace/auto_car/build/car_launch/build/lib/car_launch
[6.868s] running install
[6.869s] running install_lib
[6.869s] creating /home/orangepi/ros2_workspace/auto_car/install/lib/python3.10/site-packages/car_launch
[6.869s] copying /home/orangepi/ros2_workspace/auto_car/build/car_launch/build/lib/car_launch/__init__.py -> /home/orangepi/ros2_workspace/auto_car/install/lib/python3.10/site-packages/car_launch
[6.870s] byte-compiling /home/orangepi/ros2_workspace/auto_car/install/lib/python3.10/site-packages/car_launch/__init__.py to __init__.cpython-310.pyc
[6.870s] running install_data
[6.871s] copying resource/car_launch -> /home/orangepi/ros2_workspace/auto_car/install/share/ament_index/resource_index/packages
[6.871s] copying package.xml -> /home/orangepi/ros2_workspace/auto_car/install/share/car_launch
[6.871s] creating /home/orangepi/ros2_workspace/auto_car/install/share/car_launch/launch
[6.872s] copying launch/pwm_test.py -> /home/orangepi/ros2_workspace/auto_car/install/share/car_launch/launch
[6.872s] copying launch/usb_test.py -> /home/orangepi/ros2_workspace/auto_car/install/share/car_launch/launch
[6.873s] copying launch/uart_sender0_test.py -> /home/orangepi/ros2_workspace/auto_car/install/share/car_launch/launch
[6.873s] copying launch/example.py -> /home/orangepi/ros2_workspace/auto_car/install/share/car_launch/launch
[6.873s] copying launch/uart_sender3_test.py -> /home/orangepi/ros2_workspace/auto_car/install/share/car_launch/launch
[6.874s] copying launch/t265_uart.py -> /home/orangepi/ros2_workspace/auto_car/install/share/car_launch/launch
[6.874s] copying launch/uart_receiver_test.py -> /home/orangepi/ros2_workspace/auto_car/install/share/car_launch/launch
[6.875s] copying launch/uart_sender4_test.py -> /home/orangepi/ros2_workspace/auto_car/install/share/car_launch/launch
[6.887s] copying launch/uart_sender1_test.py -> /home/orangepi/ros2_workspace/auto_car/install/share/car_launch/launch
[6.887s] copying launch/t265.py -> /home/orangepi/ros2_workspace/auto_car/install/share/car_launch/launch
[6.887s] running install_egg_info
[6.887s] Copying ../../build/car_launch/car_launch.egg-info to /home/orangepi/ros2_workspace/auto_car/install/lib/python3.10/site-packages/car_launch-0.0.0-py3.10.egg-info
[6.887s] running install_scripts
[6.887s] Installing motor_controller script to /home/orangepi/ros2_workspace/auto_car/install/lib/car_launch
[6.888s] Installing t265 script to /home/orangepi/ros2_workspace/auto_car/install/lib/car_launch
[6.888s] Installing t265_uart script to /home/orangepi/ros2_workspace/auto_car/install/lib/car_launch
[6.888s] Installing uart_driver script to /home/orangepi/ros2_workspace/auto_car/install/lib/car_launch
[6.888s] writing list of installed files to '/home/orangepi/ros2_workspace/auto_car/build/car_launch/install.log'
[6.957s] Invoked command in '/home/orangepi/ros2_workspace/auto_car/src/car_launch' returned '0': PYTHONPATH=/home/orangepi/ros2_workspace/auto_car/build/car_launch/prefix_override:/usr/lib/python3/dist-packages/colcon_core/task/python/colcon_distutils_commands:/home/orangepi/ros2_workspace/auto_car/install/lib/python3.10/site-packages:${PYTHONPATH} /usr/bin/python3 -W ignore:setup.py install is deprecated -W ignore:easy_install command is deprecated setup.py egg_info --egg-base ../../build/car_launch build --build-base /home/orangepi/ros2_workspace/auto_car/build/car_launch/build install --record /home/orangepi/ros2_workspace/auto_car/build/car_launch/install.log --single-version-externally-managed install_data
