[0.281s] Invoking command in '/home/orangepi/ros2_workspace/auto_car/build/car_interface': CMAKE_PREFIX_PATH=${CMAKE_PREFIX_PATH}:/root/lanhailidar_ros_ws/install/scan_subscriber:/opt/ros/humble /usr/bin/cmake /home/orangepi/ros2_workspace/auto_car/src/car_interface -DCMAKE_INSTALL_PREFIX=/home/orangepi/ros2_workspace/auto_car/install
[1.743s] -- The C compiler identification is GNU 11.4.0
[2.146s] -- The CXX compiler identification is GNU 11.4.0
[2.177s] -- Detecting C compiler ABI info
[2.716s] -- Detecting C compiler ABI info - done
[2.727s] -- Check for working C compiler: /usr/bin/cc - skipped
[2.728s] -- Detecting C compile features
[2.728s] -- Detecting C compile features - done
[2.741s] -- Detecting CXX compiler ABI info
[3.289s] -- Detecting CXX compiler ABI info - done
[3.302s] -- Check for working CXX compiler: /usr/bin/c++ - skipped
[3.304s] -- Detecting CXX compile features
[3.305s] -- Detecting CXX compile features - done
[3.310s] -- Found ament_cmake: 1.3.11 (/opt/ros/humble/share/ament_cmake/cmake)
[4.205s] -- Found Python3: /usr/bin/python3 (found version "3.10.12") found components: Interpreter 
[4.397s] -- Found rosidl_default_generators: 1.2.0 (/opt/ros/humble/share/rosidl_default_generators/cmake)
[4.444s] -- Using all available rosidl_typesupport_c: rosidl_typesupport_fastrtps_c;rosidl_typesupport_introspection_c
[4.514s] -- Found rosidl_adapter: 3.1.6 (/opt/ros/humble/share/rosidl_adapter/cmake)
[4.759s] -- Using all available rosidl_typesupport_cpp: rosidl_typesupport_fastrtps_cpp;rosidl_typesupport_introspection_cpp
[5.672s] -- Found ament_cmake_ros: 0.10.0 (/opt/ros/humble/share/ament_cmake_ros/cmake)
[6.243s] -- Using all available rosidl_typesupport_c: rosidl_typesupport_fastrtps_c;rosidl_typesupport_introspection_c
[7.175s] -- Using all available rosidl_typesupport_cpp: rosidl_typesupport_fastrtps_cpp;rosidl_typesupport_introspection_cpp
[7.254s] -- Found PythonInterp: /usr/bin/python3 (found suitable version "3.10.12", minimum required is "3.6") 
[7.258s] -- Found python_cmake_module: 0.10.0 (/opt/ros/humble/share/python_cmake_module/cmake)
[7.362s] -- Found PythonLibs: /usr/lib/aarch64-linux-gnu/libpython3.10.so (found suitable version "3.10.12", minimum required is "3.5") 
[7.363s] -- Using PYTHON_EXECUTABLE: /usr/bin/python3
[7.363s] -- Using PYTHON_INCLUDE_DIRS: /usr/include/python3.10
[7.364s] -- Using PYTHON_LIBRARIES: /usr/lib/aarch64-linux-gnu/libpython3.10.so
[7.684s] -- Found PythonExtra: .so  
[8.134s] -- Found ament_lint_auto: 0.12.12 (/opt/ros/humble/share/ament_lint_auto/cmake)
[8.302s] -- Added test 'copyright' to check source files copyright and LICENSE
[8.314s] -- Added test 'lint_cmake' to check CMake code style
[8.320s] -- Added test 'xmllint' to check XML markup files
[8.333s] -- Configuring done
[8.535s] -- Generating done
[8.594s] -- Build files have been written to: /home/orangepi/ros2_workspace/auto_car/build/car_interface
[8.633s] Invoked command in '/home/orangepi/ros2_workspace/auto_car/build/car_interface' returned '0': CMAKE_PREFIX_PATH=${CMAKE_PREFIX_PATH}:/root/lanhailidar_ros_ws/install/scan_subscriber:/opt/ros/humble /usr/bin/cmake /home/orangepi/ros2_workspace/auto_car/src/car_interface -DCMAKE_INSTALL_PREFIX=/home/orangepi/ros2_workspace/auto_car/install
[8.634s] Invoking command in '/home/orangepi/ros2_workspace/auto_car/build/car_interface': CMAKE_PREFIX_PATH=${CMAKE_PREFIX_PATH}:/root/lanhailidar_ros_ws/install/scan_subscriber:/opt/ros/humble /usr/bin/cmake --build /home/orangepi/ros2_workspace/auto_car/build/car_interface -- -j8 -l8
[8.881s] [  1%] [34m[1mGenerating C code for ROS interfaces[0m
[9.002s] [  2%] [34m[1mGenerating C++ code for ROS interfaces[0m
[9.180s] [  2%] Built target ament_cmake_python_copy_car_interface
[11.297s] running egg_info
[11.298s] creating car_interface.egg-info
[11.299s] writing car_interface.egg-info/PKG-INFO
[11.299s] writing dependency_links to car_interface.egg-info/dependency_links.txt
[11.299s] writing top-level names to car_interface.egg-info/top_level.txt
[11.313s] writing manifest file 'car_interface.egg-info/SOURCES.txt'
[11.343s] reading manifest file 'car_interface.egg-info/SOURCES.txt'
[11.409s] writing manifest file 'car_interface.egg-info/SOURCES.txt'
[11.826s] [  2%] Built target ament_cmake_python_build_car_interface_egg
[12.442s] [  2%] Built target car_interface__cpp
[12.515s] [  4%] [34m[1mGenerating C++ type support dispatch for ROS interfaces[0m
[12.587s] [  5%] [34m[1mGenerating C++ type support for eProsima Fast-RTPS[0m
[12.606s] [  7%] [34m[1mGenerating C++ introspection for ROS interfaces[0m
[16.060s] [  8%] [32mBuilding CXX object CMakeFiles/car_interface__rosidl_typesupport_cpp.dir/rosidl_typesupport_cpp/car_interface/msg/t265_data__type_support.cpp.o[0m
[16.085s] [  9%] [32mBuilding CXX object CMakeFiles/car_interface__rosidl_typesupport_cpp.dir/rosidl_typesupport_cpp/car_interface/msg/rplidar_data__type_support.cpp.o[0m
[16.481s] [ 11%] [32mBuilding C object CMakeFiles/car_interface__rosidl_generator_c.dir/rosidl_generator_c/car_interface/msg/detail/t265_data__functions.c.o[0m
[16.615s] [ 12%] [32mBuilding C object CMakeFiles/car_interface__rosidl_generator_c.dir/rosidl_generator_c/car_interface/msg/detail/rplidar_data__functions.c.o[0m
[16.893s] [ 14%] [32mBuilding CXX object CMakeFiles/car_interface__rosidl_typesupport_introspection_cpp.dir/rosidl_typesupport_introspection_cpp/car_interface/msg/detail/t265_data__type_support.cpp.o[0m
[17.575s] [ 15%] [32mBuilding C object CMakeFiles/car_interface__rosidl_generator_c.dir/rosidl_generator_c/car_interface/msg/detail/motor_command__functions.c.o[0m
[17.685s] [ 16%] [32mBuilding C object CMakeFiles/car_interface__rosidl_generator_c.dir/rosidl_generator_c/car_interface/msg/detail/serial_data__functions.c.o[0m
[17.936s] [ 18%] [32mBuilding CXX object CMakeFiles/car_interface__rosidl_typesupport_cpp.dir/rosidl_typesupport_cpp/car_interface/srv/laser_open_service__type_support.cpp.o[0m
[17.951s] [ 19%] [32mBuilding C object CMakeFiles/car_interface__rosidl_generator_c.dir/rosidl_generator_c/car_interface/srv/detail/laser_open_service__functions.c.o[0m
[17.957s] [ 21%] [32mBuilding CXX object CMakeFiles/car_interface__rosidl_typesupport_cpp.dir/rosidl_typesupport_cpp/car_interface/msg/serial_data__type_support.cpp.o[0m
[17.987s] [ 22%] [32mBuilding CXX object CMakeFiles/car_interface__rosidl_typesupport_introspection_cpp.dir/rosidl_typesupport_introspection_cpp/car_interface/msg/detail/rplidar_data__type_support.cpp.o[0m
[18.217s] [ 23%] [32mBuilding C object CMakeFiles/car_interface__rosidl_generator_c.dir/rosidl_generator_c/car_interface/srv/detail/send_command__functions.c.o[0m
[18.670s] [ 25%] [32m[1mLinking C shared library libcar_interface__rosidl_generator_c.so[0m
[19.122s] [ 26%] [32mBuilding CXX object CMakeFiles/car_interface__rosidl_typesupport_fastrtps_cpp.dir/rosidl_typesupport_fastrtps_cpp/car_interface/msg/detail/dds_fastrtps/t265_data__type_support.cpp.o[0m
[19.432s] [ 26%] Built target car_interface__rosidl_generator_c
[20.190s] [ 28%] [32mBuilding CXX object CMakeFiles/car_interface__rosidl_typesupport_cpp.dir/rosidl_typesupport_cpp/car_interface/srv/send_command__type_support.cpp.o[0m
[20.954s] [ 29%] [32mBuilding CXX object CMakeFiles/car_interface__rosidl_typesupport_introspection_cpp.dir/rosidl_typesupport_introspection_cpp/car_interface/msg/detail/serial_data__type_support.cpp.o[0m
[21.062s] [ 30%] [32mBuilding CXX object CMakeFiles/car_interface__rosidl_typesupport_fastrtps_cpp.dir/rosidl_typesupport_fastrtps_cpp/car_interface/msg/detail/dds_fastrtps/rplidar_data__type_support.cpp.o[0m
[21.633s] [ 32%] [32mBuilding CXX object CMakeFiles/car_interface__rosidl_typesupport_cpp.dir/rosidl_typesupport_cpp/car_interface/msg/motor_command__type_support.cpp.o[0m
[23.242s] [ 33%] [32mBuilding CXX object CMakeFiles/car_interface__rosidl_typesupport_fastrtps_cpp.dir/rosidl_typesupport_fastrtps_cpp/car_interface/msg/detail/dds_fastrtps/motor_command__type_support.cpp.o[0m
[23.316s] [ 35%] [32m[1mLinking CXX shared library libcar_interface__rosidl_typesupport_cpp.so[0m
[23.405s] [ 36%] [32mBuilding CXX object CMakeFiles/car_interface__rosidl_typesupport_introspection_cpp.dir/rosidl_typesupport_introspection_cpp/car_interface/srv/detail/laser_open_service__type_support.cpp.o[0m
[23.606s] [ 36%] Built target car_interface__rosidl_typesupport_cpp
[24.492s] [ 38%] [32mBuilding CXX object CMakeFiles/car_interface__rosidl_typesupport_introspection_cpp.dir/rosidl_typesupport_introspection_cpp/car_interface/srv/detail/send_command__type_support.cpp.o[0m
[25.770s] [ 39%] [32mBuilding CXX object CMakeFiles/car_interface__rosidl_typesupport_fastrtps_cpp.dir/rosidl_typesupport_fastrtps_cpp/car_interface/srv/detail/dds_fastrtps/laser_open_service__type_support.cpp.o[0m
[26.331s] [ 40%] [32mBuilding CXX object CMakeFiles/car_interface__rosidl_typesupport_introspection_cpp.dir/rosidl_typesupport_introspection_cpp/car_interface/msg/detail/motor_command__type_support.cpp.o[0m
[27.192s] [ 42%] [32mBuilding CXX object CMakeFiles/car_interface__rosidl_typesupport_fastrtps_cpp.dir/rosidl_typesupport_fastrtps_cpp/car_interface/srv/detail/dds_fastrtps/send_command__type_support.cpp.o[0m
[27.379s] [ 43%] [32m[1mLinking CXX shared library libcar_interface__rosidl_typesupport_introspection_cpp.so[0m
[27.637s] [ 43%] Built target car_interface__rosidl_typesupport_introspection_cpp
[28.165s] [ 45%] [32mBuilding CXX object CMakeFiles/car_interface__rosidl_typesupport_fastrtps_cpp.dir/rosidl_typesupport_fastrtps_cpp/car_interface/msg/detail/dds_fastrtps/serial_data__type_support.cpp.o[0m
[29.000s] [ 46%] [32m[1mLinking CXX shared library libcar_interface__rosidl_typesupport_fastrtps_cpp.so[0m
[29.656s] [ 46%] Built target car_interface__rosidl_typesupport_fastrtps_cpp
[29.726s] [ 47%] [34m[1mGenerating C type support dispatch for ROS interfaces[0m
[32.774s] [ 49%] [32mBuilding CXX object CMakeFiles/car_interface__rosidl_typesupport_c.dir/rosidl_typesupport_c/car_interface/msg/t265_data__type_support.cpp.o[0m
[32.933s] [ 50%] [32mBuilding CXX object CMakeFiles/car_interface__rosidl_typesupport_c.dir/rosidl_typesupport_c/car_interface/srv/send_command__type_support.cpp.o[0m
[33.085s] [ 52%] [32mBuilding CXX object CMakeFiles/car_interface__rosidl_typesupport_c.dir/rosidl_typesupport_c/car_interface/srv/laser_open_service__type_support.cpp.o[0m
[33.275s] [ 53%] [32mBuilding CXX object CMakeFiles/car_interface__rosidl_typesupport_c.dir/rosidl_typesupport_c/car_interface/msg/serial_data__type_support.cpp.o[0m
[33.433s] [ 54%] [32mBuilding CXX object CMakeFiles/car_interface__rosidl_typesupport_c.dir/rosidl_typesupport_c/car_interface/msg/motor_command__type_support.cpp.o[0m
[33.549s] [ 56%] [32mBuilding CXX object CMakeFiles/car_interface__rosidl_typesupport_c.dir/rosidl_typesupport_c/car_interface/msg/rplidar_data__type_support.cpp.o[0m
[33.625s] [ 57%] [32m[1mLinking CXX shared library libcar_interface__rosidl_typesupport_c.so[0m
[33.897s] [ 57%] Built target car_interface__rosidl_typesupport_c
[33.972s] [ 59%] [34m[1mGenerating C introspection for ROS interfaces[0m
[35.613s] [ 60%] [32mBuilding C object CMakeFiles/car_interface__rosidl_typesupport_introspection_c.dir/rosidl_typesupport_introspection_c/car_interface/msg/detail/t265_data__type_support.c.o[0m
[35.726s] [ 61%] [32mBuilding C object CMakeFiles/car_interface__rosidl_typesupport_introspection_c.dir/rosidl_typesupport_introspection_c/car_interface/srv/detail/send_command__type_support.c.o[0m
[35.939s] [ 63%] [32mBuilding C object CMakeFiles/car_interface__rosidl_typesupport_introspection_c.dir/rosidl_typesupport_introspection_c/car_interface/srv/detail/laser_open_service__type_support.c.o[0m
[36.222s] [ 64%] [32mBuilding C object CMakeFiles/car_interface__rosidl_typesupport_introspection_c.dir/rosidl_typesupport_introspection_c/car_interface/msg/detail/serial_data__type_support.c.o[0m
[36.345s] [ 66%] [32mBuilding C object CMakeFiles/car_interface__rosidl_typesupport_introspection_c.dir/rosidl_typesupport_introspection_c/car_interface/msg/detail/motor_command__type_support.c.o[0m
[36.428s] [ 67%] [32mBuilding C object CMakeFiles/car_interface__rosidl_typesupport_introspection_c.dir/rosidl_typesupport_introspection_c/car_interface/msg/detail/rplidar_data__type_support.c.o[0m
[36.597s] [ 69%] [32m[1mLinking C shared library libcar_interface__rosidl_typesupport_introspection_c.so[0m
[36.739s] [ 69%] Built target car_interface__rosidl_typesupport_introspection_c
[36.788s] [ 70%] [34m[1mGenerating C type support for eProsima Fast-RTPS[0m
[39.474s] [ 71%] [32mBuilding CXX object CMakeFiles/car_interface__rosidl_typesupport_fastrtps_c.dir/rosidl_typesupport_fastrtps_c/car_interface/msg/detail/t265_data__type_support_c.cpp.o[0m
[153.166s] [ 73%] [32mBuilding CXX object CMakeFiles/car_interface__rosidl_typesupport_fastrtps_c.dir/rosidl_typesupport_fastrtps_c/car_interface/srv/detail/send_command__type_support_c.cpp.o[0m
[158.146s] [ 74%] [32mBuilding CXX object CMakeFiles/car_interface__rosidl_typesupport_fastrtps_c.dir/rosidl_typesupport_fastrtps_c/car_interface/srv/detail/laser_open_service__type_support_c.cpp.o[0m
[158.791s] [ 76%] [32mBuilding CXX object CMakeFiles/car_interface__rosidl_typesupport_fastrtps_c.dir/rosidl_typesupport_fastrtps_c/car_interface/msg/detail/serial_data__type_support_c.cpp.o[0m
[159.282s] [ 77%] [32mBuilding CXX object CMakeFiles/car_interface__rosidl_typesupport_fastrtps_c.dir/rosidl_typesupport_fastrtps_c/car_interface/msg/detail/motor_command__type_support_c.cpp.o[0m
[159.819s] [ 78%] [32mBuilding CXX object CMakeFiles/car_interface__rosidl_typesupport_fastrtps_c.dir/rosidl_typesupport_fastrtps_c/car_interface/msg/detail/rplidar_data__type_support_c.cpp.o[0m
[160.333s] [ 80%] [32m[1mLinking CXX shared library libcar_interface__rosidl_typesupport_fastrtps_c.so[0m
[160.470s] [ 80%] Built target car_interface__rosidl_typesupport_fastrtps_c
[160.516s] [ 80%] Built target car_interface
[160.668s] [ 81%] [34m[1mGenerating Python code for ROS interfaces[0m
[165.427s] [ 81%] Built target car_interface__py
[165.528s] [ 83%] [32mBuilding C object CMakeFiles/car_interface__rosidl_generator_py.dir/rosidl_generator_py/car_interface/msg/_t265_data_s.c.o[0m
[165.887s] [ 84%] [32mBuilding C object CMakeFiles/car_interface__rosidl_generator_py.dir/rosidl_generator_py/car_interface/srv/_send_command_s.c.o[0m
[166.124s] [ 85%] [32mBuilding C object CMakeFiles/car_interface__rosidl_generator_py.dir/rosidl_generator_py/car_interface/srv/_laser_open_service_s.c.o[0m
[166.388s] [ 87%] [32mBuilding C object CMakeFiles/car_interface__rosidl_generator_py.dir/rosidl_generator_py/car_interface/msg/_serial_data_s.c.o[0m
[166.630s] [ 88%] [32mBuilding C object CMakeFiles/car_interface__rosidl_generator_py.dir/rosidl_generator_py/car_interface/msg/_motor_command_s.c.o[0m
[166.908s] [ 90%] [32mBuilding C object CMakeFiles/car_interface__rosidl_generator_py.dir/rosidl_generator_py/car_interface/msg/_rplidar_data_s.c.o[0m
[167.348s] [ 91%] [32m[1mLinking C shared library rosidl_generator_py/car_interface/libcar_interface__rosidl_generator_py.so[0m
[167.438s] [ 91%] Built target car_interface__rosidl_generator_py
[167.526s] [ 92%] [32mBuilding C object CMakeFiles/car_interface__rosidl_typesupport_fastrtps_c__pyext.dir/rosidl_generator_py/car_interface/_car_interface_s.ep.rosidl_typesupport_fastrtps_c.c.o[0m
[167.920s] [ 94%] [32m[1mLinking C shared library rosidl_generator_py/car_interface/car_interface_s__rosidl_typesupport_fastrtps_c.cpython-310-aarch64-linux-gnu.so[0m
[168.263s] [ 94%] Built target car_interface__rosidl_typesupport_fastrtps_c__pyext
[168.350s] [ 95%] [32mBuilding C object CMakeFiles/car_interface__rosidl_typesupport_c__pyext.dir/rosidl_generator_py/car_interface/_car_interface_s.ep.rosidl_typesupport_c.c.o[0m
[168.713s] [ 97%] [32m[1mLinking C shared library rosidl_generator_py/car_interface/car_interface_s__rosidl_typesupport_c.cpython-310-aarch64-linux-gnu.so[0m
[168.842s] [ 97%] Built target car_interface__rosidl_typesupport_c__pyext
[168.915s] [ 98%] [32mBuilding C object CMakeFiles/car_interface__rosidl_typesupport_introspection_c__pyext.dir/rosidl_generator_py/car_interface/_car_interface_s.ep.rosidl_typesupport_introspection_c.c.o[0m
[169.281s] [100%] [32m[1mLinking C shared library rosidl_generator_py/car_interface/car_interface_s__rosidl_typesupport_introspection_c.cpython-310-aarch64-linux-gnu.so[0m
[169.402s] [100%] Built target car_interface__rosidl_typesupport_introspection_c__pyext
