[2.536s] Invoking command in '/home/orangepi/ros2_workspace/auto_car/src/nav2_t265_demo': PYTHONPATH=/home/orangepi/ros2_workspace/auto_car/build/nav2_t265_demo/prefix_override:/usr/lib/python3/dist-packages/colcon_core/task/python/colcon_distutils_commands:/home/orangepi/ros2_workspace/auto_car/install/lib/python3.10/site-packages:${PYTHONPATH} /usr/bin/python3 -W ignore:setup.py install is deprecated -W ignore:easy_install command is deprecated setup.py egg_info --egg-base ../../build/nav2_t265_demo build --build-base /home/orangepi/ros2_workspace/auto_car/build/nav2_t265_demo/build install --record /home/orangepi/ros2_workspace/auto_car/build/nav2_t265_demo/install.log --single-version-externally-managed install_data
[3.656s] running egg_info
[3.657s] writing ../../build/nav2_t265_demo/nav2_t265_demo.egg-info/PKG-INFO
[3.657s] writing dependency_links to ../../build/nav2_t265_demo/nav2_t265_demo.egg-info/dependency_links.txt
[3.664s] writing entry points to ../../build/nav2_t265_demo/nav2_t265_demo.egg-info/entry_points.txt
[3.665s] writing requirements to ../../build/nav2_t265_demo/nav2_t265_demo.egg-info/requires.txt
[3.666s] writing top-level names to ../../build/nav2_t265_demo/nav2_t265_demo.egg-info/top_level.txt
[3.671s] reading manifest file '../../build/nav2_t265_demo/nav2_t265_demo.egg-info/SOURCES.txt'
[3.672s] writing manifest file '../../build/nav2_t265_demo/nav2_t265_demo.egg-info/SOURCES.txt'
[3.672s] running build
[3.672s] running build_py
[3.673s] running install
[3.674s] running install_lib
[3.678s] running install_data
[3.678s] running install_egg_info
[3.682s] removing '/home/orangepi/ros2_workspace/auto_car/install/lib/python3.10/site-packages/nav2_t265_demo-0.0.0-py3.10.egg-info' (and everything under it)
[3.683s] Copying ../../build/nav2_t265_demo/nav2_t265_demo.egg-info to /home/orangepi/ros2_workspace/auto_car/install/lib/python3.10/site-packages/nav2_t265_demo-0.0.0-py3.10.egg-info
[3.685s] running install_scripts
[3.721s] Installing nav_client script to /home/orangepi/ros2_workspace/auto_car/install/lib/nav2_t265_demo
[3.722s] writing list of installed files to '/home/orangepi/ros2_workspace/auto_car/build/nav2_t265_demo/install.log'
[3.815s] Invoked command in '/home/orangepi/ros2_workspace/auto_car/src/nav2_t265_demo' returned '0': PYTHONPATH=/home/orangepi/ros2_workspace/auto_car/build/nav2_t265_demo/prefix_override:/usr/lib/python3/dist-packages/colcon_core/task/python/colcon_distutils_commands:/home/orangepi/ros2_workspace/auto_car/install/lib/python3.10/site-packages:${PYTHONPATH} /usr/bin/python3 -W ignore:setup.py install is deprecated -W ignore:easy_install command is deprecated setup.py egg_info --egg-base ../../build/nav2_t265_demo build --build-base /home/orangepi/ros2_workspace/auto_car/build/nav2_t265_demo/build install --record /home/orangepi/ros2_workspace/auto_car/build/nav2_t265_demo/install.log --single-version-externally-managed install_data
