[1.025s] Invoking command in '/home/orangepi/ros2_workspace/auto_car/build/ros2_mpu6050': CMAKE_PREFIX_PATH=${CMAKE_PREFIX_PATH}:/root/lanhailidar_ros_ws/install/scan_subscriber:/opt/ros/humble /usr/bin/cmake --build /home/orangepi/ros2_workspace/auto_car/build/ros2_mpu6050 -- -j8 -l8
[1.173s] [ 50%] Built target ros2_mpu6050_calibrate
[1.189s] [100%] Built target ros2_mpu6050
[1.483s] Invoked command in '/home/orangepi/ros2_workspace/auto_car/build/ros2_mpu6050' returned '0': CMAKE_PREFIX_PATH=${CMAKE_PREFIX_PATH}:/root/lanhailidar_ros_ws/install/scan_subscriber:/opt/ros/humble /usr/bin/cmake --build /home/orangepi/ros2_workspace/auto_car/build/ros2_mpu6050 -- -j8 -l8
[1.489s] Invoking command in '/home/orangepi/ros2_workspace/auto_car/build/ros2_mpu6050': CMAKE_PREFIX_PATH=${CMAKE_PREFIX_PATH}:/root/lanhailidar_ros_ws/install/scan_subscriber:/opt/ros/humble /usr/bin/cmake --install /home/orangepi/ros2_workspace/auto_car/build/ros2_mpu6050
[1.512s] -- Install configuration: ""
[1.514s] -- Up-to-date: /home/orangepi/ros2_workspace/auto_car/install/include/include
[1.514s] -- Up-to-date: /home/orangepi/ros2_workspace/auto_car/install/include/include/ros2_mpu6050
[1.515s] -- Up-to-date: /home/orangepi/ros2_workspace/auto_car/install/include/include/ros2_mpu6050/mpu6050.h
[1.516s] -- Up-to-date: /home/orangepi/ros2_workspace/auto_car/install/include/include/ros2_mpu6050/mpu6050_node.h
[1.520s] -- Up-to-date: /home/orangepi/ros2_workspace/auto_car/install/include/include/ros2_mpu6050/mpu6050_hal.h
[1.521s] -- Up-to-date: /home/orangepi/ros2_workspace/auto_car/install/lib/ros2_mpu6050/ros2_mpu6050
[1.522s] -- Up-to-date: /home/orangepi/ros2_workspace/auto_car/install/lib/ros2_mpu6050/ros2_mpu6050_calibrate
[1.522s] -- Up-to-date: /home/orangepi/ros2_workspace/auto_car/install/share/ros2_mpu6050/config
[1.523s] -- Up-to-date: /home/orangepi/ros2_workspace/auto_car/install/share/ros2_mpu6050/config/params.yaml
[1.523s] -- Up-to-date: /home/orangepi/ros2_workspace/auto_car/install/share/ros2_mpu6050/launch
[1.524s] -- Up-to-date: /home/orangepi/ros2_workspace/auto_car/install/share/ros2_mpu6050/launch/ros2_mpu6050.launch.py
[1.524s] -- Up-to-date: /home/orangepi/ros2_workspace/auto_car/install/share/ament_index/resource_index/package_run_dependencies/ros2_mpu6050
[1.524s] -- Up-to-date: /home/orangepi/ros2_workspace/auto_car/install/share/ament_index/resource_index/parent_prefix_path/ros2_mpu6050
[1.525s] -- Up-to-date: /home/orangepi/ros2_workspace/auto_car/install/share/ros2_mpu6050/environment/ament_prefix_path.sh
[1.525s] -- Up-to-date: /home/orangepi/ros2_workspace/auto_car/install/share/ros2_mpu6050/environment/ament_prefix_path.dsv
[1.526s] -- Up-to-date: /home/orangepi/ros2_workspace/auto_car/install/share/ros2_mpu6050/environment/path.sh
[1.526s] -- Up-to-date: /home/orangepi/ros2_workspace/auto_car/install/share/ros2_mpu6050/environment/path.dsv
[1.527s] -- Up-to-date: /home/orangepi/ros2_workspace/auto_car/install/share/ros2_mpu6050/local_setup.bash
[1.527s] -- Up-to-date: /home/orangepi/ros2_workspace/auto_car/install/share/ros2_mpu6050/local_setup.sh
[1.527s] -- Up-to-date: /home/orangepi/ros2_workspace/auto_car/install/share/ros2_mpu6050/local_setup.zsh
[1.529s] -- Up-to-date: /home/orangepi/ros2_workspace/auto_car/install/share/ros2_mpu6050/local_setup.dsv
[1.530s] -- Installing: /home/orangepi/ros2_workspace/auto_car/install/share/ros2_mpu6050/package.dsv
[1.531s] -- Up-to-date: /home/orangepi/ros2_workspace/auto_car/install/share/ament_index/resource_index/packages/ros2_mpu6050
[1.533s] -- Up-to-date: /home/orangepi/ros2_workspace/auto_car/install/share/ros2_mpu6050/cmake/ros2_mpu6050Config.cmake
[1.534s] -- Up-to-date: /home/orangepi/ros2_workspace/auto_car/install/share/ros2_mpu6050/cmake/ros2_mpu6050Config-version.cmake
[1.535s] -- Up-to-date: /home/orangepi/ros2_workspace/auto_car/install/share/ros2_mpu6050/package.xml
[2.737s] Invoked command in '/home/orangepi/ros2_workspace/auto_car/build/ros2_mpu6050' returned '0': CMAKE_PREFIX_PATH=${CMAKE_PREFIX_PATH}:/root/lanhailidar_ros_ws/install/scan_subscriber:/opt/ros/humble /usr/bin/cmake --install /home/orangepi/ros2_workspace/auto_car/build/ros2_mpu6050
