[2.126s] Invoking command in '/home/orangepi/ros2_workspace/auto_car/src/nav2_t265_demo': PYTHONPATH=/home/orangepi/ros2_workspace/auto_car/build/nav2_t265_demo/prefix_override:/usr/lib/python3/dist-packages/colcon_core/task/python/colcon_distutils_commands:/home/orangepi/ros2_workspace/auto_car/install/lib/python3.10/site-packages:${PYTHONPATH} /usr/bin/python3 -W ignore:setup.py install is deprecated -W ignore:easy_install command is deprecated setup.py egg_info --egg-base ../../build/nav2_t265_demo build --build-base /home/orangepi/ros2_workspace/auto_car/build/nav2_t265_demo/build install --record /home/orangepi/ros2_workspace/auto_car/build/nav2_t265_demo/install.log --single-version-externally-managed install_data
[2.435s] running egg_info
[2.437s] writing ../../build/nav2_t265_demo/nav2_t265_demo.egg-info/PKG-INFO
[2.437s] writing dependency_links to ../../build/nav2_t265_demo/nav2_t265_demo.egg-info/dependency_links.txt
[2.444s] writing entry points to ../../build/nav2_t265_demo/nav2_t265_demo.egg-info/entry_points.txt
[2.445s] writing requirements to ../../build/nav2_t265_demo/nav2_t265_demo.egg-info/requires.txt
[2.447s] writing top-level names to ../../build/nav2_t265_demo/nav2_t265_demo.egg-info/top_level.txt
[2.457s] reading manifest file '../../build/nav2_t265_demo/nav2_t265_demo.egg-info/SOURCES.txt'
[2.463s] writing manifest file '../../build/nav2_t265_demo/nav2_t265_demo.egg-info/SOURCES.txt'
[2.463s] running build
[2.471s] running build_py
[2.471s] running install
[2.473s] running install_lib
[2.473s] running install_data
[2.474s] running install_egg_info
[2.475s] removing '/home/orangepi/ros2_workspace/auto_car/install/lib/python3.10/site-packages/nav2_t265_demo-0.0.0-py3.10.egg-info' (and everything under it)
[2.476s] Copying ../../build/nav2_t265_demo/nav2_t265_demo.egg-info to /home/orangepi/ros2_workspace/auto_car/install/lib/python3.10/site-packages/nav2_t265_demo-0.0.0-py3.10.egg-info
[2.477s] running install_scripts
[2.508s] Installing nav_client script to /home/orangepi/ros2_workspace/auto_car/install/lib/nav2_t265_demo
[2.509s] writing list of installed files to '/home/orangepi/ros2_workspace/auto_car/build/nav2_t265_demo/install.log'
[3.319s] Invoked command in '/home/orangepi/ros2_workspace/auto_car/src/nav2_t265_demo' returned '0': PYTHONPATH=/home/orangepi/ros2_workspace/auto_car/build/nav2_t265_demo/prefix_override:/usr/lib/python3/dist-packages/colcon_core/task/python/colcon_distutils_commands:/home/orangepi/ros2_workspace/auto_car/install/lib/python3.10/site-packages:${PYTHONPATH} /usr/bin/python3 -W ignore:setup.py install is deprecated -W ignore:easy_install command is deprecated setup.py egg_info --egg-base ../../build/nav2_t265_demo build --build-base /home/orangepi/ros2_workspace/auto_car/build/nav2_t265_demo/build install --record /home/orangepi/ros2_workspace/auto_car/build/nav2_t265_demo/install.log --single-version-externally-managed install_data
