[1.822s] Invoking command in '/home/orangepi/ros2_workspace/auto_car/src/car_launch': PYTHONPATH=/home/orangepi/ros2_workspace/auto_car/build/car_launch/prefix_override:/usr/lib/python3/dist-packages/colcon_core/task/python/colcon_distutils_commands:/home/orangepi/ros2_workspace/auto_car/install/lib/python3.10/site-packages:${PYTHONPATH} /usr/bin/python3 -W ignore:setup.py install is deprecated -W ignore:easy_install command is deprecated setup.py egg_info --egg-base ../../build/car_launch build --build-base /home/orangepi/ros2_workspace/auto_car/build/car_launch/build install --record /home/orangepi/ros2_workspace/auto_car/build/car_launch/install.log --single-version-externally-managed install_data
[2.164s] running egg_info
[2.166s] writing ../../build/car_launch/car_launch.egg-info/PKG-INFO
[2.167s] writing dependency_links to ../../build/car_launch/car_launch.egg-info/dependency_links.txt
[2.173s] writing entry points to ../../build/car_launch/car_launch.egg-info/entry_points.txt
[2.175s] writing requirements to ../../build/car_launch/car_launch.egg-info/requires.txt
[2.180s] writing top-level names to ../../build/car_launch/car_launch.egg-info/top_level.txt
[2.193s] reading manifest file '../../build/car_launch/car_launch.egg-info/SOURCES.txt'
[2.198s] writing manifest file '../../build/car_launch/car_launch.egg-info/SOURCES.txt'
[2.199s] running build
[2.200s] running build_py
[2.200s] running install
[2.202s] running install_lib
[2.208s] running install_data
[2.209s] running install_egg_info
[2.218s] removing '/home/orangepi/ros2_workspace/auto_car/install/lib/python3.10/site-packages/car_launch-0.0.0-py3.10.egg-info' (and everything under it)
[2.219s] Copying ../../build/car_launch/car_launch.egg-info to /home/orangepi/ros2_workspace/auto_car/install/lib/python3.10/site-packages/car_launch-0.0.0-py3.10.egg-info
[2.223s] running install_scripts
[2.259s] Installing motor_controller script to /home/orangepi/ros2_workspace/auto_car/install/lib/car_launch
[2.260s] Installing t265 script to /home/orangepi/ros2_workspace/auto_car/install/lib/car_launch
[2.266s] Installing t265_uart script to /home/orangepi/ros2_workspace/auto_car/install/lib/car_launch
[2.270s] Installing uart_driver script to /home/orangepi/ros2_workspace/auto_car/install/lib/car_launch
[2.274s] writing list of installed files to '/home/orangepi/ros2_workspace/auto_car/build/car_launch/install.log'
[3.897s] Invoked command in '/home/orangepi/ros2_workspace/auto_car/src/car_launch' returned '0': PYTHONPATH=/home/orangepi/ros2_workspace/auto_car/build/car_launch/prefix_override:/usr/lib/python3/dist-packages/colcon_core/task/python/colcon_distutils_commands:/home/orangepi/ros2_workspace/auto_car/install/lib/python3.10/site-packages:${PYTHONPATH} /usr/bin/python3 -W ignore:setup.py install is deprecated -W ignore:easy_install command is deprecated setup.py egg_info --egg-base ../../build/car_launch build --build-base /home/orangepi/ros2_workspace/auto_car/build/car_launch/build install --record /home/orangepi/ros2_workspace/auto_car/build/car_launch/install.log --single-version-externally-managed install_data
