running egg_info
writing ../../build/car_setup/car_setup.egg-info/PKG-INFO
writing dependency_links to ../../build/car_setup/car_setup.egg-info/dependency_links.txt
writing entry points to ../../build/car_setup/car_setup.egg-info/entry_points.txt
writing requirements to ../../build/car_setup/car_setup.egg-info/requires.txt
writing top-level names to ../../build/car_setup/car_setup.egg-info/top_level.txt
reading manifest file '../../build/car_setup/car_setup.egg-info/SOURCES.txt'
writing manifest file '../../build/car_setup/car_setup.egg-info/SOURCES.txt'
running build
running build_py
running install
running install_lib
running install_data
running install_egg_info
removing '/home/orangepi/ros2_workspace/auto_car/install/lib/python3.10/site-packages/car_setup-0.0.0-py3.10.egg-info' (and everything under it)
Copying ../../build/car_setup/car_setup.egg-info to /home/orangepi/ros2_workspace/auto_car/install/lib/python3.10/site-packages/car_setup-0.0.0-py3.10.egg-info
running install_scripts
Installing camer script to /home/orangepi/ros2_workspace/auto_car/install/lib/car_setup
Installing motor_controller script to /home/orangepi/ros2_workspace/auto_car/install/lib/car_setup
Installing t265 script to /home/orangepi/ros2_workspace/auto_car/install/lib/car_setup
Installing t265_uart script to /home/orangepi/ros2_workspace/auto_car/install/lib/car_setup
Installing uart_driver script to /home/orangepi/ros2_workspace/auto_car/install/lib/car_setup
Installing uart_receiver0 script to /home/orangepi/ros2_workspace/auto_car/install/lib/car_setup
Installing uart_receiver1 script to /home/orangepi/ros2_workspace/auto_car/install/lib/car_setup
Installing uart_receiver2 script to /home/orangepi/ros2_workspace/auto_car/install/lib/car_setup
Installing uart_receiver3 script to /home/orangepi/ros2_workspace/auto_car/install/lib/car_setup
Installing uart_receiver4 script to /home/orangepi/ros2_workspace/auto_car/install/lib/car_setup
Installing uart_sender0 script to /home/orangepi/ros2_workspace/auto_car/install/lib/car_setup
Installing uart_sender1 script to /home/orangepi/ros2_workspace/auto_car/install/lib/car_setup
Installing uart_sender2 script to /home/orangepi/ros2_workspace/auto_car/install/lib/car_setup
Installing uart_sender3 script to /home/orangepi/ros2_workspace/auto_car/install/lib/car_setup
Installing uart_sender4 script to /home/orangepi/ros2_workspace/auto_car/install/lib/car_setup
writing list of installed files to '/home/orangepi/ros2_workspace/auto_car/build/car_setup/install.log'
