running egg_info
writing ../../build/nav2_t265_pyrealsense/nav2_t265_pyrealsense.egg-info/PKG-INFO
writing dependency_links to ../../build/nav2_t265_pyrealsense/nav2_t265_pyrealsense.egg-info/dependency_links.txt
writing entry points to ../../build/nav2_t265_pyrealsense/nav2_t265_pyrealsense.egg-info/entry_points.txt
writing requirements to ../../build/nav2_t265_pyrealsense/nav2_t265_pyrealsense.egg-info/requires.txt
writing top-level names to ../../build/nav2_t265_pyrealsense/nav2_t265_pyrealsense.egg-info/top_level.txt
reading manifest file '../../build/nav2_t265_pyrealsense/nav2_t265_pyrealsense.egg-info/SOURCES.txt'
writing manifest file '../../build/nav2_t265_pyrealsense/nav2_t265_pyrealsense.egg-info/SOURCES.txt'
running build
running build_py
running install
running install_lib
running install_data
running install_egg_info
removing '/home/orangepi/ros2_workspace/auto_car/install/lib/python3.10/site-packages/nav2_t265_pyrealsense-0.0.0-py3.10.egg-info' (and everything under it)
Copying ../../build/nav2_t265_pyrealsense/nav2_t265_pyrealsense.egg-info to /home/orangepi/ros2_workspace/auto_car/install/lib/python3.10/site-packages/nav2_t265_pyrealsense-0.0.0-py3.10.egg-info
running install_scripts
Installing nav2_client script to /home/orangepi/ros2_workspace/auto_car/install/lib/nav2_t265_pyrealsense
Installing t265_driver script to /home/orangepi/ros2_workspace/auto_car/install/lib/nav2_t265_pyrealsense
writing list of installed files to '/home/orangepi/ros2_workspace/auto_car/build/nav2_t265_pyrealsense/install.log'
