[3.784s] Invoking command in '/home/orangepi/ros2_workspace/auto_car/src/uart_comm_py': PYTHONPATH=/home/orangepi/ros2_workspace/auto_car/build/uart_comm_py/prefix_override:/usr/lib/python3/dist-packages/colcon_core/task/python/colcon_distutils_commands:/home/orangepi/ros2_workspace/auto_car/install/lib/python3.10/site-packages:/home/orangepi/ros2_workspace/auto_car/install/lib/python3.10/site-packages:/home/orangepi/ros2_workspace/auto_car/install/local/lib/python3.10/dist-packages:/root/lanhailidar_ros_ws/install/scan_subscriber/lib/python3.10/site-packages:/root/lanhailidar_ros_ws/install/base/local/lib/python3.10/dist-packages:/opt/ros/humble/lib/python3.10/site-packages:/opt/ros/humble/local/lib/python3.10/dist-packages /usr/bin/python3 -W ignore:setup.py install is deprecated -W ignore:easy_install command is deprecated setup.py egg_info --egg-base ../../build/uart_comm_py build --build-base /home/orangepi/ros2_workspace/auto_car/build/uart_comm_py/build install --record /home/orangepi/ros2_workspace/auto_car/build/uart_comm_py/install.log --single-version-externally-managed install_data
[4.897s] running egg_info
[4.898s] creating ../../build/uart_comm_py/uart_comm_py.egg-info
[4.900s] writing ../../build/uart_comm_py/uart_comm_py.egg-info/PKG-INFO
[4.901s] writing dependency_links to ../../build/uart_comm_py/uart_comm_py.egg-info/dependency_links.txt
[4.901s] writing entry points to ../../build/uart_comm_py/uart_comm_py.egg-info/entry_points.txt
[4.904s] writing requirements to ../../build/uart_comm_py/uart_comm_py.egg-info/requires.txt
[4.904s] writing top-level names to ../../build/uart_comm_py/uart_comm_py.egg-info/top_level.txt
[4.905s] writing manifest file '../../build/uart_comm_py/uart_comm_py.egg-info/SOURCES.txt'
[4.913s] reading manifest file '../../build/uart_comm_py/uart_comm_py.egg-info/SOURCES.txt'
[4.959s] writing manifest file '../../build/uart_comm_py/uart_comm_py.egg-info/SOURCES.txt'
[4.959s] running build
[4.960s] running build_py
[4.960s] creating /home/orangepi/ros2_workspace/auto_car/build/uart_comm_py/build
[4.961s] creating /home/orangepi/ros2_workspace/auto_car/build/uart_comm_py/build/lib
[4.961s] creating /home/orangepi/ros2_workspace/auto_car/build/uart_comm_py/build/lib/uart_comm_py
[4.962s] copying uart_comm_py/uart_node.py -> /home/orangepi/ros2_workspace/auto_car/build/uart_comm_py/build/lib/uart_comm_py
[4.968s] copying uart_comm_py/__init__.py -> /home/orangepi/ros2_workspace/auto_car/build/uart_comm_py/build/lib/uart_comm_py
[4.971s] running install
[4.973s] running install_lib
[4.976s] creating /home/orangepi/ros2_workspace/auto_car/install/lib/python3.10/site-packages/uart_comm_py
[4.978s] copying /home/orangepi/ros2_workspace/auto_car/build/uart_comm_py/build/lib/uart_comm_py/uart_node.py -> /home/orangepi/ros2_workspace/auto_car/install/lib/python3.10/site-packages/uart_comm_py
[4.980s] copying /home/orangepi/ros2_workspace/auto_car/build/uart_comm_py/build/lib/uart_comm_py/__init__.py -> /home/orangepi/ros2_workspace/auto_car/install/lib/python3.10/site-packages/uart_comm_py
[4.983s] byte-compiling /home/orangepi/ros2_workspace/auto_car/install/lib/python3.10/site-packages/uart_comm_py/uart_node.py to uart_node.cpython-310.pyc
[4.985s] byte-compiling /home/orangepi/ros2_workspace/auto_car/install/lib/python3.10/site-packages/uart_comm_py/__init__.py to __init__.cpython-310.pyc
[4.994s] running install_data
[4.996s] copying resource/uart_comm_py -> /home/orangepi/ros2_workspace/auto_car/install/share/ament_index/resource_index/packages
[4.998s] copying package.xml -> /home/orangepi/ros2_workspace/auto_car/install/share/uart_comm_py
[4.999s] creating /home/orangepi/ros2_workspace/auto_car/install/share/uart_comm_py/launch
[4.999s] copying launch/uart_launch.launch.py -> /home/orangepi/ros2_workspace/auto_car/install/share/uart_comm_py/launch
[5.000s] creating /home/orangepi/ros2_workspace/auto_car/install/share/uart_comm_py/msg
[5.001s] running install_egg_info
[5.001s] Copying ../../build/uart_comm_py/uart_comm_py.egg-info to /home/orangepi/ros2_workspace/auto_car/install/lib/python3.10/site-packages/uart_comm_py-0.0.0-py3.10.egg-info
[5.002s] running install_scripts
[5.003s] Installing uart_node script to /home/orangepi/ros2_workspace/auto_car/install/lib/uart_comm_py
[5.016s] writing list of installed files to '/home/orangepi/ros2_workspace/auto_car/build/uart_comm_py/install.log'
[5.110s] Invoked command in '/home/orangepi/ros2_workspace/auto_car/src/uart_comm_py' returned '0': PYTHONPATH=/home/orangepi/ros2_workspace/auto_car/build/uart_comm_py/prefix_override:/usr/lib/python3/dist-packages/colcon_core/task/python/colcon_distutils_commands:/home/orangepi/ros2_workspace/auto_car/install/lib/python3.10/site-packages:/home/orangepi/ros2_workspace/auto_car/install/lib/python3.10/site-packages:/home/orangepi/ros2_workspace/auto_car/install/local/lib/python3.10/dist-packages:/root/lanhailidar_ros_ws/install/scan_subscriber/lib/python3.10/site-packages:/root/lanhailidar_ros_ws/install/base/local/lib/python3.10/dist-packages:/opt/ros/humble/lib/python3.10/site-packages:/opt/ros/humble/local/lib/python3.10/dist-packages /usr/bin/python3 -W ignore:setup.py install is deprecated -W ignore:easy_install command is deprecated setup.py egg_info --egg-base ../../build/uart_comm_py build --build-base /home/orangepi/ros2_workspace/auto_car/build/uart_comm_py/build install --record /home/orangepi/ros2_workspace/auto_car/build/uart_comm_py/install.log --single-version-externally-managed install_data
