[2.551s] Invoking command in '/home/orangepi/ros2_workspace/auto_car/src/uart_comm_py': PYTHONPATH=/home/orangepi/ros2_workspace/auto_car/build/uart_comm_py/prefix_override:/usr/lib/python3/dist-packages/colcon_core/task/python/colcon_distutils_commands:/home/orangepi/ros2_workspace/auto_car/install/lib/python3.10/site-packages:/home/orangepi/ros2_workspace/auto_car/install/lib/python3.10/site-packages:/home/orangepi/ros2_workspace/auto_car/install/local/lib/python3.10/dist-packages:/root/lanhailidar_ros_ws/install/scan_subscriber/lib/python3.10/site-packages:/root/lanhailidar_ros_ws/install/base/local/lib/python3.10/dist-packages:/opt/ros/humble/lib/python3.10/site-packages:/opt/ros/humble/local/lib/python3.10/dist-packages /usr/bin/python3 -W ignore:setup.py install is deprecated -W ignore:easy_install command is deprecated setup.py egg_info --egg-base ../../build/uart_comm_py build --build-base /home/orangepi/ros2_workspace/auto_car/build/uart_comm_py/build install --record /home/orangepi/ros2_workspace/auto_car/build/uart_comm_py/install.log --single-version-externally-managed install_data
[2.933s] running egg_info
[2.933s] writing ../../build/uart_comm_py/uart_comm_py.egg-info/PKG-INFO
[2.934s] writing dependency_links to ../../build/uart_comm_py/uart_comm_py.egg-info/dependency_links.txt
[2.940s] writing entry points to ../../build/uart_comm_py/uart_comm_py.egg-info/entry_points.txt
[2.941s] writing requirements to ../../build/uart_comm_py/uart_comm_py.egg-info/requires.txt
[2.942s] writing top-level names to ../../build/uart_comm_py/uart_comm_py.egg-info/top_level.txt
[2.951s] reading manifest file '../../build/uart_comm_py/uart_comm_py.egg-info/SOURCES.txt'
[2.964s] writing manifest file '../../build/uart_comm_py/uart_comm_py.egg-info/SOURCES.txt'
[2.966s] running build
[2.966s] running build_py
[2.969s] running install
[2.971s] running install_lib
[2.978s] running install_data
[2.980s] running install_egg_info
[2.989s] removing '/home/orangepi/ros2_workspace/auto_car/install/lib/python3.10/site-packages/uart_comm_py-0.0.0-py3.10.egg-info' (and everything under it)
[2.992s] Copying ../../build/uart_comm_py/uart_comm_py.egg-info to /home/orangepi/ros2_workspace/auto_car/install/lib/python3.10/site-packages/uart_comm_py-0.0.0-py3.10.egg-info
[3.004s] running install_scripts
[3.064s] Installing uart_node script to /home/orangepi/ros2_workspace/auto_car/install/lib/uart_comm_py
[3.064s] writing list of installed files to '/home/orangepi/ros2_workspace/auto_car/build/uart_comm_py/install.log'
[3.122s] Invoked command in '/home/orangepi/ros2_workspace/auto_car/src/uart_comm_py' returned '0': PYTHONPATH=/home/orangepi/ros2_workspace/auto_car/build/uart_comm_py/prefix_override:/usr/lib/python3/dist-packages/colcon_core/task/python/colcon_distutils_commands:/home/orangepi/ros2_workspace/auto_car/install/lib/python3.10/site-packages:/home/orangepi/ros2_workspace/auto_car/install/lib/python3.10/site-packages:/home/orangepi/ros2_workspace/auto_car/install/local/lib/python3.10/dist-packages:/root/lanhailidar_ros_ws/install/scan_subscriber/lib/python3.10/site-packages:/root/lanhailidar_ros_ws/install/base/local/lib/python3.10/dist-packages:/opt/ros/humble/lib/python3.10/site-packages:/opt/ros/humble/local/lib/python3.10/dist-packages /usr/bin/python3 -W ignore:setup.py install is deprecated -W ignore:easy_install command is deprecated setup.py egg_info --egg-base ../../build/uart_comm_py build --build-base /home/orangepi/ros2_workspace/auto_car/build/uart_comm_py/build install --record /home/orangepi/ros2_workspace/auto_car/build/uart_comm_py/install.log --single-version-externally-managed install_data
