[0.042s] Invoking command in '/home/orangepi/ros2_workspace/auto_car/build/car_t265_interface': CMAKE_PREFIX_PATH=${CMAKE_PREFIX_PATH}:/root/lanhailidar_ros_ws/install/scan_subscriber:/opt/ros/humble /usr/bin/cmake --build /home/orangepi/ros2_workspace/auto_car/build/car_t265_interface -- -j8 -l8
[0.801s] [  0%] Built target ament_cmake_python_copy_car_t265_interface
[0.802s] [  1%] Built target car_t265_interface__cpp
[0.802s] [ 12%] Built target car_t265_interface__rosidl_generator_c
[0.803s] [ 23%] Built target car_t265_interface__rosidl_typesupport_fastrtps_cpp
[0.803s] [ 38%] Built target car_t265_interface__rosidl_typesupport_cpp
[0.803s] [ 45%] Built target car_t265_interface__rosidl_typesupport_introspection_cpp
[0.803s] [ 56%] Built target car_t265_interface__rosidl_typesupport_introspection_c
[0.803s] [ 67%] Built target car_t265_interface__rosidl_typesupport_fastrtps_c
[0.803s] [ 78%] Built target car_t265_interface__rosidl_typesupport_c
[0.803s] [ 78%] Built target car_t265_interface
[0.803s] [ 80%] Built target car_t265_interface__py
[0.803s] running egg_info
[0.803s] writing car_t265_interface.egg-info/PKG-INFO
[0.803s] writing dependency_links to car_t265_interface.egg-info/dependency_links.txt
[0.803s] writing top-level names to car_t265_interface.egg-info/top_level.txt
[0.804s] reading manifest file 'car_t265_interface.egg-info/SOURCES.txt'
[0.804s] writing manifest file 'car_t265_interface.egg-info/SOURCES.txt'
[0.804s] [ 89%] Built target car_t265_interface__rosidl_generator_py
[0.804s] [ 89%] Built target ament_cmake_python_build_car_t265_interface_egg
[0.805s] [ 96%] Built target car_t265_interface__rosidl_typesupport_c__pyext
[0.805s] [ 96%] Built target car_t265_interface__rosidl_typesupport_fastrtps_c__pyext
[0.805s] [100%] Built target car_t265_interface__rosidl_typesupport_introspection_c__pyext
[0.810s] Invoked command in '/home/orangepi/ros2_workspace/auto_car/build/car_t265_interface' returned '0': CMAKE_PREFIX_PATH=${CMAKE_PREFIX_PATH}:/root/lanhailidar_ros_ws/install/scan_subscriber:/opt/ros/humble /usr/bin/cmake --build /home/orangepi/ros2_workspace/auto_car/build/car_t265_interface -- -j8 -l8
[0.840s] Invoking command in '/home/orangepi/ros2_workspace/auto_car/build/car_t265_interface': CMAKE_PREFIX_PATH=${CMAKE_PREFIX_PATH}:/root/lanhailidar_ros_ws/install/scan_subscriber:/opt/ros/humble /usr/bin/cmake --install /home/orangepi/ros2_workspace/auto_car/build/car_t265_interface
[1.186s] -- Install configuration: ""
[1.186s] -- Up-to-date: /home/orangepi/ros2_workspace/auto_car/install/share/ament_index/resource_index/rosidl_interfaces/car_t265_interface
[1.186s] -- Up-to-date: /home/orangepi/ros2_workspace/auto_car/install/include/car_t265_interface/car_t265_interface
[1.186s] -- Up-to-date: /home/orangepi/ros2_workspace/auto_car/install/include/car_t265_interface/car_t265_interface/msg
[1.186s] -- Up-to-date: /home/orangepi/ros2_workspace/auto_car/install/include/car_t265_interface/car_t265_interface/msg/detail
[1.194s] -- Up-to-date: /home/orangepi/ros2_workspace/auto_car/install/include/car_t265_interface/car_t265_interface/msg/detail/motor_command__struct.h
[1.194s] -- Up-to-date: /home/orangepi/ros2_workspace/auto_car/install/include/car_t265_interface/car_t265_interface/msg/detail/serial_data__struct.h
[1.194s] -- Up-to-date: /home/orangepi/ros2_workspace/auto_car/install/include/car_t265_interface/car_t265_interface/msg/detail/t265_data__functions.h
[1.195s] -- Up-to-date: /home/orangepi/ros2_workspace/auto_car/install/include/car_t265_interface/car_t265_interface/msg/detail/serial_data__functions.h
[1.195s] -- Up-to-date: /home/orangepi/ros2_workspace/auto_car/install/include/car_t265_interface/car_t265_interface/msg/detail/motor_command__functions.c
[1.195s] -- Up-to-date: /home/orangepi/ros2_workspace/auto_car/install/include/car_t265_interface/car_t265_interface/msg/detail/motor_command__functions.h
[1.195s] -- Up-to-date: /home/orangepi/ros2_workspace/auto_car/install/include/car_t265_interface/car_t265_interface/msg/detail/t265_data__type_support.h
[1.196s] -- Up-to-date: /home/orangepi/ros2_workspace/auto_car/install/include/car_t265_interface/car_t265_interface/msg/detail/motor_command__type_support.h
[1.196s] -- Up-to-date: /home/orangepi/ros2_workspace/auto_car/install/include/car_t265_interface/car_t265_interface/msg/detail/serial_data__type_support.h
[1.196s] -- Up-to-date: /home/orangepi/ros2_workspace/auto_car/install/include/car_t265_interface/car_t265_interface/msg/detail/serial_data__functions.c
[1.196s] -- Up-to-date: /home/orangepi/ros2_workspace/auto_car/install/include/car_t265_interface/car_t265_interface/msg/detail/t265_data__struct.h
[1.197s] -- Up-to-date: /home/orangepi/ros2_workspace/auto_car/install/include/car_t265_interface/car_t265_interface/msg/detail/t265_data__functions.c
[1.197s] -- Up-to-date: /home/orangepi/ros2_workspace/auto_car/install/include/car_t265_interface/car_t265_interface/msg/motor_command.h
[1.197s] -- Up-to-date: /home/orangepi/ros2_workspace/auto_car/install/include/car_t265_interface/car_t265_interface/msg/rosidl_generator_c__visibility_control.h
[1.197s] -- Up-to-date: /home/orangepi/ros2_workspace/auto_car/install/include/car_t265_interface/car_t265_interface/msg/t265_data.h
[1.198s] -- Up-to-date: /home/orangepi/ros2_workspace/auto_car/install/include/car_t265_interface/car_t265_interface/msg/serial_data.h
[1.198s] -- Up-to-date: /home/orangepi/ros2_workspace/auto_car/install/include/car_t265_interface/car_t265_interface/srv
[1.198s] -- Up-to-date: /home/orangepi/ros2_workspace/auto_car/install/include/car_t265_interface/car_t265_interface/srv/detail
[1.198s] -- Up-to-date: /home/orangepi/ros2_workspace/auto_car/install/include/car_t265_interface/car_t265_interface/srv/detail/send_command__struct.h
[1.198s] -- Up-to-date: /home/orangepi/ros2_workspace/auto_car/install/include/car_t265_interface/car_t265_interface/srv/detail/send_command__type_support.h
[1.198s] -- Up-to-date: /home/orangepi/ros2_workspace/auto_car/install/include/car_t265_interface/car_t265_interface/srv/detail/send_command__functions.c
[1.199s] -- Up-to-date: /home/orangepi/ros2_workspace/auto_car/install/include/car_t265_interface/car_t265_interface/srv/detail/send_command__functions.h
[1.199s] -- Up-to-date: /home/orangepi/ros2_workspace/auto_car/install/include/car_t265_interface/car_t265_interface/srv/send_command.h
[1.199s] -- Up-to-date: /home/orangepi/ros2_workspace/auto_car/install/share/car_t265_interface/environment/library_path.sh
[1.199s] -- Up-to-date: /home/orangepi/ros2_workspace/auto_car/install/share/car_t265_interface/environment/library_path.dsv
[1.199s] -- Up-to-date: /home/orangepi/ros2_workspace/auto_car/install/lib/libcar_t265_interface__rosidl_generator_c.so
[1.199s] -- Up-to-date: /home/orangepi/ros2_workspace/auto_car/install/include/car_t265_interface/car_t265_interface
[1.199s] -- Up-to-date: /home/orangepi/ros2_workspace/auto_car/install/include/car_t265_interface/car_t265_interface/msg
[1.199s] -- Up-to-date: /home/orangepi/ros2_workspace/auto_car/install/include/car_t265_interface/car_t265_interface/msg/detail
[1.200s] -- Up-to-date: /home/orangepi/ros2_workspace/auto_car/install/include/car_t265_interface/car_t265_interface/msg/detail/motor_command__rosidl_typesupport_fastrtps_c.h
[1.200s] -- Up-to-date: /home/orangepi/ros2_workspace/auto_car/install/include/car_t265_interface/car_t265_interface/msg/detail/serial_data__rosidl_typesupport_fastrtps_c.h
[1.200s] -- Up-to-date: /home/orangepi/ros2_workspace/auto_car/install/include/car_t265_interface/car_t265_interface/msg/detail/t265_data__rosidl_typesupport_fastrtps_c.h
[1.200s] -- Up-to-date: /home/orangepi/ros2_workspace/auto_car/install/include/car_t265_interface/car_t265_interface/msg/rosidl_typesupport_fastrtps_c__visibility_control.h
[1.200s] -- Up-to-date: /home/orangepi/ros2_workspace/auto_car/install/include/car_t265_interface/car_t265_interface/srv
[1.200s] -- Up-to-date: /home/orangepi/ros2_workspace/auto_car/install/include/car_t265_interface/car_t265_interface/srv/detail
[1.201s] -- Up-to-date: /home/orangepi/ros2_workspace/auto_car/install/include/car_t265_interface/car_t265_interface/srv/detail/send_command__rosidl_typesupport_fastrtps_c.h
[1.201s] -- Up-to-date: /home/orangepi/ros2_workspace/auto_car/install/lib/libcar_t265_interface__rosidl_typesupport_fastrtps_c.so
[1.201s] -- Up-to-date: /home/orangepi/ros2_workspace/auto_car/install/include/car_t265_interface/car_t265_interface
[1.201s] -- Up-to-date: /home/orangepi/ros2_workspace/auto_car/install/include/car_t265_interface/car_t265_interface/msg
[1.201s] -- Up-to-date: /home/orangepi/ros2_workspace/auto_car/install/include/car_t265_interface/car_t265_interface/msg/detail
[1.201s] -- Up-to-date: /home/orangepi/ros2_workspace/auto_car/install/include/car_t265_interface/car_t265_interface/msg/detail/t265_data__rosidl_typesupport_introspection_c.h
[1.201s] -- Up-to-date: /home/orangepi/ros2_workspace/auto_car/install/include/car_t265_interface/car_t265_interface/msg/detail/motor_command__type_support.c
[1.201s] -- Up-to-date: /home/orangepi/ros2_workspace/auto_car/install/include/car_t265_interface/car_t265_interface/msg/detail/t265_data__type_support.c
[1.201s] -- Up-to-date: /home/orangepi/ros2_workspace/auto_car/install/include/car_t265_interface/car_t265_interface/msg/detail/serial_data__rosidl_typesupport_introspection_c.h
[1.201s] -- Up-to-date: /home/orangepi/ros2_workspace/auto_car/install/include/car_t265_interface/car_t265_interface/msg/detail/serial_data__type_support.c
[1.202s] -- Up-to-date: /home/orangepi/ros2_workspace/auto_car/install/include/car_t265_interface/car_t265_interface/msg/detail/motor_command__rosidl_typesupport_introspection_c.h
[1.202s] -- Up-to-date: /home/orangepi/ros2_workspace/auto_car/install/include/car_t265_interface/car_t265_interface/msg/rosidl_typesupport_introspection_c__visibility_control.h
[1.202s] -- Up-to-date: /home/orangepi/ros2_workspace/auto_car/install/include/car_t265_interface/car_t265_interface/srv
[1.202s] -- Up-to-date: /home/orangepi/ros2_workspace/auto_car/install/include/car_t265_interface/car_t265_interface/srv/detail
[1.202s] -- Up-to-date: /home/orangepi/ros2_workspace/auto_car/install/include/car_t265_interface/car_t265_interface/srv/detail/send_command__type_support.c
[1.202s] -- Up-to-date: /home/orangepi/ros2_workspace/auto_car/install/include/car_t265_interface/car_t265_interface/srv/detail/send_command__rosidl_typesupport_introspection_c.h
[1.202s] -- Up-to-date: /home/orangepi/ros2_workspace/auto_car/install/lib/libcar_t265_interface__rosidl_typesupport_introspection_c.so
[1.202s] -- Up-to-date: /home/orangepi/ros2_workspace/auto_car/install/lib/libcar_t265_interface__rosidl_typesupport_c.so
[1.202s] -- Up-to-date: /home/orangepi/ros2_workspace/auto_car/install/include/car_t265_interface/car_t265_interface
[1.202s] -- Up-to-date: /home/orangepi/ros2_workspace/auto_car/install/include/car_t265_interface/car_t265_interface/msg
[1.203s] -- Up-to-date: /home/orangepi/ros2_workspace/auto_car/install/include/car_t265_interface/car_t265_interface/msg/detail
[1.203s] -- Up-to-date: /home/orangepi/ros2_workspace/auto_car/install/include/car_t265_interface/car_t265_interface/msg/detail/t265_data__struct.hpp
[1.203s] -- Up-to-date: /home/orangepi/ros2_workspace/auto_car/install/include/car_t265_interface/car_t265_interface/msg/detail/motor_command__traits.hpp
[1.203s] -- Up-to-date: /home/orangepi/ros2_workspace/auto_car/install/include/car_t265_interface/car_t265_interface/msg/detail/t265_data__type_support.hpp
[1.203s] -- Up-to-date: /home/orangepi/ros2_workspace/auto_car/install/include/car_t265_interface/car_t265_interface/msg/detail/t265_data__traits.hpp
[1.203s] -- Up-to-date: /home/orangepi/ros2_workspace/auto_car/install/include/car_t265_interface/car_t265_interface/msg/detail/serial_data__builder.hpp
[1.203s] -- Up-to-date: /home/orangepi/ros2_workspace/auto_car/install/include/car_t265_interface/car_t265_interface/msg/detail/serial_data__traits.hpp
[1.203s] -- Up-to-date: /home/orangepi/ros2_workspace/auto_car/install/include/car_t265_interface/car_t265_interface/msg/detail/serial_data__struct.hpp
[1.203s] -- Up-to-date: /home/orangepi/ros2_workspace/auto_car/install/include/car_t265_interface/car_t265_interface/msg/detail/t265_data__builder.hpp
[1.203s] -- Up-to-date: /home/orangepi/ros2_workspace/auto_car/install/include/car_t265_interface/car_t265_interface/msg/detail/motor_command__builder.hpp
[1.204s] -- Up-to-date: /home/orangepi/ros2_workspace/auto_car/install/include/car_t265_interface/car_t265_interface/msg/detail/motor_command__type_support.hpp
[1.204s] -- Up-to-date: /home/orangepi/ros2_workspace/auto_car/install/include/car_t265_interface/car_t265_interface/msg/detail/motor_command__struct.hpp
[1.204s] -- Up-to-date: /home/orangepi/ros2_workspace/auto_car/install/include/car_t265_interface/car_t265_interface/msg/detail/serial_data__type_support.hpp
[1.204s] -- Up-to-date: /home/orangepi/ros2_workspace/auto_car/install/include/car_t265_interface/car_t265_interface/msg/rosidl_generator_cpp__visibility_control.hpp
[1.204s] -- Up-to-date: /home/orangepi/ros2_workspace/auto_car/install/include/car_t265_interface/car_t265_interface/msg/motor_command.hpp
[1.204s] -- Up-to-date: /home/orangepi/ros2_workspace/auto_car/install/include/car_t265_interface/car_t265_interface/msg/t265_data.hpp
[1.204s] -- Up-to-date: /home/orangepi/ros2_workspace/auto_car/install/include/car_t265_interface/car_t265_interface/msg/serial_data.hpp
[1.204s] -- Up-to-date: /home/orangepi/ros2_workspace/auto_car/install/include/car_t265_interface/car_t265_interface/srv
[1.204s] -- Up-to-date: /home/orangepi/ros2_workspace/auto_car/install/include/car_t265_interface/car_t265_interface/srv/detail
[1.204s] -- Up-to-date: /home/orangepi/ros2_workspace/auto_car/install/include/car_t265_interface/car_t265_interface/srv/detail/send_command__struct.hpp
[1.204s] -- Up-to-date: /home/orangepi/ros2_workspace/auto_car/install/include/car_t265_interface/car_t265_interface/srv/detail/send_command__traits.hpp
[1.205s] -- Up-to-date: /home/orangepi/ros2_workspace/auto_car/install/include/car_t265_interface/car_t265_interface/srv/detail/send_command__builder.hpp
[1.205s] -- Up-to-date: /home/orangepi/ros2_workspace/auto_car/install/include/car_t265_interface/car_t265_interface/srv/detail/send_command__type_support.hpp
[1.205s] -- Up-to-date: /home/orangepi/ros2_workspace/auto_car/install/include/car_t265_interface/car_t265_interface/srv/send_command.hpp
[1.205s] -- Up-to-date: /home/orangepi/ros2_workspace/auto_car/install/include/car_t265_interface/car_t265_interface
[1.205s] -- Up-to-date: /home/orangepi/ros2_workspace/auto_car/install/include/car_t265_interface/car_t265_interface/msg
[1.205s] -- Up-to-date: /home/orangepi/ros2_workspace/auto_car/install/include/car_t265_interface/car_t265_interface/msg/detail
[1.205s] -- Up-to-date: /home/orangepi/ros2_workspace/auto_car/install/include/car_t265_interface/car_t265_interface/msg/detail/t265_data__rosidl_typesupport_fastrtps_cpp.hpp
[1.205s] -- Up-to-date: /home/orangepi/ros2_workspace/auto_car/install/include/car_t265_interface/car_t265_interface/msg/detail/motor_command__rosidl_typesupport_fastrtps_cpp.hpp
[1.205s] -- Up-to-date: /home/orangepi/ros2_workspace/auto_car/install/include/car_t265_interface/car_t265_interface/msg/detail/serial_data__rosidl_typesupport_fastrtps_cpp.hpp
[1.205s] -- Up-to-date: /home/orangepi/ros2_workspace/auto_car/install/include/car_t265_interface/car_t265_interface/msg/detail/dds_fastrtps
[1.205s] -- Up-to-date: /home/orangepi/ros2_workspace/auto_car/install/include/car_t265_interface/car_t265_interface/msg/rosidl_typesupport_fastrtps_cpp__visibility_control.h
[1.205s] -- Up-to-date: /home/orangepi/ros2_workspace/auto_car/install/include/car_t265_interface/car_t265_interface/srv
[1.205s] -- Up-to-date: /home/orangepi/ros2_workspace/auto_car/install/include/car_t265_interface/car_t265_interface/srv/detail
[1.206s] -- Up-to-date: /home/orangepi/ros2_workspace/auto_car/install/include/car_t265_interface/car_t265_interface/srv/detail/send_command__rosidl_typesupport_fastrtps_cpp.hpp
[1.206s] -- Up-to-date: /home/orangepi/ros2_workspace/auto_car/install/include/car_t265_interface/car_t265_interface/srv/detail/dds_fastrtps
[1.206s] -- Up-to-date: /home/orangepi/ros2_workspace/auto_car/install/lib/libcar_t265_interface__rosidl_typesupport_fastrtps_cpp.so
[1.206s] -- Up-to-date: /home/orangepi/ros2_workspace/auto_car/install/include/car_t265_interface/car_t265_interface
[1.206s] -- Up-to-date: /home/orangepi/ros2_workspace/auto_car/install/include/car_t265_interface/car_t265_interface/msg
[1.206s] -- Up-to-date: /home/orangepi/ros2_workspace/auto_car/install/include/car_t265_interface/car_t265_interface/msg/detail
[1.206s] -- Up-to-date: /home/orangepi/ros2_workspace/auto_car/install/include/car_t265_interface/car_t265_interface/msg/detail/serial_data__type_support.cpp
[1.206s] -- Up-to-date: /home/orangepi/ros2_workspace/auto_car/install/include/car_t265_interface/car_t265_interface/msg/detail/t265_data__type_support.cpp
[1.206s] -- Up-to-date: /home/orangepi/ros2_workspace/auto_car/install/include/car_t265_interface/car_t265_interface/msg/detail/motor_command__rosidl_typesupport_introspection_cpp.hpp
[1.206s] -- Up-to-date: /home/orangepi/ros2_workspace/auto_car/install/include/car_t265_interface/car_t265_interface/msg/detail/t265_data__rosidl_typesupport_introspection_cpp.hpp
[1.206s] -- Up-to-date: /home/orangepi/ros2_workspace/auto_car/install/include/car_t265_interface/car_t265_interface/msg/detail/serial_data__rosidl_typesupport_introspection_cpp.hpp
[1.206s] -- Up-to-date: /home/orangepi/ros2_workspace/auto_car/install/include/car_t265_interface/car_t265_interface/msg/detail/motor_command__type_support.cpp
[1.206s] -- Up-to-date: /home/orangepi/ros2_workspace/auto_car/install/include/car_t265_interface/car_t265_interface/srv
[1.207s] -- Up-to-date: /home/orangepi/ros2_workspace/auto_car/install/include/car_t265_interface/car_t265_interface/srv/detail
[1.207s] -- Up-to-date: /home/orangepi/ros2_workspace/auto_car/install/include/car_t265_interface/car_t265_interface/srv/detail/send_command__type_support.cpp
[1.207s] -- Up-to-date: /home/orangepi/ros2_workspace/auto_car/install/include/car_t265_interface/car_t265_interface/srv/detail/send_command__rosidl_typesupport_introspection_cpp.hpp
[1.207s] -- Up-to-date: /home/orangepi/ros2_workspace/auto_car/install/lib/libcar_t265_interface__rosidl_typesupport_introspection_cpp.so
[1.207s] -- Up-to-date: /home/orangepi/ros2_workspace/auto_car/install/lib/libcar_t265_interface__rosidl_typesupport_cpp.so
[1.207s] -- Up-to-date: /home/orangepi/ros2_workspace/auto_car/install/share/car_t265_interface/environment/pythonpath.sh
[1.207s] -- Up-to-date: /home/orangepi/ros2_workspace/auto_car/install/share/car_t265_interface/environment/pythonpath.dsv
[1.207s] -- Up-to-date: /home/orangepi/ros2_workspace/auto_car/install/local/lib/python3.10/dist-packages/car_t265_interface-0.0.0-py3.10.egg-info
[1.207s] -- Installing: /home/orangepi/ros2_workspace/auto_car/install/local/lib/python3.10/dist-packages/car_t265_interface-0.0.0-py3.10.egg-info/PKG-INFO
[1.207s] -- Installing: /home/orangepi/ros2_workspace/auto_car/install/local/lib/python3.10/dist-packages/car_t265_interface-0.0.0-py3.10.egg-info/dependency_links.txt
[1.207s] -- Installing: /home/orangepi/ros2_workspace/auto_car/install/local/lib/python3.10/dist-packages/car_t265_interface-0.0.0-py3.10.egg-info/SOURCES.txt
[1.207s] -- Installing: /home/orangepi/ros2_workspace/auto_car/install/local/lib/python3.10/dist-packages/car_t265_interface-0.0.0-py3.10.egg-info/top_level.txt
[1.207s] -- Up-to-date: /home/orangepi/ros2_workspace/auto_car/install/local/lib/python3.10/dist-packages/car_t265_interface
[1.208s] -- Up-to-date: /home/orangepi/ros2_workspace/auto_car/install/local/lib/python3.10/dist-packages/car_t265_interface/msg
[1.208s] -- Up-to-date: /home/orangepi/ros2_workspace/auto_car/install/local/lib/python3.10/dist-packages/car_t265_interface/msg/_t265_data.py
[1.208s] -- Up-to-date: /home/orangepi/ros2_workspace/auto_car/install/local/lib/python3.10/dist-packages/car_t265_interface/msg/_t265_data_s.c
[1.208s] -- Up-to-date: /home/orangepi/ros2_workspace/auto_car/install/local/lib/python3.10/dist-packages/car_t265_interface/msg/_serial_data.py
[1.208s] -- Up-to-date: /home/orangepi/ros2_workspace/auto_car/install/local/lib/python3.10/dist-packages/car_t265_interface/msg/_motor_command.py
[1.208s] -- Up-to-date: /home/orangepi/ros2_workspace/auto_car/install/local/lib/python3.10/dist-packages/car_t265_interface/msg/__init__.py
[1.208s] -- Up-to-date: /home/orangepi/ros2_workspace/auto_car/install/local/lib/python3.10/dist-packages/car_t265_interface/msg/_motor_command_s.c
[1.208s] -- Up-to-date: /home/orangepi/ros2_workspace/auto_car/install/local/lib/python3.10/dist-packages/car_t265_interface/msg/_serial_data_s.c
[1.208s] -- Up-to-date: /home/orangepi/ros2_workspace/auto_car/install/local/lib/python3.10/dist-packages/car_t265_interface/car_t265_interface_s__rosidl_typesupport_fastrtps_c.cpython-310-aarch64-linux-gnu.so
[1.208s] -- Up-to-date: /home/orangepi/ros2_workspace/auto_car/install/local/lib/python3.10/dist-packages/car_t265_interface/srv
[1.208s] -- Up-to-date: /home/orangepi/ros2_workspace/auto_car/install/local/lib/python3.10/dist-packages/car_t265_interface/srv/_send_command.py
[1.208s] -- Up-to-date: /home/orangepi/ros2_workspace/auto_car/install/local/lib/python3.10/dist-packages/car_t265_interface/srv/__init__.py
[1.208s] -- Up-to-date: /home/orangepi/ros2_workspace/auto_car/install/local/lib/python3.10/dist-packages/car_t265_interface/srv/_send_command_s.c
[1.209s] -- Up-to-date: /home/orangepi/ros2_workspace/auto_car/install/local/lib/python3.10/dist-packages/car_t265_interface/car_t265_interface_s__rosidl_typesupport_c.cpython-310-aarch64-linux-gnu.so
[1.209s] -- Up-to-date: /home/orangepi/ros2_workspace/auto_car/install/local/lib/python3.10/dist-packages/car_t265_interface/_car_t265_interface_s.ep.rosidl_typesupport_fastrtps_c.c
[1.209s] -- Up-to-date: /home/orangepi/ros2_workspace/auto_car/install/local/lib/python3.10/dist-packages/car_t265_interface/libcar_t265_interface__rosidl_generator_py.so
[1.209s] -- Up-to-date: /home/orangepi/ros2_workspace/auto_car/install/local/lib/python3.10/dist-packages/car_t265_interface/_car_t265_interface_s.ep.rosidl_typesupport_c.c
[1.209s] -- Up-to-date: /home/orangepi/ros2_workspace/auto_car/install/local/lib/python3.10/dist-packages/car_t265_interface/__init__.py
[1.209s] -- Up-to-date: /home/orangepi/ros2_workspace/auto_car/install/local/lib/python3.10/dist-packages/car_t265_interface/_car_t265_interface_s.ep.rosidl_typesupport_introspection_c.c
[1.209s] -- Up-to-date: /home/orangepi/ros2_workspace/auto_car/install/local/lib/python3.10/dist-packages/car_t265_interface/car_t265_interface_s__rosidl_typesupport_introspection_c.cpython-310-aarch64-linux-gnu.so
[1.256s] Listing '/home/orangepi/ros2_workspace/auto_car/install/local/lib/python3.10/dist-packages/car_t265_interface'...
[1.256s] Listing '/home/orangepi/ros2_workspace/auto_car/install/local/lib/python3.10/dist-packages/car_t265_interface/msg'...
[1.256s] Listing '/home/orangepi/ros2_workspace/auto_car/install/local/lib/python3.10/dist-packages/car_t265_interface/srv'...
[1.266s] -- Up-to-date: /home/orangepi/ros2_workspace/auto_car/install/local/lib/python3.10/dist-packages/car_t265_interface/car_t265_interface_s__rosidl_typesupport_fastrtps_c.cpython-310-aarch64-linux-gnu.so
[1.268s] -- Up-to-date: /home/orangepi/ros2_workspace/auto_car/install/local/lib/python3.10/dist-packages/car_t265_interface/car_t265_interface_s__rosidl_typesupport_introspection_c.cpython-310-aarch64-linux-gnu.so
[1.269s] -- Up-to-date: /home/orangepi/ros2_workspace/auto_car/install/local/lib/python3.10/dist-packages/car_t265_interface/car_t265_interface_s__rosidl_typesupport_c.cpython-310-aarch64-linux-gnu.so
[1.270s] -- Up-to-date: /home/orangepi/ros2_workspace/auto_car/install/lib/libcar_t265_interface__rosidl_generator_py.so
[1.270s] -- Up-to-date: /home/orangepi/ros2_workspace/auto_car/install/share/car_t265_interface/msg/MotorCommand.idl
[1.271s] -- Up-to-date: /home/orangepi/ros2_workspace/auto_car/install/share/car_t265_interface/msg/SerialData.idl
[1.271s] -- Up-to-date: /home/orangepi/ros2_workspace/auto_car/install/share/car_t265_interface/srv/SendCommand.idl
[1.272s] -- Up-to-date: /home/orangepi/ros2_workspace/auto_car/install/share/car_t265_interface/msg/T265Data.idl
[1.273s] -- Up-to-date: /home/orangepi/ros2_workspace/auto_car/install/share/car_t265_interface/msg/MotorCommand.msg
[1.273s] -- Up-to-date: /home/orangepi/ros2_workspace/auto_car/install/share/car_t265_interface/msg/SerialData.msg
[1.273s] -- Up-to-date: /home/orangepi/ros2_workspace/auto_car/install/share/car_t265_interface/srv/SendCommand.srv
[1.273s] -- Up-to-date: /home/orangepi/ros2_workspace/auto_car/install/share/car_t265_interface/srv/SendCommand_Request.msg
[1.273s] -- Up-to-date: /home/orangepi/ros2_workspace/auto_car/install/share/car_t265_interface/srv/SendCommand_Response.msg
[1.273s] -- Up-to-date: /home/orangepi/ros2_workspace/auto_car/install/share/car_t265_interface/msg/T265Data.msg
[1.273s] -- Up-to-date: /home/orangepi/ros2_workspace/auto_car/install/share/ament_index/resource_index/package_run_dependencies/car_t265_interface
[1.273s] -- Up-to-date: /home/orangepi/ros2_workspace/auto_car/install/share/ament_index/resource_index/parent_prefix_path/car_t265_interface
[1.274s] -- Up-to-date: /home/orangepi/ros2_workspace/auto_car/install/share/car_t265_interface/environment/ament_prefix_path.sh
[1.274s] -- Up-to-date: /home/orangepi/ros2_workspace/auto_car/install/share/car_t265_interface/environment/ament_prefix_path.dsv
[1.275s] -- Up-to-date: /home/orangepi/ros2_workspace/auto_car/install/share/car_t265_interface/environment/path.sh
[1.275s] -- Up-to-date: /home/orangepi/ros2_workspace/auto_car/install/share/car_t265_interface/environment/path.dsv
[1.275s] -- Up-to-date: /home/orangepi/ros2_workspace/auto_car/install/share/car_t265_interface/local_setup.bash
[1.275s] -- Up-to-date: /home/orangepi/ros2_workspace/auto_car/install/share/car_t265_interface/local_setup.sh
[1.275s] -- Up-to-date: /home/orangepi/ros2_workspace/auto_car/install/share/car_t265_interface/local_setup.zsh
[1.275s] -- Up-to-date: /home/orangepi/ros2_workspace/auto_car/install/share/car_t265_interface/local_setup.dsv
[1.275s] -- Installing: /home/orangepi/ros2_workspace/auto_car/install/share/car_t265_interface/package.dsv
[1.276s] -- Up-to-date: /home/orangepi/ros2_workspace/auto_car/install/share/ament_index/resource_index/packages/car_t265_interface
[1.276s] -- Up-to-date: /home/orangepi/ros2_workspace/auto_car/install/share/car_t265_interface/cmake/export_car_t265_interface__rosidl_generator_cExport.cmake
[1.276s] -- Up-to-date: /home/orangepi/ros2_workspace/auto_car/install/share/car_t265_interface/cmake/export_car_t265_interface__rosidl_generator_cExport-noconfig.cmake
[1.276s] -- Up-to-date: /home/orangepi/ros2_workspace/auto_car/install/share/car_t265_interface/cmake/export_car_t265_interface__rosidl_typesupport_fastrtps_cExport.cmake
[1.276s] -- Up-to-date: /home/orangepi/ros2_workspace/auto_car/install/share/car_t265_interface/cmake/export_car_t265_interface__rosidl_typesupport_fastrtps_cExport-noconfig.cmake
[1.276s] -- Up-to-date: /home/orangepi/ros2_workspace/auto_car/install/share/car_t265_interface/cmake/car_t265_interface__rosidl_typesupport_introspection_cExport.cmake
[1.277s] -- Up-to-date: /home/orangepi/ros2_workspace/auto_car/install/share/car_t265_interface/cmake/car_t265_interface__rosidl_typesupport_introspection_cExport-noconfig.cmake
[1.279s] -- Up-to-date: /home/orangepi/ros2_workspace/auto_car/install/share/car_t265_interface/cmake/car_t265_interface__rosidl_typesupport_cExport.cmake
[1.280s] -- Up-to-date: /home/orangepi/ros2_workspace/auto_car/install/share/car_t265_interface/cmake/car_t265_interface__rosidl_typesupport_cExport-noconfig.cmake
[1.284s] -- Up-to-date: /home/orangepi/ros2_workspace/auto_car/install/share/car_t265_interface/cmake/export_car_t265_interface__rosidl_generator_cppExport.cmake
[1.286s] -- Up-to-date: /home/orangepi/ros2_workspace/auto_car/install/share/car_t265_interface/cmake/export_car_t265_interface__rosidl_typesupport_fastrtps_cppExport.cmake
[1.287s] -- Up-to-date: /home/orangepi/ros2_workspace/auto_car/install/share/car_t265_interface/cmake/export_car_t265_interface__rosidl_typesupport_fastrtps_cppExport-noconfig.cmake
[1.288s] -- Up-to-date: /home/orangepi/ros2_workspace/auto_car/install/share/car_t265_interface/cmake/car_t265_interface__rosidl_typesupport_introspection_cppExport.cmake
[1.291s] -- Up-to-date: /home/orangepi/ros2_workspace/auto_car/install/share/car_t265_interface/cmake/car_t265_interface__rosidl_typesupport_introspection_cppExport-noconfig.cmake
[1.293s] -- Up-to-date: /home/orangepi/ros2_workspace/auto_car/install/share/car_t265_interface/cmake/car_t265_interface__rosidl_typesupport_cppExport.cmake
[1.294s] -- Up-to-date: /home/orangepi/ros2_workspace/auto_car/install/share/car_t265_interface/cmake/car_t265_interface__rosidl_typesupport_cppExport-noconfig.cmake
[1.295s] -- Up-to-date: /home/orangepi/ros2_workspace/auto_car/install/share/car_t265_interface/cmake/export_car_t265_interface__rosidl_generator_pyExport.cmake
[1.296s] -- Up-to-date: /home/orangepi/ros2_workspace/auto_car/install/share/car_t265_interface/cmake/export_car_t265_interface__rosidl_generator_pyExport-noconfig.cmake
[1.298s] -- Up-to-date: /home/orangepi/ros2_workspace/auto_car/install/share/car_t265_interface/cmake/rosidl_cmake-extras.cmake
[1.300s] -- Up-to-date: /home/orangepi/ros2_workspace/auto_car/install/share/car_t265_interface/cmake/ament_cmake_export_include_directories-extras.cmake
[1.300s] -- Up-to-date: /home/orangepi/ros2_workspace/auto_car/install/share/car_t265_interface/cmake/ament_cmake_export_libraries-extras.cmake
[1.304s] -- Up-to-date: /home/orangepi/ros2_workspace/auto_car/install/share/car_t265_interface/cmake/ament_cmake_export_targets-extras.cmake
[1.308s] -- Up-to-date: /home/orangepi/ros2_workspace/auto_car/install/share/car_t265_interface/cmake/rosidl_cmake_export_typesupport_targets-extras.cmake
[1.310s] -- Up-to-date: /home/orangepi/ros2_workspace/auto_car/install/share/car_t265_interface/cmake/ament_cmake_export_dependencies-extras.cmake
[1.312s] -- Up-to-date: /home/orangepi/ros2_workspace/auto_car/install/share/car_t265_interface/cmake/rosidl_cmake_export_typesupport_libraries-extras.cmake
[1.314s] -- Up-to-date: /home/orangepi/ros2_workspace/auto_car/install/share/car_t265_interface/cmake/car_t265_interfaceConfig.cmake
[1.318s] -- Up-to-date: /home/orangepi/ros2_workspace/auto_car/install/share/car_t265_interface/cmake/car_t265_interfaceConfig-version.cmake
[1.323s] -- Up-to-date: /home/orangepi/ros2_workspace/auto_car/install/share/car_t265_interface/package.xml
[1.419s] Invoked command in '/home/orangepi/ros2_workspace/auto_car/build/car_t265_interface' returned '0': CMAKE_PREFIX_PATH=${CMAKE_PREFIX_PATH}:/root/lanhailidar_ros_ws/install/scan_subscriber:/opt/ros/humble /usr/bin/cmake --install /home/orangepi/ros2_workspace/auto_car/build/car_t265_interface
