[2.791s] Invoking command in '/home/orangepi/ros2_workspace/auto_car/src/nav2_t265_pyrealsense': PYTHONPATH=/home/orangepi/ros2_workspace/auto_car/build/nav2_t265_pyrealsense/prefix_override:/usr/lib/python3/dist-packages/colcon_core/task/python/colcon_distutils_commands:/home/orangepi/ros2_workspace/auto_car/install/lib/python3.10/site-packages:${PYTHONPATH} /usr/bin/python3 -W ignore:setup.py install is deprecated -W ignore:easy_install command is deprecated setup.py egg_info --egg-base ../../build/nav2_t265_pyrealsense build --build-base /home/orangepi/ros2_workspace/auto_car/build/nav2_t265_pyrealsense/build install --record /home/orangepi/ros2_workspace/auto_car/build/nav2_t265_pyrealsense/install.log --single-version-externally-managed install_data
[6.799s] running egg_info
[6.799s] creating ../../build/nav2_t265_pyrealsense/nav2_t265_pyrealsense.egg-info
[6.800s] writing ../../build/nav2_t265_pyrealsense/nav2_t265_pyrealsense.egg-info/PKG-INFO
[6.800s] writing dependency_links to ../../build/nav2_t265_pyrealsense/nav2_t265_pyrealsense.egg-info/dependency_links.txt
[6.800s] writing entry points to ../../build/nav2_t265_pyrealsense/nav2_t265_pyrealsense.egg-info/entry_points.txt
[6.800s] writing requirements to ../../build/nav2_t265_pyrealsense/nav2_t265_pyrealsense.egg-info/requires.txt
[6.800s] writing top-level names to ../../build/nav2_t265_pyrealsense/nav2_t265_pyrealsense.egg-info/top_level.txt
[6.800s] writing manifest file '../../build/nav2_t265_pyrealsense/nav2_t265_pyrealsense.egg-info/SOURCES.txt'
[6.800s] reading manifest file '../../build/nav2_t265_pyrealsense/nav2_t265_pyrealsense.egg-info/SOURCES.txt'
[6.800s] writing manifest file '../../build/nav2_t265_pyrealsense/nav2_t265_pyrealsense.egg-info/SOURCES.txt'
[6.800s] running build
[6.800s] running build_py
[6.800s] creating /home/orangepi/ros2_workspace/auto_car/build/nav2_t265_pyrealsense/build
[6.801s] creating /home/orangepi/ros2_workspace/auto_car/build/nav2_t265_pyrealsense/build/lib
[6.801s] creating /home/orangepi/ros2_workspace/auto_car/build/nav2_t265_pyrealsense/build/lib/nav2_t265_pyrealsense
[6.801s] copying nav2_t265_pyrealsense/t265_driver.py -> /home/orangepi/ros2_workspace/auto_car/build/nav2_t265_pyrealsense/build/lib/nav2_t265_pyrealsense
[6.801s] copying nav2_t265_pyrealsense/__init__.py -> /home/orangepi/ros2_workspace/auto_car/build/nav2_t265_pyrealsense/build/lib/nav2_t265_pyrealsense
[6.801s] copying nav2_t265_pyrealsense/nav2_client.py -> /home/orangepi/ros2_workspace/auto_car/build/nav2_t265_pyrealsense/build/lib/nav2_t265_pyrealsense
[6.801s] running install
[6.801s] running install_lib
[6.801s] creating /home/orangepi/ros2_workspace/auto_car/install/lib/python3.10/site-packages/nav2_t265_pyrealsense
[6.801s] copying /home/orangepi/ros2_workspace/auto_car/build/nav2_t265_pyrealsense/build/lib/nav2_t265_pyrealsense/t265_driver.py -> /home/orangepi/ros2_workspace/auto_car/install/lib/python3.10/site-packages/nav2_t265_pyrealsense
[6.801s] copying /home/orangepi/ros2_workspace/auto_car/build/nav2_t265_pyrealsense/build/lib/nav2_t265_pyrealsense/__init__.py -> /home/orangepi/ros2_workspace/auto_car/install/lib/python3.10/site-packages/nav2_t265_pyrealsense
[6.801s] copying /home/orangepi/ros2_workspace/auto_car/build/nav2_t265_pyrealsense/build/lib/nav2_t265_pyrealsense/nav2_client.py -> /home/orangepi/ros2_workspace/auto_car/install/lib/python3.10/site-packages/nav2_t265_pyrealsense
[6.801s] byte-compiling /home/orangepi/ros2_workspace/auto_car/install/lib/python3.10/site-packages/nav2_t265_pyrealsense/t265_driver.py to t265_driver.cpython-310.pyc
[6.801s] byte-compiling /home/orangepi/ros2_workspace/auto_car/install/lib/python3.10/site-packages/nav2_t265_pyrealsense/__init__.py to __init__.cpython-310.pyc
[6.802s] byte-compiling /home/orangepi/ros2_workspace/auto_car/install/lib/python3.10/site-packages/nav2_t265_pyrealsense/nav2_client.py to nav2_client.cpython-310.pyc
[6.802s] running install_data
[6.802s] creating /home/orangepi/ros2_workspace/auto_car/install/share/ament_index
[6.802s] creating /home/orangepi/ros2_workspace/auto_car/install/share/ament_index/resource_index
[6.802s] creating /home/orangepi/ros2_workspace/auto_car/install/share/ament_index/resource_index/packages
[6.802s] copying resource/nav2_t265_pyrealsense -> /home/orangepi/ros2_workspace/auto_car/install/share/ament_index/resource_index/packages
[6.802s] copying package.xml -> /home/orangepi/ros2_workspace/auto_car/install/share/nav2_t265_pyrealsense
[6.802s] creating /home/orangepi/ros2_workspace/auto_car/install/share/nav2_t265_pyrealsense/launch
[6.802s] copying launch/nav2_t265_launch.py -> /home/orangepi/ros2_workspace/auto_car/install/share/nav2_t265_pyrealsense/launch
[6.802s] creating /home/orangepi/ros2_workspace/auto_car/install/share/nav2_t265_pyrealsense/config
[6.802s] copying config/nav2_params.yaml -> /home/orangepi/ros2_workspace/auto_car/install/share/nav2_t265_pyrealsense/config
[6.802s] creating /home/orangepi/ros2_workspace/auto_car/install/share/nav2_t265_pyrealsense/maps
[6.802s] copying maps/map.yaml -> /home/orangepi/ros2_workspace/auto_car/install/share/nav2_t265_pyrealsense/maps
[6.803s] running install_egg_info
[6.803s] Copying ../../build/nav2_t265_pyrealsense/nav2_t265_pyrealsense.egg-info to /home/orangepi/ros2_workspace/auto_car/install/lib/python3.10/site-packages/nav2_t265_pyrealsense-0.0.0-py3.10.egg-info
[6.803s] running install_scripts
[6.803s] Installing nav2_client script to /home/orangepi/ros2_workspace/auto_car/install/lib/nav2_t265_pyrealsense
[6.803s] Installing t265_driver script to /home/orangepi/ros2_workspace/auto_car/install/lib/nav2_t265_pyrealsense
[6.803s] writing list of installed files to '/home/orangepi/ros2_workspace/auto_car/build/nav2_t265_pyrealsense/install.log'
[6.850s] Invoked command in '/home/orangepi/ros2_workspace/auto_car/src/nav2_t265_pyrealsense' returned '0': PYTHONPATH=/home/orangepi/ros2_workspace/auto_car/build/nav2_t265_pyrealsense/prefix_override:/usr/lib/python3/dist-packages/colcon_core/task/python/colcon_distutils_commands:/home/orangepi/ros2_workspace/auto_car/install/lib/python3.10/site-packages:${PYTHONPATH} /usr/bin/python3 -W ignore:setup.py install is deprecated -W ignore:easy_install command is deprecated setup.py egg_info --egg-base ../../build/nav2_t265_pyrealsense build --build-base /home/orangepi/ros2_workspace/auto_car/build/nav2_t265_pyrealsense/build install --record /home/orangepi/ros2_workspace/auto_car/build/nav2_t265_pyrealsense/install.log --single-version-externally-managed install_data
