[0.071s] Invoking command in '/home/orangepi/ros2_workspace/auto_car/build/car_interface': CMAKE_PREFIX_PATH=${CMAKE_PREFIX_PATH}:/root/lanhailidar_ros_ws/install/scan_subscriber:/opt/ros/humble /usr/bin/cmake --build /home/orangepi/ros2_workspace/auto_car/build/car_interface -- -j8 -l8
[1.637s] [  1%] Built target car_interface__cpp
[1.640s] [ 12%] Built target car_interface__rosidl_generator_c
[1.641s] [ 23%] Built target car_interface__rosidl_typesupport_fastrtps_cpp
[1.642s] [ 35%] Built target car_interface__rosidl_typesupport_introspection_cpp
[1.643s] [ 35%] Built target ament_cmake_python_copy_car_interface
[1.645s] running egg_info
[1.646s] writing car_interface.egg-info/PKG-INFO
[1.647s] [ 47%] Built target car_interface__rosidl_typesupport_cpp
[1.648s] [ 78%] Built target car_interface__rosidl_typesupport_introspection_c
[1.649s] [ 80%] Built target car_interface__rosidl_typesupport_c
[1.653s] [ 69%] Built target car_interface__rosidl_typesupport_fastrtps_c
[1.654s] writing dependency_links to car_interface.egg-info/dependency_links.txt
[1.654s] writing top-level names to car_interface.egg-info/top_level.txt
[1.655s] reading manifest file 'car_interface.egg-info/SOURCES.txt'
[1.655s] writing manifest file 'car_interface.egg-info/SOURCES.txt'
[1.655s] [ 80%] Built target car_interface
[1.655s] [ 80%] Built target ament_cmake_python_build_car_interface_egg
[1.655s] [ 81%] Built target car_interface__py
[1.655s] [ 91%] Built target car_interface__rosidl_generator_py
[1.656s] [ 94%] Built target car_interface__rosidl_typesupport_introspection_c__pyext
[1.656s] [100%] Built target car_interface__rosidl_typesupport_c__pyext
[1.656s] [100%] Built target car_interface__rosidl_typesupport_fastrtps_c__pyext
[1.699s] Invoked command in '/home/orangepi/ros2_workspace/auto_car/build/car_interface' returned '0': CMAKE_PREFIX_PATH=${CMAKE_PREFIX_PATH}:/root/lanhailidar_ros_ws/install/scan_subscriber:/opt/ros/humble /usr/bin/cmake --build /home/orangepi/ros2_workspace/auto_car/build/car_interface -- -j8 -l8
[1.704s] Invoking command in '/home/orangepi/ros2_workspace/auto_car/build/car_interface': CMAKE_PREFIX_PATH=${CMAKE_PREFIX_PATH}:/root/lanhailidar_ros_ws/install/scan_subscriber:/opt/ros/humble /usr/bin/cmake --install /home/orangepi/ros2_workspace/auto_car/build/car_interface
[1.854s] -- Install configuration: ""
[1.855s] -- Up-to-date: /home/orangepi/ros2_workspace/auto_car/install/share/ament_index/resource_index/rosidl_interfaces/car_interface
[1.855s] -- Up-to-date: /home/orangepi/ros2_workspace/auto_car/install/include/car_interface/car_interface
[1.856s] -- Up-to-date: /home/orangepi/ros2_workspace/auto_car/install/include/car_interface/car_interface/msg
[1.856s] -- Up-to-date: /home/orangepi/ros2_workspace/auto_car/install/include/car_interface/car_interface/msg/detail
[1.857s] -- Up-to-date: /home/orangepi/ros2_workspace/auto_car/install/include/car_interface/car_interface/msg/detail/rplidar_data__functions.c
[1.857s] -- Up-to-date: /home/orangepi/ros2_workspace/auto_car/install/include/car_interface/car_interface/msg/detail/motor_command__struct.h
[1.857s] -- Up-to-date: /home/orangepi/ros2_workspace/auto_car/install/include/car_interface/car_interface/msg/detail/rplidar_data__struct.h
[1.858s] -- Up-to-date: /home/orangepi/ros2_workspace/auto_car/install/include/car_interface/car_interface/msg/detail/serial_data__struct.h
[1.858s] -- Up-to-date: /home/orangepi/ros2_workspace/auto_car/install/include/car_interface/car_interface/msg/detail/t265_data__functions.h
[1.859s] -- Up-to-date: /home/orangepi/ros2_workspace/auto_car/install/include/car_interface/car_interface/msg/detail/serial_data__functions.h
[1.859s] -- Up-to-date: /home/orangepi/ros2_workspace/auto_car/install/include/car_interface/car_interface/msg/detail/motor_command__functions.c
[1.859s] -- Up-to-date: /home/orangepi/ros2_workspace/auto_car/install/include/car_interface/car_interface/msg/detail/rplidar_data__functions.h
[1.860s] -- Up-to-date: /home/orangepi/ros2_workspace/auto_car/install/include/car_interface/car_interface/msg/detail/motor_command__functions.h
[1.860s] -- Up-to-date: /home/orangepi/ros2_workspace/auto_car/install/include/car_interface/car_interface/msg/detail/t265_data__type_support.h
[1.861s] -- Up-to-date: /home/orangepi/ros2_workspace/auto_car/install/include/car_interface/car_interface/msg/detail/motor_command__type_support.h
[1.862s] -- Up-to-date: /home/orangepi/ros2_workspace/auto_car/install/include/car_interface/car_interface/msg/detail/rplidar_data__type_support.h
[1.862s] -- Up-to-date: /home/orangepi/ros2_workspace/auto_car/install/include/car_interface/car_interface/msg/detail/serial_data__type_support.h
[1.863s] -- Up-to-date: /home/orangepi/ros2_workspace/auto_car/install/include/car_interface/car_interface/msg/detail/serial_data__functions.c
[1.863s] -- Up-to-date: /home/orangepi/ros2_workspace/auto_car/install/include/car_interface/car_interface/msg/detail/t265_data__struct.h
[1.863s] -- Up-to-date: /home/orangepi/ros2_workspace/auto_car/install/include/car_interface/car_interface/msg/detail/t265_data__functions.c
[1.864s] -- Up-to-date: /home/orangepi/ros2_workspace/auto_car/install/include/car_interface/car_interface/msg/motor_command.h
[1.864s] -- Up-to-date: /home/orangepi/ros2_workspace/auto_car/install/include/car_interface/car_interface/msg/rosidl_generator_c__visibility_control.h
[1.865s] -- Up-to-date: /home/orangepi/ros2_workspace/auto_car/install/include/car_interface/car_interface/msg/t265_data.h
[1.865s] -- Up-to-date: /home/orangepi/ros2_workspace/auto_car/install/include/car_interface/car_interface/msg/serial_data.h
[1.866s] -- Up-to-date: /home/orangepi/ros2_workspace/auto_car/install/include/car_interface/car_interface/msg/rplidar_data.h
[1.866s] -- Up-to-date: /home/orangepi/ros2_workspace/auto_car/install/include/car_interface/car_interface/srv
[1.867s] -- Up-to-date: /home/orangepi/ros2_workspace/auto_car/install/include/car_interface/car_interface/srv/detail
[1.867s] -- Up-to-date: /home/orangepi/ros2_workspace/auto_car/install/include/car_interface/car_interface/srv/detail/send_command__struct.h
[1.867s] -- Up-to-date: /home/orangepi/ros2_workspace/auto_car/install/include/car_interface/car_interface/srv/detail/laser_open_service__struct.h
[1.868s] -- Up-to-date: /home/orangepi/ros2_workspace/auto_car/install/include/car_interface/car_interface/srv/detail/laser_open_service__functions.h
[1.868s] -- Up-to-date: /home/orangepi/ros2_workspace/auto_car/install/include/car_interface/car_interface/srv/detail/send_command__type_support.h
[1.869s] -- Up-to-date: /home/orangepi/ros2_workspace/auto_car/install/include/car_interface/car_interface/srv/detail/send_command__functions.c
[1.884s] -- Up-to-date: /home/orangepi/ros2_workspace/auto_car/install/include/car_interface/car_interface/srv/detail/laser_open_service__type_support.h
[1.885s] -- Up-to-date: /home/orangepi/ros2_workspace/auto_car/install/include/car_interface/car_interface/srv/detail/send_command__functions.h
[1.886s] -- Up-to-date: /home/orangepi/ros2_workspace/auto_car/install/include/car_interface/car_interface/srv/detail/laser_open_service__functions.c
[1.886s] -- Up-to-date: /home/orangepi/ros2_workspace/auto_car/install/include/car_interface/car_interface/srv/laser_open_service.h
[1.887s] -- Up-to-date: /home/orangepi/ros2_workspace/auto_car/install/include/car_interface/car_interface/srv/send_command.h
[1.887s] -- Up-to-date: /home/orangepi/ros2_workspace/auto_car/install/share/car_interface/environment/library_path.sh
[1.887s] -- Up-to-date: /home/orangepi/ros2_workspace/auto_car/install/share/car_interface/environment/library_path.dsv
[1.888s] -- Up-to-date: /home/orangepi/ros2_workspace/auto_car/install/lib/libcar_interface__rosidl_generator_c.so
[1.888s] -- Up-to-date: /home/orangepi/ros2_workspace/auto_car/install/include/car_interface/car_interface
[1.889s] -- Up-to-date: /home/orangepi/ros2_workspace/auto_car/install/include/car_interface/car_interface/msg
[1.889s] -- Up-to-date: /home/orangepi/ros2_workspace/auto_car/install/include/car_interface/car_interface/msg/detail
[1.889s] -- Up-to-date: /home/orangepi/ros2_workspace/auto_car/install/include/car_interface/car_interface/msg/detail/motor_command__rosidl_typesupport_fastrtps_c.h
[1.890s] -- Up-to-date: /home/orangepi/ros2_workspace/auto_car/install/include/car_interface/car_interface/msg/detail/serial_data__rosidl_typesupport_fastrtps_c.h
[1.890s] -- Up-to-date: /home/orangepi/ros2_workspace/auto_car/install/include/car_interface/car_interface/msg/detail/rplidar_data__rosidl_typesupport_fastrtps_c.h
[1.891s] -- Up-to-date: /home/orangepi/ros2_workspace/auto_car/install/include/car_interface/car_interface/msg/detail/t265_data__rosidl_typesupport_fastrtps_c.h
[1.901s] -- Up-to-date: /home/orangepi/ros2_workspace/auto_car/install/include/car_interface/car_interface/msg/rosidl_typesupport_fastrtps_c__visibility_control.h
[1.901s] -- Up-to-date: /home/orangepi/ros2_workspace/auto_car/install/include/car_interface/car_interface/srv
[1.901s] -- Up-to-date: /home/orangepi/ros2_workspace/auto_car/install/include/car_interface/car_interface/srv/detail
[1.901s] -- Up-to-date: /home/orangepi/ros2_workspace/auto_car/install/include/car_interface/car_interface/srv/detail/laser_open_service__rosidl_typesupport_fastrtps_c.h
[1.901s] -- Up-to-date: /home/orangepi/ros2_workspace/auto_car/install/include/car_interface/car_interface/srv/detail/send_command__rosidl_typesupport_fastrtps_c.h
[1.901s] -- Up-to-date: /home/orangepi/ros2_workspace/auto_car/install/lib/libcar_interface__rosidl_typesupport_fastrtps_c.so
[1.902s] -- Up-to-date: /home/orangepi/ros2_workspace/auto_car/install/include/car_interface/car_interface
[1.903s] -- Up-to-date: /home/orangepi/ros2_workspace/auto_car/install/include/car_interface/car_interface/msg
[1.903s] -- Up-to-date: /home/orangepi/ros2_workspace/auto_car/install/include/car_interface/car_interface/msg/detail
[1.904s] -- Up-to-date: /home/orangepi/ros2_workspace/auto_car/install/include/car_interface/car_interface/msg/detail/t265_data__rosidl_typesupport_introspection_c.h
[1.905s] -- Up-to-date: /home/orangepi/ros2_workspace/auto_car/install/include/car_interface/car_interface/msg/detail/motor_command__type_support.c
[1.906s] -- Up-to-date: /home/orangepi/ros2_workspace/auto_car/install/include/car_interface/car_interface/msg/detail/rplidar_data__rosidl_typesupport_introspection_c.h
[1.908s] -- Up-to-date: /home/orangepi/ros2_workspace/auto_car/install/include/car_interface/car_interface/msg/detail/t265_data__type_support.c
[1.909s] -- Up-to-date: /home/orangepi/ros2_workspace/auto_car/install/include/car_interface/car_interface/msg/detail/rplidar_data__type_support.c
[1.911s] -- Up-to-date: /home/orangepi/ros2_workspace/auto_car/install/include/car_interface/car_interface/msg/detail/serial_data__rosidl_typesupport_introspection_c.h
[1.912s] -- Up-to-date: /home/orangepi/ros2_workspace/auto_car/install/include/car_interface/car_interface/msg/detail/serial_data__type_support.c
[1.913s] -- Up-to-date: /home/orangepi/ros2_workspace/auto_car/install/include/car_interface/car_interface/msg/detail/motor_command__rosidl_typesupport_introspection_c.h
[1.914s] -- Up-to-date: /home/orangepi/ros2_workspace/auto_car/install/include/car_interface/car_interface/msg/rosidl_typesupport_introspection_c__visibility_control.h
[1.915s] -- Up-to-date: /home/orangepi/ros2_workspace/auto_car/install/include/car_interface/car_interface/srv
[1.916s] -- Up-to-date: /home/orangepi/ros2_workspace/auto_car/install/include/car_interface/car_interface/srv/detail
[1.917s] -- Up-to-date: /home/orangepi/ros2_workspace/auto_car/install/include/car_interface/car_interface/srv/detail/send_command__type_support.c
[1.918s] -- Up-to-date: /home/orangepi/ros2_workspace/auto_car/install/include/car_interface/car_interface/srv/detail/send_command__rosidl_typesupport_introspection_c.h
[1.919s] -- Up-to-date: /home/orangepi/ros2_workspace/auto_car/install/include/car_interface/car_interface/srv/detail/laser_open_service__rosidl_typesupport_introspection_c.h
[1.921s] -- Up-to-date: /home/orangepi/ros2_workspace/auto_car/install/include/car_interface/car_interface/srv/detail/laser_open_service__type_support.c
[1.922s] -- Up-to-date: /home/orangepi/ros2_workspace/auto_car/install/lib/libcar_interface__rosidl_typesupport_introspection_c.so
[1.922s] -- Up-to-date: /home/orangepi/ros2_workspace/auto_car/install/lib/libcar_interface__rosidl_typesupport_c.so
[1.924s] -- Up-to-date: /home/orangepi/ros2_workspace/auto_car/install/include/car_interface/car_interface
[1.924s] -- Up-to-date: /home/orangepi/ros2_workspace/auto_car/install/include/car_interface/car_interface/msg
[1.926s] -- Up-to-date: /home/orangepi/ros2_workspace/auto_car/install/include/car_interface/car_interface/msg/detail
[1.926s] -- Up-to-date: /home/orangepi/ros2_workspace/auto_car/install/include/car_interface/car_interface/msg/detail/t265_data__struct.hpp
[1.926s] -- Up-to-date: /home/orangepi/ros2_workspace/auto_car/install/include/car_interface/car_interface/msg/detail/motor_command__traits.hpp
[1.927s] -- Up-to-date: /home/orangepi/ros2_workspace/auto_car/install/include/car_interface/car_interface/msg/detail/t265_data__type_support.hpp
[1.927s] -- Up-to-date: /home/orangepi/ros2_workspace/auto_car/install/include/car_interface/car_interface/msg/detail/t265_data__traits.hpp
[1.927s] -- Up-to-date: /home/orangepi/ros2_workspace/auto_car/install/include/car_interface/car_interface/msg/detail/serial_data__builder.hpp
[1.928s] -- Up-to-date: /home/orangepi/ros2_workspace/auto_car/install/include/car_interface/car_interface/msg/detail/rplidar_data__traits.hpp
[1.928s] -- Up-to-date: /home/orangepi/ros2_workspace/auto_car/install/include/car_interface/car_interface/msg/detail/rplidar_data__struct.hpp
[1.929s] -- Up-to-date: /home/orangepi/ros2_workspace/auto_car/install/include/car_interface/car_interface/msg/detail/serial_data__traits.hpp
[1.929s] -- Up-to-date: /home/orangepi/ros2_workspace/auto_car/install/include/car_interface/car_interface/msg/detail/serial_data__struct.hpp
[1.929s] -- Up-to-date: /home/orangepi/ros2_workspace/auto_car/install/include/car_interface/car_interface/msg/detail/t265_data__builder.hpp
[1.930s] -- Up-to-date: /home/orangepi/ros2_workspace/auto_car/install/include/car_interface/car_interface/msg/detail/rplidar_data__builder.hpp
[1.930s] -- Up-to-date: /home/orangepi/ros2_workspace/auto_car/install/include/car_interface/car_interface/msg/detail/motor_command__builder.hpp
[1.931s] -- Up-to-date: /home/orangepi/ros2_workspace/auto_car/install/include/car_interface/car_interface/msg/detail/motor_command__type_support.hpp
[1.931s] -- Up-to-date: /home/orangepi/ros2_workspace/auto_car/install/include/car_interface/car_interface/msg/detail/rplidar_data__type_support.hpp
[1.931s] -- Up-to-date: /home/orangepi/ros2_workspace/auto_car/install/include/car_interface/car_interface/msg/detail/motor_command__struct.hpp
[1.932s] -- Up-to-date: /home/orangepi/ros2_workspace/auto_car/install/include/car_interface/car_interface/msg/detail/serial_data__type_support.hpp
[1.932s] -- Up-to-date: /home/orangepi/ros2_workspace/auto_car/install/include/car_interface/car_interface/msg/rosidl_generator_cpp__visibility_control.hpp
[1.933s] -- Up-to-date: /home/orangepi/ros2_workspace/auto_car/install/include/car_interface/car_interface/msg/motor_command.hpp
[1.933s] -- Up-to-date: /home/orangepi/ros2_workspace/auto_car/install/include/car_interface/car_interface/msg/t265_data.hpp
[1.933s] -- Up-to-date: /home/orangepi/ros2_workspace/auto_car/install/include/car_interface/car_interface/msg/rplidar_data.hpp
[1.934s] -- Up-to-date: /home/orangepi/ros2_workspace/auto_car/install/include/car_interface/car_interface/msg/serial_data.hpp
[1.934s] -- Up-to-date: /home/orangepi/ros2_workspace/auto_car/install/include/car_interface/car_interface/srv
[1.934s] -- Up-to-date: /home/orangepi/ros2_workspace/auto_car/install/include/car_interface/car_interface/srv/detail
[1.935s] -- Up-to-date: /home/orangepi/ros2_workspace/auto_car/install/include/car_interface/car_interface/srv/detail/send_command__struct.hpp
[1.935s] -- Up-to-date: /home/orangepi/ros2_workspace/auto_car/install/include/car_interface/car_interface/srv/detail/laser_open_service__traits.hpp
[1.936s] -- Up-to-date: /home/orangepi/ros2_workspace/auto_car/install/include/car_interface/car_interface/srv/detail/laser_open_service__builder.hpp
[1.936s] -- Up-to-date: /home/orangepi/ros2_workspace/auto_car/install/include/car_interface/car_interface/srv/detail/laser_open_service__type_support.hpp
[1.936s] -- Up-to-date: /home/orangepi/ros2_workspace/auto_car/install/include/car_interface/car_interface/srv/detail/laser_open_service__struct.hpp
[1.937s] -- Up-to-date: /home/orangepi/ros2_workspace/auto_car/install/include/car_interface/car_interface/srv/detail/send_command__traits.hpp
[1.937s] -- Up-to-date: /home/orangepi/ros2_workspace/auto_car/install/include/car_interface/car_interface/srv/detail/send_command__builder.hpp
[1.938s] -- Up-to-date: /home/orangepi/ros2_workspace/auto_car/install/include/car_interface/car_interface/srv/detail/send_command__type_support.hpp
[1.938s] -- Up-to-date: /home/orangepi/ros2_workspace/auto_car/install/include/car_interface/car_interface/srv/send_command.hpp
[1.938s] -- Up-to-date: /home/orangepi/ros2_workspace/auto_car/install/include/car_interface/car_interface/srv/laser_open_service.hpp
[1.939s] -- Up-to-date: /home/orangepi/ros2_workspace/auto_car/install/include/car_interface/car_interface
[1.939s] -- Up-to-date: /home/orangepi/ros2_workspace/auto_car/install/include/car_interface/car_interface/msg
[1.939s] -- Up-to-date: /home/orangepi/ros2_workspace/auto_car/install/include/car_interface/car_interface/msg/detail
[1.940s] -- Up-to-date: /home/orangepi/ros2_workspace/auto_car/install/include/car_interface/car_interface/msg/detail/t265_data__rosidl_typesupport_fastrtps_cpp.hpp
[1.940s] -- Up-to-date: /home/orangepi/ros2_workspace/auto_car/install/include/car_interface/car_interface/msg/detail/motor_command__rosidl_typesupport_fastrtps_cpp.hpp
[1.941s] -- Up-to-date: /home/orangepi/ros2_workspace/auto_car/install/include/car_interface/car_interface/msg/detail/serial_data__rosidl_typesupport_fastrtps_cpp.hpp
[1.941s] -- Up-to-date: /home/orangepi/ros2_workspace/auto_car/install/include/car_interface/car_interface/msg/detail/rplidar_data__rosidl_typesupport_fastrtps_cpp.hpp
[1.941s] -- Up-to-date: /home/orangepi/ros2_workspace/auto_car/install/include/car_interface/car_interface/msg/detail/dds_fastrtps
[1.942s] -- Up-to-date: /home/orangepi/ros2_workspace/auto_car/install/include/car_interface/car_interface/msg/rosidl_typesupport_fastrtps_cpp__visibility_control.h
[1.942s] -- Up-to-date: /home/orangepi/ros2_workspace/auto_car/install/include/car_interface/car_interface/srv
[1.943s] -- Up-to-date: /home/orangepi/ros2_workspace/auto_car/install/include/car_interface/car_interface/srv/detail
[1.943s] -- Up-to-date: /home/orangepi/ros2_workspace/auto_car/install/include/car_interface/car_interface/srv/detail/send_command__rosidl_typesupport_fastrtps_cpp.hpp
[1.943s] -- Up-to-date: /home/orangepi/ros2_workspace/auto_car/install/include/car_interface/car_interface/srv/detail/dds_fastrtps
[1.944s] -- Up-to-date: /home/orangepi/ros2_workspace/auto_car/install/include/car_interface/car_interface/srv/detail/laser_open_service__rosidl_typesupport_fastrtps_cpp.hpp
[1.944s] -- Up-to-date: /home/orangepi/ros2_workspace/auto_car/install/lib/libcar_interface__rosidl_typesupport_fastrtps_cpp.so
[1.944s] -- Up-to-date: /home/orangepi/ros2_workspace/auto_car/install/include/car_interface/car_interface
[1.945s] -- Up-to-date: /home/orangepi/ros2_workspace/auto_car/install/include/car_interface/car_interface/msg
[1.945s] -- Up-to-date: /home/orangepi/ros2_workspace/auto_car/install/include/car_interface/car_interface/msg/detail
[1.946s] -- Up-to-date: /home/orangepi/ros2_workspace/auto_car/install/include/car_interface/car_interface/msg/detail/serial_data__type_support.cpp
[1.946s] -- Up-to-date: /home/orangepi/ros2_workspace/auto_car/install/include/car_interface/car_interface/msg/detail/rplidar_data__rosidl_typesupport_introspection_cpp.hpp
[1.947s] -- Up-to-date: /home/orangepi/ros2_workspace/auto_car/install/include/car_interface/car_interface/msg/detail/rplidar_data__type_support.cpp
[1.947s] -- Up-to-date: /home/orangepi/ros2_workspace/auto_car/install/include/car_interface/car_interface/msg/detail/t265_data__type_support.cpp
[1.947s] -- Up-to-date: /home/orangepi/ros2_workspace/auto_car/install/include/car_interface/car_interface/msg/detail/motor_command__rosidl_typesupport_introspection_cpp.hpp
[1.948s] -- Up-to-date: /home/orangepi/ros2_workspace/auto_car/install/include/car_interface/car_interface/msg/detail/t265_data__rosidl_typesupport_introspection_cpp.hpp
[1.948s] -- Up-to-date: /home/orangepi/ros2_workspace/auto_car/install/include/car_interface/car_interface/msg/detail/serial_data__rosidl_typesupport_introspection_cpp.hpp
[1.948s] -- Up-to-date: /home/orangepi/ros2_workspace/auto_car/install/include/car_interface/car_interface/msg/detail/motor_command__type_support.cpp
[1.949s] -- Up-to-date: /home/orangepi/ros2_workspace/auto_car/install/include/car_interface/car_interface/srv
[1.949s] -- Up-to-date: /home/orangepi/ros2_workspace/auto_car/install/include/car_interface/car_interface/srv/detail
[1.950s] -- Up-to-date: /home/orangepi/ros2_workspace/auto_car/install/include/car_interface/car_interface/srv/detail/laser_open_service__rosidl_typesupport_introspection_cpp.hpp
[1.950s] -- Up-to-date: /home/orangepi/ros2_workspace/auto_car/install/include/car_interface/car_interface/srv/detail/send_command__type_support.cpp
[1.950s] -- Up-to-date: /home/orangepi/ros2_workspace/auto_car/install/include/car_interface/car_interface/srv/detail/laser_open_service__type_support.cpp
[1.951s] -- Up-to-date: /home/orangepi/ros2_workspace/auto_car/install/include/car_interface/car_interface/srv/detail/send_command__rosidl_typesupport_introspection_cpp.hpp
[1.951s] -- Up-to-date: /home/orangepi/ros2_workspace/auto_car/install/lib/libcar_interface__rosidl_typesupport_introspection_cpp.so
[1.952s] -- Up-to-date: /home/orangepi/ros2_workspace/auto_car/install/lib/libcar_interface__rosidl_typesupport_cpp.so
[1.952s] -- Up-to-date: /home/orangepi/ros2_workspace/auto_car/install/share/car_interface/environment/pythonpath.sh
[1.952s] -- Up-to-date: /home/orangepi/ros2_workspace/auto_car/install/share/car_interface/environment/pythonpath.dsv
[1.953s] -- Up-to-date: /home/orangepi/ros2_workspace/auto_car/install/local/lib/python3.10/dist-packages/car_interface-0.0.0-py3.10.egg-info
[1.953s] -- Installing: /home/orangepi/ros2_workspace/auto_car/install/local/lib/python3.10/dist-packages/car_interface-0.0.0-py3.10.egg-info/PKG-INFO
[1.954s] -- Installing: /home/orangepi/ros2_workspace/auto_car/install/local/lib/python3.10/dist-packages/car_interface-0.0.0-py3.10.egg-info/dependency_links.txt
[1.954s] -- Installing: /home/orangepi/ros2_workspace/auto_car/install/local/lib/python3.10/dist-packages/car_interface-0.0.0-py3.10.egg-info/SOURCES.txt
[1.954s] -- Installing: /home/orangepi/ros2_workspace/auto_car/install/local/lib/python3.10/dist-packages/car_interface-0.0.0-py3.10.egg-info/top_level.txt
[1.955s] -- Up-to-date: /home/orangepi/ros2_workspace/auto_car/install/local/lib/python3.10/dist-packages/car_interface
[1.955s] -- Up-to-date: /home/orangepi/ros2_workspace/auto_car/install/local/lib/python3.10/dist-packages/car_interface/msg
[1.955s] -- Up-to-date: /home/orangepi/ros2_workspace/auto_car/install/local/lib/python3.10/dist-packages/car_interface/msg/_rplidar_data_s.c
[1.956s] -- Up-to-date: /home/orangepi/ros2_workspace/auto_car/install/local/lib/python3.10/dist-packages/car_interface/msg/_t265_data.py
[1.956s] -- Up-to-date: /home/orangepi/ros2_workspace/auto_car/install/local/lib/python3.10/dist-packages/car_interface/msg/_t265_data_s.c
[1.957s] -- Up-to-date: /home/orangepi/ros2_workspace/auto_car/install/local/lib/python3.10/dist-packages/car_interface/msg/_serial_data.py
[1.957s] -- Up-to-date: /home/orangepi/ros2_workspace/auto_car/install/local/lib/python3.10/dist-packages/car_interface/msg/_motor_command.py
[1.957s] -- Up-to-date: /home/orangepi/ros2_workspace/auto_car/install/local/lib/python3.10/dist-packages/car_interface/msg/__init__.py
[1.958s] -- Up-to-date: /home/orangepi/ros2_workspace/auto_car/install/local/lib/python3.10/dist-packages/car_interface/msg/_motor_command_s.c
[1.958s] -- Up-to-date: /home/orangepi/ros2_workspace/auto_car/install/local/lib/python3.10/dist-packages/car_interface/msg/_serial_data_s.c
[1.958s] -- Up-to-date: /home/orangepi/ros2_workspace/auto_car/install/local/lib/python3.10/dist-packages/car_interface/msg/_rplidar_data.py
[1.959s] -- Up-to-date: /home/orangepi/ros2_workspace/auto_car/install/local/lib/python3.10/dist-packages/car_interface/car_interface_s__rosidl_typesupport_introspection_c.cpython-310-aarch64-linux-gnu.so
[1.959s] -- Up-to-date: /home/orangepi/ros2_workspace/auto_car/install/local/lib/python3.10/dist-packages/car_interface/car_interface_s__rosidl_typesupport_c.cpython-310-aarch64-linux-gnu.so
[1.959s] -- Up-to-date: /home/orangepi/ros2_workspace/auto_car/install/local/lib/python3.10/dist-packages/car_interface/srv
[1.959s] -- Up-to-date: /home/orangepi/ros2_workspace/auto_car/install/local/lib/python3.10/dist-packages/car_interface/srv/_laser_open_service_s.c
[1.959s] -- Up-to-date: /home/orangepi/ros2_workspace/auto_car/install/local/lib/python3.10/dist-packages/car_interface/srv/_laser_open_service.py
[1.959s] -- Up-to-date: /home/orangepi/ros2_workspace/auto_car/install/local/lib/python3.10/dist-packages/car_interface/srv/_send_command.py
[1.959s] -- Up-to-date: /home/orangepi/ros2_workspace/auto_car/install/local/lib/python3.10/dist-packages/car_interface/srv/__init__.py
[1.959s] -- Up-to-date: /home/orangepi/ros2_workspace/auto_car/install/local/lib/python3.10/dist-packages/car_interface/srv/_send_command_s.c
[1.959s] -- Up-to-date: /home/orangepi/ros2_workspace/auto_car/install/local/lib/python3.10/dist-packages/car_interface/car_interface_s__rosidl_typesupport_fastrtps_c.cpython-310-aarch64-linux-gnu.so
[1.959s] -- Up-to-date: /home/orangepi/ros2_workspace/auto_car/install/local/lib/python3.10/dist-packages/car_interface/_car_interface_s.ep.rosidl_typesupport_introspection_c.c
[1.959s] -- Up-to-date: /home/orangepi/ros2_workspace/auto_car/install/local/lib/python3.10/dist-packages/car_interface/__init__.py
[1.960s] -- Up-to-date: /home/orangepi/ros2_workspace/auto_car/install/local/lib/python3.10/dist-packages/car_interface/_car_interface_s.ep.rosidl_typesupport_c.c
[1.960s] -- Up-to-date: /home/orangepi/ros2_workspace/auto_car/install/local/lib/python3.10/dist-packages/car_interface/_car_interface_s.ep.rosidl_typesupport_fastrtps_c.c
[1.960s] -- Up-to-date: /home/orangepi/ros2_workspace/auto_car/install/local/lib/python3.10/dist-packages/car_interface/libcar_interface__rosidl_generator_py.so
[2.754s] Listing '/home/orangepi/ros2_workspace/auto_car/install/local/lib/python3.10/dist-packages/car_interface'...
[2.754s] Listing '/home/orangepi/ros2_workspace/auto_car/install/local/lib/python3.10/dist-packages/car_interface/msg'...
[2.755s] Listing '/home/orangepi/ros2_workspace/auto_car/install/local/lib/python3.10/dist-packages/car_interface/srv'...
[2.767s] -- Up-to-date: /home/orangepi/ros2_workspace/auto_car/install/local/lib/python3.10/dist-packages/car_interface/car_interface_s__rosidl_typesupport_fastrtps_c.cpython-310-aarch64-linux-gnu.so
[2.769s] -- Up-to-date: /home/orangepi/ros2_workspace/auto_car/install/local/lib/python3.10/dist-packages/car_interface/car_interface_s__rosidl_typesupport_introspection_c.cpython-310-aarch64-linux-gnu.so
[2.770s] -- Up-to-date: /home/orangepi/ros2_workspace/auto_car/install/local/lib/python3.10/dist-packages/car_interface/car_interface_s__rosidl_typesupport_c.cpython-310-aarch64-linux-gnu.so
[2.770s] -- Up-to-date: /home/orangepi/ros2_workspace/auto_car/install/lib/libcar_interface__rosidl_generator_py.so
[2.771s] -- Up-to-date: /home/orangepi/ros2_workspace/auto_car/install/share/car_interface/msg/T265Data.idl
[2.771s] -- Up-to-date: /home/orangepi/ros2_workspace/auto_car/install/share/car_interface/msg/RplidarData.idl
[2.772s] -- Up-to-date: /home/orangepi/ros2_workspace/auto_car/install/share/car_interface/msg/MotorCommand.idl
[2.772s] -- Up-to-date: /home/orangepi/ros2_workspace/auto_car/install/share/car_interface/msg/SerialData.idl
[2.772s] -- Up-to-date: /home/orangepi/ros2_workspace/auto_car/install/share/car_interface/srv/LaserOpenService.idl
[2.772s] -- Up-to-date: /home/orangepi/ros2_workspace/auto_car/install/share/car_interface/srv/SendCommand.idl
[2.772s] -- Up-to-date: /home/orangepi/ros2_workspace/auto_car/install/share/car_interface/msg/T265Data.msg
[2.772s] -- Up-to-date: /home/orangepi/ros2_workspace/auto_car/install/share/car_interface/msg/RplidarData.msg
[2.772s] -- Up-to-date: /home/orangepi/ros2_workspace/auto_car/install/share/car_interface/msg/MotorCommand.msg
[2.772s] -- Up-to-date: /home/orangepi/ros2_workspace/auto_car/install/share/car_interface/msg/SerialData.msg
[2.773s] -- Up-to-date: /home/orangepi/ros2_workspace/auto_car/install/share/car_interface/srv/LaserOpenService.srv
[2.773s] -- Up-to-date: /home/orangepi/ros2_workspace/auto_car/install/share/car_interface/srv/LaserOpenService_Request.msg
[2.773s] -- Up-to-date: /home/orangepi/ros2_workspace/auto_car/install/share/car_interface/srv/LaserOpenService_Response.msg
[2.773s] -- Up-to-date: /home/orangepi/ros2_workspace/auto_car/install/share/car_interface/srv/SendCommand.srv
[2.773s] -- Up-to-date: /home/orangepi/ros2_workspace/auto_car/install/share/car_interface/srv/SendCommand_Request.msg
[2.773s] -- Up-to-date: /home/orangepi/ros2_workspace/auto_car/install/share/car_interface/srv/SendCommand_Response.msg
[2.773s] -- Up-to-date: /home/orangepi/ros2_workspace/auto_car/install/share/ament_index/resource_index/package_run_dependencies/car_interface
[2.773s] -- Up-to-date: /home/orangepi/ros2_workspace/auto_car/install/share/ament_index/resource_index/parent_prefix_path/car_interface
[2.773s] -- Up-to-date: /home/orangepi/ros2_workspace/auto_car/install/share/car_interface/environment/ament_prefix_path.sh
[2.773s] -- Up-to-date: /home/orangepi/ros2_workspace/auto_car/install/share/car_interface/environment/ament_prefix_path.dsv
[2.774s] -- Up-to-date: /home/orangepi/ros2_workspace/auto_car/install/share/car_interface/environment/path.sh
[2.774s] -- Up-to-date: /home/orangepi/ros2_workspace/auto_car/install/share/car_interface/environment/path.dsv
[2.774s] -- Up-to-date: /home/orangepi/ros2_workspace/auto_car/install/share/car_interface/local_setup.bash
[2.774s] -- Up-to-date: /home/orangepi/ros2_workspace/auto_car/install/share/car_interface/local_setup.sh
[2.774s] -- Up-to-date: /home/orangepi/ros2_workspace/auto_car/install/share/car_interface/local_setup.zsh
[2.774s] -- Up-to-date: /home/orangepi/ros2_workspace/auto_car/install/share/car_interface/local_setup.dsv
[2.774s] -- Installing: /home/orangepi/ros2_workspace/auto_car/install/share/car_interface/package.dsv
[2.774s] -- Up-to-date: /home/orangepi/ros2_workspace/auto_car/install/share/ament_index/resource_index/packages/car_interface
[2.774s] -- Up-to-date: /home/orangepi/ros2_workspace/auto_car/install/share/car_interface/cmake/export_car_interface__rosidl_generator_cExport.cmake
[2.774s] -- Up-to-date: /home/orangepi/ros2_workspace/auto_car/install/share/car_interface/cmake/export_car_interface__rosidl_generator_cExport-noconfig.cmake
[2.775s] -- Up-to-date: /home/orangepi/ros2_workspace/auto_car/install/share/car_interface/cmake/export_car_interface__rosidl_typesupport_fastrtps_cExport.cmake
[2.775s] -- Up-to-date: /home/orangepi/ros2_workspace/auto_car/install/share/car_interface/cmake/export_car_interface__rosidl_typesupport_fastrtps_cExport-noconfig.cmake
[2.775s] -- Up-to-date: /home/orangepi/ros2_workspace/auto_car/install/share/car_interface/cmake/car_interface__rosidl_typesupport_introspection_cExport.cmake
[2.775s] -- Up-to-date: /home/orangepi/ros2_workspace/auto_car/install/share/car_interface/cmake/car_interface__rosidl_typesupport_introspection_cExport-noconfig.cmake
[2.775s] -- Up-to-date: /home/orangepi/ros2_workspace/auto_car/install/share/car_interface/cmake/car_interface__rosidl_typesupport_cExport.cmake
[2.775s] -- Up-to-date: /home/orangepi/ros2_workspace/auto_car/install/share/car_interface/cmake/car_interface__rosidl_typesupport_cExport-noconfig.cmake
[2.775s] -- Up-to-date: /home/orangepi/ros2_workspace/auto_car/install/share/car_interface/cmake/export_car_interface__rosidl_generator_cppExport.cmake
[2.775s] -- Up-to-date: /home/orangepi/ros2_workspace/auto_car/install/share/car_interface/cmake/export_car_interface__rosidl_typesupport_fastrtps_cppExport.cmake
[2.775s] -- Up-to-date: /home/orangepi/ros2_workspace/auto_car/install/share/car_interface/cmake/export_car_interface__rosidl_typesupport_fastrtps_cppExport-noconfig.cmake
[2.776s] -- Up-to-date: /home/orangepi/ros2_workspace/auto_car/install/share/car_interface/cmake/car_interface__rosidl_typesupport_introspection_cppExport.cmake
[2.776s] -- Up-to-date: /home/orangepi/ros2_workspace/auto_car/install/share/car_interface/cmake/car_interface__rosidl_typesupport_introspection_cppExport-noconfig.cmake
[2.776s] -- Up-to-date: /home/orangepi/ros2_workspace/auto_car/install/share/car_interface/cmake/car_interface__rosidl_typesupport_cppExport.cmake
[2.776s] -- Up-to-date: /home/orangepi/ros2_workspace/auto_car/install/share/car_interface/cmake/car_interface__rosidl_typesupport_cppExport-noconfig.cmake
[2.776s] -- Up-to-date: /home/orangepi/ros2_workspace/auto_car/install/share/car_interface/cmake/export_car_interface__rosidl_generator_pyExport.cmake
[2.776s] -- Up-to-date: /home/orangepi/ros2_workspace/auto_car/install/share/car_interface/cmake/export_car_interface__rosidl_generator_pyExport-noconfig.cmake
[2.776s] -- Up-to-date: /home/orangepi/ros2_workspace/auto_car/install/share/car_interface/cmake/rosidl_cmake-extras.cmake
[2.776s] -- Up-to-date: /home/orangepi/ros2_workspace/auto_car/install/share/car_interface/cmake/ament_cmake_export_include_directories-extras.cmake
[2.776s] -- Up-to-date: /home/orangepi/ros2_workspace/auto_car/install/share/car_interface/cmake/ament_cmake_export_libraries-extras.cmake
[2.776s] -- Up-to-date: /home/orangepi/ros2_workspace/auto_car/install/share/car_interface/cmake/ament_cmake_export_targets-extras.cmake
[2.776s] -- Up-to-date: /home/orangepi/ros2_workspace/auto_car/install/share/car_interface/cmake/rosidl_cmake_export_typesupport_targets-extras.cmake
[2.777s] -- Up-to-date: /home/orangepi/ros2_workspace/auto_car/install/share/car_interface/cmake/ament_cmake_export_dependencies-extras.cmake
[2.777s] -- Up-to-date: /home/orangepi/ros2_workspace/auto_car/install/share/car_interface/cmake/rosidl_cmake_export_typesupport_libraries-extras.cmake
[2.777s] -- Up-to-date: /home/orangepi/ros2_workspace/auto_car/install/share/car_interface/cmake/car_interfaceConfig.cmake
[2.777s] -- Up-to-date: /home/orangepi/ros2_workspace/auto_car/install/share/car_interface/cmake/car_interfaceConfig-version.cmake
[2.777s] -- Up-to-date: /home/orangepi/ros2_workspace/auto_car/install/share/car_interface/package.xml
[3.067s] Invoked command in '/home/orangepi/ros2_workspace/auto_car/build/car_interface' returned '0': CMAKE_PREFIX_PATH=${CMAKE_PREFIX_PATH}:/root/lanhailidar_ros_ws/install/scan_subscriber:/opt/ros/humble /usr/bin/cmake --install /home/orangepi/ros2_workspace/auto_car/build/car_interface
