[3.217s] Invoking command in '/home/orangepi/ros2_workspace/auto_car/src/car_launch': PYTHONPATH=/home/orangepi/ros2_workspace/auto_car/build/car_launch/prefix_override:/usr/lib/python3/dist-packages/colcon_core/task/python/colcon_distutils_commands:/home/orangepi/ros2_workspace/auto_car/install/lib/python3.10/site-packages:${PYTHONPATH} /usr/bin/python3 -W ignore:setup.py install is deprecated -W ignore:easy_install command is deprecated setup.py egg_info --egg-base ../../build/car_launch build --build-base /home/orangepi/ros2_workspace/auto_car/build/car_launch/build install --record /home/orangepi/ros2_workspace/auto_car/build/car_launch/install.log --single-version-externally-managed install_data
[3.548s] running egg_info
[3.549s] writing ../../build/car_launch/car_launch.egg-info/PKG-INFO
[3.550s] writing dependency_links to ../../build/car_launch/car_launch.egg-info/dependency_links.txt
[3.551s] writing entry points to ../../build/car_launch/car_launch.egg-info/entry_points.txt
[3.552s] writing requirements to ../../build/car_launch/car_launch.egg-info/requires.txt
[3.552s] writing top-level names to ../../build/car_launch/car_launch.egg-info/top_level.txt
[3.554s] reading manifest file '../../build/car_launch/car_launch.egg-info/SOURCES.txt'
[3.564s] writing manifest file '../../build/car_launch/car_launch.egg-info/SOURCES.txt'
[3.565s] running build
[3.566s] running build_py
[3.568s] running install
[3.568s] running install_lib
[3.571s] running install_data
[3.572s] running install_egg_info
[3.575s] removing '/home/orangepi/ros2_workspace/auto_car/install/lib/python3.10/site-packages/car_launch-0.0.0-py3.10.egg-info' (and everything under it)
[3.576s] Copying ../../build/car_launch/car_launch.egg-info to /home/orangepi/ros2_workspace/auto_car/install/lib/python3.10/site-packages/car_launch-0.0.0-py3.10.egg-info
[3.588s] running install_scripts
[3.647s] Installing motor_controller script to /home/orangepi/ros2_workspace/auto_car/install/lib/car_launch
[3.648s] Installing t265 script to /home/orangepi/ros2_workspace/auto_car/install/lib/car_launch
[3.654s] Installing t265_uart script to /home/orangepi/ros2_workspace/auto_car/install/lib/car_launch
[3.656s] Installing uart_driver script to /home/orangepi/ros2_workspace/auto_car/install/lib/car_launch
[3.658s] writing list of installed files to '/home/orangepi/ros2_workspace/auto_car/build/car_launch/install.log'
[3.825s] Invoked command in '/home/orangepi/ros2_workspace/auto_car/src/car_launch' returned '0': PYTHONPATH=/home/orangepi/ros2_workspace/auto_car/build/car_launch/prefix_override:/usr/lib/python3/dist-packages/colcon_core/task/python/colcon_distutils_commands:/home/orangepi/ros2_workspace/auto_car/install/lib/python3.10/site-packages:${PYTHONPATH} /usr/bin/python3 -W ignore:setup.py install is deprecated -W ignore:easy_install command is deprecated setup.py egg_info --egg-base ../../build/car_launch build --build-base /home/orangepi/ros2_workspace/auto_car/build/car_launch/build install --record /home/orangepi/ros2_workspace/auto_car/build/car_launch/install.log --single-version-externally-managed install_data
