[2.772s] Invoking command in '/home/orangepi/ros2_workspace/auto_car/src/uart_comm_py': PYTHONPATH=/home/orangepi/ros2_workspace/auto_car/build/uart_comm_py/prefix_override:/usr/lib/python3/dist-packages/colcon_core/task/python/colcon_distutils_commands:/home/orangepi/ros2_workspace/auto_car/install/lib/python3.10/site-packages:/home/orangepi/ros2_workspace/auto_car/install/lib/python3.10/site-packages:/home/orangepi/ros2_workspace/auto_car/install/local/lib/python3.10/dist-packages:/root/lanhailidar_ros_ws/install/scan_subscriber/lib/python3.10/site-packages:/root/lanhailidar_ros_ws/install/base/local/lib/python3.10/dist-packages:/opt/ros/humble/lib/python3.10/site-packages:/opt/ros/humble/local/lib/python3.10/dist-packages /usr/bin/python3 -W ignore:setup.py install is deprecated -W ignore:easy_install command is deprecated setup.py egg_info --egg-base ../../build/uart_comm_py build --build-base /home/orangepi/ros2_workspace/auto_car/build/uart_comm_py/build install --record /home/orangepi/ros2_workspace/auto_car/build/uart_comm_py/install.log --single-version-externally-managed install_data
[3.126s] running egg_info
[3.127s] writing ../../build/uart_comm_py/uart_comm_py.egg-info/PKG-INFO
[3.128s] writing dependency_links to ../../build/uart_comm_py/uart_comm_py.egg-info/dependency_links.txt
[3.134s] writing entry points to ../../build/uart_comm_py/uart_comm_py.egg-info/entry_points.txt
[3.135s] writing requirements to ../../build/uart_comm_py/uart_comm_py.egg-info/requires.txt
[3.136s] writing top-level names to ../../build/uart_comm_py/uart_comm_py.egg-info/top_level.txt
[3.145s] reading manifest file '../../build/uart_comm_py/uart_comm_py.egg-info/SOURCES.txt'
[3.147s] writing manifest file '../../build/uart_comm_py/uart_comm_py.egg-info/SOURCES.txt'
[3.148s] running build
[3.148s] running build_py
[3.149s] running install
[3.149s] running install_lib
[3.154s] running install_data
[3.154s] running install_egg_info
[3.158s] removing '/home/orangepi/ros2_workspace/auto_car/install/lib/python3.10/site-packages/uart_comm_py-0.0.0-py3.10.egg-info' (and everything under it)
[3.158s] Copying ../../build/uart_comm_py/uart_comm_py.egg-info to /home/orangepi/ros2_workspace/auto_car/install/lib/python3.10/site-packages/uart_comm_py-0.0.0-py3.10.egg-info
[3.159s] running install_scripts
[3.193s] Installing uart_node script to /home/orangepi/ros2_workspace/auto_car/install/lib/uart_comm_py
[3.193s] writing list of installed files to '/home/orangepi/ros2_workspace/auto_car/build/uart_comm_py/install.log'
[3.252s] Invoked command in '/home/orangepi/ros2_workspace/auto_car/src/uart_comm_py' returned '0': PYTHONPATH=/home/orangepi/ros2_workspace/auto_car/build/uart_comm_py/prefix_override:/usr/lib/python3/dist-packages/colcon_core/task/python/colcon_distutils_commands:/home/orangepi/ros2_workspace/auto_car/install/lib/python3.10/site-packages:/home/orangepi/ros2_workspace/auto_car/install/lib/python3.10/site-packages:/home/orangepi/ros2_workspace/auto_car/install/local/lib/python3.10/dist-packages:/root/lanhailidar_ros_ws/install/scan_subscriber/lib/python3.10/site-packages:/root/lanhailidar_ros_ws/install/base/local/lib/python3.10/dist-packages:/opt/ros/humble/lib/python3.10/site-packages:/opt/ros/humble/local/lib/python3.10/dist-packages /usr/bin/python3 -W ignore:setup.py install is deprecated -W ignore:easy_install command is deprecated setup.py egg_info --egg-base ../../build/uart_comm_py build --build-base /home/orangepi/ros2_workspace/auto_car/build/uart_comm_py/build install --record /home/orangepi/ros2_workspace/auto_car/build/uart_comm_py/install.log --single-version-externally-managed install_data
