[2.641s] Invoking command in '/home/orangepi/ros2_workspace/auto_car/src/car_setup': AMENT_PREFIX_PATH=/home/orangepi/ros2_workspace/auto_car/install:${AMENT_PREFIX_PATH} CMAKE_PREFIX_PATH=/home/orangepi/ros2_workspace/auto_car/install:${CMAKE_PREFIX_PATH} LD_LIBRARY_PATH=/home/orangepi/ros2_workspace/auto_car/install/lib:${LD_LIBRARY_PATH} PYTHONPATH=/home/orangepi/ros2_workspace/auto_car/build/car_setup/prefix_override:/usr/lib/python3/dist-packages/colcon_core/task/python/colcon_distutils_commands:/home/orangepi/ros2_workspace/auto_car/install/lib/python3.10/site-packages:/home/orangepi/ros2_workspace/auto_car/install/local/lib/python3.10/dist-packages:/home/orangepi/ros2_workspace/auto_car/install/lib/python3.10/site-packages:${PYTHONPATH} /usr/bin/python3 -W ignore:setup.py install is deprecated -W ignore:easy_install command is deprecated setup.py egg_info --egg-base ../../build/car_setup build --build-base /home/orangepi/ros2_workspace/auto_car/build/car_setup/build install --record /home/orangepi/ros2_workspace/auto_car/build/car_setup/install.log --single-version-externally-managed install_data
[2.993s] running egg_info
[2.995s] writing ../../build/car_setup/car_setup.egg-info/PKG-INFO
[2.997s] writing dependency_links to ../../build/car_setup/car_setup.egg-info/dependency_links.txt
[2.998s] writing entry points to ../../build/car_setup/car_setup.egg-info/entry_points.txt
[2.998s] writing requirements to ../../build/car_setup/car_setup.egg-info/requires.txt
[2.999s] writing top-level names to ../../build/car_setup/car_setup.egg-info/top_level.txt
[3.003s] reading manifest file '../../build/car_setup/car_setup.egg-info/SOURCES.txt'
[3.003s] writing manifest file '../../build/car_setup/car_setup.egg-info/SOURCES.txt'
[3.004s] running build
[3.009s] running build_py
[3.011s] running install
[3.012s] running install_lib
[3.012s] running install_data
[3.014s] running install_egg_info
[3.015s] removing '/home/orangepi/ros2_workspace/auto_car/install/lib/python3.10/site-packages/car_setup-0.0.0-py3.10.egg-info' (and everything under it)
[3.028s] Copying ../../build/car_setup/car_setup.egg-info to /home/orangepi/ros2_workspace/auto_car/install/lib/python3.10/site-packages/car_setup-0.0.0-py3.10.egg-info
[3.030s] running install_scripts
[3.102s] Installing camer script to /home/orangepi/ros2_workspace/auto_car/install/lib/car_setup
[3.103s] Installing motor_controller script to /home/orangepi/ros2_workspace/auto_car/install/lib/car_setup
[3.112s] Installing t265 script to /home/orangepi/ros2_workspace/auto_car/install/lib/car_setup
[3.112s] Installing t265_uart script to /home/orangepi/ros2_workspace/auto_car/install/lib/car_setup
[3.113s] Installing uart_driver script to /home/orangepi/ros2_workspace/auto_car/install/lib/car_setup
[3.114s] Installing uart_receiver0 script to /home/orangepi/ros2_workspace/auto_car/install/lib/car_setup
[3.115s] Installing uart_receiver1 script to /home/orangepi/ros2_workspace/auto_car/install/lib/car_setup
[3.117s] Installing uart_receiver2 script to /home/orangepi/ros2_workspace/auto_car/install/lib/car_setup
[3.118s] Installing uart_receiver3 script to /home/orangepi/ros2_workspace/auto_car/install/lib/car_setup
[3.119s] Installing uart_receiver4 script to /home/orangepi/ros2_workspace/auto_car/install/lib/car_setup
[3.120s] Installing uart_sender0 script to /home/orangepi/ros2_workspace/auto_car/install/lib/car_setup
[3.122s] Installing uart_sender1 script to /home/orangepi/ros2_workspace/auto_car/install/lib/car_setup
[3.124s] Installing uart_sender2 script to /home/orangepi/ros2_workspace/auto_car/install/lib/car_setup
[3.127s] Installing uart_sender3 script to /home/orangepi/ros2_workspace/auto_car/install/lib/car_setup
[3.127s] Installing uart_sender4 script to /home/orangepi/ros2_workspace/auto_car/install/lib/car_setup
[3.129s] writing list of installed files to '/home/orangepi/ros2_workspace/auto_car/build/car_setup/install.log'
[3.216s] Invoked command in '/home/orangepi/ros2_workspace/auto_car/src/car_setup' returned '0': AMENT_PREFIX_PATH=/home/orangepi/ros2_workspace/auto_car/install:${AMENT_PREFIX_PATH} CMAKE_PREFIX_PATH=/home/orangepi/ros2_workspace/auto_car/install:${CMAKE_PREFIX_PATH} LD_LIBRARY_PATH=/home/orangepi/ros2_workspace/auto_car/install/lib:${LD_LIBRARY_PATH} PYTHONPATH=/home/orangepi/ros2_workspace/auto_car/build/car_setup/prefix_override:/usr/lib/python3/dist-packages/colcon_core/task/python/colcon_distutils_commands:/home/orangepi/ros2_workspace/auto_car/install/lib/python3.10/site-packages:/home/orangepi/ros2_workspace/auto_car/install/local/lib/python3.10/dist-packages:/home/orangepi/ros2_workspace/auto_car/install/lib/python3.10/site-packages:${PYTHONPATH} /usr/bin/python3 -W ignore:setup.py install is deprecated -W ignore:easy_install command is deprecated setup.py egg_info --egg-base ../../build/car_setup build --build-base /home/orangepi/ros2_workspace/auto_car/build/car_setup/build install --record /home/orangepi/ros2_workspace/auto_car/build/car_setup/install.log --single-version-externally-managed install_data
