[0.131s] Invoking command in '/home/orangepi/ros2_workspace/auto_car/build/car_t265_interface': CMAKE_PREFIX_PATH=${CMAKE_PREFIX_PATH}:/root/lanhailidar_ros_ws/install/scan_subscriber:/opt/ros/humble /usr/bin/cmake /home/orangepi/ros2_workspace/auto_car/src/car_t265_interface -DCMAKE_INSTALL_PREFIX=/home/orangepi/ros2_workspace/auto_car/install
[1.657s] -- The C compiler identification is GNU 11.4.0
[2.328s] -- The CXX compiler identification is GNU 11.4.0
[2.358s] -- Detecting C compiler ABI info
[2.651s] -- Detecting C compiler ABI info - done
[2.664s] -- Check for working C compiler: /usr/bin/cc - skipped
[2.665s] -- Detecting C compile features
[2.665s] -- Detecting C compile features - done
[2.669s] -- Detecting CXX compiler ABI info
[2.877s] -- Detecting CXX compiler ABI info - done
[2.915s] -- Check for working CXX compiler: /usr/bin/c++ - skipped
[2.916s] -- Detecting CXX compile features
[2.918s] -- Detecting CXX compile features - done
[2.925s] -- Found ament_cmake: 1.3.11 (/opt/ros/humble/share/ament_cmake/cmake)
[3.360s] -- Found Python3: /usr/bin/python3 (found version "3.10.12") found components: Interpreter 
[3.690s] -- Found rosidl_default_generators: 1.2.0 (/opt/ros/humble/share/rosidl_default_generators/cmake)
[3.714s] -- Using all available rosidl_typesupport_c: rosidl_typesupport_fastrtps_c;rosidl_typesupport_introspection_c
[3.733s] -- Found rosidl_adapter: 3.1.6 (/opt/ros/humble/share/rosidl_adapter/cmake)
[3.916s] -- Using all available rosidl_typesupport_cpp: rosidl_typesupport_fastrtps_cpp;rosidl_typesupport_introspection_cpp
[4.581s] -- Found ament_cmake_ros: 0.10.0 (/opt/ros/humble/share/ament_cmake_ros/cmake)
[5.062s] -- Using all available rosidl_typesupport_c: rosidl_typesupport_fastrtps_c;rosidl_typesupport_introspection_c
[5.677s] -- Using all available rosidl_typesupport_cpp: rosidl_typesupport_fastrtps_cpp;rosidl_typesupport_introspection_cpp
[5.747s] -- Found PythonInterp: /usr/bin/python3 (found suitable version "3.10.12", minimum required is "3.6") 
[5.758s] -- Found python_cmake_module: 0.10.0 (/opt/ros/humble/share/python_cmake_module/cmake)
[5.847s] -- Found PythonLibs: /usr/lib/aarch64-linux-gnu/libpython3.10.so (found suitable version "3.10.12", minimum required is "3.5") 
[5.849s] -- Using PYTHON_EXECUTABLE: /usr/bin/python3
[5.849s] -- Using PYTHON_INCLUDE_DIRS: /usr/include/python3.10
[5.849s] -- Using PYTHON_LIBRARIES: /usr/lib/aarch64-linux-gnu/libpython3.10.so
[5.897s] -- Found PythonExtra: .so  
[5.986s] -- Found ament_lint_auto: 0.12.12 (/opt/ros/humble/share/ament_lint_auto/cmake)
[6.101s] -- Added test 'copyright' to check source files copyright and LICENSE
[6.113s] -- Added test 'lint_cmake' to check CMake code style
[6.118s] -- Added test 'xmllint' to check XML markup files
[6.124s] -- Configuring done
[6.200s] -- Generating done
[6.215s] -- Build files have been written to: /home/orangepi/ros2_workspace/auto_car/build/car_t265_interface
[6.228s] Invoked command in '/home/orangepi/ros2_workspace/auto_car/build/car_t265_interface' returned '0': CMAKE_PREFIX_PATH=${CMAKE_PREFIX_PATH}:/root/lanhailidar_ros_ws/install/scan_subscriber:/opt/ros/humble /usr/bin/cmake /home/orangepi/ros2_workspace/auto_car/src/car_t265_interface -DCMAKE_INSTALL_PREFIX=/home/orangepi/ros2_workspace/auto_car/install
[6.230s] Invoking command in '/home/orangepi/ros2_workspace/auto_car/build/car_t265_interface': CMAKE_PREFIX_PATH=${CMAKE_PREFIX_PATH}:/root/lanhailidar_ros_ws/install/scan_subscriber:/opt/ros/humble /usr/bin/cmake --build /home/orangepi/ros2_workspace/auto_car/build/car_t265_interface -- -j8 -l8
[6.351s] [  2%] [34m[1mGenerating C code for ROS interfaces[0m
[6.357s] [  4%] [34m[1mGenerating C++ code for ROS interfaces[0m
[6.373s] [  4%] Built target ament_cmake_python_copy_car_t265_interface
[6.721s] running egg_info
[6.722s] creating car_t265_interface.egg-info
[6.722s] writing car_t265_interface.egg-info/PKG-INFO
[6.723s] writing dependency_links to car_t265_interface.egg-info/dependency_links.txt
[6.723s] writing top-level names to car_t265_interface.egg-info/top_level.txt
[6.723s] writing manifest file 'car_t265_interface.egg-info/SOURCES.txt'
[6.726s] reading manifest file 'car_t265_interface.egg-info/SOURCES.txt'
[6.727s] writing manifest file 'car_t265_interface.egg-info/SOURCES.txt'
[6.797s] [  4%] Built target ament_cmake_python_build_car_t265_interface_egg
[7.236s] [  4%] Built target car_t265_interface__cpp
[7.247s] [  6%] [34m[1mGenerating C++ type support for eProsima Fast-RTPS[0m
[7.265s] [  8%] [34m[1mGenerating C++ introspection for ROS interfaces[0m
[7.299s] [ 10%] [34m[1mGenerating C++ type support dispatch for ROS interfaces[0m
[7.360s] [ 17%] [32mBuilding C object CMakeFiles/car_t265_interface__rosidl_generator_c.dir/rosidl_generator_c/car_t265_interface/srv/detail/send_command__functions.c.o[0m
[7.360s] [ 17%] [32mBuilding C object CMakeFiles/car_t265_interface__rosidl_generator_c.dir/rosidl_generator_c/car_t265_interface/msg/detail/serial_data__functions.c.o[0m
[7.361s] [ 17%] [32mBuilding C object CMakeFiles/car_t265_interface__rosidl_generator_c.dir/rosidl_generator_c/car_t265_interface/msg/detail/motor_command__functions.c.o[0m
[7.706s] [ 19%] [32m[1mLinking C shared library libcar_t265_interface__rosidl_generator_c.so[0m
[7.989s] [ 19%] Built target car_t265_interface__rosidl_generator_c
[8.039s] [ 21%] [34m[1mGenerating C type support for eProsima Fast-RTPS[0m
[8.040s] [ 23%] [34m[1mGenerating C introspection for ROS interfaces[0m
[8.068s] [ 25%] [34m[1mGenerating C type support dispatch for ROS interfaces[0m
[8.152s] [ 27%] [32mBuilding CXX object CMakeFiles/car_t265_interface__rosidl_typesupport_fastrtps_cpp.dir/rosidl_typesupport_fastrtps_cpp/car_t265_interface/msg/detail/dds_fastrtps/motor_command__type_support.cpp.o[0m
[8.168s] [ 29%] [32mBuilding CXX object CMakeFiles/car_t265_interface__rosidl_typesupport_fastrtps_cpp.dir/rosidl_typesupport_fastrtps_cpp/car_t265_interface/msg/detail/dds_fastrtps/serial_data__type_support.cpp.o[0m
[8.187s] [ 31%] [32mBuilding CXX object CMakeFiles/car_t265_interface__rosidl_typesupport_fastrtps_cpp.dir/rosidl_typesupport_fastrtps_cpp/car_t265_interface/srv/detail/dds_fastrtps/send_command__type_support.cpp.o[0m
[8.458s] [ 34%] [32mBuilding CXX object CMakeFiles/car_t265_interface__rosidl_typesupport_introspection_cpp.dir/rosidl_typesupport_introspection_cpp/car_t265_interface/msg/detail/motor_command__type_support.cpp.o[0m
[8.813s] [ 36%] [32mBuilding CXX object CMakeFiles/car_t265_interface__rosidl_typesupport_cpp.dir/rosidl_typesupport_cpp/car_t265_interface/msg/motor_command__type_support.cpp.o[0m
[9.151s] [ 38%] [32mBuilding CXX object CMakeFiles/car_t265_interface__rosidl_typesupport_c.dir/rosidl_typesupport_c/car_t265_interface/msg/motor_command__type_support.cpp.o[0m
[9.211s] [ 40%] [32mBuilding C object CMakeFiles/car_t265_interface__rosidl_typesupport_introspection_c.dir/rosidl_typesupport_introspection_c/car_t265_interface/msg/detail/motor_command__type_support.c.o[0m
[9.345s] [ 42%] [32mBuilding CXX object CMakeFiles/car_t265_interface__rosidl_typesupport_c.dir/rosidl_typesupport_c/car_t265_interface/msg/serial_data__type_support.cpp.o[0m
[9.383s] [ 44%] [32mBuilding C object CMakeFiles/car_t265_interface__rosidl_typesupport_introspection_c.dir/rosidl_typesupport_introspection_c/car_t265_interface/msg/detail/serial_data__type_support.c.o[0m
[9.473s] [ 46%] [32mBuilding CXX object CMakeFiles/car_t265_interface__rosidl_typesupport_c.dir/rosidl_typesupport_c/car_t265_interface/srv/send_command__type_support.cpp.o[0m
[9.613s] [ 48%] [32m[1mLinking CXX shared library libcar_t265_interface__rosidl_typesupport_c.so[0m
[9.645s] [ 51%] [32mBuilding C object CMakeFiles/car_t265_interface__rosidl_typesupport_introspection_c.dir/rosidl_typesupport_introspection_c/car_t265_interface/srv/detail/send_command__type_support.c.o[0m
[9.800s] [ 53%] [32m[1mLinking C shared library libcar_t265_interface__rosidl_typesupport_introspection_c.so[0m
[9.841s] [ 53%] Built target car_t265_interface__rosidl_typesupport_c
[9.854s] [ 55%] [32mBuilding CXX object CMakeFiles/car_t265_interface__rosidl_typesupport_cpp.dir/rosidl_typesupport_cpp/car_t265_interface/msg/serial_data__type_support.cpp.o[0m
[9.901s] [ 57%] [32mBuilding CXX object CMakeFiles/car_t265_interface__rosidl_typesupport_cpp.dir/rosidl_typesupport_cpp/car_t265_interface/srv/send_command__type_support.cpp.o[0m
[10.021s] [ 57%] Built target car_t265_interface__rosidl_typesupport_introspection_c
[10.025s] [ 59%] [32mBuilding CXX object CMakeFiles/car_t265_interface__rosidl_typesupport_introspection_cpp.dir/rosidl_typesupport_introspection_cpp/car_t265_interface/msg/detail/serial_data__type_support.cpp.o[0m
[10.079s] [ 61%] [32mBuilding CXX object CMakeFiles/car_t265_interface__rosidl_typesupport_introspection_cpp.dir/rosidl_typesupport_introspection_cpp/car_t265_interface/srv/detail/send_command__type_support.cpp.o[0m
[10.584s] [ 63%] [32m[1mLinking CXX shared library libcar_t265_interface__rosidl_typesupport_fastrtps_cpp.so[0m
[10.718s] [ 65%] [32mBuilding CXX object CMakeFiles/car_t265_interface__rosidl_typesupport_fastrtps_c.dir/rosidl_typesupport_fastrtps_c/car_t265_interface/msg/detail/motor_command__type_support_c.cpp.o[0m
[10.727s] [ 68%] [32mBuilding CXX object CMakeFiles/car_t265_interface__rosidl_typesupport_fastrtps_c.dir/rosidl_typesupport_fastrtps_c/car_t265_interface/msg/detail/serial_data__type_support_c.cpp.o[0m
[10.742s] [ 70%] [32mBuilding CXX object CMakeFiles/car_t265_interface__rosidl_typesupport_fastrtps_c.dir/rosidl_typesupport_fastrtps_c/car_t265_interface/srv/detail/send_command__type_support_c.cpp.o[0m
[11.120s] [ 70%] Built target car_t265_interface__rosidl_typesupport_fastrtps_cpp
[11.252s] [ 72%] [32m[1mLinking CXX shared library libcar_t265_interface__rosidl_typesupport_cpp.so[0m
[11.490s] [ 72%] Built target car_t265_interface__rosidl_typesupport_cpp
[11.624s] [ 74%] [32m[1mLinking CXX shared library libcar_t265_interface__rosidl_typesupport_introspection_cpp.so[0m
[11.780s] [ 74%] Built target car_t265_interface__rosidl_typesupport_introspection_cpp
[12.098s] [ 76%] [32m[1mLinking CXX shared library libcar_t265_interface__rosidl_typesupport_fastrtps_c.so[0m
[12.508s] [ 76%] Built target car_t265_interface__rosidl_typesupport_fastrtps_c
[12.613s] [ 76%] Built target car_t265_interface
[12.729s] [ 78%] [34m[1mGenerating Python code for ROS interfaces[0m
[14.215s] [ 78%] Built target car_t265_interface__py
[14.273s] [ 85%] [32mBuilding C object CMakeFiles/car_t265_interface__rosidl_generator_py.dir/rosidl_generator_py/car_t265_interface/msg/_motor_command_s.c.o[0m
[14.273s] [ 85%] [32mBuilding C object CMakeFiles/car_t265_interface__rosidl_generator_py.dir/rosidl_generator_py/car_t265_interface/srv/_send_command_s.c.o[0m
[14.273s] [ 85%] [32mBuilding C object CMakeFiles/car_t265_interface__rosidl_generator_py.dir/rosidl_generator_py/car_t265_interface/msg/_serial_data_s.c.o[0m
[14.594s] [ 87%] [32m[1mLinking C shared library rosidl_generator_py/car_t265_interface/libcar_t265_interface__rosidl_generator_py.so[0m
[14.711s] [ 87%] Built target car_t265_interface__rosidl_generator_py
[14.753s] [ 89%] [32mBuilding C object CMakeFiles/car_t265_interface__rosidl_typesupport_introspection_c__pyext.dir/rosidl_generator_py/car_t265_interface/_car_t265_interface_s.ep.rosidl_typesupport_introspection_c.c.o[0m
[14.764s] [ 91%] [32mBuilding C object CMakeFiles/car_t265_interface__rosidl_typesupport_fastrtps_c__pyext.dir/rosidl_generator_py/car_t265_interface/_car_t265_interface_s.ep.rosidl_typesupport_fastrtps_c.c.o[0m
[14.768s] [ 93%] [32mBuilding C object CMakeFiles/car_t265_interface__rosidl_typesupport_c__pyext.dir/rosidl_generator_py/car_t265_interface/_car_t265_interface_s.ep.rosidl_typesupport_c.c.o[0m
[14.934s] [ 95%] [32m[1mLinking C shared library rosidl_generator_py/car_t265_interface/car_t265_interface_s__rosidl_typesupport_c.cpython-310-aarch64-linux-gnu.so[0m
[14.947s] [ 97%] [32m[1mLinking C shared library rosidl_generator_py/car_t265_interface/car_t265_interface_s__rosidl_typesupport_introspection_c.cpython-310-aarch64-linux-gnu.so[0m
[14.956s] [100%] [32m[1mLinking C shared library rosidl_generator_py/car_t265_interface/car_t265_interface_s__rosidl_typesupport_fastrtps_c.cpython-310-aarch64-linux-gnu.so[0m
[15.022s] [100%] Built target car_t265_interface__rosidl_typesupport_c__pyext
[15.057s] [100%] Built target car_t265_interface__rosidl_typesupport_introspection_c__pyext
[15.063s] [100%] Built target car_t265_interface__rosidl_typesupport_fastrtps_c__pyext
[15.101s] Invoked command in '/home/orangepi/ros2_workspace/auto_car/build/car_t265_interface' returned '0': CMAKE_PREFIX_PATH=${CMAKE_PREFIX_PATH}:/root/lanhailidar_ros_ws/install/scan_subscriber:/opt/ros/humble /usr/bin/cmake --build /home/orangepi/ros2_workspace/auto_car/build/car_t265_interface -- -j8 -l8
[15.131s] Invoking command in '/home/orangepi/ros2_workspace/auto_car/build/car_t265_interface': CMAKE_PREFIX_PATH=${CMAKE_PREFIX_PATH}:/root/lanhailidar_ros_ws/install/scan_subscriber:/opt/ros/humble /usr/bin/cmake --install /home/orangepi/ros2_workspace/auto_car/build/car_t265_interface
[15.154s] -- Install configuration: ""
[15.154s] -- Installing: /home/orangepi/ros2_workspace/auto_car/install/share/ament_index/resource_index/rosidl_interfaces/car_t265_interface
[15.155s] -- Installing: /home/orangepi/ros2_workspace/auto_car/install/include/car_t265_interface/car_t265_interface
[15.155s] -- Installing: /home/orangepi/ros2_workspace/auto_car/install/include/car_t265_interface/car_t265_interface/msg
[15.156s] -- Installing: /home/orangepi/ros2_workspace/auto_car/install/include/car_t265_interface/car_t265_interface/msg/detail
[15.157s] -- Installing: /home/orangepi/ros2_workspace/auto_car/install/include/car_t265_interface/car_t265_interface/msg/detail/motor_command__struct.h
[15.157s] -- Installing: /home/orangepi/ros2_workspace/auto_car/install/include/car_t265_interface/car_t265_interface/msg/detail/serial_data__struct.h
[15.158s] -- Installing: /home/orangepi/ros2_workspace/auto_car/install/include/car_t265_interface/car_t265_interface/msg/detail/serial_data__functions.h
[15.158s] -- Installing: /home/orangepi/ros2_workspace/auto_car/install/include/car_t265_interface/car_t265_interface/msg/detail/motor_command__functions.c
[15.158s] -- Installing: /home/orangepi/ros2_workspace/auto_car/install/include/car_t265_interface/car_t265_interface/msg/detail/motor_command__functions.h
[15.159s] -- Installing: /home/orangepi/ros2_workspace/auto_car/install/include/car_t265_interface/car_t265_interface/msg/detail/motor_command__type_support.h
[15.159s] -- Installing: /home/orangepi/ros2_workspace/auto_car/install/include/car_t265_interface/car_t265_interface/msg/detail/serial_data__type_support.h
[15.160s] -- Installing: /home/orangepi/ros2_workspace/auto_car/install/include/car_t265_interface/car_t265_interface/msg/detail/serial_data__functions.c
[15.160s] -- Installing: /home/orangepi/ros2_workspace/auto_car/install/include/car_t265_interface/car_t265_interface/msg/motor_command.h
[15.161s] -- Installing: /home/orangepi/ros2_workspace/auto_car/install/include/car_t265_interface/car_t265_interface/msg/rosidl_generator_c__visibility_control.h
[15.161s] -- Installing: /home/orangepi/ros2_workspace/auto_car/install/include/car_t265_interface/car_t265_interface/msg/serial_data.h
[15.162s] -- Installing: /home/orangepi/ros2_workspace/auto_car/install/include/car_t265_interface/car_t265_interface/srv
[15.162s] -- Installing: /home/orangepi/ros2_workspace/auto_car/install/include/car_t265_interface/car_t265_interface/srv/detail
[15.164s] -- Installing: /home/orangepi/ros2_workspace/auto_car/install/include/car_t265_interface/car_t265_interface/srv/detail/send_command__struct.h
[15.165s] -- Installing: /home/orangepi/ros2_workspace/auto_car/install/include/car_t265_interface/car_t265_interface/srv/detail/send_command__type_support.h
[15.165s] -- Installing: /home/orangepi/ros2_workspace/auto_car/install/include/car_t265_interface/car_t265_interface/srv/detail/send_command__functions.c
[15.166s] -- Installing: /home/orangepi/ros2_workspace/auto_car/install/include/car_t265_interface/car_t265_interface/srv/detail/send_command__functions.h
[15.166s] -- Installing: /home/orangepi/ros2_workspace/auto_car/install/include/car_t265_interface/car_t265_interface/srv/send_command.h
[15.166s] -- Installing: /home/orangepi/ros2_workspace/auto_car/install/share/car_t265_interface/environment/library_path.sh
[15.167s] -- Installing: /home/orangepi/ros2_workspace/auto_car/install/share/car_t265_interface/environment/library_path.dsv
[15.167s] -- Installing: /home/orangepi/ros2_workspace/auto_car/install/lib/libcar_t265_interface__rosidl_generator_c.so
[15.168s] -- Set runtime path of "/home/orangepi/ros2_workspace/auto_car/install/lib/libcar_t265_interface__rosidl_generator_c.so" to ""
[15.168s] -- Up-to-date: /home/orangepi/ros2_workspace/auto_car/install/include/car_t265_interface/car_t265_interface
[15.169s] -- Up-to-date: /home/orangepi/ros2_workspace/auto_car/install/include/car_t265_interface/car_t265_interface/msg
[15.169s] -- Up-to-date: /home/orangepi/ros2_workspace/auto_car/install/include/car_t265_interface/car_t265_interface/msg/detail
[15.170s] -- Installing: /home/orangepi/ros2_workspace/auto_car/install/include/car_t265_interface/car_t265_interface/msg/detail/motor_command__rosidl_typesupport_fastrtps_c.h
[15.170s] -- Installing: /home/orangepi/ros2_workspace/auto_car/install/include/car_t265_interface/car_t265_interface/msg/detail/serial_data__rosidl_typesupport_fastrtps_c.h
[15.171s] -- Installing: /home/orangepi/ros2_workspace/auto_car/install/include/car_t265_interface/car_t265_interface/msg/rosidl_typesupport_fastrtps_c__visibility_control.h
[15.171s] -- Up-to-date: /home/orangepi/ros2_workspace/auto_car/install/include/car_t265_interface/car_t265_interface/srv
[15.171s] -- Up-to-date: /home/orangepi/ros2_workspace/auto_car/install/include/car_t265_interface/car_t265_interface/srv/detail
[15.172s] -- Installing: /home/orangepi/ros2_workspace/auto_car/install/include/car_t265_interface/car_t265_interface/srv/detail/send_command__rosidl_typesupport_fastrtps_c.h
[15.172s] -- Installing: /home/orangepi/ros2_workspace/auto_car/install/lib/libcar_t265_interface__rosidl_typesupport_fastrtps_c.so
[15.172s] -- Set runtime path of "/home/orangepi/ros2_workspace/auto_car/install/lib/libcar_t265_interface__rosidl_typesupport_fastrtps_c.so" to ""
[15.173s] -- Up-to-date: /home/orangepi/ros2_workspace/auto_car/install/include/car_t265_interface/car_t265_interface
[15.173s] -- Up-to-date: /home/orangepi/ros2_workspace/auto_car/install/include/car_t265_interface/car_t265_interface/msg
[15.174s] -- Up-to-date: /home/orangepi/ros2_workspace/auto_car/install/include/car_t265_interface/car_t265_interface/msg/detail
[15.174s] -- Installing: /home/orangepi/ros2_workspace/auto_car/install/include/car_t265_interface/car_t265_interface/msg/detail/motor_command__type_support.c
[15.174s] -- Installing: /home/orangepi/ros2_workspace/auto_car/install/include/car_t265_interface/car_t265_interface/msg/detail/serial_data__rosidl_typesupport_introspection_c.h
[15.175s] -- Installing: /home/orangepi/ros2_workspace/auto_car/install/include/car_t265_interface/car_t265_interface/msg/detail/serial_data__type_support.c
[15.175s] -- Installing: /home/orangepi/ros2_workspace/auto_car/install/include/car_t265_interface/car_t265_interface/msg/detail/motor_command__rosidl_typesupport_introspection_c.h
[15.175s] -- Installing: /home/orangepi/ros2_workspace/auto_car/install/include/car_t265_interface/car_t265_interface/msg/rosidl_typesupport_introspection_c__visibility_control.h
[15.176s] -- Up-to-date: /home/orangepi/ros2_workspace/auto_car/install/include/car_t265_interface/car_t265_interface/srv
[15.176s] -- Up-to-date: /home/orangepi/ros2_workspace/auto_car/install/include/car_t265_interface/car_t265_interface/srv/detail
[15.176s] -- Installing: /home/orangepi/ros2_workspace/auto_car/install/include/car_t265_interface/car_t265_interface/srv/detail/send_command__type_support.c
[15.177s] -- Installing: /home/orangepi/ros2_workspace/auto_car/install/include/car_t265_interface/car_t265_interface/srv/detail/send_command__rosidl_typesupport_introspection_c.h
[15.177s] -- Installing: /home/orangepi/ros2_workspace/auto_car/install/lib/libcar_t265_interface__rosidl_typesupport_introspection_c.so
[15.178s] -- Set runtime path of "/home/orangepi/ros2_workspace/auto_car/install/lib/libcar_t265_interface__rosidl_typesupport_introspection_c.so" to ""
[15.178s] -- Installing: /home/orangepi/ros2_workspace/auto_car/install/lib/libcar_t265_interface__rosidl_typesupport_c.so
[15.178s] -- Set runtime path of "/home/orangepi/ros2_workspace/auto_car/install/lib/libcar_t265_interface__rosidl_typesupport_c.so" to ""
[15.179s] -- Up-to-date: /home/orangepi/ros2_workspace/auto_car/install/include/car_t265_interface/car_t265_interface
[15.179s] -- Up-to-date: /home/orangepi/ros2_workspace/auto_car/install/include/car_t265_interface/car_t265_interface/msg
[15.179s] -- Up-to-date: /home/orangepi/ros2_workspace/auto_car/install/include/car_t265_interface/car_t265_interface/msg/detail
[15.180s] -- Installing: /home/orangepi/ros2_workspace/auto_car/install/include/car_t265_interface/car_t265_interface/msg/detail/motor_command__traits.hpp
[15.180s] -- Installing: /home/orangepi/ros2_workspace/auto_car/install/include/car_t265_interface/car_t265_interface/msg/detail/serial_data__builder.hpp
[15.180s] -- Installing: /home/orangepi/ros2_workspace/auto_car/install/include/car_t265_interface/car_t265_interface/msg/detail/serial_data__traits.hpp
[15.181s] -- Installing: /home/orangepi/ros2_workspace/auto_car/install/include/car_t265_interface/car_t265_interface/msg/detail/serial_data__struct.hpp
[15.181s] -- Installing: /home/orangepi/ros2_workspace/auto_car/install/include/car_t265_interface/car_t265_interface/msg/detail/motor_command__builder.hpp
[15.181s] -- Installing: /home/orangepi/ros2_workspace/auto_car/install/include/car_t265_interface/car_t265_interface/msg/detail/motor_command__type_support.hpp
[15.182s] -- Installing: /home/orangepi/ros2_workspace/auto_car/install/include/car_t265_interface/car_t265_interface/msg/detail/motor_command__struct.hpp
[15.182s] -- Installing: /home/orangepi/ros2_workspace/auto_car/install/include/car_t265_interface/car_t265_interface/msg/detail/serial_data__type_support.hpp
[15.183s] -- Installing: /home/orangepi/ros2_workspace/auto_car/install/include/car_t265_interface/car_t265_interface/msg/rosidl_generator_cpp__visibility_control.hpp
[15.183s] -- Installing: /home/orangepi/ros2_workspace/auto_car/install/include/car_t265_interface/car_t265_interface/msg/motor_command.hpp
[15.183s] -- Installing: /home/orangepi/ros2_workspace/auto_car/install/include/car_t265_interface/car_t265_interface/msg/serial_data.hpp
[15.184s] -- Up-to-date: /home/orangepi/ros2_workspace/auto_car/install/include/car_t265_interface/car_t265_interface/srv
[15.184s] -- Up-to-date: /home/orangepi/ros2_workspace/auto_car/install/include/car_t265_interface/car_t265_interface/srv/detail
[15.184s] -- Installing: /home/orangepi/ros2_workspace/auto_car/install/include/car_t265_interface/car_t265_interface/srv/detail/send_command__struct.hpp
[15.185s] -- Installing: /home/orangepi/ros2_workspace/auto_car/install/include/car_t265_interface/car_t265_interface/srv/detail/send_command__traits.hpp
[15.185s] -- Installing: /home/orangepi/ros2_workspace/auto_car/install/include/car_t265_interface/car_t265_interface/srv/detail/send_command__builder.hpp
[15.185s] -- Installing: /home/orangepi/ros2_workspace/auto_car/install/include/car_t265_interface/car_t265_interface/srv/detail/send_command__type_support.hpp
[15.186s] -- Installing: /home/orangepi/ros2_workspace/auto_car/install/include/car_t265_interface/car_t265_interface/srv/send_command.hpp
[15.186s] -- Up-to-date: /home/orangepi/ros2_workspace/auto_car/install/include/car_t265_interface/car_t265_interface
[15.186s] -- Up-to-date: /home/orangepi/ros2_workspace/auto_car/install/include/car_t265_interface/car_t265_interface/msg
[15.187s] -- Up-to-date: /home/orangepi/ros2_workspace/auto_car/install/include/car_t265_interface/car_t265_interface/msg/detail
[15.187s] -- Installing: /home/orangepi/ros2_workspace/auto_car/install/include/car_t265_interface/car_t265_interface/msg/detail/motor_command__rosidl_typesupport_fastrtps_cpp.hpp
[15.188s] -- Installing: /home/orangepi/ros2_workspace/auto_car/install/include/car_t265_interface/car_t265_interface/msg/detail/serial_data__rosidl_typesupport_fastrtps_cpp.hpp
[15.188s] -- Installing: /home/orangepi/ros2_workspace/auto_car/install/include/car_t265_interface/car_t265_interface/msg/detail/dds_fastrtps
[15.188s] -- Installing: /home/orangepi/ros2_workspace/auto_car/install/include/car_t265_interface/car_t265_interface/msg/rosidl_typesupport_fastrtps_cpp__visibility_control.h
[15.189s] -- Up-to-date: /home/orangepi/ros2_workspace/auto_car/install/include/car_t265_interface/car_t265_interface/srv
[15.189s] -- Up-to-date: /home/orangepi/ros2_workspace/auto_car/install/include/car_t265_interface/car_t265_interface/srv/detail
[15.189s] -- Installing: /home/orangepi/ros2_workspace/auto_car/install/include/car_t265_interface/car_t265_interface/srv/detail/send_command__rosidl_typesupport_fastrtps_cpp.hpp
[15.190s] -- Installing: /home/orangepi/ros2_workspace/auto_car/install/include/car_t265_interface/car_t265_interface/srv/detail/dds_fastrtps
[15.190s] -- Installing: /home/orangepi/ros2_workspace/auto_car/install/lib/libcar_t265_interface__rosidl_typesupport_fastrtps_cpp.so
[15.190s] -- Set runtime path of "/home/orangepi/ros2_workspace/auto_car/install/lib/libcar_t265_interface__rosidl_typesupport_fastrtps_cpp.so" to ""
[15.191s] -- Up-to-date: /home/orangepi/ros2_workspace/auto_car/install/include/car_t265_interface/car_t265_interface
[15.191s] -- Up-to-date: /home/orangepi/ros2_workspace/auto_car/install/include/car_t265_interface/car_t265_interface/msg
[15.191s] -- Up-to-date: /home/orangepi/ros2_workspace/auto_car/install/include/car_t265_interface/car_t265_interface/msg/detail
[15.192s] -- Installing: /home/orangepi/ros2_workspace/auto_car/install/include/car_t265_interface/car_t265_interface/msg/detail/serial_data__type_support.cpp
[15.192s] -- Installing: /home/orangepi/ros2_workspace/auto_car/install/include/car_t265_interface/car_t265_interface/msg/detail/motor_command__rosidl_typesupport_introspection_cpp.hpp
[15.192s] -- Installing: /home/orangepi/ros2_workspace/auto_car/install/include/car_t265_interface/car_t265_interface/msg/detail/serial_data__rosidl_typesupport_introspection_cpp.hpp
[15.193s] -- Installing: /home/orangepi/ros2_workspace/auto_car/install/include/car_t265_interface/car_t265_interface/msg/detail/motor_command__type_support.cpp
[15.193s] -- Up-to-date: /home/orangepi/ros2_workspace/auto_car/install/include/car_t265_interface/car_t265_interface/srv
[15.194s] -- Up-to-date: /home/orangepi/ros2_workspace/auto_car/install/include/car_t265_interface/car_t265_interface/srv/detail
[15.194s] -- Installing: /home/orangepi/ros2_workspace/auto_car/install/include/car_t265_interface/car_t265_interface/srv/detail/send_command__type_support.cpp
[15.194s] -- Installing: /home/orangepi/ros2_workspace/auto_car/install/include/car_t265_interface/car_t265_interface/srv/detail/send_command__rosidl_typesupport_introspection_cpp.hpp
[15.195s] -- Installing: /home/orangepi/ros2_workspace/auto_car/install/lib/libcar_t265_interface__rosidl_typesupport_introspection_cpp.so
[15.195s] -- Set runtime path of "/home/orangepi/ros2_workspace/auto_car/install/lib/libcar_t265_interface__rosidl_typesupport_introspection_cpp.so" to ""
[15.195s] -- Installing: /home/orangepi/ros2_workspace/auto_car/install/lib/libcar_t265_interface__rosidl_typesupport_cpp.so
[15.196s] -- Set runtime path of "/home/orangepi/ros2_workspace/auto_car/install/lib/libcar_t265_interface__rosidl_typesupport_cpp.so" to ""
[15.196s] -- Installing: /home/orangepi/ros2_workspace/auto_car/install/share/car_t265_interface/environment/pythonpath.sh
[15.196s] -- Installing: /home/orangepi/ros2_workspace/auto_car/install/share/car_t265_interface/environment/pythonpath.dsv
[15.197s] -- Installing: /home/orangepi/ros2_workspace/auto_car/install/local/lib/python3.10/dist-packages/car_t265_interface-0.0.0-py3.10.egg-info
[15.197s] -- Installing: /home/orangepi/ros2_workspace/auto_car/install/local/lib/python3.10/dist-packages/car_t265_interface-0.0.0-py3.10.egg-info/PKG-INFO
[15.197s] -- Installing: /home/orangepi/ros2_workspace/auto_car/install/local/lib/python3.10/dist-packages/car_t265_interface-0.0.0-py3.10.egg-info/dependency_links.txt
[15.198s] -- Installing: /home/orangepi/ros2_workspace/auto_car/install/local/lib/python3.10/dist-packages/car_t265_interface-0.0.0-py3.10.egg-info/SOURCES.txt
[15.198s] -- Installing: /home/orangepi/ros2_workspace/auto_car/install/local/lib/python3.10/dist-packages/car_t265_interface-0.0.0-py3.10.egg-info/top_level.txt
[15.199s] -- Installing: /home/orangepi/ros2_workspace/auto_car/install/local/lib/python3.10/dist-packages/car_t265_interface
[15.199s] -- Installing: /home/orangepi/ros2_workspace/auto_car/install/local/lib/python3.10/dist-packages/car_t265_interface/msg
[15.199s] -- Installing: /home/orangepi/ros2_workspace/auto_car/install/local/lib/python3.10/dist-packages/car_t265_interface/msg/_serial_data.py
[15.200s] -- Installing: /home/orangepi/ros2_workspace/auto_car/install/local/lib/python3.10/dist-packages/car_t265_interface/msg/_motor_command.py
[15.200s] -- Installing: /home/orangepi/ros2_workspace/auto_car/install/local/lib/python3.10/dist-packages/car_t265_interface/msg/__init__.py
[15.200s] -- Installing: /home/orangepi/ros2_workspace/auto_car/install/local/lib/python3.10/dist-packages/car_t265_interface/msg/_motor_command_s.c
[15.201s] -- Installing: /home/orangepi/ros2_workspace/auto_car/install/local/lib/python3.10/dist-packages/car_t265_interface/msg/_serial_data_s.c
[15.201s] -- Installing: /home/orangepi/ros2_workspace/auto_car/install/local/lib/python3.10/dist-packages/car_t265_interface/car_t265_interface_s__rosidl_typesupport_fastrtps_c.cpython-310-aarch64-linux-gnu.so
[15.201s] -- Installing: /home/orangepi/ros2_workspace/auto_car/install/local/lib/python3.10/dist-packages/car_t265_interface/srv
[15.202s] -- Installing: /home/orangepi/ros2_workspace/auto_car/install/local/lib/python3.10/dist-packages/car_t265_interface/srv/_send_command.py
[15.202s] -- Installing: /home/orangepi/ros2_workspace/auto_car/install/local/lib/python3.10/dist-packages/car_t265_interface/srv/__init__.py
[15.202s] -- Installing: /home/orangepi/ros2_workspace/auto_car/install/local/lib/python3.10/dist-packages/car_t265_interface/srv/_send_command_s.c
[15.203s] -- Installing: /home/orangepi/ros2_workspace/auto_car/install/local/lib/python3.10/dist-packages/car_t265_interface/car_t265_interface_s__rosidl_typesupport_c.cpython-310-aarch64-linux-gnu.so
[15.203s] -- Installing: /home/orangepi/ros2_workspace/auto_car/install/local/lib/python3.10/dist-packages/car_t265_interface/_car_t265_interface_s.ep.rosidl_typesupport_fastrtps_c.c
[15.203s] -- Installing: /home/orangepi/ros2_workspace/auto_car/install/local/lib/python3.10/dist-packages/car_t265_interface/libcar_t265_interface__rosidl_generator_py.so
[15.204s] -- Installing: /home/orangepi/ros2_workspace/auto_car/install/local/lib/python3.10/dist-packages/car_t265_interface/_car_t265_interface_s.ep.rosidl_typesupport_c.c
[15.204s] -- Installing: /home/orangepi/ros2_workspace/auto_car/install/local/lib/python3.10/dist-packages/car_t265_interface/__init__.py
[15.205s] -- Installing: /home/orangepi/ros2_workspace/auto_car/install/local/lib/python3.10/dist-packages/car_t265_interface/_car_t265_interface_s.ep.rosidl_typesupport_introspection_c.c
[15.205s] -- Installing: /home/orangepi/ros2_workspace/auto_car/install/local/lib/python3.10/dist-packages/car_t265_interface/car_t265_interface_s__rosidl_typesupport_introspection_c.cpython-310-aarch64-linux-gnu.so
[15.249s] Listing '/home/orangepi/ros2_workspace/auto_car/install/local/lib/python3.10/dist-packages/car_t265_interface'...
[15.249s] Compiling '/home/orangepi/ros2_workspace/auto_car/install/local/lib/python3.10/dist-packages/car_t265_interface/__init__.py'...
[15.249s] Listing '/home/orangepi/ros2_workspace/auto_car/install/local/lib/python3.10/dist-packages/car_t265_interface/msg'...
[15.249s] Compiling '/home/orangepi/ros2_workspace/auto_car/install/local/lib/python3.10/dist-packages/car_t265_interface/msg/__init__.py'...
[15.249s] Compiling '/home/orangepi/ros2_workspace/auto_car/install/local/lib/python3.10/dist-packages/car_t265_interface/msg/_motor_command.py'...
[15.249s] Compiling '/home/orangepi/ros2_workspace/auto_car/install/local/lib/python3.10/dist-packages/car_t265_interface/msg/_serial_data.py'...
[15.250s] Listing '/home/orangepi/ros2_workspace/auto_car/install/local/lib/python3.10/dist-packages/car_t265_interface/srv'...
[15.250s] Compiling '/home/orangepi/ros2_workspace/auto_car/install/local/lib/python3.10/dist-packages/car_t265_interface/srv/__init__.py'...
[15.250s] Compiling '/home/orangepi/ros2_workspace/auto_car/install/local/lib/python3.10/dist-packages/car_t265_interface/srv/_send_command.py'...
[15.258s] -- Installing: /home/orangepi/ros2_workspace/auto_car/install/local/lib/python3.10/dist-packages/car_t265_interface/car_t265_interface_s__rosidl_typesupport_fastrtps_c.cpython-310-aarch64-linux-gnu.so
[15.258s] -- Set runtime path of "/home/orangepi/ros2_workspace/auto_car/install/local/lib/python3.10/dist-packages/car_t265_interface/car_t265_interface_s__rosidl_typesupport_fastrtps_c.cpython-310-aarch64-linux-gnu.so" to ""
[15.259s] -- Installing: /home/orangepi/ros2_workspace/auto_car/install/local/lib/python3.10/dist-packages/car_t265_interface/car_t265_interface_s__rosidl_typesupport_introspection_c.cpython-310-aarch64-linux-gnu.so
[15.259s] -- Set runtime path of "/home/orangepi/ros2_workspace/auto_car/install/local/lib/python3.10/dist-packages/car_t265_interface/car_t265_interface_s__rosidl_typesupport_introspection_c.cpython-310-aarch64-linux-gnu.so" to ""
[15.260s] -- Installing: /home/orangepi/ros2_workspace/auto_car/install/local/lib/python3.10/dist-packages/car_t265_interface/car_t265_interface_s__rosidl_typesupport_c.cpython-310-aarch64-linux-gnu.so
[15.260s] -- Set runtime path of "/home/orangepi/ros2_workspace/auto_car/install/local/lib/python3.10/dist-packages/car_t265_interface/car_t265_interface_s__rosidl_typesupport_c.cpython-310-aarch64-linux-gnu.so" to ""
[15.260s] -- Installing: /home/orangepi/ros2_workspace/auto_car/install/lib/libcar_t265_interface__rosidl_generator_py.so
[15.261s] -- Set runtime path of "/home/orangepi/ros2_workspace/auto_car/install/lib/libcar_t265_interface__rosidl_generator_py.so" to ""
[15.261s] -- Installing: /home/orangepi/ros2_workspace/auto_car/install/share/car_t265_interface/msg/MotorCommand.idl
[15.262s] -- Installing: /home/orangepi/ros2_workspace/auto_car/install/share/car_t265_interface/msg/SerialData.idl
[15.262s] -- Installing: /home/orangepi/ros2_workspace/auto_car/install/share/car_t265_interface/srv/SendCommand.idl
[15.262s] -- Installing: /home/orangepi/ros2_workspace/auto_car/install/share/car_t265_interface/msg/MotorCommand.msg
[15.263s] -- Installing: /home/orangepi/ros2_workspace/auto_car/install/share/car_t265_interface/msg/SerialData.msg
[15.263s] -- Installing: /home/orangepi/ros2_workspace/auto_car/install/share/car_t265_interface/srv/SendCommand.srv
[15.263s] -- Installing: /home/orangepi/ros2_workspace/auto_car/install/share/car_t265_interface/srv/SendCommand_Request.msg
[15.264s] -- Installing: /home/orangepi/ros2_workspace/auto_car/install/share/car_t265_interface/srv/SendCommand_Response.msg
[15.264s] -- Installing: /home/orangepi/ros2_workspace/auto_car/install/share/ament_index/resource_index/package_run_dependencies/car_t265_interface
[15.265s] -- Installing: /home/orangepi/ros2_workspace/auto_car/install/share/ament_index/resource_index/parent_prefix_path/car_t265_interface
[15.265s] -- Installing: /home/orangepi/ros2_workspace/auto_car/install/share/car_t265_interface/environment/ament_prefix_path.sh
[15.265s] -- Installing: /home/orangepi/ros2_workspace/auto_car/install/share/car_t265_interface/environment/ament_prefix_path.dsv
[15.266s] -- Installing: /home/orangepi/ros2_workspace/auto_car/install/share/car_t265_interface/environment/path.sh
[15.266s] -- Installing: /home/orangepi/ros2_workspace/auto_car/install/share/car_t265_interface/environment/path.dsv
[15.267s] -- Installing: /home/orangepi/ros2_workspace/auto_car/install/share/car_t265_interface/local_setup.bash
[15.267s] -- Installing: /home/orangepi/ros2_workspace/auto_car/install/share/car_t265_interface/local_setup.sh
[15.267s] -- Installing: /home/orangepi/ros2_workspace/auto_car/install/share/car_t265_interface/local_setup.zsh
[15.268s] -- Installing: /home/orangepi/ros2_workspace/auto_car/install/share/car_t265_interface/local_setup.dsv
[15.268s] -- Installing: /home/orangepi/ros2_workspace/auto_car/install/share/car_t265_interface/package.dsv
[15.268s] -- Installing: /home/orangepi/ros2_workspace/auto_car/install/share/ament_index/resource_index/packages/car_t265_interface
[15.269s] -- Installing: /home/orangepi/ros2_workspace/auto_car/install/share/car_t265_interface/cmake/export_car_t265_interface__rosidl_generator_cExport.cmake
[15.269s] -- Installing: /home/orangepi/ros2_workspace/auto_car/install/share/car_t265_interface/cmake/export_car_t265_interface__rosidl_generator_cExport-noconfig.cmake
[15.270s] -- Installing: /home/orangepi/ros2_workspace/auto_car/install/share/car_t265_interface/cmake/export_car_t265_interface__rosidl_typesupport_fastrtps_cExport.cmake
[15.270s] -- Installing: /home/orangepi/ros2_workspace/auto_car/install/share/car_t265_interface/cmake/export_car_t265_interface__rosidl_typesupport_fastrtps_cExport-noconfig.cmake
[15.271s] -- Installing: /home/orangepi/ros2_workspace/auto_car/install/share/car_t265_interface/cmake/car_t265_interface__rosidl_typesupport_introspection_cExport.cmake
[15.275s] -- Installing: /home/orangepi/ros2_workspace/auto_car/install/share/car_t265_interface/cmake/car_t265_interface__rosidl_typesupport_introspection_cExport-noconfig.cmake
[15.275s] -- Installing: /home/orangepi/ros2_workspace/auto_car/install/share/car_t265_interface/cmake/car_t265_interface__rosidl_typesupport_cExport.cmake
[15.276s] -- Installing: /home/orangepi/ros2_workspace/auto_car/install/share/car_t265_interface/cmake/car_t265_interface__rosidl_typesupport_cExport-noconfig.cmake
[15.276s] -- Installing: /home/orangepi/ros2_workspace/auto_car/install/share/car_t265_interface/cmake/export_car_t265_interface__rosidl_generator_cppExport.cmake
[15.277s] -- Installing: /home/orangepi/ros2_workspace/auto_car/install/share/car_t265_interface/cmake/export_car_t265_interface__rosidl_typesupport_fastrtps_cppExport.cmake
[15.278s] -- Installing: /home/orangepi/ros2_workspace/auto_car/install/share/car_t265_interface/cmake/export_car_t265_interface__rosidl_typesupport_fastrtps_cppExport-noconfig.cmake
[15.278s] -- Installing: /home/orangepi/ros2_workspace/auto_car/install/share/car_t265_interface/cmake/car_t265_interface__rosidl_typesupport_introspection_cppExport.cmake
[15.279s] -- Installing: /home/orangepi/ros2_workspace/auto_car/install/share/car_t265_interface/cmake/car_t265_interface__rosidl_typesupport_introspection_cppExport-noconfig.cmake
[15.279s] -- Installing: /home/orangepi/ros2_workspace/auto_car/install/share/car_t265_interface/cmake/car_t265_interface__rosidl_typesupport_cppExport.cmake
[15.280s] -- Installing: /home/orangepi/ros2_workspace/auto_car/install/share/car_t265_interface/cmake/car_t265_interface__rosidl_typesupport_cppExport-noconfig.cmake
[15.281s] -- Installing: /home/orangepi/ros2_workspace/auto_car/install/share/car_t265_interface/cmake/export_car_t265_interface__rosidl_generator_pyExport.cmake
[15.281s] -- Installing: /home/orangepi/ros2_workspace/auto_car/install/share/car_t265_interface/cmake/export_car_t265_interface__rosidl_generator_pyExport-noconfig.cmake
[15.282s] -- Installing: /home/orangepi/ros2_workspace/auto_car/install/share/car_t265_interface/cmake/rosidl_cmake-extras.cmake
[15.283s] -- Installing: /home/orangepi/ros2_workspace/auto_car/install/share/car_t265_interface/cmake/ament_cmake_export_include_directories-extras.cmake
[15.283s] -- Installing: /home/orangepi/ros2_workspace/auto_car/install/share/car_t265_interface/cmake/ament_cmake_export_libraries-extras.cmake
[15.284s] -- Installing: /home/orangepi/ros2_workspace/auto_car/install/share/car_t265_interface/cmake/ament_cmake_export_targets-extras.cmake
[15.284s] -- Installing: /home/orangepi/ros2_workspace/auto_car/install/share/car_t265_interface/cmake/rosidl_cmake_export_typesupport_targets-extras.cmake
[15.285s] -- Installing: /home/orangepi/ros2_workspace/auto_car/install/share/car_t265_interface/cmake/ament_cmake_export_dependencies-extras.cmake
[15.285s] -- Installing: /home/orangepi/ros2_workspace/auto_car/install/share/car_t265_interface/cmake/rosidl_cmake_export_typesupport_libraries-extras.cmake
[15.286s] -- Installing: /home/orangepi/ros2_workspace/auto_car/install/share/car_t265_interface/cmake/car_t265_interfaceConfig.cmake
[15.286s] -- Installing: /home/orangepi/ros2_workspace/auto_car/install/share/car_t265_interface/cmake/car_t265_interfaceConfig-version.cmake
[15.287s] -- Installing: /home/orangepi/ros2_workspace/auto_car/install/share/car_t265_interface/package.xml
[15.287s] Invoked command in '/home/orangepi/ros2_workspace/auto_car/build/car_t265_interface' returned '0': CMAKE_PREFIX_PATH=${CMAKE_PREFIX_PATH}:/root/lanhailidar_ros_ws/install/scan_subscriber:/opt/ros/humble /usr/bin/cmake --install /home/orangepi/ros2_workspace/auto_car/build/car_t265_interface
