[0.076s] Invoking command in '/home/orangepi/ros2_workspace/auto_car/build/imu_filter_madgwick': CMAKE_PREFIX_PATH=${CMAKE_PREFIX_PATH}:/root/lanhailidar_ros_ws/install/scan_subscriber:/opt/ros/humble /usr/bin/cmake --build /home/orangepi/ros2_workspace/auto_car/build/imu_filter_madgwick -- -j8 -l8
[1.184s] [ 28%] Built target imu_filter_madgwick
[1.184s] [ 42%] Built target gtest_main
[1.184s] [ 57%] Built target gtest
[1.184s] [ 71%] Built target imu_filter_madgwick_node
[1.184s] [ 85%] Built target stateless_orientation_test
[1.184s] [100%] Built target madgwick_test
[1.185s] Invoked command in '/home/orangepi/ros2_workspace/auto_car/build/imu_filter_madgwick' returned '0': CMAKE_PREFIX_PATH=${CMAKE_PREFIX_PATH}:/root/lanhailidar_ros_ws/install/scan_subscriber:/opt/ros/humble /usr/bin/cmake --build /home/orangepi/ros2_workspace/auto_car/build/imu_filter_madgwick -- -j8 -l8
[1.185s] Invoking command in '/home/orangepi/ros2_workspace/auto_car/build/imu_filter_madgwick': CMAKE_PREFIX_PATH=${CMAKE_PREFIX_PATH}:/root/lanhailidar_ros_ws/install/scan_subscriber:/opt/ros/humble /usr/bin/cmake --install /home/orangepi/ros2_workspace/auto_car/build/imu_filter_madgwick
[1.229s] -- Install configuration: ""
[1.230s] -- Up-to-date: /home/orangepi/ros2_workspace/auto_car/install/lib/libimu_filter_madgwick.so
[1.230s] -- Up-to-date: /home/orangepi/ros2_workspace/auto_car/install/include
[1.231s] -- Up-to-date: /home/orangepi/ros2_workspace/auto_car/install/include/imu_filter_madgwick
[1.231s] -- Up-to-date: /home/orangepi/ros2_workspace/auto_car/install/include/imu_filter_madgwick/base_node.hpp
[1.231s] -- Up-to-date: /home/orangepi/ros2_workspace/auto_car/install/include/imu_filter_madgwick/stateless_orientation.h
[1.232s] -- Up-to-date: /home/orangepi/ros2_workspace/auto_car/install/include/imu_filter_madgwick/world_frame.h
[1.232s] -- Up-to-date: /home/orangepi/ros2_workspace/auto_car/install/include/imu_filter_madgwick/visibility_control.h
[1.233s] -- Up-to-date: /home/orangepi/ros2_workspace/auto_car/install/include/imu_filter_madgwick/imu_filter.h
[1.233s] -- Up-to-date: /home/orangepi/ros2_workspace/auto_car/install/include/imu_filter_madgwick/imu_filter_ros.h
[1.234s] -- Up-to-date: /home/orangepi/ros2_workspace/auto_car/install/lib/imu_filter_madgwick/imu_filter_madgwick_node
[1.234s] -- Up-to-date: /home/orangepi/ros2_workspace/auto_car/install/share/imu_filter_madgwick/launch
[1.235s] -- Up-to-date: /home/orangepi/ros2_workspace/auto_car/install/share/imu_filter_madgwick/launch/imu_filter_component.launch.py
[1.235s] -- Up-to-date: /home/orangepi/ros2_workspace/auto_car/install/share/imu_filter_madgwick/launch/imu_filter.launch.py
[1.235s] -- Up-to-date: /home/orangepi/ros2_workspace/auto_car/install/share/imu_filter_madgwick/config
[1.236s] -- Up-to-date: /home/orangepi/ros2_workspace/auto_car/install/share/imu_filter_madgwick/config/imu_filter.yaml
[1.249s] -- Up-to-date: /home/orangepi/ros2_workspace/auto_car/install/share/imu_filter_madgwick/environment/library_path.sh
[1.249s] -- Up-to-date: /home/orangepi/ros2_workspace/auto_car/install/share/imu_filter_madgwick/environment/library_path.dsv
[1.250s] -- Up-to-date: /home/orangepi/ros2_workspace/auto_car/install/share/ament_index/resource_index/package_run_dependencies/imu_filter_madgwick
[1.250s] -- Up-to-date: /home/orangepi/ros2_workspace/auto_car/install/share/ament_index/resource_index/parent_prefix_path/imu_filter_madgwick
[1.251s] -- Up-to-date: /home/orangepi/ros2_workspace/auto_car/install/share/imu_filter_madgwick/environment/ament_prefix_path.sh
[1.251s] -- Up-to-date: /home/orangepi/ros2_workspace/auto_car/install/share/imu_filter_madgwick/environment/ament_prefix_path.dsv
[1.252s] -- Up-to-date: /home/orangepi/ros2_workspace/auto_car/install/share/imu_filter_madgwick/environment/path.sh
[1.252s] -- Up-to-date: /home/orangepi/ros2_workspace/auto_car/install/share/imu_filter_madgwick/environment/path.dsv
[1.277s] -- Up-to-date: /home/orangepi/ros2_workspace/auto_car/install/share/imu_filter_madgwick/local_setup.bash
[1.279s] -- Up-to-date: /home/orangepi/ros2_workspace/auto_car/install/share/imu_filter_madgwick/local_setup.sh
[1.280s] -- Up-to-date: /home/orangepi/ros2_workspace/auto_car/install/share/imu_filter_madgwick/local_setup.zsh
[1.288s] -- Up-to-date: /home/orangepi/ros2_workspace/auto_car/install/share/imu_filter_madgwick/local_setup.dsv
[1.289s] -- Installing: /home/orangepi/ros2_workspace/auto_car/install/share/imu_filter_madgwick/package.dsv
[1.290s] -- Up-to-date: /home/orangepi/ros2_workspace/auto_car/install/share/ament_index/resource_index/packages/imu_filter_madgwick
[1.291s] -- Up-to-date: /home/orangepi/ros2_workspace/auto_car/install/share/ament_index/resource_index/rclcpp_components/imu_filter_madgwick
[1.292s] -- Up-to-date: /home/orangepi/ros2_workspace/auto_car/install/share/imu_filter_madgwick/cmake/export_imu_filter_madgwickExport.cmake
[1.316s] -- Up-to-date: /home/orangepi/ros2_workspace/auto_car/install/share/imu_filter_madgwick/cmake/export_imu_filter_madgwickExport-noconfig.cmake
[1.316s] -- Up-to-date: /home/orangepi/ros2_workspace/auto_car/install/share/imu_filter_madgwick/cmake/ament_cmake_export_include_directories-extras.cmake
[1.317s] -- Up-to-date: /home/orangepi/ros2_workspace/auto_car/install/share/imu_filter_madgwick/cmake/ament_cmake_export_libraries-extras.cmake
[1.317s] -- Up-to-date: /home/orangepi/ros2_workspace/auto_car/install/share/imu_filter_madgwick/cmake/ament_cmake_export_targets-extras.cmake
[1.318s] -- Up-to-date: /home/orangepi/ros2_workspace/auto_car/install/share/imu_filter_madgwick/cmake/imu_filter_madgwickConfig.cmake
[1.318s] -- Up-to-date: /home/orangepi/ros2_workspace/auto_car/install/share/imu_filter_madgwick/cmake/imu_filter_madgwickConfig-version.cmake
[1.319s] -- Up-to-date: /home/orangepi/ros2_workspace/auto_car/install/share/imu_filter_madgwick/package.xml
[1.693s] Invoked command in '/home/orangepi/ros2_workspace/auto_car/build/imu_filter_madgwick' returned '0': CMAKE_PREFIX_PATH=${CMAKE_PREFIX_PATH}:/root/lanhailidar_ros_ws/install/scan_subscriber:/opt/ros/humble /usr/bin/cmake --install /home/orangepi/ros2_workspace/auto_car/build/imu_filter_madgwick
