[1.841s] Invoking command in '/home/orangepi/ros2_workspace/auto_car/src/car_launch': PYTHONPATH=/home/orangepi/ros2_workspace/auto_car/build/car_launch/prefix_override:/usr/lib/python3/dist-packages/colcon_core/task/python/colcon_distutils_commands:/home/orangepi/ros2_workspace/auto_car/install/lib/python3.10/site-packages:${PYTHONPATH} /usr/bin/python3 -W ignore:setup.py install is deprecated -W ignore:easy_install command is deprecated setup.py egg_info --egg-base ../../build/car_launch build --build-base /home/orangepi/ros2_workspace/auto_car/build/car_launch/build install --record /home/orangepi/ros2_workspace/auto_car/build/car_launch/install.log --single-version-externally-managed install_data
[2.642s] running egg_info
[2.643s] writing ../../build/car_launch/car_launch.egg-info/PKG-INFO
[2.643s] writing dependency_links to ../../build/car_launch/car_launch.egg-info/dependency_links.txt
[2.644s] writing entry points to ../../build/car_launch/car_launch.egg-info/entry_points.txt
[2.644s] writing requirements to ../../build/car_launch/car_launch.egg-info/requires.txt
[2.645s] writing top-level names to ../../build/car_launch/car_launch.egg-info/top_level.txt
[2.645s] reading manifest file '../../build/car_launch/car_launch.egg-info/SOURCES.txt'
[2.646s] writing manifest file '../../build/car_launch/car_launch.egg-info/SOURCES.txt'
[2.646s] running build
[2.646s] running build_py
[2.647s] running install
[2.647s] running install_lib
[2.648s] running install_data
[2.648s] running install_egg_info
[2.648s] removing '/home/orangepi/ros2_workspace/auto_car/install/lib/python3.10/site-packages/car_launch-0.0.0-py3.10.egg-info' (and everything under it)
[2.649s] Copying ../../build/car_launch/car_launch.egg-info to /home/orangepi/ros2_workspace/auto_car/install/lib/python3.10/site-packages/car_launch-0.0.0-py3.10.egg-info
[2.649s] running install_scripts
[2.650s] Installing motor_controller script to /home/orangepi/ros2_workspace/auto_car/install/lib/car_launch
[2.650s] Installing t265 script to /home/orangepi/ros2_workspace/auto_car/install/lib/car_launch
[2.651s] Installing t265_uart script to /home/orangepi/ros2_workspace/auto_car/install/lib/car_launch
[2.651s] Installing uart_driver script to /home/orangepi/ros2_workspace/auto_car/install/lib/car_launch
[2.651s] writing list of installed files to '/home/orangepi/ros2_workspace/auto_car/build/car_launch/install.log'
[3.053s] Invoked command in '/home/orangepi/ros2_workspace/auto_car/src/car_launch' returned '0': PYTHONPATH=/home/orangepi/ros2_workspace/auto_car/build/car_launch/prefix_override:/usr/lib/python3/dist-packages/colcon_core/task/python/colcon_distutils_commands:/home/orangepi/ros2_workspace/auto_car/install/lib/python3.10/site-packages:${PYTHONPATH} /usr/bin/python3 -W ignore:setup.py install is deprecated -W ignore:easy_install command is deprecated setup.py egg_info --egg-base ../../build/car_launch build --build-base /home/orangepi/ros2_workspace/auto_car/build/car_launch/build install --record /home/orangepi/ros2_workspace/auto_car/build/car_launch/install.log --single-version-externally-managed install_data
