[1.947s] Invoking command in '/home/orangepi/ros2_workspace/auto_car/src/car_launch': PYTHONPATH=/home/orangepi/ros2_workspace/auto_car/build/car_launch/prefix_override:/usr/lib/python3/dist-packages/colcon_core/task/python/colcon_distutils_commands:/home/orangepi/ros2_workspace/auto_car/install/lib/python3.10/site-packages:${PYTHONPATH} /usr/bin/python3 -W ignore:setup.py install is deprecated -W ignore:easy_install command is deprecated setup.py egg_info --egg-base ../../build/car_launch build --build-base /home/orangepi/ros2_workspace/auto_car/build/car_launch/build install --record /home/orangepi/ros2_workspace/auto_car/build/car_launch/install.log --single-version-externally-managed install_data
[2.301s] running egg_info
[2.303s] writing ../../build/car_launch/car_launch.egg-info/PKG-INFO
[2.304s] writing dependency_links to ../../build/car_launch/car_launch.egg-info/dependency_links.txt
[2.304s] writing entry points to ../../build/car_launch/car_launch.egg-info/entry_points.txt
[2.304s] writing requirements to ../../build/car_launch/car_launch.egg-info/requires.txt
[2.305s] writing top-level names to ../../build/car_launch/car_launch.egg-info/top_level.txt
[2.306s] reading manifest file '../../build/car_launch/car_launch.egg-info/SOURCES.txt'
[2.308s] writing manifest file '../../build/car_launch/car_launch.egg-info/SOURCES.txt'
[2.311s] running build
[2.311s] running build_py
[2.312s] running install
[2.313s] running install_lib
[2.314s] running install_data
[2.314s] running install_egg_info
[2.316s] removing '/home/orangepi/ros2_workspace/auto_car/install/lib/python3.10/site-packages/car_launch-0.0.0-py3.10.egg-info' (and everything under it)
[2.322s] Copying ../../build/car_launch/car_launch.egg-info to /home/orangepi/ros2_workspace/auto_car/install/lib/python3.10/site-packages/car_launch-0.0.0-py3.10.egg-info
[2.324s] running install_scripts
[2.387s] Installing motor_controller script to /home/orangepi/ros2_workspace/auto_car/install/lib/car_launch
[2.387s] Installing t265 script to /home/orangepi/ros2_workspace/auto_car/install/lib/car_launch
[2.405s] Installing t265_uart script to /home/orangepi/ros2_workspace/auto_car/install/lib/car_launch
[2.405s] Installing uart_driver script to /home/orangepi/ros2_workspace/auto_car/install/lib/car_launch
[2.406s] writing list of installed files to '/home/orangepi/ros2_workspace/auto_car/build/car_launch/install.log'
[3.717s] Invoked command in '/home/orangepi/ros2_workspace/auto_car/src/car_launch' returned '0': PYTHONPATH=/home/orangepi/ros2_workspace/auto_car/build/car_launch/prefix_override:/usr/lib/python3/dist-packages/colcon_core/task/python/colcon_distutils_commands:/home/orangepi/ros2_workspace/auto_car/install/lib/python3.10/site-packages:${PYTHONPATH} /usr/bin/python3 -W ignore:setup.py install is deprecated -W ignore:easy_install command is deprecated setup.py egg_info --egg-base ../../build/car_launch build --build-base /home/orangepi/ros2_workspace/auto_car/build/car_launch/build install --record /home/orangepi/ros2_workspace/auto_car/build/car_launch/install.log --single-version-externally-managed install_data
