[3.375s] Invoking command in '/home/orangepi/ros2_workspace/auto_car/src/car_launch': PYTHONPATH=/home/orangepi/ros2_workspace/auto_car/build/car_launch/prefix_override:/usr/lib/python3/dist-packages/colcon_core/task/python/colcon_distutils_commands:/home/orangepi/ros2_workspace/auto_car/install/lib/python3.10/site-packages:${PYTHONPATH} /usr/bin/python3 -W ignore:setup.py install is deprecated -W ignore:easy_install command is deprecated setup.py egg_info --egg-base ../../build/car_launch build --build-base /home/orangepi/ros2_workspace/auto_car/build/car_launch/build install --record /home/orangepi/ros2_workspace/auto_car/build/car_launch/install.log --single-version-externally-managed install_data
[4.407s] running egg_info
[4.409s] writing ../../build/car_launch/car_launch.egg-info/PKG-INFO
[4.410s] writing dependency_links to ../../build/car_launch/car_launch.egg-info/dependency_links.txt
[4.410s] writing entry points to ../../build/car_launch/car_launch.egg-info/entry_points.txt
[4.411s] writing requirements to ../../build/car_launch/car_launch.egg-info/requires.txt
[4.415s] writing top-level names to ../../build/car_launch/car_launch.egg-info/top_level.txt
[4.422s] reading manifest file '../../build/car_launch/car_launch.egg-info/SOURCES.txt'
[4.424s] writing manifest file '../../build/car_launch/car_launch.egg-info/SOURCES.txt'
[4.425s] running build
[4.425s] running build_py
[4.426s] running install
[4.426s] running install_lib
[4.427s] running install_data
[4.428s] running install_egg_info
[4.431s] removing '/home/orangepi/ros2_workspace/auto_car/install/lib/python3.10/site-packages/car_launch-0.0.0-py3.10.egg-info' (and everything under it)
[4.431s] Copying ../../build/car_launch/car_launch.egg-info to /home/orangepi/ros2_workspace/auto_car/install/lib/python3.10/site-packages/car_launch-0.0.0-py3.10.egg-info
[4.432s] running install_scripts
[4.509s] Installing motor_controller script to /home/orangepi/ros2_workspace/auto_car/install/lib/car_launch
[4.524s] Installing t265 script to /home/orangepi/ros2_workspace/auto_car/install/lib/car_launch
[4.524s] Installing t265_uart script to /home/orangepi/ros2_workspace/auto_car/install/lib/car_launch
[4.524s] Installing uart_driver script to /home/orangepi/ros2_workspace/auto_car/install/lib/car_launch
[4.524s] writing list of installed files to '/home/orangepi/ros2_workspace/auto_car/build/car_launch/install.log'
[4.655s] Invoked command in '/home/orangepi/ros2_workspace/auto_car/src/car_launch' returned '0': PYTHONPATH=/home/orangepi/ros2_workspace/auto_car/build/car_launch/prefix_override:/usr/lib/python3/dist-packages/colcon_core/task/python/colcon_distutils_commands:/home/orangepi/ros2_workspace/auto_car/install/lib/python3.10/site-packages:${PYTHONPATH} /usr/bin/python3 -W ignore:setup.py install is deprecated -W ignore:easy_install command is deprecated setup.py egg_info --egg-base ../../build/car_launch build --build-base /home/orangepi/ros2_workspace/auto_car/build/car_launch/build install --record /home/orangepi/ros2_workspace/auto_car/build/car_launch/install.log --single-version-externally-managed install_data
