[0.629s] Invoking command in '/home/orangepi/ros2_workspace/auto_car/build/imu_tools': CMAKE_PREFIX_PATH=${CMAKE_PREFIX_PATH}:/root/lanhailidar_ros_ws/install/scan_subscriber:/opt/ros/humble PYTHONPATH=/home/orangepi/ros2_workspace/auto_car/install/lib/python3.10/site-packages:/home/orangepi/ros2_workspace/auto_car/install/local/lib/python3.10/dist-packages:/root/lanhailidar_ros_ws/install/scan_subscriber/lib/python3.10/site-packages:/root/lanhailidar_ros_ws/install/base/local/lib/python3.10/dist-packages:/opt/ros/humble/lib/python3.10/site-packages:/opt/ros/humble/local/lib/python3.10/dist-packages /usr/bin/cmake /home/orangepi/ros2_workspace/auto_car/src/imu_tools/imu_tools -DCMAKE_INSTALL_PREFIX=/home/orangepi/ros2_workspace/auto_car/install
[1.323s] -- The C compiler identification is GNU 11.4.0
[1.448s] -- The CXX compiler identification is GNU 11.4.0
[1.526s] -- Detecting C compiler ABI info
[1.995s] -- Detecting C compiler ABI info - done
[2.008s] -- Check for working C compiler: /usr/bin/cc - skipped
[2.010s] -- Detecting C compile features
[2.013s] -- Detecting C compile features - done
[2.024s] -- Detecting CXX compiler ABI info
[2.410s] -- Detecting CXX compiler ABI info - done
[2.421s] -- Check for working CXX compiler: /usr/bin/c++ - skipped
[2.422s] -- Detecting CXX compile features
[2.422s] -- Detecting CXX compile features - done
[2.444s] -- Found ament_cmake: 1.3.11 (/opt/ros/humble/share/ament_cmake/cmake)
[2.890s] -- Found Python3: /usr/bin/python3 (found version "3.10.12") found components: Interpreter 
[3.823s] -- Configuring done
[3.831s] -- Generating done
[3.832s] -- Build files have been written to: /home/orangepi/ros2_workspace/auto_car/build/imu_tools
[3.872s] Invoked command in '/home/orangepi/ros2_workspace/auto_car/build/imu_tools' returned '0': CMAKE_PREFIX_PATH=${CMAKE_PREFIX_PATH}:/root/lanhailidar_ros_ws/install/scan_subscriber:/opt/ros/humble PYTHONPATH=/home/orangepi/ros2_workspace/auto_car/install/lib/python3.10/site-packages:/home/orangepi/ros2_workspace/auto_car/install/local/lib/python3.10/dist-packages:/root/lanhailidar_ros_ws/install/scan_subscriber/lib/python3.10/site-packages:/root/lanhailidar_ros_ws/install/base/local/lib/python3.10/dist-packages:/opt/ros/humble/lib/python3.10/site-packages:/opt/ros/humble/local/lib/python3.10/dist-packages /usr/bin/cmake /home/orangepi/ros2_workspace/auto_car/src/imu_tools/imu_tools -DCMAKE_INSTALL_PREFIX=/home/orangepi/ros2_workspace/auto_car/install
[3.875s] Invoking command in '/home/orangepi/ros2_workspace/auto_car/build/imu_tools': CMAKE_PREFIX_PATH=${CMAKE_PREFIX_PATH}:/root/lanhailidar_ros_ws/install/scan_subscriber:/opt/ros/humble PYTHONPATH=/home/orangepi/ros2_workspace/auto_car/install/lib/python3.10/site-packages:/home/orangepi/ros2_workspace/auto_car/install/local/lib/python3.10/dist-packages:/root/lanhailidar_ros_ws/install/scan_subscriber/lib/python3.10/site-packages:/root/lanhailidar_ros_ws/install/base/local/lib/python3.10/dist-packages:/opt/ros/humble/lib/python3.10/site-packages:/opt/ros/humble/local/lib/python3.10/dist-packages /usr/bin/cmake --build /home/orangepi/ros2_workspace/auto_car/build/imu_tools -- -j8 -l8
[4.173s] Invoked command in '/home/orangepi/ros2_workspace/auto_car/build/imu_tools' returned '0': CMAKE_PREFIX_PATH=${CMAKE_PREFIX_PATH}:/root/lanhailidar_ros_ws/install/scan_subscriber:/opt/ros/humble PYTHONPATH=/home/orangepi/ros2_workspace/auto_car/install/lib/python3.10/site-packages:/home/orangepi/ros2_workspace/auto_car/install/local/lib/python3.10/dist-packages:/root/lanhailidar_ros_ws/install/scan_subscriber/lib/python3.10/site-packages:/root/lanhailidar_ros_ws/install/base/local/lib/python3.10/dist-packages:/opt/ros/humble/lib/python3.10/site-packages:/opt/ros/humble/local/lib/python3.10/dist-packages /usr/bin/cmake --build /home/orangepi/ros2_workspace/auto_car/build/imu_tools -- -j8 -l8
[4.176s] Invoking command in '/home/orangepi/ros2_workspace/auto_car/build/imu_tools': CMAKE_PREFIX_PATH=${CMAKE_PREFIX_PATH}:/root/lanhailidar_ros_ws/install/scan_subscriber:/opt/ros/humble PYTHONPATH=/home/orangepi/ros2_workspace/auto_car/install/lib/python3.10/site-packages:/home/orangepi/ros2_workspace/auto_car/install/local/lib/python3.10/dist-packages:/root/lanhailidar_ros_ws/install/scan_subscriber/lib/python3.10/site-packages:/root/lanhailidar_ros_ws/install/base/local/lib/python3.10/dist-packages:/opt/ros/humble/lib/python3.10/site-packages:/opt/ros/humble/local/lib/python3.10/dist-packages /usr/bin/cmake --install /home/orangepi/ros2_workspace/auto_car/build/imu_tools
[4.211s] -- Install configuration: ""
[4.211s] -- Installing: /home/orangepi/ros2_workspace/auto_car/install/share/ament_index/resource_index/package_run_dependencies/imu_tools
[4.215s] -- Installing: /home/orangepi/ros2_workspace/auto_car/install/share/ament_index/resource_index/parent_prefix_path/imu_tools
[4.216s] -- Installing: /home/orangepi/ros2_workspace/auto_car/install/share/imu_tools/environment/ament_prefix_path.sh
[4.219s] -- Installing: /home/orangepi/ros2_workspace/auto_car/install/share/imu_tools/environment/ament_prefix_path.dsv
[4.220s] -- Installing: /home/orangepi/ros2_workspace/auto_car/install/share/imu_tools/environment/path.sh
[4.221s] -- Installing: /home/orangepi/ros2_workspace/auto_car/install/share/imu_tools/environment/path.dsv
[4.222s] -- Installing: /home/orangepi/ros2_workspace/auto_car/install/share/imu_tools/local_setup.bash
[4.222s] -- Installing: /home/orangepi/ros2_workspace/auto_car/install/share/imu_tools/local_setup.sh
[4.223s] -- Installing: /home/orangepi/ros2_workspace/auto_car/install/share/imu_tools/local_setup.zsh
[4.223s] -- Installing: /home/orangepi/ros2_workspace/auto_car/install/share/imu_tools/local_setup.dsv
[4.224s] -- Installing: /home/orangepi/ros2_workspace/auto_car/install/share/imu_tools/package.dsv
[4.225s] -- Installing: /home/orangepi/ros2_workspace/auto_car/install/share/ament_index/resource_index/packages/imu_tools
[4.225s] -- Installing: /home/orangepi/ros2_workspace/auto_car/install/share/imu_tools/cmake/imu_toolsConfig.cmake
[4.226s] -- Installing: /home/orangepi/ros2_workspace/auto_car/install/share/imu_tools/cmake/imu_toolsConfig-version.cmake
[4.226s] -- Installing: /home/orangepi/ros2_workspace/auto_car/install/share/imu_tools/package.xml
[4.304s] Invoked command in '/home/orangepi/ros2_workspace/auto_car/build/imu_tools' returned '0': CMAKE_PREFIX_PATH=${CMAKE_PREFIX_PATH}:/root/lanhailidar_ros_ws/install/scan_subscriber:/opt/ros/humble PYTHONPATH=/home/orangepi/ros2_workspace/auto_car/install/lib/python3.10/site-packages:/home/orangepi/ros2_workspace/auto_car/install/local/lib/python3.10/dist-packages:/root/lanhailidar_ros_ws/install/scan_subscriber/lib/python3.10/site-packages:/root/lanhailidar_ros_ws/install/base/local/lib/python3.10/dist-packages:/opt/ros/humble/lib/python3.10/site-packages:/opt/ros/humble/local/lib/python3.10/dist-packages /usr/bin/cmake --install /home/orangepi/ros2_workspace/auto_car/build/imu_tools
