[3.050s] Invoking command in '/home/orangepi/ros2_workspace/auto_car/src/car_launch': PYTHONPATH=/home/orangepi/ros2_workspace/auto_car/build/car_launch/prefix_override:/usr/lib/python3/dist-packages/colcon_core/task/python/colcon_distutils_commands:/home/orangepi/ros2_workspace/auto_car/install/lib/python3.10/site-packages:${PYTHONPATH} /usr/bin/python3 -W ignore:setup.py install is deprecated -W ignore:easy_install command is deprecated setup.py egg_info --egg-base ../../build/car_launch build --build-base /home/orangepi/ros2_workspace/auto_car/build/car_launch/build install --record /home/orangepi/ros2_workspace/auto_car/build/car_launch/install.log --single-version-externally-managed install_data
[3.960s] running egg_info
[3.961s] writing ../../build/car_launch/car_launch.egg-info/PKG-INFO
[3.961s] writing dependency_links to ../../build/car_launch/car_launch.egg-info/dependency_links.txt
[3.961s] writing entry points to ../../build/car_launch/car_launch.egg-info/entry_points.txt
[3.962s] writing requirements to ../../build/car_launch/car_launch.egg-info/requires.txt
[3.962s] writing top-level names to ../../build/car_launch/car_launch.egg-info/top_level.txt
[3.962s] reading manifest file '../../build/car_launch/car_launch.egg-info/SOURCES.txt'
[3.963s] writing manifest file '../../build/car_launch/car_launch.egg-info/SOURCES.txt'
[3.963s] running build
[3.964s] running build_py
[3.964s] running install
[3.964s] running install_lib
[3.965s] running install_data
[3.965s] running install_egg_info
[3.966s] removing '/home/orangepi/ros2_workspace/auto_car/install/lib/python3.10/site-packages/car_launch-0.0.0-py3.10.egg-info' (and everything under it)
[3.966s] Copying ../../build/car_launch/car_launch.egg-info to /home/orangepi/ros2_workspace/auto_car/install/lib/python3.10/site-packages/car_launch-0.0.0-py3.10.egg-info
[3.966s] running install_scripts
[4.027s] Installing motor_controller script to /home/orangepi/ros2_workspace/auto_car/install/lib/car_launch
[4.029s] Installing t265 script to /home/orangepi/ros2_workspace/auto_car/install/lib/car_launch
[4.031s] Installing t265_uart script to /home/orangepi/ros2_workspace/auto_car/install/lib/car_launch
[4.032s] Installing uart_driver script to /home/orangepi/ros2_workspace/auto_car/install/lib/car_launch
[4.036s] writing list of installed files to '/home/orangepi/ros2_workspace/auto_car/build/car_launch/install.log'
[4.385s] Invoked command in '/home/orangepi/ros2_workspace/auto_car/src/car_launch' returned '0': PYTHONPATH=/home/orangepi/ros2_workspace/auto_car/build/car_launch/prefix_override:/usr/lib/python3/dist-packages/colcon_core/task/python/colcon_distutils_commands:/home/orangepi/ros2_workspace/auto_car/install/lib/python3.10/site-packages:${PYTHONPATH} /usr/bin/python3 -W ignore:setup.py install is deprecated -W ignore:easy_install command is deprecated setup.py egg_info --egg-base ../../build/car_launch build --build-base /home/orangepi/ros2_workspace/auto_car/build/car_launch/build install --record /home/orangepi/ros2_workspace/auto_car/build/car_launch/install.log --single-version-externally-managed install_data
