[1.880s] Invoking command in '/home/orangepi/ros2_workspace/auto_car/src/nav2_t265_pyrealsense': PYTHONPATH=/home/orangepi/ros2_workspace/auto_car/build/nav2_t265_pyrealsense/prefix_override:/usr/lib/python3/dist-packages/colcon_core/task/python/colcon_distutils_commands:/home/orangepi/ros2_workspace/auto_car/install/lib/python3.10/site-packages:${PYTHONPATH} /usr/bin/python3 -W ignore:setup.py install is deprecated -W ignore:easy_install command is deprecated setup.py egg_info --egg-base ../../build/nav2_t265_pyrealsense build --build-base /home/orangepi/ros2_workspace/auto_car/build/nav2_t265_pyrealsense/build install --record /home/orangepi/ros2_workspace/auto_car/build/nav2_t265_pyrealsense/install.log --single-version-externally-managed install_data
[2.269s] running egg_info
[2.274s] writing ../../build/nav2_t265_pyrealsense/nav2_t265_pyrealsense.egg-info/PKG-INFO
[2.276s] writing dependency_links to ../../build/nav2_t265_pyrealsense/nav2_t265_pyrealsense.egg-info/dependency_links.txt
[2.277s] writing entry points to ../../build/nav2_t265_pyrealsense/nav2_t265_pyrealsense.egg-info/entry_points.txt
[2.278s] writing requirements to ../../build/nav2_t265_pyrealsense/nav2_t265_pyrealsense.egg-info/requires.txt
[2.279s] writing top-level names to ../../build/nav2_t265_pyrealsense/nav2_t265_pyrealsense.egg-info/top_level.txt
[2.286s] reading manifest file '../../build/nav2_t265_pyrealsense/nav2_t265_pyrealsense.egg-info/SOURCES.txt'
[2.287s] writing manifest file '../../build/nav2_t265_pyrealsense/nav2_t265_pyrealsense.egg-info/SOURCES.txt'
[2.287s] running build
[2.287s] running build_py
[2.287s] running install
[2.288s] running install_lib
[2.290s] running install_data
[2.290s] running install_egg_info
[2.293s] removing '/home/orangepi/ros2_workspace/auto_car/install/lib/python3.10/site-packages/nav2_t265_pyrealsense-0.0.0-py3.10.egg-info' (and everything under it)
[2.293s] Copying ../../build/nav2_t265_pyrealsense/nav2_t265_pyrealsense.egg-info to /home/orangepi/ros2_workspace/auto_car/install/lib/python3.10/site-packages/nav2_t265_pyrealsense-0.0.0-py3.10.egg-info
[2.295s] running install_scripts
[2.327s] Installing nav2_client script to /home/orangepi/ros2_workspace/auto_car/install/lib/nav2_t265_pyrealsense
[2.328s] Installing t265_driver script to /home/orangepi/ros2_workspace/auto_car/install/lib/nav2_t265_pyrealsense
[2.335s] writing list of installed files to '/home/orangepi/ros2_workspace/auto_car/build/nav2_t265_pyrealsense/install.log'
[3.274s] Invoked command in '/home/orangepi/ros2_workspace/auto_car/src/nav2_t265_pyrealsense' returned '0': PYTHONPATH=/home/orangepi/ros2_workspace/auto_car/build/nav2_t265_pyrealsense/prefix_override:/usr/lib/python3/dist-packages/colcon_core/task/python/colcon_distutils_commands:/home/orangepi/ros2_workspace/auto_car/install/lib/python3.10/site-packages:${PYTHONPATH} /usr/bin/python3 -W ignore:setup.py install is deprecated -W ignore:easy_install command is deprecated setup.py egg_info --egg-base ../../build/nav2_t265_pyrealsense build --build-base /home/orangepi/ros2_workspace/auto_car/build/nav2_t265_pyrealsense/build install --record /home/orangepi/ros2_workspace/auto_car/build/nav2_t265_pyrealsense/install.log --single-version-externally-managed install_data
