[3.156s] Invoking command in '/home/orangepi/ros2_workspace/auto_car/src/car_launch': PYTHONPATH=/home/orangepi/ros2_workspace/auto_car/build/car_launch/prefix_override:/usr/lib/python3/dist-packages/colcon_core/task/python/colcon_distutils_commands:/home/orangepi/ros2_workspace/auto_car/install/lib/python3.10/site-packages:${PYTHONPATH} /usr/bin/python3 -W ignore:setup.py install is deprecated -W ignore:easy_install command is deprecated setup.py egg_info --egg-base ../../build/car_launch build --build-base /home/orangepi/ros2_workspace/auto_car/build/car_launch/build install --record /home/orangepi/ros2_workspace/auto_car/build/car_launch/install.log --single-version-externally-managed install_data
[3.498s] running egg_info
[3.499s] writing ../../build/car_launch/car_launch.egg-info/PKG-INFO
[3.501s] writing dependency_links to ../../build/car_launch/car_launch.egg-info/dependency_links.txt
[3.501s] writing entry points to ../../build/car_launch/car_launch.egg-info/entry_points.txt
[3.503s] writing requirements to ../../build/car_launch/car_launch.egg-info/requires.txt
[3.503s] writing top-level names to ../../build/car_launch/car_launch.egg-info/top_level.txt
[3.504s] reading manifest file '../../build/car_launch/car_launch.egg-info/SOURCES.txt'
[3.507s] writing manifest file '../../build/car_launch/car_launch.egg-info/SOURCES.txt'
[3.508s] running build
[3.510s] running build_py
[3.515s] running install
[3.518s] running install_lib
[3.520s] running install_data
[3.523s] running install_egg_info
[3.525s] removing '/home/orangepi/ros2_workspace/auto_car/install/lib/python3.10/site-packages/car_launch-0.0.0-py3.10.egg-info' (and everything under it)
[3.535s] Copying ../../build/car_launch/car_launch.egg-info to /home/orangepi/ros2_workspace/auto_car/install/lib/python3.10/site-packages/car_launch-0.0.0-py3.10.egg-info
[3.535s] running install_scripts
[3.599s] Installing motor_controller script to /home/orangepi/ros2_workspace/auto_car/install/lib/car_launch
[3.599s] Installing t265 script to /home/orangepi/ros2_workspace/auto_car/install/lib/car_launch
[3.608s] Installing t265_uart script to /home/orangepi/ros2_workspace/auto_car/install/lib/car_launch
[3.610s] Installing uart_driver script to /home/orangepi/ros2_workspace/auto_car/install/lib/car_launch
[3.611s] writing list of installed files to '/home/orangepi/ros2_workspace/auto_car/build/car_launch/install.log'
[3.829s] Invoked command in '/home/orangepi/ros2_workspace/auto_car/src/car_launch' returned '0': PYTHONPATH=/home/orangepi/ros2_workspace/auto_car/build/car_launch/prefix_override:/usr/lib/python3/dist-packages/colcon_core/task/python/colcon_distutils_commands:/home/orangepi/ros2_workspace/auto_car/install/lib/python3.10/site-packages:${PYTHONPATH} /usr/bin/python3 -W ignore:setup.py install is deprecated -W ignore:easy_install command is deprecated setup.py egg_info --egg-base ../../build/car_launch build --build-base /home/orangepi/ros2_workspace/auto_car/build/car_launch/build install --record /home/orangepi/ros2_workspace/auto_car/build/car_launch/install.log --single-version-externally-managed install_data
