[2.791s] Invoking command in '/home/orangepi/ros2_workspace/auto_car/src/nav2_t265_pyrealsense': PYTHONPATH=/home/orangepi/ros2_workspace/auto_car/build/nav2_t265_pyrealsense/prefix_override:/usr/lib/python3/dist-packages/colcon_core/task/python/colcon_distutils_commands:/home/orangepi/ros2_workspace/auto_car/install/lib/python3.10/site-packages:${PYTHONPATH} /usr/bin/python3 -W ignore:setup.py install is deprecated -W ignore:easy_install command is deprecated setup.py egg_info --egg-base ../../build/nav2_t265_pyrealsense build --build-base /home/orangepi/ros2_workspace/auto_car/build/nav2_t265_pyrealsense/build install --record /home/orangepi/ros2_workspace/auto_car/build/nav2_t265_pyrealsense/install.log --single-version-externally-managed install_data
[3.369s] running egg_info
[3.370s] writing ../../build/nav2_t265_pyrealsense/nav2_t265_pyrealsense.egg-info/PKG-INFO
[3.371s] writing dependency_links to ../../build/nav2_t265_pyrealsense/nav2_t265_pyrealsense.egg-info/dependency_links.txt
[3.377s] writing entry points to ../../build/nav2_t265_pyrealsense/nav2_t265_pyrealsense.egg-info/entry_points.txt
[3.378s] writing requirements to ../../build/nav2_t265_pyrealsense/nav2_t265_pyrealsense.egg-info/requires.txt
[3.380s] writing top-level names to ../../build/nav2_t265_pyrealsense/nav2_t265_pyrealsense.egg-info/top_level.txt
[3.385s] reading manifest file '../../build/nav2_t265_pyrealsense/nav2_t265_pyrealsense.egg-info/SOURCES.txt'
[3.387s] writing manifest file '../../build/nav2_t265_pyrealsense/nav2_t265_pyrealsense.egg-info/SOURCES.txt'
[3.388s] running build
[3.388s] running build_py
[3.389s] running install
[3.389s] running install_lib
[3.390s] running install_data
[3.390s] running install_egg_info
[3.393s] removing '/home/orangepi/ros2_workspace/auto_car/install/lib/python3.10/site-packages/nav2_t265_pyrealsense-0.0.0-py3.10.egg-info' (and everything under it)
[3.394s] Copying ../../build/nav2_t265_pyrealsense/nav2_t265_pyrealsense.egg-info to /home/orangepi/ros2_workspace/auto_car/install/lib/python3.10/site-packages/nav2_t265_pyrealsense-0.0.0-py3.10.egg-info
[3.394s] running install_scripts
[3.432s] Installing nav2_client script to /home/orangepi/ros2_workspace/auto_car/install/lib/nav2_t265_pyrealsense
[3.433s] Installing t265_driver script to /home/orangepi/ros2_workspace/auto_car/install/lib/nav2_t265_pyrealsense
[3.435s] writing list of installed files to '/home/orangepi/ros2_workspace/auto_car/build/nav2_t265_pyrealsense/install.log'
[3.533s] Invoked command in '/home/orangepi/ros2_workspace/auto_car/src/nav2_t265_pyrealsense' returned '0': PYTHONPATH=/home/orangepi/ros2_workspace/auto_car/build/nav2_t265_pyrealsense/prefix_override:/usr/lib/python3/dist-packages/colcon_core/task/python/colcon_distutils_commands:/home/orangepi/ros2_workspace/auto_car/install/lib/python3.10/site-packages:${PYTHONPATH} /usr/bin/python3 -W ignore:setup.py install is deprecated -W ignore:easy_install command is deprecated setup.py egg_info --egg-base ../../build/nav2_t265_pyrealsense build --build-base /home/orangepi/ros2_workspace/auto_car/build/nav2_t265_pyrealsense/build install --record /home/orangepi/ros2_workspace/auto_car/build/nav2_t265_pyrealsense/install.log --single-version-externally-managed install_data
