[2.390s] Invoking command in '/home/orangepi/ros2_workspace/auto_car/src/uart_comm_py': AMENT_PREFIX_PATH=/home/orangepi/ros2_workspace/auto_car/install:${AMENT_PREFIX_PATH} CMAKE_PREFIX_PATH=/home/orangepi/ros2_workspace/auto_car/install:${CMAKE_PREFIX_PATH} LD_LIBRARY_PATH=/home/orangepi/ros2_workspace/auto_car/install/lib:${LD_LIBRARY_PATH} PYTHONPATH=/home/orangepi/ros2_workspace/auto_car/build/uart_comm_py/prefix_override:/usr/lib/python3/dist-packages/colcon_core/task/python/colcon_distutils_commands:/home/orangepi/ros2_workspace/auto_car/install/lib/python3.10/site-packages:/home/orangepi/ros2_workspace/auto_car/install/local/lib/python3.10/dist-packages:/home/orangepi/ros2_workspace/auto_car/install/lib/python3.10/site-packages:${PYTHONPATH} /usr/bin/python3 -W ignore:setup.py install is deprecated -W ignore:easy_install command is deprecated setup.py egg_info --egg-base ../../build/uart_comm_py build --build-base /home/orangepi/ros2_workspace/auto_car/build/uart_comm_py/build install --record /home/orangepi/ros2_workspace/auto_car/build/uart_comm_py/install.log --single-version-externally-managed install_data
[2.720s] running egg_info
[2.721s] writing ../../build/uart_comm_py/uart_comm_py.egg-info/PKG-INFO
[2.721s] writing dependency_links to ../../build/uart_comm_py/uart_comm_py.egg-info/dependency_links.txt
[2.730s] writing entry points to ../../build/uart_comm_py/uart_comm_py.egg-info/entry_points.txt
[2.731s] writing requirements to ../../build/uart_comm_py/uart_comm_py.egg-info/requires.txt
[2.732s] writing top-level names to ../../build/uart_comm_py/uart_comm_py.egg-info/top_level.txt
[2.737s] reading manifest file '../../build/uart_comm_py/uart_comm_py.egg-info/SOURCES.txt'
[2.740s] writing manifest file '../../build/uart_comm_py/uart_comm_py.egg-info/SOURCES.txt'
[2.740s] running build
[2.740s] running build_py
[2.741s] running install
[2.742s] running install_lib
[2.745s] running install_data
[2.746s] running install_egg_info
[2.750s] removing '/home/orangepi/ros2_workspace/auto_car/install/lib/python3.10/site-packages/uart_comm_py-0.0.0-py3.10.egg-info' (and everything under it)
[2.750s] Copying ../../build/uart_comm_py/uart_comm_py.egg-info to /home/orangepi/ros2_workspace/auto_car/install/lib/python3.10/site-packages/uart_comm_py-0.0.0-py3.10.egg-info
[2.751s] running install_scripts
[2.781s] Installing uart_node script to /home/orangepi/ros2_workspace/auto_car/install/lib/uart_comm_py
[2.782s] writing list of installed files to '/home/orangepi/ros2_workspace/auto_car/build/uart_comm_py/install.log'
[2.844s] Invoked command in '/home/orangepi/ros2_workspace/auto_car/src/uart_comm_py' returned '0': AMENT_PREFIX_PATH=/home/orangepi/ros2_workspace/auto_car/install:${AMENT_PREFIX_PATH} CMAKE_PREFIX_PATH=/home/orangepi/ros2_workspace/auto_car/install:${CMAKE_PREFIX_PATH} LD_LIBRARY_PATH=/home/orangepi/ros2_workspace/auto_car/install/lib:${LD_LIBRARY_PATH} PYTHONPATH=/home/orangepi/ros2_workspace/auto_car/build/uart_comm_py/prefix_override:/usr/lib/python3/dist-packages/colcon_core/task/python/colcon_distutils_commands:/home/orangepi/ros2_workspace/auto_car/install/lib/python3.10/site-packages:/home/orangepi/ros2_workspace/auto_car/install/local/lib/python3.10/dist-packages:/home/orangepi/ros2_workspace/auto_car/install/lib/python3.10/site-packages:${PYTHONPATH} /usr/bin/python3 -W ignore:setup.py install is deprecated -W ignore:easy_install command is deprecated setup.py egg_info --egg-base ../../build/uart_comm_py build --build-base /home/orangepi/ros2_workspace/auto_car/build/uart_comm_py/build install --record /home/orangepi/ros2_workspace/auto_car/build/uart_comm_py/install.log --single-version-externally-managed install_data
