[0.889s] Invoking command in '/home/orangepi/ros2_workspace/auto_car/src/car_t265': AMENT_PREFIX_PATH=/home/orangepi/ros2_workspace/auto_car/install:${AMENT_PREFIX_PATH} CMAKE_PREFIX_PATH=/home/orangepi/ros2_workspace/auto_car/install:${CMAKE_PREFIX_PATH} LD_LIBRARY_PATH=/home/orangepi/ros2_workspace/auto_car/install/lib:${LD_LIBRARY_PATH} PYTHONPATH=/home/orangepi/ros2_workspace/auto_car/build/car_t265/prefix_override:/usr/lib/python3/dist-packages/colcon_core/task/python/colcon_distutils_commands:/home/orangepi/ros2_workspace/auto_car/install/lib/python3.10/site-packages:/home/orangepi/ros2_workspace/auto_car/install/local/lib/python3.10/dist-packages:/home/orangepi/ros2_workspace/auto_car/install/lib/python3.10/site-packages:${PYTHONPATH} /usr/bin/python3 -W ignore:setup.py install is deprecated -W ignore:easy_install command is deprecated setup.py egg_info --egg-base ../../build/car_t265 build --build-base /home/orangepi/ros2_workspace/auto_car/build/car_t265/build install --record /home/orangepi/ros2_workspace/auto_car/build/car_t265/install.log --single-version-externally-managed install_data
[1.217s] running egg_info
[1.219s] creating ../../build/car_t265/car_t265.egg-info
[1.219s] writing ../../build/car_t265/car_t265.egg-info/PKG-INFO
[1.219s] writing dependency_links to ../../build/car_t265/car_t265.egg-info/dependency_links.txt
[1.219s] writing entry points to ../../build/car_t265/car_t265.egg-info/entry_points.txt
[1.219s] writing requirements to ../../build/car_t265/car_t265.egg-info/requires.txt
[1.220s] writing top-level names to ../../build/car_t265/car_t265.egg-info/top_level.txt
[1.220s] writing manifest file '../../build/car_t265/car_t265.egg-info/SOURCES.txt'
[1.223s] reading manifest file '../../build/car_t265/car_t265.egg-info/SOURCES.txt'
[1.224s] writing manifest file '../../build/car_t265/car_t265.egg-info/SOURCES.txt'
[1.224s] running build
[1.225s] running build_py
[1.225s] creating /home/orangepi/ros2_workspace/auto_car/build/car_t265/build
[1.226s] creating /home/orangepi/ros2_workspace/auto_car/build/car_t265/build/lib
[1.226s] creating /home/orangepi/ros2_workspace/auto_car/build/car_t265/build/lib/car_t265
[1.227s] copying car_t265/target_publisher.py -> /home/orangepi/ros2_workspace/auto_car/build/car_t265/build/lib/car_t265
[1.227s] copying car_t265/uart_driver.py -> /home/orangepi/ros2_workspace/auto_car/build/car_t265/build/lib/car_t265
[1.228s] copying car_t265/__init__.py -> /home/orangepi/ros2_workspace/auto_car/build/car_t265/build/lib/car_t265
[1.228s] copying car_t265/motor_controller.py -> /home/orangepi/ros2_workspace/auto_car/build/car_t265/build/lib/car_t265
[1.228s] copying car_t265/navigation_controller.py -> /home/orangepi/ros2_workspace/auto_car/build/car_t265/build/lib/car_t265
[1.229s] copying car_t265/t265_publisher.py -> /home/orangepi/ros2_workspace/auto_car/build/car_t265/build/lib/car_t265
[1.229s] running install
[1.229s] running install_lib
[1.230s] creating /home/orangepi/ros2_workspace/auto_car/install/lib/python3.10/site-packages/car_t265
[1.230s] copying /home/orangepi/ros2_workspace/auto_car/build/car_t265/build/lib/car_t265/target_publisher.py -> /home/orangepi/ros2_workspace/auto_car/install/lib/python3.10/site-packages/car_t265
[1.231s] copying /home/orangepi/ros2_workspace/auto_car/build/car_t265/build/lib/car_t265/uart_driver.py -> /home/orangepi/ros2_workspace/auto_car/install/lib/python3.10/site-packages/car_t265
[1.231s] copying /home/orangepi/ros2_workspace/auto_car/build/car_t265/build/lib/car_t265/__init__.py -> /home/orangepi/ros2_workspace/auto_car/install/lib/python3.10/site-packages/car_t265
[1.231s] copying /home/orangepi/ros2_workspace/auto_car/build/car_t265/build/lib/car_t265/motor_controller.py -> /home/orangepi/ros2_workspace/auto_car/install/lib/python3.10/site-packages/car_t265
[1.232s] copying /home/orangepi/ros2_workspace/auto_car/build/car_t265/build/lib/car_t265/navigation_controller.py -> /home/orangepi/ros2_workspace/auto_car/install/lib/python3.10/site-packages/car_t265
[1.232s] copying /home/orangepi/ros2_workspace/auto_car/build/car_t265/build/lib/car_t265/t265_publisher.py -> /home/orangepi/ros2_workspace/auto_car/install/lib/python3.10/site-packages/car_t265
[1.232s] byte-compiling /home/orangepi/ros2_workspace/auto_car/install/lib/python3.10/site-packages/car_t265/target_publisher.py to target_publisher.cpython-310.pyc
[1.233s] byte-compiling /home/orangepi/ros2_workspace/auto_car/install/lib/python3.10/site-packages/car_t265/uart_driver.py to uart_driver.cpython-310.pyc
[1.233s] byte-compiling /home/orangepi/ros2_workspace/auto_car/install/lib/python3.10/site-packages/car_t265/__init__.py to __init__.cpython-310.pyc
[1.233s] byte-compiling /home/orangepi/ros2_workspace/auto_car/install/lib/python3.10/site-packages/car_t265/motor_controller.py to motor_controller.cpython-310.pyc
[1.234s] byte-compiling /home/orangepi/ros2_workspace/auto_car/install/lib/python3.10/site-packages/car_t265/navigation_controller.py to navigation_controller.cpython-310.pyc
[1.234s] byte-compiling /home/orangepi/ros2_workspace/auto_car/install/lib/python3.10/site-packages/car_t265/t265_publisher.py to t265_publisher.cpython-310.pyc
[1.235s] running install_data
[1.235s] copying resource/car_t265 -> /home/orangepi/ros2_workspace/auto_car/install/share/ament_index/resource_index/packages
[1.235s] copying package.xml -> /home/orangepi/ros2_workspace/auto_car/install/share/car_t265
[1.236s] creating /home/orangepi/ros2_workspace/auto_car/install/share/car_t265/launch
[1.236s] copying launch/navigation.launch.py -> /home/orangepi/ros2_workspace/auto_car/install/share/car_t265/launch
[1.237s] running install_egg_info
[1.237s] Copying ../../build/car_t265/car_t265.egg-info to /home/orangepi/ros2_workspace/auto_car/install/lib/python3.10/site-packages/car_t265-0.0.0-py3.10.egg-info
[1.238s] running install_scripts
[1.268s] Installing motor_controller script to /home/orangepi/ros2_workspace/auto_car/install/lib/car_t265
[1.268s] Installing navigation_controller script to /home/orangepi/ros2_workspace/auto_car/install/lib/car_t265
[1.268s] Installing t265_publisher script to /home/orangepi/ros2_workspace/auto_car/install/lib/car_t265
[1.268s] Installing target_publisher script to /home/orangepi/ros2_workspace/auto_car/install/lib/car_t265
[1.268s] Installing uart_driver script to /home/orangepi/ros2_workspace/auto_car/install/lib/car_t265
[1.269s] writing list of installed files to '/home/orangepi/ros2_workspace/auto_car/build/car_t265/install.log'
[2.293s] Invoked command in '/home/orangepi/ros2_workspace/auto_car/src/car_t265' returned '0': AMENT_PREFIX_PATH=/home/orangepi/ros2_workspace/auto_car/install:${AMENT_PREFIX_PATH} CMAKE_PREFIX_PATH=/home/orangepi/ros2_workspace/auto_car/install:${CMAKE_PREFIX_PATH} LD_LIBRARY_PATH=/home/orangepi/ros2_workspace/auto_car/install/lib:${LD_LIBRARY_PATH} PYTHONPATH=/home/orangepi/ros2_workspace/auto_car/build/car_t265/prefix_override:/usr/lib/python3/dist-packages/colcon_core/task/python/colcon_distutils_commands:/home/orangepi/ros2_workspace/auto_car/install/lib/python3.10/site-packages:/home/orangepi/ros2_workspace/auto_car/install/local/lib/python3.10/dist-packages:/home/orangepi/ros2_workspace/auto_car/install/lib/python3.10/site-packages:${PYTHONPATH} /usr/bin/python3 -W ignore:setup.py install is deprecated -W ignore:easy_install command is deprecated setup.py egg_info --egg-base ../../build/car_t265 build --build-base /home/orangepi/ros2_workspace/auto_car/build/car_t265/build install --record /home/orangepi/ros2_workspace/auto_car/build/car_t265/install.log --single-version-externally-managed install_data
