[1.711s] Invoking command in '/home/orangepi/ros2_workspace/auto_car/src/car_launch': PYTHONPATH=/home/orangepi/ros2_workspace/auto_car/build/car_launch/prefix_override:/usr/lib/python3/dist-packages/colcon_core/task/python/colcon_distutils_commands:/home/orangepi/ros2_workspace/auto_car/install/lib/python3.10/site-packages:${PYTHONPATH} /usr/bin/python3 -W ignore:setup.py install is deprecated -W ignore:easy_install command is deprecated setup.py egg_info --egg-base ../../build/car_launch build --build-base /home/orangepi/ros2_workspace/auto_car/build/car_launch/build install --record /home/orangepi/ros2_workspace/auto_car/build/car_launch/install.log --single-version-externally-managed install_data
[2.029s] running egg_info
[2.030s] writing ../../build/car_launch/car_launch.egg-info/PKG-INFO
[2.031s] writing dependency_links to ../../build/car_launch/car_launch.egg-info/dependency_links.txt
[2.039s] writing entry points to ../../build/car_launch/car_launch.egg-info/entry_points.txt
[2.039s] writing requirements to ../../build/car_launch/car_launch.egg-info/requires.txt
[2.039s] writing top-level names to ../../build/car_launch/car_launch.egg-info/top_level.txt
[2.043s] reading manifest file '../../build/car_launch/car_launch.egg-info/SOURCES.txt'
[2.044s] writing manifest file '../../build/car_launch/car_launch.egg-info/SOURCES.txt'
[2.045s] running build
[2.045s] running build_py
[2.045s] running install
[2.046s] running install_lib
[2.048s] running install_data
[2.048s] running install_egg_info
[2.052s] removing '/home/orangepi/ros2_workspace/auto_car/install/lib/python3.10/site-packages/car_launch-0.0.0-py3.10.egg-info' (and everything under it)
[2.052s] Copying ../../build/car_launch/car_launch.egg-info to /home/orangepi/ros2_workspace/auto_car/install/lib/python3.10/site-packages/car_launch-0.0.0-py3.10.egg-info
[2.053s] running install_scripts
[2.085s] Installing motor_controller script to /home/orangepi/ros2_workspace/auto_car/install/lib/car_launch
[2.086s] Installing t265 script to /home/orangepi/ros2_workspace/auto_car/install/lib/car_launch
[2.086s] Installing t265_uart script to /home/orangepi/ros2_workspace/auto_car/install/lib/car_launch
[2.087s] Installing uart_driver script to /home/orangepi/ros2_workspace/auto_car/install/lib/car_launch
[2.087s] writing list of installed files to '/home/orangepi/ros2_workspace/auto_car/build/car_launch/install.log'
[3.446s] Invoked command in '/home/orangepi/ros2_workspace/auto_car/src/car_launch' returned '0': PYTHONPATH=/home/orangepi/ros2_workspace/auto_car/build/car_launch/prefix_override:/usr/lib/python3/dist-packages/colcon_core/task/python/colcon_distutils_commands:/home/orangepi/ros2_workspace/auto_car/install/lib/python3.10/site-packages:${PYTHONPATH} /usr/bin/python3 -W ignore:setup.py install is deprecated -W ignore:easy_install command is deprecated setup.py egg_info --egg-base ../../build/car_launch build --build-base /home/orangepi/ros2_workspace/auto_car/build/car_launch/build install --record /home/orangepi/ros2_workspace/auto_car/build/car_launch/install.log --single-version-externally-managed install_data
