[5.024s] Invoking command in '/home/orangepi/ros2_workspace/auto_car/src/car_t265': PYTHONPATH=/home/orangepi/ros2_workspace/auto_car/build/car_t265/prefix_override:/usr/lib/python3/dist-packages/colcon_core/task/python/colcon_distutils_commands:/home/orangepi/ros2_workspace/auto_car/install/lib/python3.10/site-packages:/home/orangepi/ros2_workspace/auto_car/install/lib/python3.10/site-packages:/home/orangepi/ros2_workspace/auto_car/install/local/lib/python3.10/dist-packages:/root/lanhailidar_ros_ws/install/scan_subscriber/lib/python3.10/site-packages:/root/lanhailidar_ros_ws/install/base/local/lib/python3.10/dist-packages:/opt/ros/humble/lib/python3.10/site-packages:/opt/ros/humble/local/lib/python3.10/dist-packages /usr/bin/python3 -W ignore:setup.py install is deprecated -W ignore:easy_install command is deprecated setup.py egg_info --egg-base ../../build/car_t265 build --build-base /home/orangepi/ros2_workspace/auto_car/build/car_t265/build install --record /home/orangepi/ros2_workspace/auto_car/build/car_t265/install.log --single-version-externally-managed install_data
[5.577s] running egg_info
[5.582s] creating ../../build/car_t265/car_t265.egg-info
[5.585s] writing ../../build/car_t265/car_t265.egg-info/PKG-INFO
[5.586s] writing dependency_links to ../../build/car_t265/car_t265.egg-info/dependency_links.txt
[5.586s] writing entry points to ../../build/car_t265/car_t265.egg-info/entry_points.txt
[5.587s] writing requirements to ../../build/car_t265/car_t265.egg-info/requires.txt
[5.587s] writing top-level names to ../../build/car_t265/car_t265.egg-info/top_level.txt
[5.587s] writing manifest file '../../build/car_t265/car_t265.egg-info/SOURCES.txt'
[5.588s] reading manifest file '../../build/car_t265/car_t265.egg-info/SOURCES.txt'
[5.588s] writing manifest file '../../build/car_t265/car_t265.egg-info/SOURCES.txt'
[5.589s] running build
[5.589s] running build_py
[5.590s] creating /home/orangepi/ros2_workspace/auto_car/build/car_t265/build
[5.590s] creating /home/orangepi/ros2_workspace/auto_car/build/car_t265/build/lib
[5.591s] creating /home/orangepi/ros2_workspace/auto_car/build/car_t265/build/lib/car_t265
[5.592s] copying car_t265/target_publisher.py -> /home/orangepi/ros2_workspace/auto_car/build/car_t265/build/lib/car_t265
[5.592s] copying car_t265/uart_driver.py -> /home/orangepi/ros2_workspace/auto_car/build/car_t265/build/lib/car_t265
[5.593s] copying car_t265/UartSend_hex.py -> /home/orangepi/ros2_workspace/auto_car/build/car_t265/build/lib/car_t265
[5.594s] copying car_t265/jy90s.py -> /home/orangepi/ros2_workspace/auto_car/build/car_t265/build/lib/car_t265
[5.595s] copying car_t265/__init__.py -> /home/orangepi/ros2_workspace/auto_car/build/car_t265/build/lib/car_t265
[5.596s] copying car_t265/motor_controller.py -> /home/orangepi/ros2_workspace/auto_car/build/car_t265/build/lib/car_t265
[5.597s] copying car_t265/t265_Imu_pub.py -> /home/orangepi/ros2_workspace/auto_car/build/car_t265/build/lib/car_t265
[5.598s] copying car_t265/navigation_controller.py -> /home/orangepi/ros2_workspace/auto_car/build/car_t265/build/lib/car_t265
[5.599s] copying car_t265/linear_test.py -> /home/orangepi/ros2_workspace/auto_car/build/car_t265/build/lib/car_t265
[5.600s] copying car_t265/t265_publisher.py -> /home/orangepi/ros2_workspace/auto_car/build/car_t265/build/lib/car_t265
[5.601s] running install
[5.602s] running install_lib
[5.603s] creating /home/orangepi/ros2_workspace/auto_car/install/lib/python3.10/site-packages/car_t265
[5.604s] copying /home/orangepi/ros2_workspace/auto_car/build/car_t265/build/lib/car_t265/target_publisher.py -> /home/orangepi/ros2_workspace/auto_car/install/lib/python3.10/site-packages/car_t265
[5.605s] copying /home/orangepi/ros2_workspace/auto_car/build/car_t265/build/lib/car_t265/uart_driver.py -> /home/orangepi/ros2_workspace/auto_car/install/lib/python3.10/site-packages/car_t265
[5.606s] copying /home/orangepi/ros2_workspace/auto_car/build/car_t265/build/lib/car_t265/UartSend_hex.py -> /home/orangepi/ros2_workspace/auto_car/install/lib/python3.10/site-packages/car_t265
[5.606s] copying /home/orangepi/ros2_workspace/auto_car/build/car_t265/build/lib/car_t265/jy90s.py -> /home/orangepi/ros2_workspace/auto_car/install/lib/python3.10/site-packages/car_t265
[5.607s] copying /home/orangepi/ros2_workspace/auto_car/build/car_t265/build/lib/car_t265/__init__.py -> /home/orangepi/ros2_workspace/auto_car/install/lib/python3.10/site-packages/car_t265
[5.608s] copying /home/orangepi/ros2_workspace/auto_car/build/car_t265/build/lib/car_t265/motor_controller.py -> /home/orangepi/ros2_workspace/auto_car/install/lib/python3.10/site-packages/car_t265
[5.609s] copying /home/orangepi/ros2_workspace/auto_car/build/car_t265/build/lib/car_t265/t265_Imu_pub.py -> /home/orangepi/ros2_workspace/auto_car/install/lib/python3.10/site-packages/car_t265
[5.609s] copying /home/orangepi/ros2_workspace/auto_car/build/car_t265/build/lib/car_t265/navigation_controller.py -> /home/orangepi/ros2_workspace/auto_car/install/lib/python3.10/site-packages/car_t265
[5.610s] copying /home/orangepi/ros2_workspace/auto_car/build/car_t265/build/lib/car_t265/linear_test.py -> /home/orangepi/ros2_workspace/auto_car/install/lib/python3.10/site-packages/car_t265
[5.611s] copying /home/orangepi/ros2_workspace/auto_car/build/car_t265/build/lib/car_t265/t265_publisher.py -> /home/orangepi/ros2_workspace/auto_car/install/lib/python3.10/site-packages/car_t265
[5.614s] byte-compiling /home/orangepi/ros2_workspace/auto_car/install/lib/python3.10/site-packages/car_t265/target_publisher.py to target_publisher.cpython-310.pyc
[5.615s] byte-compiling /home/orangepi/ros2_workspace/auto_car/install/lib/python3.10/site-packages/car_t265/uart_driver.py to uart_driver.cpython-310.pyc
[5.616s] byte-compiling /home/orangepi/ros2_workspace/auto_car/install/lib/python3.10/site-packages/car_t265/UartSend_hex.py to UartSend_hex.cpython-310.pyc
[5.617s] byte-compiling /home/orangepi/ros2_workspace/auto_car/install/lib/python3.10/site-packages/car_t265/jy90s.py to jy90s.cpython-310.pyc
[5.618s] byte-compiling /home/orangepi/ros2_workspace/auto_car/install/lib/python3.10/site-packages/car_t265/__init__.py to __init__.cpython-310.pyc
[5.619s] byte-compiling /home/orangepi/ros2_workspace/auto_car/install/lib/python3.10/site-packages/car_t265/motor_controller.py to motor_controller.cpython-310.pyc
[5.619s] byte-compiling /home/orangepi/ros2_workspace/auto_car/install/lib/python3.10/site-packages/car_t265/t265_Imu_pub.py to t265_Imu_pub.cpython-310.pyc
[5.620s] byte-compiling /home/orangepi/ros2_workspace/auto_car/install/lib/python3.10/site-packages/car_t265/navigation_controller.py to navigation_controller.cpython-310.pyc
[5.621s] byte-compiling /home/orangepi/ros2_workspace/auto_car/install/lib/python3.10/site-packages/car_t265/linear_test.py to linear_test.cpython-310.pyc
[5.621s] byte-compiling /home/orangepi/ros2_workspace/auto_car/install/lib/python3.10/site-packages/car_t265/t265_publisher.py to t265_publisher.cpython-310.pyc
[5.622s] running install_data
[5.623s] copying resource/car_t265 -> /home/orangepi/ros2_workspace/auto_car/install/share/ament_index/resource_index/packages
[5.623s] copying package.xml -> /home/orangepi/ros2_workspace/auto_car/install/share/car_t265
[5.624s] creating /home/orangepi/ros2_workspace/auto_car/install/share/car_t265/launch
[5.625s] copying launch/navigation.launch.py -> /home/orangepi/ros2_workspace/auto_car/install/share/car_t265/launch
[5.625s] copying launch/t265_publisher.launch.py -> /home/orangepi/ros2_workspace/auto_car/install/share/car_t265/launch
[5.626s] copying launch/target_publisher.launch.py -> /home/orangepi/ros2_workspace/auto_car/install/share/car_t265/launch
[5.627s] copying launch/uart_driver.launch.py -> /home/orangepi/ros2_workspace/auto_car/install/share/car_t265/launch
[5.627s] copying launch/t265_Imu_pub.launch.py -> /home/orangepi/ros2_workspace/auto_car/install/share/car_t265/launch
[5.628s] running install_egg_info
[5.629s] Copying ../../build/car_t265/car_t265.egg-info to /home/orangepi/ros2_workspace/auto_car/install/lib/python3.10/site-packages/car_t265-0.0.0-py3.10.egg-info
[5.630s] running install_scripts
[5.665s] Installing linear_test script to /home/orangepi/ros2_workspace/auto_car/install/lib/car_t265
[5.666s] Installing motor_controller script to /home/orangepi/ros2_workspace/auto_car/install/lib/car_t265
[5.667s] Installing navigation_controller script to /home/orangepi/ros2_workspace/auto_car/install/lib/car_t265
[5.667s] Installing t265_Imu_pub script to /home/orangepi/ros2_workspace/auto_car/install/lib/car_t265
[5.668s] Installing t265_publisher script to /home/orangepi/ros2_workspace/auto_car/install/lib/car_t265
[5.668s] Installing target_publisher script to /home/orangepi/ros2_workspace/auto_car/install/lib/car_t265
[5.669s] Installing uart_driver script to /home/orangepi/ros2_workspace/auto_car/install/lib/car_t265
[5.669s] writing list of installed files to '/home/orangepi/ros2_workspace/auto_car/build/car_t265/install.log'
[5.736s] Invoked command in '/home/orangepi/ros2_workspace/auto_car/src/car_t265' returned '0': PYTHONPATH=/home/orangepi/ros2_workspace/auto_car/build/car_t265/prefix_override:/usr/lib/python3/dist-packages/colcon_core/task/python/colcon_distutils_commands:/home/orangepi/ros2_workspace/auto_car/install/lib/python3.10/site-packages:/home/orangepi/ros2_workspace/auto_car/install/lib/python3.10/site-packages:/home/orangepi/ros2_workspace/auto_car/install/local/lib/python3.10/dist-packages:/root/lanhailidar_ros_ws/install/scan_subscriber/lib/python3.10/site-packages:/root/lanhailidar_ros_ws/install/base/local/lib/python3.10/dist-packages:/opt/ros/humble/lib/python3.10/site-packages:/opt/ros/humble/local/lib/python3.10/dist-packages /usr/bin/python3 -W ignore:setup.py install is deprecated -W ignore:easy_install command is deprecated setup.py egg_info --egg-base ../../build/car_t265 build --build-base /home/orangepi/ros2_workspace/auto_car/build/car_t265/build install --record /home/orangepi/ros2_workspace/auto_car/build/car_t265/install.log --single-version-externally-managed install_data
