[2.241s] Invoking command in '/home/orangepi/ros2_workspace/auto_car/src/car_t265': AMENT_PREFIX_PATH=/home/orangepi/ros2_workspace/auto_car/install:${AMENT_PREFIX_PATH} CMAKE_PREFIX_PATH=/home/orangepi/ros2_workspace/auto_car/install:${CMAKE_PREFIX_PATH} LD_LIBRARY_PATH=/home/orangepi/ros2_workspace/auto_car/install/lib:${LD_LIBRARY_PATH} PYTHONPATH=/home/orangepi/ros2_workspace/auto_car/build/car_t265/prefix_override:/usr/lib/python3/dist-packages/colcon_core/task/python/colcon_distutils_commands:/home/orangepi/ros2_workspace/auto_car/install/lib/python3.10/site-packages:/home/orangepi/ros2_workspace/auto_car/install/local/lib/python3.10/dist-packages:/home/orangepi/ros2_workspace/auto_car/install/lib/python3.10/site-packages:${PYTHONPATH} /usr/bin/python3 -W ignore:setup.py install is deprecated -W ignore:easy_install command is deprecated setup.py egg_info --egg-base ../../build/car_t265 build --build-base /home/orangepi/ros2_workspace/auto_car/build/car_t265/build install --record /home/orangepi/ros2_workspace/auto_car/build/car_t265/install.log --single-version-externally-managed install_data
[2.659s] running egg_info
[2.660s] writing ../../build/car_t265/car_t265.egg-info/PKG-INFO
[2.661s] writing dependency_links to ../../build/car_t265/car_t265.egg-info/dependency_links.txt
[2.674s] writing entry points to ../../build/car_t265/car_t265.egg-info/entry_points.txt
[2.675s] writing requirements to ../../build/car_t265/car_t265.egg-info/requires.txt
[2.676s] writing top-level names to ../../build/car_t265/car_t265.egg-info/top_level.txt
[2.686s] reading manifest file '../../build/car_t265/car_t265.egg-info/SOURCES.txt'
[2.691s] writing manifest file '../../build/car_t265/car_t265.egg-info/SOURCES.txt'
[2.691s] running build
[2.691s] running build_py
[2.693s] copying car_t265/motor_controller.py -> /home/orangepi/ros2_workspace/auto_car/build/car_t265/build/lib/car_t265
[2.695s] running install
[2.696s] running install_lib
[2.700s] copying /home/orangepi/ros2_workspace/auto_car/build/car_t265/build/lib/car_t265/motor_controller.py -> /home/orangepi/ros2_workspace/auto_car/install/lib/python3.10/site-packages/car_t265
[2.710s] byte-compiling /home/orangepi/ros2_workspace/auto_car/install/lib/python3.10/site-packages/car_t265/motor_controller.py to motor_controller.cpython-310.pyc
[2.715s] running install_data
[2.716s] running install_egg_info
[2.724s] removing '/home/orangepi/ros2_workspace/auto_car/install/lib/python3.10/site-packages/car_t265-0.0.0-py3.10.egg-info' (and everything under it)
[2.725s] Copying ../../build/car_t265/car_t265.egg-info to /home/orangepi/ros2_workspace/auto_car/install/lib/python3.10/site-packages/car_t265-0.0.0-py3.10.egg-info
[2.729s] running install_scripts
[2.831s] Installing motor_controller script to /home/orangepi/ros2_workspace/auto_car/install/lib/car_t265
[2.832s] Installing navigation_controller script to /home/orangepi/ros2_workspace/auto_car/install/lib/car_t265
[2.845s] Installing t265_publisher script to /home/orangepi/ros2_workspace/auto_car/install/lib/car_t265
[2.849s] Installing target_publisher script to /home/orangepi/ros2_workspace/auto_car/install/lib/car_t265
[2.850s] Installing uart_driver script to /home/orangepi/ros2_workspace/auto_car/install/lib/car_t265
[2.863s] writing list of installed files to '/home/orangepi/ros2_workspace/auto_car/build/car_t265/install.log'
[3.048s] Invoked command in '/home/orangepi/ros2_workspace/auto_car/src/car_t265' returned '0': AMENT_PREFIX_PATH=/home/orangepi/ros2_workspace/auto_car/install:${AMENT_PREFIX_PATH} CMAKE_PREFIX_PATH=/home/orangepi/ros2_workspace/auto_car/install:${CMAKE_PREFIX_PATH} LD_LIBRARY_PATH=/home/orangepi/ros2_workspace/auto_car/install/lib:${LD_LIBRARY_PATH} PYTHONPATH=/home/orangepi/ros2_workspace/auto_car/build/car_t265/prefix_override:/usr/lib/python3/dist-packages/colcon_core/task/python/colcon_distutils_commands:/home/orangepi/ros2_workspace/auto_car/install/lib/python3.10/site-packages:/home/orangepi/ros2_workspace/auto_car/install/local/lib/python3.10/dist-packages:/home/orangepi/ros2_workspace/auto_car/install/lib/python3.10/site-packages:${PYTHONPATH} /usr/bin/python3 -W ignore:setup.py install is deprecated -W ignore:easy_install command is deprecated setup.py egg_info --egg-base ../../build/car_t265 build --build-base /home/orangepi/ros2_workspace/auto_car/build/car_t265/build install --record /home/orangepi/ros2_workspace/auto_car/build/car_t265/install.log --single-version-externally-managed install_data
