[3.062s] Invoking command in '/home/orangepi/ros2_workspace/auto_car/src/car_launch': PYTHONPATH=/home/orangepi/ros2_workspace/auto_car/build/car_launch/prefix_override:/usr/lib/python3/dist-packages/colcon_core/task/python/colcon_distutils_commands:/home/orangepi/ros2_workspace/auto_car/install/lib/python3.10/site-packages:${PYTHONPATH} /usr/bin/python3 -W ignore:setup.py install is deprecated -W ignore:easy_install command is deprecated setup.py egg_info --egg-base ../../build/car_launch build --build-base /home/orangepi/ros2_workspace/auto_car/build/car_launch/build install --record /home/orangepi/ros2_workspace/auto_car/build/car_launch/install.log --single-version-externally-managed install_data
[3.400s] running egg_info
[3.401s] writing ../../build/car_launch/car_launch.egg-info/PKG-INFO
[3.402s] writing dependency_links to ../../build/car_launch/car_launch.egg-info/dependency_links.txt
[3.411s] writing entry points to ../../build/car_launch/car_launch.egg-info/entry_points.txt
[3.412s] writing requirements to ../../build/car_launch/car_launch.egg-info/requires.txt
[3.413s] writing top-level names to ../../build/car_launch/car_launch.egg-info/top_level.txt
[3.417s] reading manifest file '../../build/car_launch/car_launch.egg-info/SOURCES.txt'
[3.418s] writing manifest file '../../build/car_launch/car_launch.egg-info/SOURCES.txt'
[3.419s] running build
[3.420s] running build_py
[3.421s] running install
[3.422s] running install_lib
[3.425s] running install_data
[3.426s] running install_egg_info
[3.428s] removing '/home/orangepi/ros2_workspace/auto_car/install/lib/python3.10/site-packages/car_launch-0.0.0-py3.10.egg-info' (and everything under it)
[3.429s] Copying ../../build/car_launch/car_launch.egg-info to /home/orangepi/ros2_workspace/auto_car/install/lib/python3.10/site-packages/car_launch-0.0.0-py3.10.egg-info
[3.450s] running install_scripts
[3.558s] Installing motor_controller script to /home/orangepi/ros2_workspace/auto_car/install/lib/car_launch
[3.559s] Installing t265 script to /home/orangepi/ros2_workspace/auto_car/install/lib/car_launch
[3.560s] Installing t265_uart script to /home/orangepi/ros2_workspace/auto_car/install/lib/car_launch
[3.560s] Installing uart_driver script to /home/orangepi/ros2_workspace/auto_car/install/lib/car_launch
[3.561s] writing list of installed files to '/home/orangepi/ros2_workspace/auto_car/build/car_launch/install.log'
[3.716s] Invoked command in '/home/orangepi/ros2_workspace/auto_car/src/car_launch' returned '0': PYTHONPATH=/home/orangepi/ros2_workspace/auto_car/build/car_launch/prefix_override:/usr/lib/python3/dist-packages/colcon_core/task/python/colcon_distutils_commands:/home/orangepi/ros2_workspace/auto_car/install/lib/python3.10/site-packages:${PYTHONPATH} /usr/bin/python3 -W ignore:setup.py install is deprecated -W ignore:easy_install command is deprecated setup.py egg_info --egg-base ../../build/car_launch build --build-base /home/orangepi/ros2_workspace/auto_car/build/car_launch/build install --record /home/orangepi/ros2_workspace/auto_car/build/car_launch/install.log --single-version-externally-managed install_data
