[0.117s] Invoking command in '/home/orangepi/ros2_workspace/auto_car/build/rviz_imu_plugin': CMAKE_PREFIX_PATH=${CMAKE_PREFIX_PATH}:/root/lanhailidar_ros_ws/install/scan_subscriber:/opt/ros/humble /usr/bin/cmake --build /home/orangepi/ros2_workspace/auto_car/build/rviz_imu_plugin -- -j8 -l8
[1.238s] [ 11%] [34m[1mAutomatic MOC for target rviz_imu_plugin[0m
[1.453s] [ 11%] Built target rviz_imu_plugin_autogen
[1.686s] [100%] Built target rviz_imu_plugin
[2.057s] Invoked command in '/home/orangepi/ros2_workspace/auto_car/build/rviz_imu_plugin' returned '0': CMAKE_PREFIX_PATH=${CMAKE_PREFIX_PATH}:/root/lanhailidar_ros_ws/install/scan_subscriber:/opt/ros/humble /usr/bin/cmake --build /home/orangepi/ros2_workspace/auto_car/build/rviz_imu_plugin -- -j8 -l8
[2.075s] Invoking command in '/home/orangepi/ros2_workspace/auto_car/build/rviz_imu_plugin': CMAKE_PREFIX_PATH=${CMAKE_PREFIX_PATH}:/root/lanhailidar_ros_ws/install/scan_subscriber:/opt/ros/humble /usr/bin/cmake --install /home/orangepi/ros2_workspace/auto_car/build/rviz_imu_plugin
[2.293s] -- Install configuration: ""
[2.293s] -- Up-to-date: /home/orangepi/ros2_workspace/auto_car/install/share/rviz_imu_plugin/plugin_description.xml
[2.294s] -- Up-to-date: /home/orangepi/ros2_workspace/auto_car/install/share/rviz_imu_plugin/environment/library_path.sh
[2.294s] -- Up-to-date: /home/orangepi/ros2_workspace/auto_car/install/share/rviz_imu_plugin/environment/library_path.dsv
[2.294s] -- Up-to-date: /home/orangepi/ros2_workspace/auto_car/install/lib/librviz_imu_plugin.so
[2.294s] -- Up-to-date: /home/orangepi/ros2_workspace/auto_car/install/share/ament_index/resource_index/package_run_dependencies/rviz_imu_plugin
[2.294s] -- Up-to-date: /home/orangepi/ros2_workspace/auto_car/install/share/ament_index/resource_index/parent_prefix_path/rviz_imu_plugin
[2.294s] -- Up-to-date: /home/orangepi/ros2_workspace/auto_car/install/share/rviz_imu_plugin/environment/ament_prefix_path.sh
[2.294s] -- Up-to-date: /home/orangepi/ros2_workspace/auto_car/install/share/rviz_imu_plugin/environment/ament_prefix_path.dsv
[2.295s] -- Up-to-date: /home/orangepi/ros2_workspace/auto_car/install/share/rviz_imu_plugin/environment/path.sh
[2.295s] -- Up-to-date: /home/orangepi/ros2_workspace/auto_car/install/share/rviz_imu_plugin/environment/path.dsv
[2.295s] -- Up-to-date: /home/orangepi/ros2_workspace/auto_car/install/share/rviz_imu_plugin/local_setup.bash
[2.295s] -- Up-to-date: /home/orangepi/ros2_workspace/auto_car/install/share/rviz_imu_plugin/local_setup.sh
[2.295s] -- Up-to-date: /home/orangepi/ros2_workspace/auto_car/install/share/rviz_imu_plugin/local_setup.zsh
[2.295s] -- Up-to-date: /home/orangepi/ros2_workspace/auto_car/install/share/rviz_imu_plugin/local_setup.dsv
[2.295s] -- Installing: /home/orangepi/ros2_workspace/auto_car/install/share/rviz_imu_plugin/package.dsv
[2.295s] -- Up-to-date: /home/orangepi/ros2_workspace/auto_car/install/share/ament_index/resource_index/packages/rviz_imu_plugin
[2.295s] -- Up-to-date: /home/orangepi/ros2_workspace/auto_car/install/share/ament_index/resource_index/rviz_common__pluginlib__plugin/rviz_imu_plugin
[2.295s] -- Up-to-date: /home/orangepi/ros2_workspace/auto_car/install/share/rviz_imu_plugin/cmake/ament_cmake_export_include_directories-extras.cmake
[2.295s] -- Up-to-date: /home/orangepi/ros2_workspace/auto_car/install/share/rviz_imu_plugin/cmake/ament_cmake_export_libraries-extras.cmake
[2.295s] -- Up-to-date: /home/orangepi/ros2_workspace/auto_car/install/share/rviz_imu_plugin/cmake/ament_cmake_export_dependencies-extras.cmake
[2.296s] -- Up-to-date: /home/orangepi/ros2_workspace/auto_car/install/share/rviz_imu_plugin/cmake/rviz_imu_pluginConfig.cmake
[2.296s] -- Up-to-date: /home/orangepi/ros2_workspace/auto_car/install/share/rviz_imu_plugin/cmake/rviz_imu_pluginConfig-version.cmake
[2.296s] -- Up-to-date: /home/orangepi/ros2_workspace/auto_car/install/share/rviz_imu_plugin/package.xml
[2.297s] Invoked command in '/home/orangepi/ros2_workspace/auto_car/build/rviz_imu_plugin' returned '0': CMAKE_PREFIX_PATH=${CMAKE_PREFIX_PATH}:/root/lanhailidar_ros_ws/install/scan_subscriber:/opt/ros/humble /usr/bin/cmake --install /home/orangepi/ros2_workspace/auto_car/build/rviz_imu_plugin
