[3.220s] Invoking command in '/home/orangepi/ros2_workspace/auto_car/src/car_launch': PYTHONPATH=/home/orangepi/ros2_workspace/auto_car/build/car_launch/prefix_override:/usr/lib/python3/dist-packages/colcon_core/task/python/colcon_distutils_commands:/home/orangepi/ros2_workspace/auto_car/install/lib/python3.10/site-packages:${PYTHONPATH} /usr/bin/python3 -W ignore:setup.py install is deprecated -W ignore:easy_install command is deprecated setup.py egg_info --egg-base ../../build/car_launch build --build-base /home/orangepi/ros2_workspace/auto_car/build/car_launch/build install --record /home/orangepi/ros2_workspace/auto_car/build/car_launch/install.log --single-version-externally-managed install_data
[4.224s] running egg_info
[4.224s] writing ../../build/car_launch/car_launch.egg-info/PKG-INFO
[4.227s] writing dependency_links to ../../build/car_launch/car_launch.egg-info/dependency_links.txt
[4.229s] writing entry points to ../../build/car_launch/car_launch.egg-info/entry_points.txt
[4.230s] writing requirements to ../../build/car_launch/car_launch.egg-info/requires.txt
[4.231s] writing top-level names to ../../build/car_launch/car_launch.egg-info/top_level.txt
[4.231s] reading manifest file '../../build/car_launch/car_launch.egg-info/SOURCES.txt'
[4.233s] writing manifest file '../../build/car_launch/car_launch.egg-info/SOURCES.txt'
[4.234s] running build
[4.234s] running build_py
[4.235s] running install
[4.237s] running install_lib
[4.244s] running install_data
[4.245s] running install_egg_info
[4.256s] removing '/home/orangepi/ros2_workspace/auto_car/install/lib/python3.10/site-packages/car_launch-0.0.0-py3.10.egg-info' (and everything under it)
[4.257s] Copying ../../build/car_launch/car_launch.egg-info to /home/orangepi/ros2_workspace/auto_car/install/lib/python3.10/site-packages/car_launch-0.0.0-py3.10.egg-info
[4.261s] running install_scripts
[4.367s] Installing motor_controller script to /home/orangepi/ros2_workspace/auto_car/install/lib/car_launch
[4.369s] Installing t265 script to /home/orangepi/ros2_workspace/auto_car/install/lib/car_launch
[4.378s] Installing t265_uart script to /home/orangepi/ros2_workspace/auto_car/install/lib/car_launch
[4.380s] Installing uart_driver script to /home/orangepi/ros2_workspace/auto_car/install/lib/car_launch
[4.381s] writing list of installed files to '/home/orangepi/ros2_workspace/auto_car/build/car_launch/install.log'
[4.549s] Invoked command in '/home/orangepi/ros2_workspace/auto_car/src/car_launch' returned '0': PYTHONPATH=/home/orangepi/ros2_workspace/auto_car/build/car_launch/prefix_override:/usr/lib/python3/dist-packages/colcon_core/task/python/colcon_distutils_commands:/home/orangepi/ros2_workspace/auto_car/install/lib/python3.10/site-packages:${PYTHONPATH} /usr/bin/python3 -W ignore:setup.py install is deprecated -W ignore:easy_install command is deprecated setup.py egg_info --egg-base ../../build/car_launch build --build-base /home/orangepi/ros2_workspace/auto_car/build/car_launch/build install --record /home/orangepi/ros2_workspace/auto_car/build/car_launch/install.log --single-version-externally-managed install_data
