[2.146s] Invoking command in '/home/orangepi/ros2_workspace/auto_car/src/car_t265': AMENT_PREFIX_PATH=/home/orangepi/ros2_workspace/auto_car/install:${AMENT_PREFIX_PATH} CMAKE_PREFIX_PATH=/home/orangepi/ros2_workspace/auto_car/install:${CMAKE_PREFIX_PATH} LD_LIBRARY_PATH=/home/orangepi/ros2_workspace/auto_car/install/lib:${LD_LIBRARY_PATH} PYTHONPATH=/home/orangepi/ros2_workspace/auto_car/build/car_t265/prefix_override:/usr/lib/python3/dist-packages/colcon_core/task/python/colcon_distutils_commands:/home/orangepi/ros2_workspace/auto_car/install/lib/python3.10/site-packages:/home/orangepi/ros2_workspace/auto_car/install/local/lib/python3.10/dist-packages:/home/orangepi/ros2_workspace/auto_car/install/lib/python3.10/site-packages:${PYTHONPATH} /usr/bin/python3 -W ignore:setup.py install is deprecated -W ignore:easy_install command is deprecated setup.py egg_info --egg-base ../../build/car_t265 build --build-base /home/orangepi/ros2_workspace/auto_car/build/car_t265/build install --record /home/orangepi/ros2_workspace/auto_car/build/car_t265/install.log --single-version-externally-managed install_data
[2.491s] running egg_info
[2.492s] writing ../../build/car_t265/car_t265.egg-info/PKG-INFO
[2.493s] writing dependency_links to ../../build/car_t265/car_t265.egg-info/dependency_links.txt
[2.497s] writing entry points to ../../build/car_t265/car_t265.egg-info/entry_points.txt
[2.498s] writing requirements to ../../build/car_t265/car_t265.egg-info/requires.txt
[2.501s] writing top-level names to ../../build/car_t265/car_t265.egg-info/top_level.txt
[2.502s] reading manifest file '../../build/car_t265/car_t265.egg-info/SOURCES.txt'
[2.511s] writing manifest file '../../build/car_t265/car_t265.egg-info/SOURCES.txt'
[2.512s] running build
[2.512s] running build_py
[2.513s] copying car_t265/target_publisher.py -> /home/orangepi/ros2_workspace/auto_car/build/car_t265/build/lib/car_t265
[2.513s] running install
[2.514s] running install_lib
[2.514s] copying /home/orangepi/ros2_workspace/auto_car/build/car_t265/build/lib/car_t265/target_publisher.py -> /home/orangepi/ros2_workspace/auto_car/install/lib/python3.10/site-packages/car_t265
[2.517s] byte-compiling /home/orangepi/ros2_workspace/auto_car/install/lib/python3.10/site-packages/car_t265/target_publisher.py to target_publisher.cpython-310.pyc
[2.518s] running install_data
[2.519s] running install_egg_info
[2.522s] removing '/home/orangepi/ros2_workspace/auto_car/install/lib/python3.10/site-packages/car_t265-0.0.0-py3.10.egg-info' (and everything under it)
[2.522s] Copying ../../build/car_t265/car_t265.egg-info to /home/orangepi/ros2_workspace/auto_car/install/lib/python3.10/site-packages/car_t265-0.0.0-py3.10.egg-info
[2.538s] running install_scripts
[2.581s] Installing motor_controller script to /home/orangepi/ros2_workspace/auto_car/install/lib/car_t265
[2.581s] Installing navigation_controller script to /home/orangepi/ros2_workspace/auto_car/install/lib/car_t265
[2.582s] Installing t265_publisher script to /home/orangepi/ros2_workspace/auto_car/install/lib/car_t265
[2.583s] Installing target_publisher script to /home/orangepi/ros2_workspace/auto_car/install/lib/car_t265
[2.583s] Installing uart_driver script to /home/orangepi/ros2_workspace/auto_car/install/lib/car_t265
[2.583s] writing list of installed files to '/home/orangepi/ros2_workspace/auto_car/build/car_t265/install.log'
[2.648s] Invoked command in '/home/orangepi/ros2_workspace/auto_car/src/car_t265' returned '0': AMENT_PREFIX_PATH=/home/orangepi/ros2_workspace/auto_car/install:${AMENT_PREFIX_PATH} CMAKE_PREFIX_PATH=/home/orangepi/ros2_workspace/auto_car/install:${CMAKE_PREFIX_PATH} LD_LIBRARY_PATH=/home/orangepi/ros2_workspace/auto_car/install/lib:${LD_LIBRARY_PATH} PYTHONPATH=/home/orangepi/ros2_workspace/auto_car/build/car_t265/prefix_override:/usr/lib/python3/dist-packages/colcon_core/task/python/colcon_distutils_commands:/home/orangepi/ros2_workspace/auto_car/install/lib/python3.10/site-packages:/home/orangepi/ros2_workspace/auto_car/install/local/lib/python3.10/dist-packages:/home/orangepi/ros2_workspace/auto_car/install/lib/python3.10/site-packages:${PYTHONPATH} /usr/bin/python3 -W ignore:setup.py install is deprecated -W ignore:easy_install command is deprecated setup.py egg_info --egg-base ../../build/car_t265 build --build-base /home/orangepi/ros2_workspace/auto_car/build/car_t265/build install --record /home/orangepi/ros2_workspace/auto_car/build/car_t265/install.log --single-version-externally-managed install_data
