[0.335s] Invoking command in '/home/orangepi/ros2_workspace/auto_car/build/imu_filter_madgwick': CMAKE_PREFIX_PATH=${CMAKE_PREFIX_PATH}:/root/lanhailidar_ros_ws/install/scan_subscriber:/opt/ros/humble /usr/bin/cmake /home/orangepi/ros2_workspace/auto_car/src/imu_tools/imu_filter_madgwick -DCMAKE_INSTALL_PREFIX=/home/orangepi/ros2_workspace/auto_car/install
[1.669s] -- The C compiler identification is GNU 11.4.0
[1.990s] -- The CXX compiler identification is GNU 11.4.0
[2.063s] -- Detecting C compiler ABI info
[2.383s] -- Detecting C compiler ABI info - done
[2.398s] -- Check for working C compiler: /usr/bin/cc - skipped
[2.398s] -- Detecting C compile features
[2.398s] -- Detecting C compile features - done
[2.406s] -- Detecting CXX compiler ABI info
[2.749s] -- Detecting CXX compiler ABI info - done
[2.760s] -- Check for working CXX compiler: /usr/bin/c++ - skipped
[2.760s] -- Detecting CXX compile features
[2.762s] -- Detecting CXX compile features - done
[2.788s] -- Found ament_cmake: 1.3.11 (/opt/ros/humble/share/ament_cmake/cmake)
[3.867s] -- Found Python3: /usr/bin/python3 (found version "3.10.12") found components: Interpreter 
[4.301s] -- Found rclcpp: 16.0.12 (/opt/ros/humble/share/rclcpp/cmake)
[4.615s] -- Found rosidl_generator_c: 3.1.6 (/opt/ros/humble/share/rosidl_generator_c/cmake)
[4.656s] -- Found rosidl_adapter: 3.1.6 (/opt/ros/humble/share/rosidl_adapter/cmake)
[4.668s] -- Found rosidl_generator_cpp: 3.1.6 (/opt/ros/humble/share/rosidl_generator_cpp/cmake)
[4.711s] -- Using all available rosidl_typesupport_c: rosidl_typesupport_fastrtps_c;rosidl_typesupport_introspection_c
[4.735s] -- Using all available rosidl_typesupport_cpp: rosidl_typesupport_fastrtps_cpp;rosidl_typesupport_introspection_cpp
[5.014s] -- Found rmw_implementation_cmake: 6.1.2 (/opt/ros/humble/share/rmw_implementation_cmake/cmake)
[5.032s] -- Found rmw_fastrtps_cpp: 6.2.7 (/opt/ros/humble/share/rmw_fastrtps_cpp/cmake)
[5.523s] -- Found OpenSSL: /usr/lib/aarch64-linux-gnu/libcrypto.so (found version "3.0.2")  
[5.669s] -- Found FastRTPS: /opt/ros/humble/include  
[5.783s] -- Using RMW implementation 'rmw_fastrtps_cpp' as default
[5.812s] -- Looking for pthread.h
[6.209s] -- Looking for pthread.h - found
[6.210s] -- Performing Test CMAKE_HAVE_LIBC_PTHREAD
[6.546s] -- Performing Test CMAKE_HAVE_LIBC_PTHREAD - Success
[6.550s] -- Found Threads: TRUE  
[6.684s] -- Found rclcpp_components: 16.0.12 (/opt/ros/humble/share/rclcpp_components/cmake)
[6.988s] -- Found geometry_msgs: 4.8.0 (/opt/ros/humble/share/geometry_msgs/cmake)
[6.991s] -- Found tf2_geometry_msgs: 0.25.12 (/opt/ros/humble/share/tf2_geometry_msgs/cmake)
[7.090s] -- Found eigen3_cmake_module: 0.1.1 (/opt/ros/humble/share/eigen3_cmake_module/cmake)
[7.093s] -- Found Eigen3: TRUE (found version "3.4.0") 
[7.094s] -- Ensuring Eigen3 include directory is part of orocos-kdl CMake target
[7.515s] -- Found sensor_msgs: 4.8.0 (/opt/ros/humble/share/sensor_msgs/cmake)
[7.562s] -- Found ament_cmake_gtest: 1.3.11 (/opt/ros/humble/share/ament_cmake_gtest/cmake)
[7.580s] -- Found gtest sources under '/opt/ros/humble/src/gtest_vendor': C++ tests using 'Google Test' will be built
[8.349s] -- Configuring done
[8.512s] -- Generating done
[8.574s] -- Build files have been written to: /home/orangepi/ros2_workspace/auto_car/build/imu_filter_madgwick
[8.629s] Invoked command in '/home/orangepi/ros2_workspace/auto_car/build/imu_filter_madgwick' returned '0': CMAKE_PREFIX_PATH=${CMAKE_PREFIX_PATH}:/root/lanhailidar_ros_ws/install/scan_subscriber:/opt/ros/humble /usr/bin/cmake /home/orangepi/ros2_workspace/auto_car/src/imu_tools/imu_filter_madgwick -DCMAKE_INSTALL_PREFIX=/home/orangepi/ros2_workspace/auto_car/install
[8.634s] Invoking command in '/home/orangepi/ros2_workspace/auto_car/build/imu_filter_madgwick': CMAKE_PREFIX_PATH=${CMAKE_PREFIX_PATH}:/root/lanhailidar_ros_ws/install/scan_subscriber:/opt/ros/humble /usr/bin/cmake --build /home/orangepi/ros2_workspace/auto_car/build/imu_filter_madgwick -- -j8 -l8
[9.002s] [  7%] [32mBuilding CXX object CMakeFiles/imu_filter_madgwick.dir/src/imu_filter.cpp.o[0m
[9.035s] [ 14%] [32mBuilding CXX object CMakeFiles/imu_filter_madgwick.dir/src/imu_filter_ros.cpp.o[0m
[9.067s] [ 21%] [32mBuilding CXX object CMakeFiles/imu_filter_madgwick.dir/src/stateless_orientation.cpp.o[0m
[9.126s] [ 28%] [32mBuilding CXX object gtest/CMakeFiles/gtest_main.dir/src/gtest_main.cc.o[0m
[9.126s] [ 35%] [32mBuilding CXX object gtest/CMakeFiles/gtest.dir/src/gtest-all.cc.o[0m
[17.455s] [ 42%] [32m[1mLinking CXX static library libgtest_main.a[0m
[17.864s] [ 42%] Built target gtest_main
[31.058s] [ 50%] [32m[1mLinking CXX static library libgtest.a[0m
[31.593s] [ 50%] Built target gtest
[153.138s] [ 57%] [32m[1mLinking CXX shared library libimu_filter_madgwick.so[0m
[160.665s] [ 57%] Built target imu_filter_madgwick
[160.767s] [ 64%] [32mBuilding CXX object CMakeFiles/imu_filter_madgwick_node.dir/src/imu_filter_node.cpp.o[0m
[169.792s] [ 71%] [32m[1mLinking CXX executable imu_filter_madgwick_node[0m
[171.035s] [ 71%] Built target imu_filter_madgwick_node
[171.227s] [ 78%] [32mBuilding CXX object test/CMakeFiles/stateless_orientation_test.dir/stateless_orientation_test.cpp.o[0m
[173.718s] [ 85%] [32m[1mLinking CXX executable stateless_orientation_test[0m
[175.082s] [ 85%] Built target stateless_orientation_test
[175.140s] [ 92%] [32mBuilding CXX object test/CMakeFiles/madgwick_test.dir/madgwick_test.cpp.o[0m
[177.419s] [100%] [32m[1mLinking CXX executable madgwick_test[0m
[178.698s] [100%] Built target madgwick_test
