[1.890s] Invoking command in '/home/orangepi/ros2_workspace/auto_car/src/car_core': AMENT_PREFIX_PATH=/home/orangepi/ros2_workspace/auto_car/install:${AMENT_PREFIX_PATH} CMAKE_PREFIX_PATH=/home/orangepi/ros2_workspace/auto_car/install:${CMAKE_PREFIX_PATH} LD_LIBRARY_PATH=/home/orangepi/ros2_workspace/auto_car/install/lib:${LD_LIBRARY_PATH} PYTHONPATH=/home/orangepi/ros2_workspace/auto_car/build/car_core/prefix_override:/usr/lib/python3/dist-packages/colcon_core/task/python/colcon_distutils_commands:/home/orangepi/ros2_workspace/auto_car/install/lib/python3.10/site-packages:/home/orangepi/ros2_workspace/auto_car/install/local/lib/python3.10/dist-packages:/home/orangepi/ros2_workspace/auto_car/install/lib/python3.10/site-packages:${PYTHONPATH} /usr/bin/python3 -W ignore:setup.py install is deprecated -W ignore:easy_install command is deprecated setup.py egg_info --egg-base ../../build/car_core build --build-base /home/orangepi/ros2_workspace/auto_car/build/car_core/build install --record /home/orangepi/ros2_workspace/auto_car/build/car_core/install.log --single-version-externally-managed install_data
[2.210s] running egg_info
[2.212s] writing ../../build/car_core/car_core.egg-info/PKG-INFO
[2.212s] writing dependency_links to ../../build/car_core/car_core.egg-info/dependency_links.txt
[2.219s] writing entry points to ../../build/car_core/car_core.egg-info/entry_points.txt
[2.219s] writing requirements to ../../build/car_core/car_core.egg-info/requires.txt
[2.222s] writing top-level names to ../../build/car_core/car_core.egg-info/top_level.txt
[2.233s] reading manifest file '../../build/car_core/car_core.egg-info/SOURCES.txt'
[2.235s] writing manifest file '../../build/car_core/car_core.egg-info/SOURCES.txt'
[2.235s] running build
[2.236s] running build_py
[2.236s] running install
[2.237s] running install_lib
[2.238s] running install_data
[2.239s] running install_egg_info
[2.241s] removing '/home/orangepi/ros2_workspace/auto_car/install/lib/python3.10/site-packages/car_core-0.0.0-py3.10.egg-info' (and everything under it)
[2.242s] Copying ../../build/car_core/car_core.egg-info to /home/orangepi/ros2_workspace/auto_car/install/lib/python3.10/site-packages/car_core-0.0.0-py3.10.egg-info
[2.243s] running install_scripts
[2.281s] writing list of installed files to '/home/orangepi/ros2_workspace/auto_car/build/car_core/install.log'
[2.339s] Invoked command in '/home/orangepi/ros2_workspace/auto_car/src/car_core' returned '0': AMENT_PREFIX_PATH=/home/orangepi/ros2_workspace/auto_car/install:${AMENT_PREFIX_PATH} CMAKE_PREFIX_PATH=/home/orangepi/ros2_workspace/auto_car/install:${CMAKE_PREFIX_PATH} LD_LIBRARY_PATH=/home/orangepi/ros2_workspace/auto_car/install/lib:${LD_LIBRARY_PATH} PYTHONPATH=/home/orangepi/ros2_workspace/auto_car/build/car_core/prefix_override:/usr/lib/python3/dist-packages/colcon_core/task/python/colcon_distutils_commands:/home/orangepi/ros2_workspace/auto_car/install/lib/python3.10/site-packages:/home/orangepi/ros2_workspace/auto_car/install/local/lib/python3.10/dist-packages:/home/orangepi/ros2_workspace/auto_car/install/lib/python3.10/site-packages:${PYTHONPATH} /usr/bin/python3 -W ignore:setup.py install is deprecated -W ignore:easy_install command is deprecated setup.py egg_info --egg-base ../../build/car_core build --build-base /home/orangepi/ros2_workspace/auto_car/build/car_core/build install --record /home/orangepi/ros2_workspace/auto_car/build/car_core/install.log --single-version-externally-managed install_data
