[0.048s] Invoking command in '/home/orangepi/ros2_workspace/auto_car/build/car_t265_interface': CMAKE_PREFIX_PATH=${CMAKE_PREFIX_PATH}:/root/lanhailidar_ros_ws/install/scan_subscriber:/opt/ros/humble /usr/bin/cmake --build /home/orangepi/ros2_workspace/auto_car/build/car_t265_interface -- -j8 -l8
[0.885s] [  1%] Built target car_t265_interface__cpp
[0.886s] [ 12%] Built target car_t265_interface__rosidl_generator_c
[0.886s] [ 12%] Built target ament_cmake_python_copy_car_t265_interface
[0.887s] [ 23%] Built target car_t265_interface__rosidl_typesupport_fastrtps_cpp
[0.888s] [ 45%] Built target car_t265_interface__rosidl_typesupport_cpp
[0.888s] [ 45%] Built target car_t265_interface__rosidl_typesupport_introspection_c
[0.888s] [ 56%] Built target car_t265_interface__rosidl_typesupport_introspection_cpp
[0.889s] [ 67%] Built target car_t265_interface__rosidl_typesupport_fastrtps_c
[0.889s] [ 78%] Built target car_t265_interface__rosidl_typesupport_c
[0.889s] [ 78%] Built target car_t265_interface
[0.890s] [ 80%] Built target car_t265_interface__py
[0.890s] [ 89%] Built target car_t265_interface__rosidl_generator_py
[0.890s] [ 92%] Built target car_t265_interface__rosidl_typesupport_c__pyext
[0.890s] [ 96%] Built target car_t265_interface__rosidl_typesupport_introspection_c__pyext
[0.890s] [100%] Built target car_t265_interface__rosidl_typesupport_fastrtps_c__pyext
[0.890s] running egg_info
[0.890s] writing car_t265_interface.egg-info/PKG-INFO
[0.890s] writing dependency_links to car_t265_interface.egg-info/dependency_links.txt
[0.891s] writing top-level names to car_t265_interface.egg-info/top_level.txt
[0.891s] reading manifest file 'car_t265_interface.egg-info/SOURCES.txt'
[0.891s] writing manifest file 'car_t265_interface.egg-info/SOURCES.txt'
[0.891s] [100%] Built target ament_cmake_python_build_car_t265_interface_egg
[1.237s] Invoked command in '/home/orangepi/ros2_workspace/auto_car/build/car_t265_interface' returned '0': CMAKE_PREFIX_PATH=${CMAKE_PREFIX_PATH}:/root/lanhailidar_ros_ws/install/scan_subscriber:/opt/ros/humble /usr/bin/cmake --build /home/orangepi/ros2_workspace/auto_car/build/car_t265_interface -- -j8 -l8
[1.269s] Invoking command in '/home/orangepi/ros2_workspace/auto_car/build/car_t265_interface': CMAKE_PREFIX_PATH=${CMAKE_PREFIX_PATH}:/root/lanhailidar_ros_ws/install/scan_subscriber:/opt/ros/humble /usr/bin/cmake --install /home/orangepi/ros2_workspace/auto_car/build/car_t265_interface
[1.309s] -- Install configuration: ""
[1.317s] -- Up-to-date: /home/orangepi/ros2_workspace/auto_car/install/share/ament_index/resource_index/rosidl_interfaces/car_t265_interface
[1.317s] -- Up-to-date: /home/orangepi/ros2_workspace/auto_car/install/include/car_t265_interface/car_t265_interface
[1.318s] -- Up-to-date: /home/orangepi/ros2_workspace/auto_car/install/include/car_t265_interface/car_t265_interface/msg
[1.318s] -- Up-to-date: /home/orangepi/ros2_workspace/auto_car/install/include/car_t265_interface/car_t265_interface/msg/detail
[1.319s] -- Up-to-date: /home/orangepi/ros2_workspace/auto_car/install/include/car_t265_interface/car_t265_interface/msg/detail/motor_command__struct.h
[1.319s] -- Up-to-date: /home/orangepi/ros2_workspace/auto_car/install/include/car_t265_interface/car_t265_interface/msg/detail/serial_data__struct.h
[1.320s] -- Up-to-date: /home/orangepi/ros2_workspace/auto_car/install/include/car_t265_interface/car_t265_interface/msg/detail/t265_data__functions.h
[1.320s] -- Up-to-date: /home/orangepi/ros2_workspace/auto_car/install/include/car_t265_interface/car_t265_interface/msg/detail/serial_data__functions.h
[1.320s] -- Up-to-date: /home/orangepi/ros2_workspace/auto_car/install/include/car_t265_interface/car_t265_interface/msg/detail/motor_command__functions.c
[1.321s] -- Up-to-date: /home/orangepi/ros2_workspace/auto_car/install/include/car_t265_interface/car_t265_interface/msg/detail/motor_command__functions.h
[1.327s] -- Up-to-date: /home/orangepi/ros2_workspace/auto_car/install/include/car_t265_interface/car_t265_interface/msg/detail/t265_data__type_support.h
[1.327s] -- Up-to-date: /home/orangepi/ros2_workspace/auto_car/install/include/car_t265_interface/car_t265_interface/msg/detail/motor_command__type_support.h
[1.328s] -- Up-to-date: /home/orangepi/ros2_workspace/auto_car/install/include/car_t265_interface/car_t265_interface/msg/detail/serial_data__type_support.h
[1.328s] -- Up-to-date: /home/orangepi/ros2_workspace/auto_car/install/include/car_t265_interface/car_t265_interface/msg/detail/serial_data__functions.c
[1.328s] -- Up-to-date: /home/orangepi/ros2_workspace/auto_car/install/include/car_t265_interface/car_t265_interface/msg/detail/t265_data__struct.h
[1.329s] -- Up-to-date: /home/orangepi/ros2_workspace/auto_car/install/include/car_t265_interface/car_t265_interface/msg/detail/t265_data__functions.c
[1.329s] -- Up-to-date: /home/orangepi/ros2_workspace/auto_car/install/include/car_t265_interface/car_t265_interface/msg/motor_command.h
[1.330s] -- Up-to-date: /home/orangepi/ros2_workspace/auto_car/install/include/car_t265_interface/car_t265_interface/msg/rosidl_generator_c__visibility_control.h
[1.330s] -- Up-to-date: /home/orangepi/ros2_workspace/auto_car/install/include/car_t265_interface/car_t265_interface/msg/t265_data.h
[1.330s] -- Up-to-date: /home/orangepi/ros2_workspace/auto_car/install/include/car_t265_interface/car_t265_interface/msg/serial_data.h
[1.331s] -- Up-to-date: /home/orangepi/ros2_workspace/auto_car/install/include/car_t265_interface/car_t265_interface/srv
[1.331s] -- Up-to-date: /home/orangepi/ros2_workspace/auto_car/install/include/car_t265_interface/car_t265_interface/srv/detail
[1.332s] -- Up-to-date: /home/orangepi/ros2_workspace/auto_car/install/include/car_t265_interface/car_t265_interface/srv/detail/send_command__struct.h
[1.332s] -- Up-to-date: /home/orangepi/ros2_workspace/auto_car/install/include/car_t265_interface/car_t265_interface/srv/detail/send_command__type_support.h
[1.332s] -- Up-to-date: /home/orangepi/ros2_workspace/auto_car/install/include/car_t265_interface/car_t265_interface/srv/detail/send_command__functions.c
[1.333s] -- Up-to-date: /home/orangepi/ros2_workspace/auto_car/install/include/car_t265_interface/car_t265_interface/srv/detail/send_command__functions.h
[1.333s] -- Up-to-date: /home/orangepi/ros2_workspace/auto_car/install/include/car_t265_interface/car_t265_interface/srv/send_command.h
[1.334s] -- Up-to-date: /home/orangepi/ros2_workspace/auto_car/install/share/car_t265_interface/environment/library_path.sh
[1.334s] -- Up-to-date: /home/orangepi/ros2_workspace/auto_car/install/share/car_t265_interface/environment/library_path.dsv
[1.334s] -- Up-to-date: /home/orangepi/ros2_workspace/auto_car/install/lib/libcar_t265_interface__rosidl_generator_c.so
[1.335s] -- Up-to-date: /home/orangepi/ros2_workspace/auto_car/install/include/car_t265_interface/car_t265_interface
[1.335s] -- Up-to-date: /home/orangepi/ros2_workspace/auto_car/install/include/car_t265_interface/car_t265_interface/msg
[1.336s] -- Up-to-date: /home/orangepi/ros2_workspace/auto_car/install/include/car_t265_interface/car_t265_interface/msg/detail
[1.336s] -- Up-to-date: /home/orangepi/ros2_workspace/auto_car/install/include/car_t265_interface/car_t265_interface/msg/detail/motor_command__rosidl_typesupport_fastrtps_c.h
[1.337s] -- Up-to-date: /home/orangepi/ros2_workspace/auto_car/install/include/car_t265_interface/car_t265_interface/msg/detail/serial_data__rosidl_typesupport_fastrtps_c.h
[1.337s] -- Up-to-date: /home/orangepi/ros2_workspace/auto_car/install/include/car_t265_interface/car_t265_interface/msg/detail/t265_data__rosidl_typesupport_fastrtps_c.h
[1.337s] -- Up-to-date: /home/orangepi/ros2_workspace/auto_car/install/include/car_t265_interface/car_t265_interface/msg/rosidl_typesupport_fastrtps_c__visibility_control.h
[1.338s] -- Up-to-date: /home/orangepi/ros2_workspace/auto_car/install/include/car_t265_interface/car_t265_interface/srv
[1.339s] -- Up-to-date: /home/orangepi/ros2_workspace/auto_car/install/include/car_t265_interface/car_t265_interface/srv/detail
[1.340s] -- Up-to-date: /home/orangepi/ros2_workspace/auto_car/install/include/car_t265_interface/car_t265_interface/srv/detail/send_command__rosidl_typesupport_fastrtps_c.h
[1.340s] -- Up-to-date: /home/orangepi/ros2_workspace/auto_car/install/lib/libcar_t265_interface__rosidl_typesupport_fastrtps_c.so
[1.341s] -- Up-to-date: /home/orangepi/ros2_workspace/auto_car/install/include/car_t265_interface/car_t265_interface
[1.341s] -- Up-to-date: /home/orangepi/ros2_workspace/auto_car/install/include/car_t265_interface/car_t265_interface/msg
[1.341s] -- Up-to-date: /home/orangepi/ros2_workspace/auto_car/install/include/car_t265_interface/car_t265_interface/msg/detail
[1.343s] -- Up-to-date: /home/orangepi/ros2_workspace/auto_car/install/include/car_t265_interface/car_t265_interface/msg/detail/t265_data__rosidl_typesupport_introspection_c.h
[1.343s] -- Up-to-date: /home/orangepi/ros2_workspace/auto_car/install/include/car_t265_interface/car_t265_interface/msg/detail/motor_command__type_support.c
[1.344s] -- Up-to-date: /home/orangepi/ros2_workspace/auto_car/install/include/car_t265_interface/car_t265_interface/msg/detail/t265_data__type_support.c
[1.344s] -- Up-to-date: /home/orangepi/ros2_workspace/auto_car/install/include/car_t265_interface/car_t265_interface/msg/detail/serial_data__rosidl_typesupport_introspection_c.h
[1.345s] -- Up-to-date: /home/orangepi/ros2_workspace/auto_car/install/include/car_t265_interface/car_t265_interface/msg/detail/serial_data__type_support.c
[1.346s] -- Up-to-date: /home/orangepi/ros2_workspace/auto_car/install/include/car_t265_interface/car_t265_interface/msg/detail/motor_command__rosidl_typesupport_introspection_c.h
[1.347s] -- Up-to-date: /home/orangepi/ros2_workspace/auto_car/install/include/car_t265_interface/car_t265_interface/msg/rosidl_typesupport_introspection_c__visibility_control.h
[1.347s] -- Up-to-date: /home/orangepi/ros2_workspace/auto_car/install/include/car_t265_interface/car_t265_interface/srv
[1.347s] -- Up-to-date: /home/orangepi/ros2_workspace/auto_car/install/include/car_t265_interface/car_t265_interface/srv/detail
[1.348s] -- Up-to-date: /home/orangepi/ros2_workspace/auto_car/install/include/car_t265_interface/car_t265_interface/srv/detail/send_command__type_support.c
[1.348s] -- Up-to-date: /home/orangepi/ros2_workspace/auto_car/install/include/car_t265_interface/car_t265_interface/srv/detail/send_command__rosidl_typesupport_introspection_c.h
[1.349s] -- Up-to-date: /home/orangepi/ros2_workspace/auto_car/install/lib/libcar_t265_interface__rosidl_typesupport_introspection_c.so
[1.349s] -- Up-to-date: /home/orangepi/ros2_workspace/auto_car/install/lib/libcar_t265_interface__rosidl_typesupport_c.so
[1.349s] -- Up-to-date: /home/orangepi/ros2_workspace/auto_car/install/include/car_t265_interface/car_t265_interface
[1.350s] -- Up-to-date: /home/orangepi/ros2_workspace/auto_car/install/include/car_t265_interface/car_t265_interface/msg
[1.350s] -- Up-to-date: /home/orangepi/ros2_workspace/auto_car/install/include/car_t265_interface/car_t265_interface/msg/detail
[1.351s] -- Up-to-date: /home/orangepi/ros2_workspace/auto_car/install/include/car_t265_interface/car_t265_interface/msg/detail/t265_data__struct.hpp
[1.351s] -- Up-to-date: /home/orangepi/ros2_workspace/auto_car/install/include/car_t265_interface/car_t265_interface/msg/detail/motor_command__traits.hpp
[1.351s] -- Up-to-date: /home/orangepi/ros2_workspace/auto_car/install/include/car_t265_interface/car_t265_interface/msg/detail/t265_data__type_support.hpp
[1.352s] -- Up-to-date: /home/orangepi/ros2_workspace/auto_car/install/include/car_t265_interface/car_t265_interface/msg/detail/t265_data__traits.hpp
[1.352s] -- Up-to-date: /home/orangepi/ros2_workspace/auto_car/install/include/car_t265_interface/car_t265_interface/msg/detail/serial_data__builder.hpp
[1.353s] -- Up-to-date: /home/orangepi/ros2_workspace/auto_car/install/include/car_t265_interface/car_t265_interface/msg/detail/serial_data__traits.hpp
[1.353s] -- Up-to-date: /home/orangepi/ros2_workspace/auto_car/install/include/car_t265_interface/car_t265_interface/msg/detail/serial_data__struct.hpp
[1.353s] -- Up-to-date: /home/orangepi/ros2_workspace/auto_car/install/include/car_t265_interface/car_t265_interface/msg/detail/t265_data__builder.hpp
[1.354s] -- Up-to-date: /home/orangepi/ros2_workspace/auto_car/install/include/car_t265_interface/car_t265_interface/msg/detail/motor_command__builder.hpp
[1.354s] -- Up-to-date: /home/orangepi/ros2_workspace/auto_car/install/include/car_t265_interface/car_t265_interface/msg/detail/motor_command__type_support.hpp
[1.355s] -- Up-to-date: /home/orangepi/ros2_workspace/auto_car/install/include/car_t265_interface/car_t265_interface/msg/detail/motor_command__struct.hpp
[1.355s] -- Up-to-date: /home/orangepi/ros2_workspace/auto_car/install/include/car_t265_interface/car_t265_interface/msg/detail/serial_data__type_support.hpp
[1.355s] -- Up-to-date: /home/orangepi/ros2_workspace/auto_car/install/include/car_t265_interface/car_t265_interface/msg/rosidl_generator_cpp__visibility_control.hpp
[1.356s] -- Up-to-date: /home/orangepi/ros2_workspace/auto_car/install/include/car_t265_interface/car_t265_interface/msg/motor_command.hpp
[1.356s] -- Up-to-date: /home/orangepi/ros2_workspace/auto_car/install/include/car_t265_interface/car_t265_interface/msg/t265_data.hpp
[1.357s] -- Up-to-date: /home/orangepi/ros2_workspace/auto_car/install/include/car_t265_interface/car_t265_interface/msg/serial_data.hpp
[1.357s] -- Up-to-date: /home/orangepi/ros2_workspace/auto_car/install/include/car_t265_interface/car_t265_interface/srv
[1.357s] -- Up-to-date: /home/orangepi/ros2_workspace/auto_car/install/include/car_t265_interface/car_t265_interface/srv/detail
[1.358s] -- Up-to-date: /home/orangepi/ros2_workspace/auto_car/install/include/car_t265_interface/car_t265_interface/srv/detail/send_command__struct.hpp
[1.358s] -- Up-to-date: /home/orangepi/ros2_workspace/auto_car/install/include/car_t265_interface/car_t265_interface/srv/detail/send_command__traits.hpp
[1.359s] -- Up-to-date: /home/orangepi/ros2_workspace/auto_car/install/include/car_t265_interface/car_t265_interface/srv/detail/send_command__builder.hpp
[1.359s] -- Up-to-date: /home/orangepi/ros2_workspace/auto_car/install/include/car_t265_interface/car_t265_interface/srv/detail/send_command__type_support.hpp
[1.359s] -- Up-to-date: /home/orangepi/ros2_workspace/auto_car/install/include/car_t265_interface/car_t265_interface/srv/send_command.hpp
[1.360s] -- Up-to-date: /home/orangepi/ros2_workspace/auto_car/install/include/car_t265_interface/car_t265_interface
[1.360s] -- Up-to-date: /home/orangepi/ros2_workspace/auto_car/install/include/car_t265_interface/car_t265_interface/msg
[1.360s] -- Up-to-date: /home/orangepi/ros2_workspace/auto_car/install/include/car_t265_interface/car_t265_interface/msg/detail
[1.361s] -- Up-to-date: /home/orangepi/ros2_workspace/auto_car/install/include/car_t265_interface/car_t265_interface/msg/detail/t265_data__rosidl_typesupport_fastrtps_cpp.hpp
[1.361s] -- Up-to-date: /home/orangepi/ros2_workspace/auto_car/install/include/car_t265_interface/car_t265_interface/msg/detail/motor_command__rosidl_typesupport_fastrtps_cpp.hpp
[1.362s] -- Up-to-date: /home/orangepi/ros2_workspace/auto_car/install/include/car_t265_interface/car_t265_interface/msg/detail/serial_data__rosidl_typesupport_fastrtps_cpp.hpp
[1.362s] -- Up-to-date: /home/orangepi/ros2_workspace/auto_car/install/include/car_t265_interface/car_t265_interface/msg/detail/dds_fastrtps
[1.363s] -- Up-to-date: /home/orangepi/ros2_workspace/auto_car/install/include/car_t265_interface/car_t265_interface/msg/rosidl_typesupport_fastrtps_cpp__visibility_control.h
[1.363s] -- Up-to-date: /home/orangepi/ros2_workspace/auto_car/install/include/car_t265_interface/car_t265_interface/srv
[1.364s] -- Up-to-date: /home/orangepi/ros2_workspace/auto_car/install/include/car_t265_interface/car_t265_interface/srv/detail
[1.364s] -- Up-to-date: /home/orangepi/ros2_workspace/auto_car/install/include/car_t265_interface/car_t265_interface/srv/detail/send_command__rosidl_typesupport_fastrtps_cpp.hpp
[1.364s] -- Up-to-date: /home/orangepi/ros2_workspace/auto_car/install/include/car_t265_interface/car_t265_interface/srv/detail/dds_fastrtps
[1.365s] -- Up-to-date: /home/orangepi/ros2_workspace/auto_car/install/lib/libcar_t265_interface__rosidl_typesupport_fastrtps_cpp.so
[1.365s] -- Up-to-date: /home/orangepi/ros2_workspace/auto_car/install/include/car_t265_interface/car_t265_interface
[1.366s] -- Up-to-date: /home/orangepi/ros2_workspace/auto_car/install/include/car_t265_interface/car_t265_interface/msg
[1.366s] -- Up-to-date: /home/orangepi/ros2_workspace/auto_car/install/include/car_t265_interface/car_t265_interface/msg/detail
[1.366s] -- Up-to-date: /home/orangepi/ros2_workspace/auto_car/install/include/car_t265_interface/car_t265_interface/msg/detail/serial_data__type_support.cpp
[1.367s] -- Up-to-date: /home/orangepi/ros2_workspace/auto_car/install/include/car_t265_interface/car_t265_interface/msg/detail/t265_data__type_support.cpp
[1.367s] -- Up-to-date: /home/orangepi/ros2_workspace/auto_car/install/include/car_t265_interface/car_t265_interface/msg/detail/motor_command__rosidl_typesupport_introspection_cpp.hpp
[1.368s] -- Up-to-date: /home/orangepi/ros2_workspace/auto_car/install/include/car_t265_interface/car_t265_interface/msg/detail/t265_data__rosidl_typesupport_introspection_cpp.hpp
[1.368s] -- Up-to-date: /home/orangepi/ros2_workspace/auto_car/install/include/car_t265_interface/car_t265_interface/msg/detail/serial_data__rosidl_typesupport_introspection_cpp.hpp
[1.369s] -- Up-to-date: /home/orangepi/ros2_workspace/auto_car/install/include/car_t265_interface/car_t265_interface/msg/detail/motor_command__type_support.cpp
[1.369s] -- Up-to-date: /home/orangepi/ros2_workspace/auto_car/install/include/car_t265_interface/car_t265_interface/srv
[1.369s] -- Up-to-date: /home/orangepi/ros2_workspace/auto_car/install/include/car_t265_interface/car_t265_interface/srv/detail
[1.370s] -- Up-to-date: /home/orangepi/ros2_workspace/auto_car/install/include/car_t265_interface/car_t265_interface/srv/detail/send_command__type_support.cpp
[1.370s] -- Up-to-date: /home/orangepi/ros2_workspace/auto_car/install/include/car_t265_interface/car_t265_interface/srv/detail/send_command__rosidl_typesupport_introspection_cpp.hpp
[1.371s] -- Up-to-date: /home/orangepi/ros2_workspace/auto_car/install/lib/libcar_t265_interface__rosidl_typesupport_introspection_cpp.so
[1.371s] -- Up-to-date: /home/orangepi/ros2_workspace/auto_car/install/lib/libcar_t265_interface__rosidl_typesupport_cpp.so
[1.371s] -- Up-to-date: /home/orangepi/ros2_workspace/auto_car/install/share/car_t265_interface/environment/pythonpath.sh
[1.372s] -- Up-to-date: /home/orangepi/ros2_workspace/auto_car/install/share/car_t265_interface/environment/pythonpath.dsv
[1.372s] -- Up-to-date: /home/orangepi/ros2_workspace/auto_car/install/local/lib/python3.10/dist-packages/car_t265_interface-0.0.0-py3.10.egg-info
[1.373s] -- Installing: /home/orangepi/ros2_workspace/auto_car/install/local/lib/python3.10/dist-packages/car_t265_interface-0.0.0-py3.10.egg-info/PKG-INFO
[1.373s] -- Installing: /home/orangepi/ros2_workspace/auto_car/install/local/lib/python3.10/dist-packages/car_t265_interface-0.0.0-py3.10.egg-info/dependency_links.txt
[1.373s] -- Installing: /home/orangepi/ros2_workspace/auto_car/install/local/lib/python3.10/dist-packages/car_t265_interface-0.0.0-py3.10.egg-info/SOURCES.txt
[1.374s] -- Installing: /home/orangepi/ros2_workspace/auto_car/install/local/lib/python3.10/dist-packages/car_t265_interface-0.0.0-py3.10.egg-info/top_level.txt
[1.374s] -- Up-to-date: /home/orangepi/ros2_workspace/auto_car/install/local/lib/python3.10/dist-packages/car_t265_interface
[1.375s] -- Up-to-date: /home/orangepi/ros2_workspace/auto_car/install/local/lib/python3.10/dist-packages/car_t265_interface/msg
[1.375s] -- Up-to-date: /home/orangepi/ros2_workspace/auto_car/install/local/lib/python3.10/dist-packages/car_t265_interface/msg/_t265_data.py
[1.375s] -- Up-to-date: /home/orangepi/ros2_workspace/auto_car/install/local/lib/python3.10/dist-packages/car_t265_interface/msg/_t265_data_s.c
[1.376s] -- Up-to-date: /home/orangepi/ros2_workspace/auto_car/install/local/lib/python3.10/dist-packages/car_t265_interface/msg/_serial_data.py
[1.376s] -- Up-to-date: /home/orangepi/ros2_workspace/auto_car/install/local/lib/python3.10/dist-packages/car_t265_interface/msg/_motor_command.py
[1.377s] -- Up-to-date: /home/orangepi/ros2_workspace/auto_car/install/local/lib/python3.10/dist-packages/car_t265_interface/msg/__init__.py
[1.377s] -- Up-to-date: /home/orangepi/ros2_workspace/auto_car/install/local/lib/python3.10/dist-packages/car_t265_interface/msg/_motor_command_s.c
[1.377s] -- Up-to-date: /home/orangepi/ros2_workspace/auto_car/install/local/lib/python3.10/dist-packages/car_t265_interface/msg/_serial_data_s.c
[1.378s] -- Up-to-date: /home/orangepi/ros2_workspace/auto_car/install/local/lib/python3.10/dist-packages/car_t265_interface/car_t265_interface_s__rosidl_typesupport_fastrtps_c.cpython-310-aarch64-linux-gnu.so
[1.378s] -- Up-to-date: /home/orangepi/ros2_workspace/auto_car/install/local/lib/python3.10/dist-packages/car_t265_interface/srv
[1.379s] -- Up-to-date: /home/orangepi/ros2_workspace/auto_car/install/local/lib/python3.10/dist-packages/car_t265_interface/srv/_send_command.py
[1.379s] -- Up-to-date: /home/orangepi/ros2_workspace/auto_car/install/local/lib/python3.10/dist-packages/car_t265_interface/srv/__init__.py
[1.379s] -- Up-to-date: /home/orangepi/ros2_workspace/auto_car/install/local/lib/python3.10/dist-packages/car_t265_interface/srv/_send_command_s.c
[1.380s] -- Up-to-date: /home/orangepi/ros2_workspace/auto_car/install/local/lib/python3.10/dist-packages/car_t265_interface/car_t265_interface_s__rosidl_typesupport_c.cpython-310-aarch64-linux-gnu.so
[1.380s] -- Up-to-date: /home/orangepi/ros2_workspace/auto_car/install/local/lib/python3.10/dist-packages/car_t265_interface/_car_t265_interface_s.ep.rosidl_typesupport_fastrtps_c.c
[1.381s] -- Up-to-date: /home/orangepi/ros2_workspace/auto_car/install/local/lib/python3.10/dist-packages/car_t265_interface/libcar_t265_interface__rosidl_generator_py.so
[1.381s] -- Up-to-date: /home/orangepi/ros2_workspace/auto_car/install/local/lib/python3.10/dist-packages/car_t265_interface/_car_t265_interface_s.ep.rosidl_typesupport_c.c
[1.381s] -- Up-to-date: /home/orangepi/ros2_workspace/auto_car/install/local/lib/python3.10/dist-packages/car_t265_interface/__init__.py
[1.382s] -- Up-to-date: /home/orangepi/ros2_workspace/auto_car/install/local/lib/python3.10/dist-packages/car_t265_interface/_car_t265_interface_s.ep.rosidl_typesupport_introspection_c.c
[1.382s] -- Up-to-date: /home/orangepi/ros2_workspace/auto_car/install/local/lib/python3.10/dist-packages/car_t265_interface/car_t265_interface_s__rosidl_typesupport_introspection_c.cpython-310-aarch64-linux-gnu.so
[1.451s] Listing '/home/orangepi/ros2_workspace/auto_car/install/local/lib/python3.10/dist-packages/car_t265_interface'...
[1.452s] Listing '/home/orangepi/ros2_workspace/auto_car/install/local/lib/python3.10/dist-packages/car_t265_interface/msg'...
[1.453s] Listing '/home/orangepi/ros2_workspace/auto_car/install/local/lib/python3.10/dist-packages/car_t265_interface/srv'...
[1.454s] -- Up-to-date: /home/orangepi/ros2_workspace/auto_car/install/local/lib/python3.10/dist-packages/car_t265_interface/car_t265_interface_s__rosidl_typesupport_fastrtps_c.cpython-310-aarch64-linux-gnu.so
[1.455s] -- Up-to-date: /home/orangepi/ros2_workspace/auto_car/install/local/lib/python3.10/dist-packages/car_t265_interface/car_t265_interface_s__rosidl_typesupport_introspection_c.cpython-310-aarch64-linux-gnu.so
[1.456s] -- Up-to-date: /home/orangepi/ros2_workspace/auto_car/install/local/lib/python3.10/dist-packages/car_t265_interface/car_t265_interface_s__rosidl_typesupport_c.cpython-310-aarch64-linux-gnu.so
[1.457s] -- Up-to-date: /home/orangepi/ros2_workspace/auto_car/install/lib/libcar_t265_interface__rosidl_generator_py.so
[1.458s] -- Up-to-date: /home/orangepi/ros2_workspace/auto_car/install/share/car_t265_interface/msg/MotorCommand.idl
[1.459s] -- Up-to-date: /home/orangepi/ros2_workspace/auto_car/install/share/car_t265_interface/msg/SerialData.idl
[1.460s] -- Up-to-date: /home/orangepi/ros2_workspace/auto_car/install/share/car_t265_interface/srv/SendCommand.idl
[1.463s] -- Up-to-date: /home/orangepi/ros2_workspace/auto_car/install/share/car_t265_interface/msg/T265Data.idl
[1.464s] -- Up-to-date: /home/orangepi/ros2_workspace/auto_car/install/share/car_t265_interface/msg/MotorCommand.msg
[1.465s] -- Up-to-date: /home/orangepi/ros2_workspace/auto_car/install/share/car_t265_interface/msg/SerialData.msg
[1.465s] -- Up-to-date: /home/orangepi/ros2_workspace/auto_car/install/share/car_t265_interface/srv/SendCommand.srv
[1.466s] -- Up-to-date: /home/orangepi/ros2_workspace/auto_car/install/share/car_t265_interface/srv/SendCommand_Request.msg
[1.467s] -- Up-to-date: /home/orangepi/ros2_workspace/auto_car/install/share/car_t265_interface/srv/SendCommand_Response.msg
[1.468s] -- Up-to-date: /home/orangepi/ros2_workspace/auto_car/install/share/car_t265_interface/msg/T265Data.msg
[1.468s] -- Up-to-date: /home/orangepi/ros2_workspace/auto_car/install/share/ament_index/resource_index/package_run_dependencies/car_t265_interface
[1.469s] -- Up-to-date: /home/orangepi/ros2_workspace/auto_car/install/share/ament_index/resource_index/parent_prefix_path/car_t265_interface
[1.469s] -- Up-to-date: /home/orangepi/ros2_workspace/auto_car/install/share/car_t265_interface/environment/ament_prefix_path.sh
[1.470s] -- Up-to-date: /home/orangepi/ros2_workspace/auto_car/install/share/car_t265_interface/environment/ament_prefix_path.dsv
[1.471s] -- Up-to-date: /home/orangepi/ros2_workspace/auto_car/install/share/car_t265_interface/environment/path.sh
[1.471s] -- Up-to-date: /home/orangepi/ros2_workspace/auto_car/install/share/car_t265_interface/environment/path.dsv
[1.473s] -- Up-to-date: /home/orangepi/ros2_workspace/auto_car/install/share/car_t265_interface/local_setup.bash
[1.474s] -- Up-to-date: /home/orangepi/ros2_workspace/auto_car/install/share/car_t265_interface/local_setup.sh
[1.474s] -- Up-to-date: /home/orangepi/ros2_workspace/auto_car/install/share/car_t265_interface/local_setup.zsh
[1.475s] -- Up-to-date: /home/orangepi/ros2_workspace/auto_car/install/share/car_t265_interface/local_setup.dsv
[1.476s] -- Installing: /home/orangepi/ros2_workspace/auto_car/install/share/car_t265_interface/package.dsv
[1.476s] -- Up-to-date: /home/orangepi/ros2_workspace/auto_car/install/share/ament_index/resource_index/packages/car_t265_interface
[1.477s] -- Up-to-date: /home/orangepi/ros2_workspace/auto_car/install/share/car_t265_interface/cmake/export_car_t265_interface__rosidl_generator_cExport.cmake
[1.477s] -- Up-to-date: /home/orangepi/ros2_workspace/auto_car/install/share/car_t265_interface/cmake/export_car_t265_interface__rosidl_generator_cExport-noconfig.cmake
[1.478s] -- Up-to-date: /home/orangepi/ros2_workspace/auto_car/install/share/car_t265_interface/cmake/export_car_t265_interface__rosidl_typesupport_fastrtps_cExport.cmake
[1.478s] -- Up-to-date: /home/orangepi/ros2_workspace/auto_car/install/share/car_t265_interface/cmake/export_car_t265_interface__rosidl_typesupport_fastrtps_cExport-noconfig.cmake
[1.479s] -- Up-to-date: /home/orangepi/ros2_workspace/auto_car/install/share/car_t265_interface/cmake/car_t265_interface__rosidl_typesupport_introspection_cExport.cmake
[1.479s] -- Up-to-date: /home/orangepi/ros2_workspace/auto_car/install/share/car_t265_interface/cmake/car_t265_interface__rosidl_typesupport_introspection_cExport-noconfig.cmake
[1.480s] -- Up-to-date: /home/orangepi/ros2_workspace/auto_car/install/share/car_t265_interface/cmake/car_t265_interface__rosidl_typesupport_cExport.cmake
[1.480s] -- Up-to-date: /home/orangepi/ros2_workspace/auto_car/install/share/car_t265_interface/cmake/car_t265_interface__rosidl_typesupport_cExport-noconfig.cmake
[1.481s] -- Up-to-date: /home/orangepi/ros2_workspace/auto_car/install/share/car_t265_interface/cmake/export_car_t265_interface__rosidl_generator_cppExport.cmake
[1.481s] -- Up-to-date: /home/orangepi/ros2_workspace/auto_car/install/share/car_t265_interface/cmake/export_car_t265_interface__rosidl_typesupport_fastrtps_cppExport.cmake
[1.482s] -- Up-to-date: /home/orangepi/ros2_workspace/auto_car/install/share/car_t265_interface/cmake/export_car_t265_interface__rosidl_typesupport_fastrtps_cppExport-noconfig.cmake
[1.482s] -- Up-to-date: /home/orangepi/ros2_workspace/auto_car/install/share/car_t265_interface/cmake/car_t265_interface__rosidl_typesupport_introspection_cppExport.cmake
[1.483s] -- Up-to-date: /home/orangepi/ros2_workspace/auto_car/install/share/car_t265_interface/cmake/car_t265_interface__rosidl_typesupport_introspection_cppExport-noconfig.cmake
[1.484s] -- Up-to-date: /home/orangepi/ros2_workspace/auto_car/install/share/car_t265_interface/cmake/car_t265_interface__rosidl_typesupport_cppExport.cmake
[1.484s] -- Up-to-date: /home/orangepi/ros2_workspace/auto_car/install/share/car_t265_interface/cmake/car_t265_interface__rosidl_typesupport_cppExport-noconfig.cmake
[1.484s] -- Up-to-date: /home/orangepi/ros2_workspace/auto_car/install/share/car_t265_interface/cmake/export_car_t265_interface__rosidl_generator_pyExport.cmake
[1.485s] -- Up-to-date: /home/orangepi/ros2_workspace/auto_car/install/share/car_t265_interface/cmake/export_car_t265_interface__rosidl_generator_pyExport-noconfig.cmake
[1.485s] -- Up-to-date: /home/orangepi/ros2_workspace/auto_car/install/share/car_t265_interface/cmake/rosidl_cmake-extras.cmake
[1.486s] -- Up-to-date: /home/orangepi/ros2_workspace/auto_car/install/share/car_t265_interface/cmake/ament_cmake_export_include_directories-extras.cmake
[1.486s] -- Up-to-date: /home/orangepi/ros2_workspace/auto_car/install/share/car_t265_interface/cmake/ament_cmake_export_libraries-extras.cmake
[1.486s] -- Up-to-date: /home/orangepi/ros2_workspace/auto_car/install/share/car_t265_interface/cmake/ament_cmake_export_targets-extras.cmake
[1.487s] -- Up-to-date: /home/orangepi/ros2_workspace/auto_car/install/share/car_t265_interface/cmake/rosidl_cmake_export_typesupport_targets-extras.cmake
[1.487s] -- Up-to-date: /home/orangepi/ros2_workspace/auto_car/install/share/car_t265_interface/cmake/ament_cmake_export_dependencies-extras.cmake
[1.487s] -- Up-to-date: /home/orangepi/ros2_workspace/auto_car/install/share/car_t265_interface/cmake/rosidl_cmake_export_typesupport_libraries-extras.cmake
[1.488s] -- Up-to-date: /home/orangepi/ros2_workspace/auto_car/install/share/car_t265_interface/cmake/car_t265_interfaceConfig.cmake
[1.488s] -- Up-to-date: /home/orangepi/ros2_workspace/auto_car/install/share/car_t265_interface/cmake/car_t265_interfaceConfig-version.cmake
[1.489s] -- Up-to-date: /home/orangepi/ros2_workspace/auto_car/install/share/car_t265_interface/package.xml
[1.643s] Invoked command in '/home/orangepi/ros2_workspace/auto_car/build/car_t265_interface' returned '0': CMAKE_PREFIX_PATH=${CMAKE_PREFIX_PATH}:/root/lanhailidar_ros_ws/install/scan_subscriber:/opt/ros/humble /usr/bin/cmake --install /home/orangepi/ros2_workspace/auto_car/build/car_t265_interface
