running egg_info
writing ../../build/car_launch/car_launch.egg-info/PKG-INFO
writing dependency_links to ../../build/car_launch/car_launch.egg-info/dependency_links.txt
writing entry points to ../../build/car_launch/car_launch.egg-info/entry_points.txt
writing requirements to ../../build/car_launch/car_launch.egg-info/requires.txt
writing top-level names to ../../build/car_launch/car_launch.egg-info/top_level.txt
reading manifest file '../../build/car_launch/car_launch.egg-info/SOURCES.txt'
writing manifest file '../../build/car_launch/car_launch.egg-info/SOURCES.txt'
running build
running build_py
running install
running install_lib
running install_data
running install_egg_info
removing '/home/orangepi/ros2_workspace/auto_car/install/lib/python3.10/site-packages/car_launch-0.0.0-py3.10.egg-info' (and everything under it)
Copying ../../build/car_launch/car_launch.egg-info to /home/orangepi/ros2_workspace/auto_car/install/lib/python3.10/site-packages/car_launch-0.0.0-py3.10.egg-info
running install_scripts
Installing motor_controller script to /home/orangepi/ros2_workspace/auto_car/install/lib/car_launch
Installing t265 script to /home/orangepi/ros2_workspace/auto_car/install/lib/car_launch
Installing t265_uart script to /home/orangepi/ros2_workspace/auto_car/install/lib/car_launch
Installing uart_driver script to /home/orangepi/ros2_workspace/auto_car/install/lib/car_launch
writing list of installed files to '/home/orangepi/ros2_workspace/auto_car/build/car_launch/install.log'
