[2.137s] Invoking command in '/home/orangepi/ros2_workspace/auto_car/src/car_launch': PYTHONPATH=/home/orangepi/ros2_workspace/auto_car/build/car_launch/prefix_override:/usr/lib/python3/dist-packages/colcon_core/task/python/colcon_distutils_commands:/home/orangepi/ros2_workspace/auto_car/install/lib/python3.10/site-packages:${PYTHONPATH} /usr/bin/python3 -W ignore:setup.py install is deprecated -W ignore:easy_install command is deprecated setup.py egg_info --egg-base ../../build/car_launch build --build-base /home/orangepi/ros2_workspace/auto_car/build/car_launch/build install --record /home/orangepi/ros2_workspace/auto_car/build/car_launch/install.log --single-version-externally-managed install_data
[2.480s] running egg_info
[2.482s] writing ../../build/car_launch/car_launch.egg-info/PKG-INFO
[2.483s] writing dependency_links to ../../build/car_launch/car_launch.egg-info/dependency_links.txt
[2.484s] writing entry points to ../../build/car_launch/car_launch.egg-info/entry_points.txt
[2.485s] writing requirements to ../../build/car_launch/car_launch.egg-info/requires.txt
[2.488s] writing top-level names to ../../build/car_launch/car_launch.egg-info/top_level.txt
[2.499s] reading manifest file '../../build/car_launch/car_launch.egg-info/SOURCES.txt'
[2.499s] writing manifest file '../../build/car_launch/car_launch.egg-info/SOURCES.txt'
[2.500s] running build
[2.500s] running build_py
[2.500s] running install
[2.500s] running install_lib
[2.500s] running install_data
[2.500s] running install_egg_info
[2.500s] removing '/home/orangepi/ros2_workspace/auto_car/install/lib/python3.10/site-packages/car_launch-0.0.0-py3.10.egg-info' (and everything under it)
[2.500s] Copying ../../build/car_launch/car_launch.egg-info to /home/orangepi/ros2_workspace/auto_car/install/lib/python3.10/site-packages/car_launch-0.0.0-py3.10.egg-info
[2.528s] running install_scripts
[2.543s] Installing motor_controller script to /home/orangepi/ros2_workspace/auto_car/install/lib/car_launch
[2.544s] Installing t265 script to /home/orangepi/ros2_workspace/auto_car/install/lib/car_launch
[2.545s] Installing t265_uart script to /home/orangepi/ros2_workspace/auto_car/install/lib/car_launch
[2.545s] Installing uart_driver script to /home/orangepi/ros2_workspace/auto_car/install/lib/car_launch
[2.554s] writing list of installed files to '/home/orangepi/ros2_workspace/auto_car/build/car_launch/install.log'
[4.262s] Invoked command in '/home/orangepi/ros2_workspace/auto_car/src/car_launch' returned '0': PYTHONPATH=/home/orangepi/ros2_workspace/auto_car/build/car_launch/prefix_override:/usr/lib/python3/dist-packages/colcon_core/task/python/colcon_distutils_commands:/home/orangepi/ros2_workspace/auto_car/install/lib/python3.10/site-packages:${PYTHONPATH} /usr/bin/python3 -W ignore:setup.py install is deprecated -W ignore:easy_install command is deprecated setup.py egg_info --egg-base ../../build/car_launch build --build-base /home/orangepi/ros2_workspace/auto_car/build/car_launch/build install --record /home/orangepi/ros2_workspace/auto_car/build/car_launch/install.log --single-version-externally-managed install_data
