[2.230s] Invoking command in '/home/orangepi/ros2_workspace/auto_car/src/car_t265': PYTHONPATH=/home/orangepi/ros2_workspace/auto_car/build/car_t265/prefix_override:/usr/lib/python3/dist-packages/colcon_core/task/python/colcon_distutils_commands:/home/orangepi/ros2_workspace/auto_car/install/lib/python3.10/site-packages:/home/orangepi/ros2_workspace/auto_car/install/lib/python3.10/site-packages:/home/orangepi/ros2_workspace/auto_car/install/local/lib/python3.10/dist-packages:/root/lanhailidar_ros_ws/install/scan_subscriber/lib/python3.10/site-packages:/root/lanhailidar_ros_ws/install/base/local/lib/python3.10/dist-packages:/opt/ros/humble/lib/python3.10/site-packages:/opt/ros/humble/local/lib/python3.10/dist-packages /usr/bin/python3 -W ignore:setup.py install is deprecated -W ignore:easy_install command is deprecated setup.py egg_info --egg-base ../../build/car_t265 build --build-base /home/orangepi/ros2_workspace/auto_car/build/car_t265/build install --record /home/orangepi/ros2_workspace/auto_car/build/car_t265/install.log --single-version-externally-managed install_data
[2.619s] running egg_info
[2.620s] writing ../../build/car_t265/car_t265.egg-info/PKG-INFO
[2.621s] writing dependency_links to ../../build/car_t265/car_t265.egg-info/dependency_links.txt
[2.621s] writing entry points to ../../build/car_t265/car_t265.egg-info/entry_points.txt
[2.622s] writing requirements to ../../build/car_t265/car_t265.egg-info/requires.txt
[2.622s] writing top-level names to ../../build/car_t265/car_t265.egg-info/top_level.txt
[2.625s] reading manifest file '../../build/car_t265/car_t265.egg-info/SOURCES.txt'
[2.626s] writing manifest file '../../build/car_t265/car_t265.egg-info/SOURCES.txt'
[2.626s] running build
[2.627s] running build_py
[2.628s] copying car_t265/target_publisher.py -> /home/orangepi/ros2_workspace/auto_car/build/car_t265/build/lib/car_t265
[2.628s] copying car_t265/navigation_controller.py -> /home/orangepi/ros2_workspace/auto_car/build/car_t265/build/lib/car_t265
[2.628s] copying car_t265/t265_publisher.py -> /home/orangepi/ros2_workspace/auto_car/build/car_t265/build/lib/car_t265
[2.629s] running install
[2.629s] running install_lib
[2.630s] copying /home/orangepi/ros2_workspace/auto_car/build/car_t265/build/lib/car_t265/target_publisher.py -> /home/orangepi/ros2_workspace/auto_car/install/lib/python3.10/site-packages/car_t265
[2.630s] copying /home/orangepi/ros2_workspace/auto_car/build/car_t265/build/lib/car_t265/navigation_controller.py -> /home/orangepi/ros2_workspace/auto_car/install/lib/python3.10/site-packages/car_t265
[2.631s] copying /home/orangepi/ros2_workspace/auto_car/build/car_t265/build/lib/car_t265/t265_publisher.py -> /home/orangepi/ros2_workspace/auto_car/install/lib/python3.10/site-packages/car_t265
[2.631s] byte-compiling /home/orangepi/ros2_workspace/auto_car/install/lib/python3.10/site-packages/car_t265/target_publisher.py to target_publisher.cpython-310.pyc
[2.633s] byte-compiling /home/orangepi/ros2_workspace/auto_car/install/lib/python3.10/site-packages/car_t265/navigation_controller.py to navigation_controller.cpython-310.pyc
[2.634s] byte-compiling /home/orangepi/ros2_workspace/auto_car/install/lib/python3.10/site-packages/car_t265/t265_publisher.py to t265_publisher.cpython-310.pyc
[2.636s] running install_data
[2.637s] running install_egg_info
[2.639s] removing '/home/orangepi/ros2_workspace/auto_car/install/lib/python3.10/site-packages/car_t265-0.0.0-py3.10.egg-info' (and everything under it)
[2.640s] Copying ../../build/car_t265/car_t265.egg-info to /home/orangepi/ros2_workspace/auto_car/install/lib/python3.10/site-packages/car_t265-0.0.0-py3.10.egg-info
[2.641s] running install_scripts
[2.675s] Installing linear_test script to /home/orangepi/ros2_workspace/auto_car/install/lib/car_t265
[2.676s] Installing motor_controller script to /home/orangepi/ros2_workspace/auto_car/install/lib/car_t265
[2.676s] Installing navigation_controller script to /home/orangepi/ros2_workspace/auto_car/install/lib/car_t265
[2.677s] Installing t265_Imu_pub script to /home/orangepi/ros2_workspace/auto_car/install/lib/car_t265
[2.677s] Installing t265_publisher script to /home/orangepi/ros2_workspace/auto_car/install/lib/car_t265
[2.678s] Installing target_publisher script to /home/orangepi/ros2_workspace/auto_car/install/lib/car_t265
[2.678s] Installing uart_driver script to /home/orangepi/ros2_workspace/auto_car/install/lib/car_t265
[2.679s] writing list of installed files to '/home/orangepi/ros2_workspace/auto_car/build/car_t265/install.log'
[2.915s] Invoked command in '/home/orangepi/ros2_workspace/auto_car/src/car_t265' returned '0': PYTHONPATH=/home/orangepi/ros2_workspace/auto_car/build/car_t265/prefix_override:/usr/lib/python3/dist-packages/colcon_core/task/python/colcon_distutils_commands:/home/orangepi/ros2_workspace/auto_car/install/lib/python3.10/site-packages:/home/orangepi/ros2_workspace/auto_car/install/lib/python3.10/site-packages:/home/orangepi/ros2_workspace/auto_car/install/local/lib/python3.10/dist-packages:/root/lanhailidar_ros_ws/install/scan_subscriber/lib/python3.10/site-packages:/root/lanhailidar_ros_ws/install/base/local/lib/python3.10/dist-packages:/opt/ros/humble/lib/python3.10/site-packages:/opt/ros/humble/local/lib/python3.10/dist-packages /usr/bin/python3 -W ignore:setup.py install is deprecated -W ignore:easy_install command is deprecated setup.py egg_info --egg-base ../../build/car_t265 build --build-base /home/orangepi/ros2_workspace/auto_car/build/car_t265/build install --record /home/orangepi/ros2_workspace/auto_car/build/car_t265/install.log --single-version-externally-managed install_data
