[0.172s] Invoking command in '/home/orangepi/ros2_workspace/auto_car/build/imu_tools': CMAKE_PREFIX_PATH=${CMAKE_PREFIX_PATH}:/root/lanhailidar_ros_ws/install/scan_subscriber:/opt/ros/humble PYTHONPATH=/home/orangepi/ros2_workspace/auto_car/install/lib/python3.10/site-packages:/home/orangepi/ros2_workspace/auto_car/install/local/lib/python3.10/dist-packages:/root/lanhailidar_ros_ws/install/scan_subscriber/lib/python3.10/site-packages:/root/lanhailidar_ros_ws/install/base/local/lib/python3.10/dist-packages:/opt/ros/humble/lib/python3.10/site-packages:/opt/ros/humble/local/lib/python3.10/dist-packages /usr/bin/cmake --build /home/orangepi/ros2_workspace/auto_car/build/imu_tools -- -j8 -l8
[1.819s] Invoked command in '/home/orangepi/ros2_workspace/auto_car/build/imu_tools' returned '0': CMAKE_PREFIX_PATH=${CMAKE_PREFIX_PATH}:/root/lanhailidar_ros_ws/install/scan_subscriber:/opt/ros/humble PYTHONPATH=/home/orangepi/ros2_workspace/auto_car/install/lib/python3.10/site-packages:/home/orangepi/ros2_workspace/auto_car/install/local/lib/python3.10/dist-packages:/root/lanhailidar_ros_ws/install/scan_subscriber/lib/python3.10/site-packages:/root/lanhailidar_ros_ws/install/base/local/lib/python3.10/dist-packages:/opt/ros/humble/lib/python3.10/site-packages:/opt/ros/humble/local/lib/python3.10/dist-packages /usr/bin/cmake --build /home/orangepi/ros2_workspace/auto_car/build/imu_tools -- -j8 -l8
[1.825s] Invoking command in '/home/orangepi/ros2_workspace/auto_car/build/imu_tools': CMAKE_PREFIX_PATH=${CMAKE_PREFIX_PATH}:/root/lanhailidar_ros_ws/install/scan_subscriber:/opt/ros/humble PYTHONPATH=/home/orangepi/ros2_workspace/auto_car/install/lib/python3.10/site-packages:/home/orangepi/ros2_workspace/auto_car/install/local/lib/python3.10/dist-packages:/root/lanhailidar_ros_ws/install/scan_subscriber/lib/python3.10/site-packages:/root/lanhailidar_ros_ws/install/base/local/lib/python3.10/dist-packages:/opt/ros/humble/lib/python3.10/site-packages:/opt/ros/humble/local/lib/python3.10/dist-packages /usr/bin/cmake --install /home/orangepi/ros2_workspace/auto_car/build/imu_tools
[1.931s] -- Install configuration: ""
[1.931s] -- Up-to-date: /home/orangepi/ros2_workspace/auto_car/install/share/ament_index/resource_index/package_run_dependencies/imu_tools
[1.932s] -- Up-to-date: /home/orangepi/ros2_workspace/auto_car/install/share/ament_index/resource_index/parent_prefix_path/imu_tools
[1.932s] -- Up-to-date: /home/orangepi/ros2_workspace/auto_car/install/share/imu_tools/environment/ament_prefix_path.sh
[1.933s] -- Up-to-date: /home/orangepi/ros2_workspace/auto_car/install/share/imu_tools/environment/ament_prefix_path.dsv
[1.933s] -- Up-to-date: /home/orangepi/ros2_workspace/auto_car/install/share/imu_tools/environment/path.sh
[1.934s] -- Up-to-date: /home/orangepi/ros2_workspace/auto_car/install/share/imu_tools/environment/path.dsv
[1.934s] -- Up-to-date: /home/orangepi/ros2_workspace/auto_car/install/share/imu_tools/local_setup.bash
[1.934s] -- Up-to-date: /home/orangepi/ros2_workspace/auto_car/install/share/imu_tools/local_setup.sh
[1.935s] -- Up-to-date: /home/orangepi/ros2_workspace/auto_car/install/share/imu_tools/local_setup.zsh
[1.935s] -- Up-to-date: /home/orangepi/ros2_workspace/auto_car/install/share/imu_tools/local_setup.dsv
[1.936s] -- Installing: /home/orangepi/ros2_workspace/auto_car/install/share/imu_tools/package.dsv
[1.936s] -- Up-to-date: /home/orangepi/ros2_workspace/auto_car/install/share/ament_index/resource_index/packages/imu_tools
[1.936s] -- Up-to-date: /home/orangepi/ros2_workspace/auto_car/install/share/imu_tools/cmake/imu_toolsConfig.cmake
[1.937s] -- Up-to-date: /home/orangepi/ros2_workspace/auto_car/install/share/imu_tools/cmake/imu_toolsConfig-version.cmake
[1.937s] -- Up-to-date: /home/orangepi/ros2_workspace/auto_car/install/share/imu_tools/package.xml
[1.957s] Invoked command in '/home/orangepi/ros2_workspace/auto_car/build/imu_tools' returned '0': CMAKE_PREFIX_PATH=${CMAKE_PREFIX_PATH}:/root/lanhailidar_ros_ws/install/scan_subscriber:/opt/ros/humble PYTHONPATH=/home/orangepi/ros2_workspace/auto_car/install/lib/python3.10/site-packages:/home/orangepi/ros2_workspace/auto_car/install/local/lib/python3.10/dist-packages:/root/lanhailidar_ros_ws/install/scan_subscriber/lib/python3.10/site-packages:/root/lanhailidar_ros_ws/install/base/local/lib/python3.10/dist-packages:/opt/ros/humble/lib/python3.10/site-packages:/opt/ros/humble/local/lib/python3.10/dist-packages /usr/bin/cmake --install /home/orangepi/ros2_workspace/auto_car/build/imu_tools
